    Attempt to bundle children of x119 (List(x187, x209))
    Conflict between:
     - Prev rd/wr: Set(x161, x170)
     - Next rd/wr: Set(x189, x160, x188, x161, x190)
     - Next wr + Prev wr + addressable: Set(x161, x190, x170, x188, x189, x160)
     - Stream dependency: false
     - Prev Stream dependency (child #1 only): false
     - BreakWhen dependency: false
     - (or someone should not bind next: false prev: false)!
    Placing x209 in group 1
    Bundled child 0 contains List(x187)
    Bundled child 1 contains List(x209)
      Attempt to bundle children of x187 (List(x176, x186))
      Conflict between:
       - Prev rd/wr: Set(x170)
       - Next rd/wr: Set(x161, x170)
       - Next wr + Prev wr + addressable: Set(x161, x170)
       - Stream dependency: false
       - Prev Stream dependency (child #1 only): false
       - BreakWhen dependency: false
       - (or someone should not bind next: false prev: false)!
      Placing x186 in group 1
      Bundled child 0 contains List(x176)
      Bundled child 1 contains List(x186)
