  x160 = DRAMHostNew(List(Const(16)),Const(0))
   - Name: out
   - Aliases: 0035: x1, 0055: x85
   - Type: DRAM1[Fix[TRUE,_32,_0]]
   - SrcCtx: Lab2Part1.scala:8:24
   - class argon.Consumers: Consumers(Set(x191, x193, x205, x211))
   - class argon.DeepAliases: DeepAliases(Set())
   - class argon.Effects: Mutable
   - class argon.ShallowAliases: ShallowAliases(Set(x160))
   - class spatial.metadata.access.ReadUses: ReadUses(Set())
  x119 = AccelScope(Block(Const(()))) {
   - Aliases: 0035: x23
   - Type: Void
   - SrcCtx: Lab2Part1.scala:9:11
   - class argon.DeepAliases: DeepAliases(Set())
   - class argon.Effects: (unique=true, simple=true, reads={x160}, writes={x160})
   - class argon.ShallowAliases: ShallowAliases(Set(x119))
   - class spatial.metadata.access.ReadUses: ReadUses(Set(x177, x179, x200, x206))
   - class spatial.metadata.control.Children: Children(ArrayBuffer(x187 (stage: -1), x209 (stage: -1)))
   - class spatial.metadata.control.CompilerII: CompilerII(1.0)
   - class spatial.metadata.control.ControlLevel: ControlLevel(OuterControl)
   - class spatial.metadata.control.InitiationInterval: InitiationInterval(1.0)
   - class spatial.metadata.control.TransientReadMems: TransientReadMems(Set())
   - class spatial.metadata.debug.TreeAnnotations: TreeAnnotations(
  <font color="red"> 328 cycles/iter<br>
  <font size="2">(328 total cycles, 1 total iters)<br></font> </font><br>)
  binds: 
    block 0: Block(Const(())) {
      effects:  (unique=true, reads={x160}, writes={x160})
        x161 = SRAMNew(List(Const(16)),SRAM1[Fix[TRUE,_32,_0]])
         - Name: a_0
         - Aliases: 0035: x2, 0055: x86
         - Type: SRAM1[Fix[TRUE,_32,_0]]
         - SrcCtx: Lab2Part1.scala:10:24
         - class argon.Consumers: Consumers(Set(x179, x185, x200, x119))
         - class argon.DeepAliases: DeepAliases(Set())
         - class argon.Effects: Mutable
         - class argon.ShallowAliases: ShallowAliases(Set(x161))
         - class spatial.metadata.access.ReadUses: ReadUses(Set())
         - class spatial.metadata.control.DefiningBlk: DefiningBlk(x119 (block: 0))
         - class spatial.metadata.control.ParentCtrl: ParentCtrl(x119 (stage: -1))
         - class spatial.metadata.control.ProgramOrder: ProgramOrder(0)
         - class spatial.metadata.control.ScopeCtrl: ScopeCtrl(x119 (scope: 0, 0))
         - class spatial.metadata.memory.AccumulatorType: AccumulatorType(Fold)
         - class spatial.metadata.memory.Duplicates: Duplicates(List(Memory(List(Dims {0}: Cyclic: N=1, B=1, alpha=<1>, P=<1> (1 solutions, 0 checks)),1,List(0),Buffer)))
         - class spatial.metadata.memory.IterDiff: IterDiff(0)
         - class spatial.metadata.memory.OriginalSym: OriginalSym(x86)
         - class spatial.metadata.memory.Padding: Padding(List(0))
         - class spatial.metadata.memory.Readers: Readers(Set(x179, x200))
         - class spatial.metadata.memory.Writers: Writers(Set(x185))
        x162 = CounterNew(Const(-5),Const(5),Const(1),Const(1))
         - Aliases: 0035: x3, 0055: x87
         - Type: Counter[Fix[TRUE,_32,_0]]
         - SrcCtx: Lab2Part1.scala:11:31
         - class argon.Consumers: Consumers(Set(x163, x119))
         - class argon.DeepAliases: DeepAliases(Set())
         - class argon.Effects: Unique
         - class argon.ShallowAliases: ShallowAliases(Set(x162))
         - class spatial.metadata.access.ReadUses: ReadUses(Set())
         - class spatial.metadata.control.CounterOwner: CounterOwner(x187)
         - class spatial.metadata.control.DefiningBlk: DefiningBlk(x119 (block: 0))
         - class spatial.metadata.control.IterInfo: IterInfo(b168)
         - class spatial.metadata.control.ParentCtrl: ParentCtrl(x187 (stage: -1))
         - class spatial.metadata.control.ProgramOrder: ProgramOrder(1)
         - class spatial.metadata.control.ScopeCtrl: ScopeCtrl(x187 (scope: -1, -1))
        x163 = CounterChainNew(List(x162))
         - Aliases: 0035: x4, 0055: x88
         - Type: CounterChain
         - SrcCtx: Lab2Part1.scala:15:8
         - class argon.Consumers: Consumers(Set(x187, x119))
         - class argon.DeepAliases: DeepAliases(Set())
         - class argon.Effects: Unique
         - class argon.ShallowAliases: ShallowAliases(Set(x163))
         - class spatial.metadata.access.ReadUses: ReadUses(Set())
         - class spatial.metadata.control.CounterOwner: CounterOwner(x187)
         - class spatial.metadata.control.DefiningBlk: DefiningBlk(x119 (block: 0))
         - class spatial.metadata.control.ParentCtrl: ParentCtrl(x187 (stage: -1))
         - class spatial.metadata.control.ProgramOrder: ProgramOrder(2)
         - class spatial.metadata.control.ScopeCtrl: ScopeCtrl(x187 (scope: -1, -1))
        x164 = CounterNew(Const(0),Const(16),Const(1),Const(1))
         - Aliases: 0035: x5, 0055: x89
         - Type: Counter[Fix[TRUE,_32,_0]]
         - SrcCtx: Lab2Part1.scala:15:8
         - class argon.Consumers: Consumers(Set(x165, x119))
         - class argon.DeepAliases: DeepAliases(Set())
         - class argon.Effects: Unique
         - class argon.ShallowAliases: ShallowAliases(Set(x164))
         - class spatial.metadata.access.ReadUses: ReadUses(Set())
         - class spatial.metadata.control.CounterOwner: CounterOwner(x186)
         - class spatial.metadata.control.DefiningBlk: DefiningBlk(x119 (block: 0))
         - class spatial.metadata.control.IterInfo: IterInfo(b169)
         - class spatial.metadata.control.ParentCtrl: ParentCtrl(x186 (stage: -1))
         - class spatial.metadata.control.ProgramOrder: ProgramOrder(3)
         - class spatial.metadata.control.ScopeCtrl: ScopeCtrl(x186 (scope: -1, -1))
        x165 = CounterChainNew(Vector(x164))
         - Aliases: 0035: x6, 0055: x90
         - Type: CounterChain
         - SrcCtx: Lab2Part1.scala:15:8
         - class argon.Consumers: Consumers(Set(x186, x119))
         - class argon.DeepAliases: DeepAliases(Set())
         - class argon.Effects: Unique
         - class argon.ShallowAliases: ShallowAliases(Set(x165))
         - class spatial.metadata.access.ReadUses: ReadUses(Set())
         - class spatial.metadata.control.CounterOwner: CounterOwner(x186)
         - class spatial.metadata.control.DefiningBlk: DefiningBlk(x119 (block: 0))
         - class spatial.metadata.control.ParentCtrl: ParentCtrl(x186 (stage: -1))
         - class spatial.metadata.control.ProgramOrder: ProgramOrder(4)
         - class spatial.metadata.control.ScopeCtrl: ScopeCtrl(x186 (scope: -1, -1))
        x187 = UnrolledReduce(Set(),x163,Block((x161) => Const(())),List(List(b166)),List(List(b168)),None) {
         - Aliases: 0035: x21, 0055: x100
         - Type: Void
         - SrcCtx: Lab2Part1.scala:15:8
         - class argon.Consumers: Consumers(Set(x119))
         - class argon.DeepAliases: DeepAliases(Set())
         - class argon.Effects: (unique=true, reads={x161}, writes={x161})
         - class argon.ShallowAliases: ShallowAliases(Set(x187))
         - class spatial.metadata.access.ReadUses: ReadUses(Set(x177, x179))
         - class spatial.metadata.control.Children: Children(ArrayBuffer(x176 (stage: -1), x186 (stage: -1)))
         - class spatial.metadata.control.CompilerII: CompilerII(1.0)
         - class spatial.metadata.control.ControlLevel: ControlLevel(OuterControl)
         - class spatial.metadata.control.DefiningBlk: DefiningBlk(x119 (block: 0))
         - class spatial.metadata.control.InitiationInterval: InitiationInterval(1.0)
         - class spatial.metadata.control.ParentCtrl: ParentCtrl(x119 (stage: -1))
         - class spatial.metadata.control.ProgramOrder: ProgramOrder(5)
         - class spatial.metadata.control.ScopeCtrl: ScopeCtrl(x119 (scope: 0, 0))
         - class spatial.metadata.control.TransientReadMems: TransientReadMems(Set())
         - class spatial.metadata.debug.TreeAnnotations: TreeAnnotations(
        <font color="red"> 201 cycles/iter<br>
        <font size="2">(201 total cycles, 1 total iters)<br></font> </font><br>)
        binds: 
          b166
           - Type: Fix[TRUE,_32,_0]
           - SrcCtx: UnrollingBase.scala:490:77
           - class argon.Consumers: Consumers(Set(x182))
           - class spatial.metadata.control.DefiningBlk: DefiningBlk(x187 (block: -1))
           - class spatial.metadata.control.IndexCounter: IndexCounter(IndexCounterInfo(x162,List(0)))
           - class spatial.metadata.control.ParentCtrl: ParentCtrl(x187 (stage: -1))
          b168
           - Type: Bit
           - SrcCtx: UnrollingBase.scala:491:82
           - class argon.Consumers: Consumers(Set(x175, x176, x181))
           - class spatial.metadata.control.DefiningBlk: DefiningBlk(x187 (block: -1))
           - class spatial.metadata.control.IndexCounter: IndexCounter(IndexCounterInfo(x162,List(0)))
           - class spatial.metadata.control.ParentCtrl: ParentCtrl(x187 (stage: -1))
          block 0: Block((x161) => Const(())) {
            effects:  (unique=true, reads={x161}, writes={x161})
              x170 = SRAMNew(List(Const(16)),SRAM1[Fix[TRUE,_32,_0]])
               - Name: tmp_0
               - Aliases: 0035: x11, 0055: x91
               - Type: SRAM1[Fix[TRUE,_32,_0]]
               - SrcCtx: Lab2Part1.scala:12:28
               - class argon.Consumers: Consumers(Set(x175, x177, x187))
               - class argon.DeepAliases: DeepAliases(Set())
               - class argon.Effects: Mutable
               - class argon.ShallowAliases: ShallowAliases(Set(x170))
               - class spatial.metadata.access.ReadUses: ReadUses(Set())
               - class spatial.metadata.control.DefiningBlk: DefiningBlk(x187 (block: 0))
               - class spatial.metadata.control.ParentCtrl: ParentCtrl(x187 (stage: -1))
               - class spatial.metadata.control.ProgramOrder: ProgramOrder(6)
               - class spatial.metadata.control.ScopeCtrl: ScopeCtrl(x187 (scope: 0, 0))
               - class spatial.metadata.memory.Duplicates: Duplicates(List(Memory(List(Dims {0}: Cyclic: N=1, B=1, alpha=<1>, P=<1> (1 solutions, 0 checks)),2,List(0),None)))
               - class spatial.metadata.memory.OriginalSym: OriginalSym(x91)
               - class spatial.metadata.memory.Padding: Padding(List(0))
               - class spatial.metadata.memory.Readers: Readers(Set(x177))
               - class spatial.metadata.memory.Writers: Writers(Set(x175))
              x171 = CounterNew(Const(0),Const(16),Const(1),Const(1))
               - Aliases: 0035: x12, 0055: x92
               - Type: Counter[Fix[TRUE,_32,_0]]
               - SrcCtx: Lab2Part1.scala:13:20
               - class argon.Consumers: Consumers(Set(x172, x187))
               - class argon.DeepAliases: DeepAliases(Set())
               - class argon.Effects: Unique
               - class argon.ShallowAliases: ShallowAliases(Set(x171))
               - class spatial.metadata.access.ReadUses: ReadUses(Set())
               - class spatial.metadata.control.CounterOwner: CounterOwner(x176)
               - class spatial.metadata.control.DefiningBlk: DefiningBlk(x187 (block: 0))
               - class spatial.metadata.control.IterInfo: IterInfo(b174)
               - class spatial.metadata.control.ParentCtrl: ParentCtrl(x176 (stage: -1))
               - class spatial.metadata.control.ProgramOrder: ProgramOrder(7)
               - class spatial.metadata.control.ScopeCtrl: ScopeCtrl(x176 (scope: -1, -1))
              x172 = CounterChainNew(List(x171))
               - Aliases: 0035: x14, 0055: x93
               - Type: CounterChain
               - SrcCtx: Lab2Part1.scala:13:26
               - class argon.Consumers: Consumers(Set(x176, x187))
               - class argon.DeepAliases: DeepAliases(Set())
               - class argon.Effects: Unique
               - class argon.ShallowAliases: ShallowAliases(Set(x172))
               - class spatial.metadata.access.ReadUses: ReadUses(Set())
               - class spatial.metadata.control.CounterOwner: CounterOwner(x176)
               - class spatial.metadata.control.DefiningBlk: DefiningBlk(x187 (block: 0))
               - class spatial.metadata.control.ParentCtrl: ParentCtrl(x176 (stage: -1))
               - class spatial.metadata.control.ProgramOrder: ProgramOrder(8)
               - class spatial.metadata.control.ScopeCtrl: ScopeCtrl(x176 (scope: -1, -1))
              x176 = UnrolledForeach(Set(b168),x172,Block(Const(())),List(List(b173)),List(List(b174)),None) {
               - Aliases: 0035: x16, 0055: x95
               - Type: Void
               - SrcCtx: Lab2Part1.scala:13:26
               - class argon.Consumers: Consumers(Set(x187))
               - class argon.DeepAliases: DeepAliases(Set())
               - class argon.Effects: (reads={x170}, writes={x170})
               - class argon.ShallowAliases: ShallowAliases(Set(x176))
               - class spatial.metadata.access.ReadUses: ReadUses(Set())
               - class spatial.metadata.control.BodyLatency: BodyLatency(List(3.0))
               - class spatial.metadata.control.Children: Children(ArrayBuffer())
               - class spatial.metadata.control.CompilerII: CompilerII(1.0)
               - class spatial.metadata.control.ControlLevel: ControlLevel(InnerControl)
               - class spatial.metadata.control.DefiningBlk: DefiningBlk(x187 (block: 0))
               - class spatial.metadata.control.InitiationInterval: InitiationInterval(1.0)
               - class spatial.metadata.control.ParentCtrl: ParentCtrl(x187 (stage: -1))
               - class spatial.metadata.control.ProgramOrder: ProgramOrder(9)
               - class spatial.metadata.control.ScopeCtrl: ScopeCtrl(x187 (scope: 0, 0))
               - class spatial.metadata.control.TransientReadMems: TransientReadMems(Set())
               - class spatial.metadata.control.WrittenMems: WrittenMems(Set(x170))
               - class spatial.metadata.debug.TreeAnnotations: TreeAnnotations(
              <font color="red"> 17 cycles/iter<br>
              <font size="2">(170 total cycles, 10 total iters)<br></font> </font><br>)
              binds: 
                b173
                 - Type: Fix[TRUE,_32,_0]
                 - SrcCtx: UnrollingBase.scala:490:77
                 - class argon.Consumers: Consumers(Set(x175))
                 - class spatial.metadata.control.DefiningBlk: DefiningBlk(x176 (block: -1))
                 - class spatial.metadata.control.IndexCounter: IndexCounter(IndexCounterInfo(x171,List(0)))
                 - class spatial.metadata.control.ParentCtrl: ParentCtrl(x176 (stage: -1))
                b174
                 - Type: Bit
                 - SrcCtx: UnrollingBase.scala:491:82
                 - class argon.Consumers: Consumers(Set(x175))
                 - class spatial.metadata.control.DefiningBlk: DefiningBlk(x176 (block: -1))
                 - class spatial.metadata.control.IndexCounter: IndexCounter(IndexCounterInfo(x171,List(0)))
                 - class spatial.metadata.control.ParentCtrl: ParentCtrl(x176 (stage: -1))
                block 0: Block(Const(())) {
                  effects:  (reads={x170}, writes={x170})
                    x175 = SRAMBankedWrite(x170,Vector(Const(1)),Vector(List(Const(0))),Vector(b173),Vector(Set(b174, b168)))
                     - Type: Void
                     - SrcCtx: Lab2Part1.scala:13:40
                     - class argon.Consumers: Consumers(Set(x176))
                     - class argon.DeepAliases: DeepAliases(Set())
                     - class argon.Effects: (reads={x170}, writes={x170})
                     - class argon.ShallowAliases: ShallowAliases(Set(x175))
                     - class spatial.metadata.access.ReadUses: ReadUses(Set())
                     - class spatial.metadata.control.DefiningBlk: DefiningBlk(x176 (block: 0))
                     - class spatial.metadata.control.ParentCtrl: ParentCtrl(x176 (stage: -1))
                     - class spatial.metadata.control.ProgramOrder: ProgramOrder(10)
                     - class spatial.metadata.control.ScopeCtrl: ScopeCtrl(x176 (scope: 0, 0))
                     - class spatial.metadata.memory.Dispatch: Dispatch(Map(List() -> Set(0)))
                     - class spatial.metadata.memory.GroupId: GroupId(Map(List() -> Set(0)))
                     - class spatial.metadata.memory.OriginalSym: OriginalSym(x94)
                     - class spatial.metadata.memory.Ports: Ports(Map(0 -> Map(List() -> Port(Some(0),0,0,Vector(0),Vector(0)))))
                     - class spatial.metadata.memory.SegmentMapping: SegmentMapping(Map(0 -> 0))
                     - class spatial.metadata.retiming.FullDelay: FullDelay(0.0)
                } // End of x176 block #0
              } // End of x176
              x186 = UnrolledForeach(Set(),x165,Block(Const(())),Vector(List(b167)),Vector(List(b169)),None) {
               - Type: Void
               - SrcCtx: Lab2Part1.scala:15:8
               - class argon.Consumers: Consumers(Set(x187))
               - class argon.DeepAliases: DeepAliases(Set())
               - class argon.Effects: (reads={x170,x161}, writes={x161})
               - class argon.ShallowAliases: ShallowAliases(Set(x186))
               - class spatial.metadata.access.ReadUses: ReadUses(Set(x177, x179))
               - class spatial.metadata.control.Children: Children(ArrayBuffer())
               - class spatial.metadata.control.ControlLevel: ControlLevel(InnerControl)
               - class spatial.metadata.control.DefiningBlk: DefiningBlk(x187 (block: 0))
               - class spatial.metadata.control.ParentCtrl: ParentCtrl(x187 (stage: -1))
               - class spatial.metadata.control.ReadMems: ReadMems(Set(x170, x161))
               - class spatial.metadata.control.ScopeCtrl: ScopeCtrl(x187 (scope: 0, 0))
               - class spatial.metadata.control.TransientReadMems: TransientReadMems(Set())
               - class spatial.metadata.control.WrittenMems: WrittenMems(Set(x161))
              binds: 
                b169
                 - Type: Bit
                 - SrcCtx: UnrollingBase.scala:491:82
                 - class argon.Consumers: Consumers(Set(x247, x185, x179, x181, x177))
                 - class spatial.metadata.control.DefiningBlk: DefiningBlk(x186 (block: -1))
                 - class spatial.metadata.control.IndexCounter: IndexCounter(IndexCounterInfo(x164,List(0)))
                 - class spatial.metadata.control.ParentCtrl: ParentCtrl(x186 (stage: -1))
                b167
                 - Type: Fix[TRUE,_32,_0]
                 - SrcCtx: UnrollingBase.scala:490:77
                 - class argon.Consumers: Consumers(Set(x177, x179, x185, x246))
                 - class spatial.metadata.control.DefiningBlk: DefiningBlk(x186 (block: -1))
                 - class spatial.metadata.control.IndexCounter: IndexCounter(IndexCounterInfo(x164,List(0)))
                 - class spatial.metadata.control.ParentCtrl: ParentCtrl(x186 (stage: -1))
                block 0: Block(Const(())) {
                  effects:  (reads={x170,x161}, writes={x161})
                    x177 = SRAMBankedRead(x170,Vector(List(Const(0))),Vector(b167),Vector(Set(b169)),Vec[Fix[TRUE,_32,_0]])
                     - Type: Vec[Fix[TRUE,_32,_0]]
                     - SrcCtx: Lab2Part1.scala:15:8
                     - class argon.Consumers: Consumers(Set(x178, x186))
                     - class argon.DeepAliases: DeepAliases(Set())
                     - class argon.Effects: (reads={x170})
                     - class argon.ShallowAliases: ShallowAliases(Set(x177))
                     - class spatial.metadata.access.ReadUses: ReadUses(Set(x177))
                     - class spatial.metadata.control.DefiningBlk: DefiningBlk(x186 (block: 0))
                     - class spatial.metadata.control.ParentCtrl: ParentCtrl(x186 (stage: -1))
                     - class spatial.metadata.control.ProgramOrder: ProgramOrder(11)
                     - class spatial.metadata.control.ScopeCtrl: ScopeCtrl(x186 (scope: 0, 0))
                     - class spatial.metadata.memory.Dispatch: Dispatch(Map(List() -> Set(0)))
                     - class spatial.metadata.memory.GroupId: GroupId(Map(List() -> Set(0)))
                     - class spatial.metadata.memory.OriginalSym: OriginalSym(x96)
                     - class spatial.metadata.memory.Ports: Ports(Map(0 -> Map(List() -> Port(Some(1),0,0,Vector(0),Vector(0)))))
                     - class spatial.metadata.memory.SegmentMapping: SegmentMapping(Map(0 -> 0))
                     - class spatial.metadata.retiming.FullDelay: FullDelay(0.0)
                    x178 = VecApply(x177,0)
                     - Type: Fix[TRUE,_32,_0]
                     - SrcCtx: Lab2Part1.scala:15:8
                     - class argon.Consumers: Consumers(Set(x183, x244))
                     - class argon.DeepAliases: DeepAliases(Set())
                     - class argon.Effects: Pure
                     - class argon.ShallowAliases: ShallowAliases(Set(x178))
                     - class spatial.metadata.access.ReadUses: ReadUses(Set(x177))
                     - class spatial.metadata.control.DefiningBlk: DefiningBlk(x186 (block: 0))
                     - class spatial.metadata.control.ParentCtrl: ParentCtrl(x186 (stage: -1))
                     - class spatial.metadata.control.ScopeCtrl: ScopeCtrl(x186 (scope: 0, 0))
                     - class spatial.metadata.retiming.FullDelay: FullDelay(2.0)
                    x179 = SRAMBankedRead(x161,Vector(List(Const(0))),Vector(b167),Vector(Set(b169)),Vec[Fix[TRUE,_32,_0]])
                     - Type: Vec[Fix[TRUE,_32,_0]]
                     - SrcCtx: Lab2Part1.scala:15:8
                     - class argon.Consumers: Consumers(Set(x180, x186))
                     - class argon.DeepAliases: DeepAliases(Set())
                     - class argon.Effects: (reads={x161})
                     - class argon.ShallowAliases: ShallowAliases(Set(x179))
                     - class spatial.metadata.access.ReadUses: ReadUses(Set(x179))
                     - class spatial.metadata.control.DefiningBlk: DefiningBlk(x186 (block: 0))
                     - class spatial.metadata.control.ParentCtrl: ParentCtrl(x186 (stage: -1))
                     - class spatial.metadata.control.ProgramOrder: ProgramOrder(12)
                     - class spatial.metadata.control.ScopeCtrl: ScopeCtrl(x186 (scope: 0, 0))
                     - class spatial.metadata.math.InCycle: InCycle(true)
                     - class spatial.metadata.memory.Dispatch: Dispatch(Map(List() -> Set(0)))
                     - class spatial.metadata.memory.GroupId: GroupId(Map(List() -> Set(0)))
                     - class spatial.metadata.memory.IterDiff: IterDiff(0)
                     - class spatial.metadata.memory.OriginalSym: OriginalSym(x97)
                     - class spatial.metadata.memory.Ports: Ports(Map(0 -> Map(List() -> Port(Some(0),0,0,Vector(0),Vector(0)))))
                     - class spatial.metadata.memory.SegmentMapping: SegmentMapping(Map(0 -> 0))
                     - class spatial.metadata.retiming.FullDelay: FullDelay(0.0)
                    x180 = VecApply(x179,0)
                     - Type: Fix[TRUE,_32,_0]
                     - SrcCtx: Lab2Part1.scala:15:8
                     - class argon.Consumers: Consumers(Set(x183))
                     - class argon.DeepAliases: DeepAliases(Set())
                     - class argon.Effects: Pure
                     - class argon.ShallowAliases: ShallowAliases(Set(x180))
                     - class spatial.metadata.access.ReadUses: ReadUses(Set(x179))
                     - class spatial.metadata.control.DefiningBlk: DefiningBlk(x186 (block: 0))
                     - class spatial.metadata.control.ParentCtrl: ParentCtrl(x186 (stage: -1))
                     - class spatial.metadata.control.ScopeCtrl: ScopeCtrl(x186 (scope: 0, 0))
                     - class spatial.metadata.math.InCycle: InCycle(true)
                     - class spatial.metadata.retiming.FullDelay: FullDelay(2.0)
                    x182 = FixEql(b166,Const(-5))
                     - Type: Bit
                     - SrcCtx: Lab2Part1.scala:15:8
                     - class argon.Consumers: Consumers(Set(x245))
                     - class argon.DeepAliases: DeepAliases(Set())
                     - class argon.Effects: Pure
                     - class argon.ShallowAliases: ShallowAliases(Set(x182))
                     - class spatial.metadata.access.ReadUses: ReadUses(Set())
                     - class spatial.metadata.control.DefiningBlk: DefiningBlk(x186 (block: 0))
                     - class spatial.metadata.control.ParentCtrl: ParentCtrl(x186 (stage: -1))
                     - class spatial.metadata.control.ScopeCtrl: ScopeCtrl(x186 (scope: 0, 0))
                     - class spatial.metadata.retiming.FullDelay: FullDelay(0.0)
                    x183 = FixAdd(x178,x180)
                     - Aliases: 0035: x17, 0055: x98
                     - Type: Fix[TRUE,_32,_0]
                     - SrcCtx: Lab2Part1.scala:15:10
                     - class argon.Consumers: Consumers(Set(x184))
                     - class argon.DeepAliases: DeepAliases(Set())
                     - class argon.Effects: Pure
                     - class argon.ShallowAliases: ShallowAliases(Set(x183))
                     - class spatial.metadata.access.ReadUses: ReadUses(Set(x177, x179))
                     - class spatial.metadata.control.DefiningBlk: DefiningBlk(x186 (block: 0))
                     - class spatial.metadata.control.ParentCtrl: ParentCtrl(x186 (stage: -1))
                     - class spatial.metadata.control.ProgramOrder: ProgramOrder(13)
                     - class spatial.metadata.control.ScopeCtrl: ScopeCtrl(x186 (scope: 0, 0))
                     - class spatial.metadata.math.InCycle: InCycle(true)
                     - class spatial.metadata.retiming.FullDelay: FullDelay(2.0)
                    x244 = DelayLine(1,x178)
                     - Type: Fix[TRUE,_32,_0]
                     - SrcCtx: Lab2Part1.scala:15:8
                     - class argon.Consumers: Consumers(Set(x184))
                     - class argon.DeepAliases: DeepAliases(Set())
                     - class argon.Effects: Pure
                     - class argon.ShallowAliases: ShallowAliases(Set(x244))
                     - class spatial.metadata.access.ReadUses: ReadUses(Set(x177))
                     - class spatial.metadata.control.DefiningBlk: DefiningBlk(x186 (block: 0))
                     - class spatial.metadata.control.ParentCtrl: ParentCtrl(x186 (stage: -1))
                     - class spatial.metadata.control.ScopeCtrl: ScopeCtrl(x186 (scope: 0, 0))
                    x245 = DelayLine(3,x182)
                     - Type: Bit
                     - SrcCtx: Lab2Part1.scala:15:8
                     - class argon.Consumers: Consumers(Set(x184))
                     - class argon.DeepAliases: DeepAliases(Set())
                     - class argon.Effects: Pure
                     - class argon.ShallowAliases: ShallowAliases(Set(x245))
                     - class spatial.metadata.access.ReadUses: ReadUses(Set())
                     - class spatial.metadata.control.DefiningBlk: DefiningBlk(x186 (block: 0))
                     - class spatial.metadata.control.ParentCtrl: ParentCtrl(x186 (stage: -1))
                     - class spatial.metadata.control.ScopeCtrl: ScopeCtrl(x186 (scope: 0, 0))
                    x184 = Mux(x245,x244,x183)
                     - Type: Fix[TRUE,_32,_0]
                     - SrcCtx: Lab2Part1.scala:15:8
                     - class argon.Consumers: Consumers(Set(x185))
                     - class argon.DeepAliases: DeepAliases(Set())
                     - class argon.Effects: Pure
                     - class argon.ShallowAliases: ShallowAliases(Set(x184))
                     - class spatial.metadata.access.ReadUses: ReadUses(Set(x177, x179))
                     - class spatial.metadata.control.DefiningBlk: DefiningBlk(x186 (block: 0))
                     - class spatial.metadata.control.ParentCtrl: ParentCtrl(x186 (stage: -1))
                     - class spatial.metadata.control.ScopeCtrl: ScopeCtrl(x186 (scope: 0, 0))
                     - class spatial.metadata.math.InCycle: InCycle(true)
                     - class spatial.metadata.retiming.FullDelay: FullDelay(3.0)
                    x246 = DelayLine(3,b167)
                     - Type: Fix[TRUE,_32,_0]
                     - SrcCtx: UnrollingBase.scala:490:77
                     - class argon.Consumers: Consumers(Set(x185))
                     - class argon.DeepAliases: DeepAliases(Set())
                     - class argon.Effects: Pure
                     - class argon.ShallowAliases: ShallowAliases(Set(x246))
                     - class spatial.metadata.access.ReadUses: ReadUses(Set())
                     - class spatial.metadata.control.DefiningBlk: DefiningBlk(x186 (block: 0))
                     - class spatial.metadata.control.ParentCtrl: ParentCtrl(x186 (stage: -1))
                     - class spatial.metadata.control.ScopeCtrl: ScopeCtrl(x186 (scope: 0, 0))
                    x247 = DelayLine(3,b169)
                     - Type: Bit
                     - SrcCtx: UnrollingBase.scala:491:82
                     - class argon.Consumers: Consumers(Set(x185))
                     - class argon.DeepAliases: DeepAliases(Set())
                     - class argon.Effects: Pure
                     - class argon.ShallowAliases: ShallowAliases(Set(x247))
                     - class spatial.metadata.access.ReadUses: ReadUses(Set())
                     - class spatial.metadata.control.DefiningBlk: DefiningBlk(x186 (block: 0))
                     - class spatial.metadata.control.ParentCtrl: ParentCtrl(x186 (stage: -1))
                     - class spatial.metadata.control.ScopeCtrl: ScopeCtrl(x186 (scope: 0, 0))
                    x185 = SRAMBankedWrite(x161,Vector(x184),Vector(List(Const(0))),Vector(x246),Vector(Set(x247)))
                     - Type: Void
                     - SrcCtx: Lab2Part1.scala:15:8
                     - class argon.Consumers: Consumers(Set(x186))
                     - class argon.DeepAliases: DeepAliases(Set())
                     - class argon.Effects: (reads={x161}, writes={x161})
                     - class argon.ShallowAliases: ShallowAliases(Set(x185))
                     - class spatial.metadata.access.ReadUses: ReadUses(Set(x177, x179))
                     - class spatial.metadata.control.DefiningBlk: DefiningBlk(x186 (block: 0))
                     - class spatial.metadata.control.ParentCtrl: ParentCtrl(x186 (stage: -1))
                     - class spatial.metadata.control.ProgramOrder: ProgramOrder(14)
                     - class spatial.metadata.control.ScopeCtrl: ScopeCtrl(x186 (scope: 0, 0))
                     - class spatial.metadata.math.InCycle: InCycle(true)
                     - class spatial.metadata.memory.AccumulatorType: AccumulatorType(Fold)
                     - class spatial.metadata.memory.Dispatch: Dispatch(Map(List() -> Set(0)))
                     - class spatial.metadata.memory.GroupId: GroupId(Map(List() -> Set(0)))
                     - class spatial.metadata.memory.OriginalSym: OriginalSym(x99)
                     - class spatial.metadata.memory.Ports: Ports(Map(0 -> Map(List() -> Port(Some(0),0,0,Vector(0),Vector(0)))))
                     - class spatial.metadata.memory.SegmentMapping: SegmentMapping(Map(0 -> 0))
                     - class spatial.metadata.retiming.FullDelay: FullDelay(3.5)
                } // End of x186 block #0
              } // End of x186
          } // End of x187 block #0
        } // End of x187
        x209 = UnitPipe(Set(),Block(Const(())),None) {
         - Name: DenseTransfer
         - Aliases: 0035: x84, 0055: x118
         - Type: Void
         - SrcCtx: Lab2Part1.scala:16:11
         - class argon.Consumers: Consumers(Set(x119))
         - class argon.DeepAliases: DeepAliases(Set())
         - class argon.Effects: (unique=true, reads={x160,x161}, writes={x160})
         - class argon.ShallowAliases: ShallowAliases(Set(x209))
         - class spatial.metadata.access.ReadUses: ReadUses(Set(x200, x206))
         - class spatial.metadata.control.Children: Children(ArrayBuffer(x195 (stage: -1), x204 (stage: -1), x208 (stage: -1)))
         - class spatial.metadata.control.CompilerII: CompilerII(1.0)
         - class spatial.metadata.control.ControlLevel: ControlLevel(OuterControl)
         - class spatial.metadata.control.DefiningBlk: DefiningBlk(x119 (block: 0))
         - class spatial.metadata.control.InitiationInterval: InitiationInterval(1.0)
         - class spatial.metadata.control.LoweredTransfer: LoweredTransfer(DenseStore)
         - class spatial.metadata.control.LoweredTransferSize: LoweredTransferSize((Const(16),Const(1),32))
         - class spatial.metadata.control.ParentCtrl: ParentCtrl(x119 (stage: -1))
         - class spatial.metadata.control.ProgramOrder: ProgramOrder(15)
         - class spatial.metadata.control.ScopeCtrl: ScopeCtrl(x119 (scope: 0, 0))
         - class spatial.metadata.control.TransientReadMems: TransientReadMems(Set())
         - class spatial.metadata.control.UserScheduleDirective: UserScheduleDirective(Streaming)
         - class spatial.metadata.control.WrittenDRAMs: WrittenDRAMs(Set(x160))
         - class spatial.metadata.debug.TreeAnnotations: TreeAnnotations(
        <font color="red"> 121 cycles/iter<br>
        <font size="2">(121 total cycles, 1 total iters)<br></font> </font><br>)
         - class spatial.metadata.transform.StreamPrimitive: StreamPrimitive(true)
        binds: 
          block 0: Block(Const(())) {
            effects:  (unique=true, reads={x161,x160}, writes={x160})
              x188 = StreamOutNew(BurstCmdBus)
               - Aliases: 0035: x66, 0055: x101
               - Type: StreamOut[BurstCmd]
               - SrcCtx: Lab2Part1.scala:16:11
               - class argon.Consumers: Consumers(Set(x194, x205, x209))
               - class argon.DeepAliases: DeepAliases(Set())
               - class argon.Effects: Mutable
               - class argon.ShallowAliases: ShallowAliases(Set(x188))
               - class spatial.metadata.access.ReadUses: ReadUses(Set())
               - class spatial.metadata.control.DefiningBlk: DefiningBlk(x209 (block: 0))
               - class spatial.metadata.control.ParentCtrl: ParentCtrl(x209 (stage: -1))
               - class spatial.metadata.control.ProgramOrder: ProgramOrder(16)
               - class spatial.metadata.control.ScopeCtrl: ScopeCtrl(x209 (scope: 0, 0))
               - class spatial.metadata.memory.Duplicates: Duplicates(List(Memory(List(Dims {0}: Cyclic: N=1, B=1, alpha=<1>, P=<1> (1 solutions, 0 checks)),1,List(0),None)))
               - class spatial.metadata.memory.Writers: Writers(Set(x194))
              x189 = StreamOutNew(BurstFullDataBus())
               - Aliases: 0035: x67, 0055: x102
               - Type: StreamOut[Tup2[Fix[TRUE,_32,_0],Bit]]
               - SrcCtx: Lab2Part1.scala:16:11
               - class argon.Consumers: Consumers(Set(x203, x205, x209))
               - class argon.DeepAliases: DeepAliases(Set())
               - class argon.Effects: Mutable
               - class argon.ShallowAliases: ShallowAliases(Set(x189))
               - class spatial.metadata.access.ReadUses: ReadUses(Set())
               - class spatial.metadata.control.DefiningBlk: DefiningBlk(x209 (block: 0))
               - class spatial.metadata.control.ParentCtrl: ParentCtrl(x209 (stage: -1))
               - class spatial.metadata.control.ProgramOrder: ProgramOrder(17)
               - class spatial.metadata.control.ScopeCtrl: ScopeCtrl(x209 (scope: 0, 0))
               - class spatial.metadata.memory.Duplicates: Duplicates(List(Memory(List(Dims {0}: Cyclic: N=1, B=1, alpha=<1>, P=<1> (1 solutions, 0 checks)),1,List(0),None)))
               - class spatial.metadata.memory.Writers: Writers(Set(x203))
              x190 = StreamInNew(BurstAckBus)
               - Aliases: 0035: x68, 0055: x103
               - Type: StreamIn[Bit]
               - SrcCtx: Lab2Part1.scala:16:11
               - class argon.Consumers: Consumers(Set(x205, x206, x209))
               - class argon.DeepAliases: DeepAliases(Set())
               - class argon.Effects: Mutable
               - class argon.ShallowAliases: ShallowAliases(Set(x190))
               - class spatial.metadata.access.ReadUses: ReadUses(Set())
               - class spatial.metadata.control.DefiningBlk: DefiningBlk(x209 (block: 0))
               - class spatial.metadata.control.ParentCtrl: ParentCtrl(x209 (stage: -1))
               - class spatial.metadata.control.ProgramOrder: ProgramOrder(18)
               - class spatial.metadata.control.ScopeCtrl: ScopeCtrl(x209 (scope: 0, 0))
               - class spatial.metadata.memory.Duplicates: Duplicates(ArrayBuffer(Memory(List(Dims {0}: Cyclic: N=1, B=1, alpha=<1>, P=<1> (1 solutions, 0 checks)),1,List(0),None)))
               - class spatial.metadata.memory.Readers: Readers(Set(x206))
              x195 = UnitPipe(Set(),Block(Const(())),None) {
               - Name: DenseTransferCommands
               - Aliases: 0035: x73, 0055: x108
               - Type: Void
               - SrcCtx: Lab2Part1.scala:16:11
               - class argon.Consumers: Consumers(Set(x209))
               - class argon.DeepAliases: DeepAliases(Set())
               - class argon.Effects: (reads={x160,x188}, writes={x188})
               - class argon.ShallowAliases: ShallowAliases(Set(x195))
               - class spatial.metadata.access.ReadUses: ReadUses(Set())
               - class spatial.metadata.control.BodyLatency: BodyLatency(List(0.0))
               - class spatial.metadata.control.Children: Children(ArrayBuffer())
               - class spatial.metadata.control.CompilerII: CompilerII(1.0)
               - class spatial.metadata.control.ControlLevel: ControlLevel(InnerControl)
               - class spatial.metadata.control.DefiningBlk: DefiningBlk(x209 (block: 0))
               - class spatial.metadata.control.InitiationInterval: InitiationInterval(0.0)
               - class spatial.metadata.control.ParentCtrl: ParentCtrl(x209 (stage: -1))
               - class spatial.metadata.control.ProgramOrder: ProgramOrder(19)
               - class spatial.metadata.control.ScopeCtrl: ScopeCtrl(x209 (scope: 0, 0))
               - class spatial.metadata.control.TransientReadMems: TransientReadMems(Set())
               - class spatial.metadata.control.UserScheduleDirective: UserScheduleDirective(Sequenced)
               - class spatial.metadata.control.WrittenMems: WrittenMems(Set(x188))
               - class spatial.metadata.debug.TreeAnnotations: TreeAnnotations(
              <font color="red"> 121 cycles/iter<br>
              <font size="2">(121 total cycles, 1 total iters)<br></font> </font><br>)
              binds: 
                block 0: Block(Const(())) {
                  effects:  (reads={x160,x188}, writes={x188})
                    x191 = DRAMAddress(x160)
                     - Aliases: 0035: x69, 0055: x104
                     - Type: Fix[TRUE,_64,_0]
                     - SrcCtx: Lab2Part1.scala:16:11
                     - class argon.Consumers: Consumers(Set(x192, x195))
                     - class argon.DeepAliases: DeepAliases(Set())
                     - class argon.Effects: (reads={x160})
                     - class argon.ShallowAliases: ShallowAliases(Set(x191))
                     - class spatial.metadata.access.ReadUses: ReadUses(Set())
                     - class spatial.metadata.control.DefiningBlk: DefiningBlk(x195 (block: 0))
                     - class spatial.metadata.control.ParentCtrl: ParentCtrl(x195 (stage: -1))
                     - class spatial.metadata.control.ProgramOrder: ProgramOrder(20)
                     - class spatial.metadata.control.ScopeCtrl: ScopeCtrl(x195 (scope: 0, 0))
                     - class spatial.metadata.retiming.FullDelay: FullDelay(0.0)
                    x192 = SimpleStruct(ArrayBuffer((offset,x191), (size,Const(64)), (isLoad,Const(false))))
                     - Aliases: 0035: x70, 0055: x105
                     - Type: BurstCmd
                     - SrcCtx: Lab2Part1.scala:16:11
                     - class argon.Consumers: Consumers(Set(x194))
                     - class argon.DeepAliases: DeepAliases(Set())
                     - class argon.Effects: Pure
                     - class argon.ShallowAliases: ShallowAliases(Set(x192))
                     - class spatial.metadata.access.ReadUses: ReadUses(Set())
                     - class spatial.metadata.control.DefiningBlk: DefiningBlk(x195 (block: 0))
                     - class spatial.metadata.control.ParentCtrl: ParentCtrl(x195 (stage: -1))
                     - class spatial.metadata.control.ProgramOrder: ProgramOrder(21)
                     - class spatial.metadata.control.ScopeCtrl: ScopeCtrl(x195 (scope: 0, 0))
                     - class spatial.metadata.retiming.FullDelay: FullDelay(0.0)
                    x193 = DRAMIsAlloc(x160)
                     - Aliases: 0035: x71, 0055: x106
                     - Type: Bit
                     - SrcCtx: Lab2Part1.scala:16:11
                     - class argon.Consumers: Consumers(Set(x194, x195))
                     - class argon.DeepAliases: DeepAliases(Set())
                     - class argon.Effects: (reads={x160})
                     - class argon.ShallowAliases: ShallowAliases(Set(x193))
                     - class spatial.metadata.access.ReadUses: ReadUses(Set())
                     - class spatial.metadata.control.DefiningBlk: DefiningBlk(x195 (block: 0))
                     - class spatial.metadata.control.ParentCtrl: ParentCtrl(x195 (stage: -1))
                     - class spatial.metadata.control.ProgramOrder: ProgramOrder(22)
                     - class spatial.metadata.control.ScopeCtrl: ScopeCtrl(x195 (scope: 0, 0))
                     - class spatial.metadata.retiming.FullDelay: FullDelay(0.0)
                    x194 = StreamOutBankedWrite(x188,ArrayBuffer(x192),ArrayBuffer(Set(x193)))
                     - Type: Void
                     - SrcCtx: Lab2Part1.scala:16:11
                     - class argon.Consumers: Consumers(Set(x195))
                     - class argon.DeepAliases: DeepAliases(Set())
                     - class argon.Effects: (reads={x188}, writes={x188})
                     - class argon.ShallowAliases: ShallowAliases(Set(x194))
                     - class spatial.metadata.access.ReadUses: ReadUses(Set())
                     - class spatial.metadata.control.DefiningBlk: DefiningBlk(x195 (block: 0))
                     - class spatial.metadata.control.ParentCtrl: ParentCtrl(x195 (stage: -1))
                     - class spatial.metadata.control.ProgramOrder: ProgramOrder(23)
                     - class spatial.metadata.control.ScopeCtrl: ScopeCtrl(x195 (scope: 0, 0))
                     - class spatial.metadata.memory.Dispatch: Dispatch(Map(List() -> Set(0)))
                     - class spatial.metadata.memory.GroupId: GroupId(Map(List() -> Set(0)))
                     - class spatial.metadata.memory.OriginalSym: OriginalSym(x107)
                     - class spatial.metadata.memory.Ports: Ports(Map(0 -> Map(List() -> Port(Some(0),0,0,List(0),List(0)))))
                     - class spatial.metadata.memory.SegmentMapping: SegmentMapping(Map(0 -> 0))
                     - class spatial.metadata.retiming.FullDelay: FullDelay(0.0)
                } // End of x195 block #0
              } // End of x195
              x196 = CounterNew(Const(0),Const(16),Const(1),Const(1))
               - Aliases: 0035: x74, 0055: x109
               - Type: Counter[Fix[TRUE,_32,_0]]
               - SrcCtx: Lab2Part1.scala:16:11
               - class argon.Consumers: Consumers(Set(x197, x209))
               - class argon.DeepAliases: DeepAliases(Set())
               - class argon.Effects: Unique
               - class argon.ShallowAliases: ShallowAliases(Set(x196))
               - class spatial.metadata.access.ReadUses: ReadUses(Set())
               - class spatial.metadata.control.CounterOwner: CounterOwner(x204)
               - class spatial.metadata.control.DefiningBlk: DefiningBlk(x209 (block: 0))
               - class spatial.metadata.control.IterInfo: IterInfo(b199)
               - class spatial.metadata.control.ParentCtrl: ParentCtrl(x204 (stage: -1))
               - class spatial.metadata.control.ProgramOrder: ProgramOrder(24)
               - class spatial.metadata.control.ScopeCtrl: ScopeCtrl(x204 (scope: -1, -1))
              x197 = CounterChainNew(List(x196))
               - Aliases: 0035: x76, 0055: x110
               - Type: CounterChain
               - SrcCtx: Lab2Part1.scala:16:11
               - class argon.Consumers: Consumers(Set(x204, x209))
               - class argon.DeepAliases: DeepAliases(Set())
               - class argon.Effects: Unique
               - class argon.ShallowAliases: ShallowAliases(Set(x197))
               - class spatial.metadata.access.ReadUses: ReadUses(Set())
               - class spatial.metadata.control.CounterOwner: CounterOwner(x204)
               - class spatial.metadata.control.DefiningBlk: DefiningBlk(x209 (block: 0))
               - class spatial.metadata.control.ParentCtrl: ParentCtrl(x204 (stage: -1))
               - class spatial.metadata.control.ProgramOrder: ProgramOrder(25)
               - class spatial.metadata.control.ScopeCtrl: ScopeCtrl(x204 (scope: -1, -1))
              x204 = UnrolledForeach(Set(),x197,Block(Const(())),List(List(b198)),List(List(b199)),None) {
               - Aliases: 0035: x80, 0055: x114
               - Type: Void
               - SrcCtx: Lab2Part1.scala:16:11
               - class argon.Consumers: Consumers(Set(x209))
               - class argon.DeepAliases: DeepAliases(Set())
               - class argon.Effects: (reads={x161,x189}, writes={x189})
               - class argon.ShallowAliases: ShallowAliases(Set(x204))
               - class spatial.metadata.access.ReadUses: ReadUses(Set(x200))
               - class spatial.metadata.control.BodyLatency: BodyLatency(List(4.0))
               - class spatial.metadata.control.Children: Children(ArrayBuffer())
               - class spatial.metadata.control.CompilerII: CompilerII(1.0)
               - class spatial.metadata.control.ControlLevel: ControlLevel(InnerControl)
               - class spatial.metadata.control.DefiningBlk: DefiningBlk(x209 (block: 0))
               - class spatial.metadata.control.InitiationInterval: InitiationInterval(1.0)
               - class spatial.metadata.control.ParentCtrl: ParentCtrl(x209 (stage: -1))
               - class spatial.metadata.control.ProgramOrder: ProgramOrder(26)
               - class spatial.metadata.control.ReadMems: ReadMems(Set(x161))
               - class spatial.metadata.control.ScopeCtrl: ScopeCtrl(x209 (scope: 0, 0))
               - class spatial.metadata.control.TransientReadMems: TransientReadMems(Set())
               - class spatial.metadata.control.WrittenMems: WrittenMems(Set(x189))
               - class spatial.metadata.debug.TreeAnnotations: TreeAnnotations(
              <font color="red"> 121 cycles/iter<br>
              <font size="2">(121 total cycles, 1 total iters)<br></font> </font><br>)
              binds: 
                b198
                 - Type: Fix[TRUE,_32,_0]
                 - SrcCtx: UnrollingBase.scala:490:77
                 - class argon.Consumers: Consumers(Set(x200))
                 - class spatial.metadata.control.DefiningBlk: DefiningBlk(x204 (block: -1))
                 - class spatial.metadata.control.IndexCounter: IndexCounter(IndexCounterInfo(x196,List(0)))
                 - class spatial.metadata.control.ParentCtrl: ParentCtrl(x204 (stage: -1))
                b199
                 - Type: Bit
                 - SrcCtx: UnrollingBase.scala:491:82
                 - class argon.Consumers: Consumers(Set(x200, x203, x248))
                 - class spatial.metadata.control.DefiningBlk: DefiningBlk(x204 (block: -1))
                 - class spatial.metadata.control.IndexCounter: IndexCounter(IndexCounterInfo(x196,List(0)))
                 - class spatial.metadata.control.ParentCtrl: ParentCtrl(x204 (stage: -1))
                block 0: Block(Const(())) {
                  effects:  (reads={x161,x189}, writes={x189})
                    x200 = SRAMBankedRead(x161,Vector(List(Const(0))),Vector(b198),Vector(Set(b199)),Vec[Fix[TRUE,_32,_0]])
                     - Type: Vec[Fix[TRUE,_32,_0]]
                     - SrcCtx: Lab2Part1.scala:16:11
                     - class argon.Consumers: Consumers(Set(x201, x204))
                     - class argon.DeepAliases: DeepAliases(Set())
                     - class argon.Effects: (reads={x161})
                     - class argon.ShallowAliases: ShallowAliases(Set(x200))
                     - class spatial.metadata.access.ReadUses: ReadUses(Set(x200))
                     - class spatial.metadata.control.DefiningBlk: DefiningBlk(x204 (block: 0))
                     - class spatial.metadata.control.ParentCtrl: ParentCtrl(x204 (stage: -1))
                     - class spatial.metadata.control.ProgramOrder: ProgramOrder(27)
                     - class spatial.metadata.control.ScopeCtrl: ScopeCtrl(x204 (scope: 0, 0))
                     - class spatial.metadata.memory.Dispatch: Dispatch(Map(List() -> Set(0)))
                     - class spatial.metadata.memory.GroupId: GroupId(Map(List() -> Set(2)))
                     - class spatial.metadata.memory.OriginalSym: OriginalSym(x111)
                     - class spatial.metadata.memory.Ports: Ports(Map(0 -> Map(List() -> Port(Some(0),1,0,Vector(0),Vector(0)))))
                     - class spatial.metadata.memory.SegmentMapping: SegmentMapping(Map(0 -> 0))
                     - class spatial.metadata.retiming.FullDelay: FullDelay(0.0)
                    x201 = VecApply(x200,0)
                     - Type: Fix[TRUE,_32,_0]
                     - SrcCtx: Lab2Part1.scala:16:11
                     - class argon.Consumers: Consumers(Set(x202))
                     - class argon.DeepAliases: DeepAliases(Set())
                     - class argon.Effects: Pure
                     - class argon.ShallowAliases: ShallowAliases(Set(x201))
                     - class spatial.metadata.access.ReadUses: ReadUses(Set(x200))
                     - class spatial.metadata.control.DefiningBlk: DefiningBlk(x204 (block: 0))
                     - class spatial.metadata.control.ParentCtrl: ParentCtrl(x204 (stage: -1))
                     - class spatial.metadata.control.ScopeCtrl: ScopeCtrl(x204 (scope: 0, 0))
                     - class spatial.metadata.retiming.FullDelay: FullDelay(2.0)
                    x202 = SimpleStruct(ArrayBuffer((_1,x201), (_2,Const(true))))
                     - Aliases: 0035: x78, 0055: x112
                     - Type: Tup2[Fix[TRUE,_32,_0],Bit]
                     - SrcCtx: Lab2Part1.scala:16:11
                     - class argon.Consumers: Consumers(Set(x203))
                     - class argon.DeepAliases: DeepAliases(Set())
                     - class argon.Effects: Pure
                     - class argon.ShallowAliases: ShallowAliases(Set(x202))
                     - class spatial.metadata.access.ReadUses: ReadUses(Set(x200))
                     - class spatial.metadata.control.DefiningBlk: DefiningBlk(x204 (block: 0))
                     - class spatial.metadata.control.ParentCtrl: ParentCtrl(x204 (stage: -1))
                     - class spatial.metadata.control.ProgramOrder: ProgramOrder(28)
                     - class spatial.metadata.control.ScopeCtrl: ScopeCtrl(x204 (scope: 0, 0))
                     - class spatial.metadata.retiming.FullDelay: FullDelay(2.0)
                    x248 = DelayLine(2,b199)
                     - Type: Bit
                     - SrcCtx: UnrollingBase.scala:491:82
                     - class argon.Consumers: Consumers(Set(x203))
                     - class argon.DeepAliases: DeepAliases(Set())
                     - class argon.Effects: Pure
                     - class argon.ShallowAliases: ShallowAliases(Set(x248))
                     - class spatial.metadata.access.ReadUses: ReadUses(Set())
                     - class spatial.metadata.control.DefiningBlk: DefiningBlk(x204 (block: 0))
                     - class spatial.metadata.control.ParentCtrl: ParentCtrl(x204 (stage: -1))
                     - class spatial.metadata.control.ScopeCtrl: ScopeCtrl(x204 (scope: 0, 0))
                    x203 = StreamOutBankedWrite(x189,ArrayBuffer(x202),ArrayBuffer(Set(x248)))
                     - Type: Void
                     - SrcCtx: Lab2Part1.scala:16:11
                     - class argon.Consumers: Consumers(Set(x204))
                     - class argon.DeepAliases: DeepAliases(Set())
                     - class argon.Effects: (reads={x189}, writes={x189})
                     - class argon.ShallowAliases: ShallowAliases(Set(x203))
                     - class spatial.metadata.access.ReadUses: ReadUses(Set(x200))
                     - class spatial.metadata.control.DefiningBlk: DefiningBlk(x204 (block: 0))
                     - class spatial.metadata.control.ParentCtrl: ParentCtrl(x204 (stage: -1))
                     - class spatial.metadata.control.ProgramOrder: ProgramOrder(29)
                     - class spatial.metadata.control.ScopeCtrl: ScopeCtrl(x204 (scope: 0, 0))
                     - class spatial.metadata.memory.Dispatch: Dispatch(Map(List() -> Set(0)))
                     - class spatial.metadata.memory.GroupId: GroupId(Map(List() -> Set(0)))
                     - class spatial.metadata.memory.OriginalSym: OriginalSym(x113)
                     - class spatial.metadata.memory.Ports: Ports(Map(0 -> Map(List() -> Port(Some(0),0,0,List(0),List(0)))))
                     - class spatial.metadata.memory.SegmentMapping: SegmentMapping(Map(0 -> 0))
                     - class spatial.metadata.retiming.FullDelay: FullDelay(2.0)
                } // End of x204 block #0
              } // End of x204
              x205 = FringeDenseStore(x160,x188,x189,x190)
               - Aliases: 0035: x81, 0055: x115
               - Type: Void
               - SrcCtx: Lab2Part1.scala:16:11
               - class argon.Consumers: Consumers(Set(x209))
               - class argon.DeepAliases: DeepAliases(Set())
               - class argon.Effects: (reads={x160,x188,x189,x190}, writes={x190,x160})
               - class argon.ShallowAliases: ShallowAliases(Set(x205))
               - class spatial.metadata.access.ReadUses: ReadUses(Set())
               - class spatial.metadata.control.DefiningBlk: DefiningBlk(x209 (block: 0))
               - class spatial.metadata.control.ParentCtrl: ParentCtrl(x209 (stage: -1))
               - class spatial.metadata.control.ProgramOrder: ProgramOrder(30)
               - class spatial.metadata.control.ScopeCtrl: ScopeCtrl(x209 (scope: 0, 0))
              x208 = UnitPipe(Set(),Block(Const(())),None) {
               - Name: DenseTransferAck
               - Aliases: 0035: x83, 0055: x117
               - Type: Void
               - SrcCtx: Lab2Part1.scala:16:11
               - class argon.Consumers: Consumers(Set(x209))
               - class argon.DeepAliases: DeepAliases(Set())
               - class argon.Effects: (reads={x190}, writes={x190})
               - class argon.ShallowAliases: ShallowAliases(Set(x208))
               - class spatial.metadata.access.ReadUses: ReadUses(Set(x206))
               - class spatial.metadata.control.BodyLatency: BodyLatency(List(1.0))
               - class spatial.metadata.control.Children: Children(ArrayBuffer())
               - class spatial.metadata.control.CompilerII: CompilerII(1.0)
               - class spatial.metadata.control.ControlLevel: ControlLevel(InnerControl)
               - class spatial.metadata.control.DefiningBlk: DefiningBlk(x209 (block: 0))
               - class spatial.metadata.control.InitiationInterval: InitiationInterval(1.0)
               - class spatial.metadata.control.ParentCtrl: ParentCtrl(x209 (stage: -1))
               - class spatial.metadata.control.ProgramOrder: ProgramOrder(31)
               - class spatial.metadata.control.ReadMems: ReadMems(Set(x190))
               - class spatial.metadata.control.ScopeCtrl: ScopeCtrl(x209 (scope: 0, 0))
               - class spatial.metadata.control.TransientReadMems: TransientReadMems(Set())
               - class spatial.metadata.control.UserScheduleDirective: UserScheduleDirective(Pipelined)
               - class spatial.metadata.debug.TreeAnnotations: TreeAnnotations(
              <font color="red"> 121 cycles/iter<br>
              <font size="2">(121 total cycles, 1 total iters)<br></font> </font><br>)
              binds: 
                block 0: Block(Const(())) {
                  effects:  (reads={x190}, writes={x190})
                    x206 = StreamInBankedRead(x190,ArrayBuffer(Set()))
                     - Type: Vec[Bit]
                     - SrcCtx: Lab2Part1.scala:16:11
                     - class argon.Consumers: Consumers(Set(x208))
                     - class argon.DeepAliases: DeepAliases(Set())
                     - class argon.Effects: (reads={x190}, writes={x190})
                     - class argon.ShallowAliases: ShallowAliases(Set(x206))
                     - class spatial.metadata.access.ReadUses: ReadUses(Set(x206))
                     - class spatial.metadata.control.DefiningBlk: DefiningBlk(x208 (block: 0))
                     - class spatial.metadata.control.ParentCtrl: ParentCtrl(x208 (stage: -1))
                     - class spatial.metadata.control.ProgramOrder: ProgramOrder(32)
                     - class spatial.metadata.control.ScopeCtrl: ScopeCtrl(x208 (scope: 0, 0))
                     - class spatial.metadata.memory.Dispatch: Dispatch(Map(List() -> Set(0)))
                     - class spatial.metadata.memory.GroupId: GroupId(Map(List() -> Set(0)))
                     - class spatial.metadata.memory.OriginalSym: OriginalSym(x116)
                     - class spatial.metadata.memory.Ports: Ports(Map(0 -> Map(List() -> Port(Some(0),0,0,List(0),List(0)))))
                     - class spatial.metadata.memory.SegmentMapping: SegmentMapping(Map(0 -> 0))
                     - class spatial.metadata.retiming.FullDelay: FullDelay(0.0)
                } // End of x208 block #0
              } // End of x208
          } // End of x209 block #0
        } // End of x209
    } // End of x119 block #0
  } // End of x119
  x210 = ArrayNew(Const(16))
   - Name: result
   - Aliases: 0035: x24, 0055: x120
   - Type: Array[Fix[TRUE,_32,_0]]
   - SrcCtx: Lab2Part1.scala:19:24
   - class argon.Consumers: Consumers(Set(x234, x211, x224, x225, x232))
   - class argon.DeepAliases: DeepAliases(Set())
   - class argon.Effects: Mutable
   - class argon.ShallowAliases: ShallowAliases(Set(x210))
   - class spatial.metadata.access.ReadUses: ReadUses(Set())
  x211 = GetMem(x160,x210)
   - Aliases: 0035: x25, 0055: x121
   - Type: Void
   - SrcCtx: Lab2Part1.scala:19:24
   - class argon.DeepAliases: DeepAliases(Set())
   - class argon.Effects: (reads={x160,x210}, writes={x210})
   - class argon.ShallowAliases: ShallowAliases(Set(x211))
   - class spatial.metadata.access.ReadUses: ReadUses(Set())
  x212 = MapIndices(Const(16),Block((b26) => Const(10))) {
   - Name: gold
   - Aliases: 0035: x27, 0055: x122
   - Type: Array[Fix[TRUE,_32,_0]]
   - SrcCtx: Lab2Part1.scala:20:34
   - class argon.Consumers: Consumers(Set(x215, x216, x231, x234))
   - class argon.DeepAliases: DeepAliases(Set())
   - class argon.Effects: Pure
   - class argon.ShallowAliases: ShallowAliases(Set(x212))
   - class spatial.metadata.access.ReadUses: ReadUses(Set())
  binds: 
    b26
     - Name: i
     - Type: Fix[TRUE,_32,_0]
     - SrcCtx: Lab2Part1.scala:20:34
     - class spatial.metadata.control.DefiningBlk: DefiningBlk(x212 (block: -1))
    block 0: Block((b26) => Const(10)) {
      effects:  Pure
    } // End of x212 block #0
  } // End of x212
  x213 = TextConcat(List(Const("expected: "), Const("\n")))
   - Aliases: 0035: x28, 0055: x123
   - Type: Text
   - SrcCtx: Lab2Part1.scala:21:15
   - class argon.Consumers: Consumers(Set(x214))
   - class argon.DeepAliases: DeepAliases(Set())
   - class argon.Effects: Pure
   - class argon.ShallowAliases: ShallowAliases(Set(x213))
   - class spatial.metadata.access.ReadUses: ReadUses(Set())
   - class spatial.metadata.bounds.FixedBits: FixedBits(true)
   - class spatial.metadata.bounds.Global: Global(true)
  x214 = PrintIf(Set(),x213)
   - Aliases: 0035: x29, 0055: x124
   - Type: Void
   - SrcCtx: Lab2Part1.scala:21:15
   - class argon.DeepAliases: DeepAliases(Set())
   - class argon.Effects: (simple=true)
   - class argon.ShallowAliases: ShallowAliases(Set(x214))
   - class spatial.metadata.access.ReadUses: ReadUses(Set())
  x215 = ArrayLength(x212)
   - Aliases: 0035: x30, 0055: x125
   - Type: Fix[TRUE,_32,_0]
   - SrcCtx: Lab2Part1.scala:21:15
   - class argon.Consumers: Consumers(Set(x220))
   - class argon.DeepAliases: DeepAliases(Set())
   - class argon.Effects: Pure
   - class argon.ShallowAliases: ShallowAliases(Set(x215))
   - class spatial.metadata.access.ReadUses: ReadUses(Set())
  x220 = SeriesForeach(Const(0),x215,Const(1),Block((b31) => Const(()))) {
   - Aliases: 0035: x36, 0055: x130
   - Type: Void
   - SrcCtx: Lab2Part1.scala:21:15
   - class argon.DeepAliases: DeepAliases(Set())
   - class argon.Effects: (simple=true)
   - class argon.ShallowAliases: ShallowAliases(Set(x220))
   - class spatial.metadata.access.ReadUses: ReadUses(Set())
  binds: 
    b31
     - Name: i
     - Type: Fix[TRUE,_32,_0]
     - SrcCtx: Lab2Part1.scala:21:15
     - class argon.Consumers: Consumers(Set(x32, x126, x216))
     - class spatial.metadata.control.DefiningBlk: DefiningBlk(x220 (block: -1))
    block 0: Block((b31) => Const(())) {
      effects:  (simple=true)
        x216 = ArrayApply(x212,b31)
         - Aliases: 0035: x32, 0055: x126
         - Type: Fix[TRUE,_32,_0]
         - SrcCtx: Lab2Part1.scala:21:15
         - class argon.Consumers: Consumers(Set(x217))
         - class argon.DeepAliases: DeepAliases(Set())
         - class argon.Effects: Pure
         - class argon.ShallowAliases: ShallowAliases(Set(x216))
         - class spatial.metadata.access.ReadUses: ReadUses(Set())
         - class spatial.metadata.control.DefiningBlk: DefiningBlk(x220 (block: 0))
        x217 = FixToText(x216,None)
         - Aliases: 0035: x33, 0055: x127
         - Type: Text
         - SrcCtx: Lab2Part1.scala:21:15
         - class argon.Consumers: Consumers(Set(x218))
         - class argon.DeepAliases: DeepAliases(Set())
         - class argon.Effects: Pure
         - class argon.ShallowAliases: ShallowAliases(Set(x217))
         - class spatial.metadata.access.ReadUses: ReadUses(Set())
         - class spatial.metadata.control.DefiningBlk: DefiningBlk(x220 (block: 0))
        x218 = TextConcat(List(x217, Const(" ")))
         - Aliases: 0035: x34, 0055: x128
         - Type: Text
         - SrcCtx: Lab2Part1.scala:21:15
         - class argon.Consumers: Consumers(Set(x219))
         - class argon.DeepAliases: DeepAliases(Set())
         - class argon.Effects: Pure
         - class argon.ShallowAliases: ShallowAliases(Set(x218))
         - class spatial.metadata.access.ReadUses: ReadUses(Set())
         - class spatial.metadata.control.DefiningBlk: DefiningBlk(x220 (block: 0))
        x219 = PrintIf(Set(),x218)
         - Aliases: 0035: x35, 0055: x129
         - Type: Void
         - SrcCtx: Lab2Part1.scala:21:15
         - class argon.Consumers: Consumers(Set(x220))
         - class argon.DeepAliases: DeepAliases(Set())
         - class argon.Effects: Simple
         - class argon.ShallowAliases: ShallowAliases(Set(x219))
         - class spatial.metadata.access.ReadUses: ReadUses(Set())
         - class spatial.metadata.control.DefiningBlk: DefiningBlk(x220 (block: 0))
    } // End of x220 block #0
  } // End of x220
  x221 = PrintIf(Set(),Const("\n"))
   - Aliases: 0035: x37, 0055: x131
   - Type: Void
   - SrcCtx: Lab2Part1.scala:21:15
   - class argon.DeepAliases: DeepAliases(Set())
   - class argon.Effects: (simple=true)
   - class argon.ShallowAliases: ShallowAliases(Set(x221))
   - class spatial.metadata.access.ReadUses: ReadUses(Set())
  x222 = TextConcat(List(Const("result:   "), Const("\n")))
   - Aliases: 0035: x38, 0055: x132
   - Type: Text
   - SrcCtx: Lab2Part1.scala:22:15
   - class argon.Consumers: Consumers(Set(x223))
   - class argon.DeepAliases: DeepAliases(Set())
   - class argon.Effects: Pure
   - class argon.ShallowAliases: ShallowAliases(Set(x222))
   - class spatial.metadata.access.ReadUses: ReadUses(Set())
   - class spatial.metadata.bounds.FixedBits: FixedBits(true)
   - class spatial.metadata.bounds.Global: Global(true)
  x223 = PrintIf(Set(),x222)
   - Aliases: 0035: x39, 0055: x133
   - Type: Void
   - SrcCtx: Lab2Part1.scala:22:15
   - class argon.DeepAliases: DeepAliases(Set())
   - class argon.Effects: (simple=true)
   - class argon.ShallowAliases: ShallowAliases(Set(x223))
   - class spatial.metadata.access.ReadUses: ReadUses(Set())
  x224 = ArrayLength(x210)
   - Aliases: 0035: x40, 0055: x134
   - Type: Fix[TRUE,_32,_0]
   - SrcCtx: Lab2Part1.scala:22:15
   - class argon.Consumers: Consumers(Set(x229))
   - class argon.DeepAliases: DeepAliases(Set())
   - class argon.Effects: (reads={x210})
   - class argon.ShallowAliases: ShallowAliases(Set(x224))
   - class spatial.metadata.access.ReadUses: ReadUses(Set())
  x229 = SeriesForeach(Const(0),x224,Const(1),Block((b41) => Const(()))) {
   - Aliases: 0035: x46, 0055: x139
   - Type: Void
   - SrcCtx: Lab2Part1.scala:22:15
   - class argon.DeepAliases: DeepAliases(Set())
   - class argon.Effects: (simple=true, reads={x210})
   - class argon.ShallowAliases: ShallowAliases(Set(x229))
   - class spatial.metadata.access.ReadUses: ReadUses(Set())
  binds: 
    b41
     - Name: i
     - Type: Fix[TRUE,_32,_0]
     - SrcCtx: Lab2Part1.scala:22:15
     - class argon.Consumers: Consumers(Set(x42, x135, x225))
     - class spatial.metadata.control.DefiningBlk: DefiningBlk(x229 (block: -1))
    block 0: Block((b41) => Const(())) {
      effects:  (simple=true, reads={x210})
        x225 = ArrayApply(x210,b41)
         - Aliases: 0035: x42, 0055: x135
         - Type: Fix[TRUE,_32,_0]
         - SrcCtx: Lab2Part1.scala:22:15
         - class argon.Consumers: Consumers(Set(x226, x229))
         - class argon.DeepAliases: DeepAliases(Set())
         - class argon.Effects: (reads={x210})
         - class argon.ShallowAliases: ShallowAliases(Set(x225))
         - class spatial.metadata.access.ReadUses: ReadUses(Set())
         - class spatial.metadata.control.DefiningBlk: DefiningBlk(x229 (block: 0))
        x226 = FixToText(x225,None)
         - Aliases: 0035: x43, 0055: x136
         - Type: Text
         - SrcCtx: Lab2Part1.scala:22:15
         - class argon.Consumers: Consumers(Set(x227))
         - class argon.DeepAliases: DeepAliases(Set())
         - class argon.Effects: Pure
         - class argon.ShallowAliases: ShallowAliases(Set(x226))
         - class spatial.metadata.access.ReadUses: ReadUses(Set())
         - class spatial.metadata.control.DefiningBlk: DefiningBlk(x229 (block: 0))
        x227 = TextConcat(List(x226, Const(" ")))
         - Aliases: 0035: x44, 0055: x137
         - Type: Text
         - SrcCtx: Lab2Part1.scala:22:15
         - class argon.Consumers: Consumers(Set(x228))
         - class argon.DeepAliases: DeepAliases(Set())
         - class argon.Effects: Pure
         - class argon.ShallowAliases: ShallowAliases(Set(x227))
         - class spatial.metadata.access.ReadUses: ReadUses(Set())
         - class spatial.metadata.control.DefiningBlk: DefiningBlk(x229 (block: 0))
        x228 = PrintIf(Set(),x227)
         - Aliases: 0035: x45, 0055: x138
         - Type: Void
         - SrcCtx: Lab2Part1.scala:22:15
         - class argon.Consumers: Consumers(Set(x229))
         - class argon.DeepAliases: DeepAliases(Set())
         - class argon.Effects: Simple
         - class argon.ShallowAliases: ShallowAliases(Set(x228))
         - class spatial.metadata.access.ReadUses: ReadUses(Set())
         - class spatial.metadata.control.DefiningBlk: DefiningBlk(x229 (block: 0))
    } // End of x229 block #0
  } // End of x229
  x230 = PrintIf(Set(),Const("\n"))
   - Aliases: 0035: x47, 0055: x140
   - Type: Void
   - SrcCtx: Lab2Part1.scala:22:15
   - class argon.DeepAliases: DeepAliases(Set())
   - class argon.Effects: (simple=true)
   - class argon.ShallowAliases: ShallowAliases(Set(x230))
   - class spatial.metadata.access.ReadUses: ReadUses(Set())
  x234 = ArrayZip(x212,x210,Block((x212,b48) => x231),Block((x210,b48) => x232),Block((x231,x232) => x233)) {
   - Aliases: 0035: x52, 0055: x144
   - Type: Array[Bit]
   - SrcCtx: Lab2Part1.scala:24:33
   - class argon.Consumers: Consumers(Set(x235, x237))
   - class argon.DeepAliases: DeepAliases(Set())
   - class argon.Effects: (reads={x210})
   - class argon.ShallowAliases: ShallowAliases(Set(x234))
   - class spatial.metadata.access.ReadUses: ReadUses(Set())
  binds: 
    b48
     - Type: Fix[TRUE,_32,_0]
     - SrcCtx: Lab2Part1.scala:24:33
     - class argon.Consumers: Consumers(Set(x142, x141, x49, x50, x231, x232))
     - class spatial.metadata.control.DefiningBlk: DefiningBlk(x234 (block: -1))
    block 0: Block((x212,b48) => x231) {
      effects:  Pure
        x231 = ArrayApply(x212,b48)
         - Name: x$3
         - Aliases: 0035: x49, 0055: x141
         - Type: Fix[TRUE,_32,_0]
         - SrcCtx: Lab2Part1.scala:24:33
         - class argon.Consumers: Consumers(Set(x233, x234))
         - class argon.DeepAliases: DeepAliases(Set())
         - class argon.Effects: Pure
         - class argon.ShallowAliases: ShallowAliases(Set(x231))
         - class spatial.metadata.access.ReadUses: ReadUses(Set())
         - class spatial.metadata.control.DefiningBlk: DefiningBlk(x234 (block: 0))
    } // End of x234 block #0
    block 1: Block((x210,b48) => x232) {
      effects:  (reads={x210})
        x232 = ArrayApply(x210,b48)
         - Name: x$4
         - Aliases: 0035: x50, 0055: x142
         - Type: Fix[TRUE,_32,_0]
         - SrcCtx: Lab2Part1.scala:24:33
         - class argon.Consumers: Consumers(Set(x233, x234))
         - class argon.DeepAliases: DeepAliases(Set())
         - class argon.Effects: (reads={x210})
         - class argon.ShallowAliases: ShallowAliases(Set(x232))
         - class spatial.metadata.access.ReadUses: ReadUses(Set())
         - class spatial.metadata.control.DefiningBlk: DefiningBlk(x234 (block: 1))
    } // End of x234 block #1
    block 2: Block((x231,x232) => x233) {
      effects:  Pure
        x233 = FixEql(x231,x232)
         - Aliases: 0035: x51, 0055: x143
         - Type: Bit
         - SrcCtx: Lab2Part1.scala:24:35
         - class argon.Consumers: Consumers(Set(x234))
         - class argon.DeepAliases: DeepAliases(Set())
         - class argon.Effects: Pure
         - class argon.ShallowAliases: ShallowAliases(Set(x233))
         - class spatial.metadata.access.ReadUses: ReadUses(Set())
         - class spatial.metadata.control.DefiningBlk: DefiningBlk(x234 (block: 2))
    } // End of x234 block #2
  } // End of x234
  x237 = ArrayReduce(x234,Block((x234,b53) => x235),Block((b54,b55) => x236)) {
   - Name: cksum
   - Aliases: 0035: x58, 0055: x147
   - Type: Bit
   - SrcCtx: Lab2Part1.scala:24:46
   - class argon.Consumers: Consumers(Set(x238, x243))
   - class argon.DeepAliases: DeepAliases(Set())
   - class argon.Effects: Pure
   - class argon.ShallowAliases: ShallowAliases(Set(x237))
   - class spatial.metadata.access.ReadUses: ReadUses(Set())
  binds: 
    b53
     - Type: Fix[TRUE,_32,_0]
     - SrcCtx: Lab2Part1.scala:24:46
     - class argon.Consumers: Consumers(Set(x56, x145, x235))
     - class spatial.metadata.control.DefiningBlk: DefiningBlk(x237 (block: -1))
    b54
     - Name: x$5
     - Type: Bit
     - SrcCtx: Lab2Part1.scala:24:46
     - class argon.Consumers: Consumers(Set(x57, x146, x236))
     - class spatial.metadata.control.DefiningBlk: DefiningBlk(x237 (block: -1))
    b55
     - Name: x$6
     - Type: Bit
     - SrcCtx: Lab2Part1.scala:24:46
     - class argon.Consumers: Consumers(Set(x57, x146, x236))
     - class spatial.metadata.control.DefiningBlk: DefiningBlk(x237 (block: -1))
    block 0: Block((x234,b53) => x235) {
      effects:  Pure
        x235 = ArrayApply(x234,b53)
         - Aliases: 0035: x56, 0055: x145
         - Type: Bit
         - SrcCtx: Lab2Part1.scala:24:46
         - class argon.Consumers: Consumers(Set(x237))
         - class argon.DeepAliases: DeepAliases(Set())
         - class argon.Effects: Pure
         - class argon.ShallowAliases: ShallowAliases(Set(x235))
         - class spatial.metadata.access.ReadUses: ReadUses(Set())
         - class spatial.metadata.control.DefiningBlk: DefiningBlk(x237 (block: 0))
    } // End of x237 block #0
    block 1: Block((b54,b55) => x236) {
      effects:  Pure
        x236 = And(b54,b55)
         - Aliases: 0035: x57, 0055: x146
         - Type: Bit
         - SrcCtx: Lab2Part1.scala:24:48
         - class argon.Consumers: Consumers(Set(x237))
         - class argon.DeepAliases: DeepAliases(Set())
         - class argon.Effects: Pure
         - class argon.ShallowAliases: ShallowAliases(Set(x236))
         - class spatial.metadata.access.ReadUses: ReadUses(Set())
         - class spatial.metadata.control.DefiningBlk: DefiningBlk(x237 (block: 1))
    } // End of x237 block #1
  } // End of x237
  x238 = BitToText(x237)
   - Aliases: 0035: x59, 0055: x148
   - Type: Text
   - SrcCtx: Lab2Part1.scala:25:22
   - class argon.Consumers: Consumers(Set(x239))
   - class argon.DeepAliases: DeepAliases(Set())
   - class argon.Effects: Pure
   - class argon.ShallowAliases: ShallowAliases(Set(x238))
   - class spatial.metadata.access.ReadUses: ReadUses(Set())
  x239 = TextConcat(List(Const("PASS: "), x238))
   - Aliases: 0035: x60, 0055: x149
   - Type: Text
   - SrcCtx: Lab2Part1.scala:25:22
   - class argon.Consumers: Consumers(Set(x240))
   - class argon.DeepAliases: DeepAliases(Set())
   - class argon.Effects: Pure
   - class argon.ShallowAliases: ShallowAliases(Set(x239))
   - class spatial.metadata.access.ReadUses: ReadUses(Set())
  x240 = TextConcat(List(x239, Const(" (Lab2Part1SimpleMemReduce)")))
   - Aliases: 0035: x61, 0055: x150
   - Type: Text
   - SrcCtx: Lab2Part1.scala:25:30
   - class argon.Consumers: Consumers(Set(x241))
   - class argon.DeepAliases: DeepAliases(Set())
   - class argon.Effects: Pure
   - class argon.ShallowAliases: ShallowAliases(Set(x240))
   - class spatial.metadata.access.ReadUses: ReadUses(Set())
  x241 = TextConcat(List(x240, Const("\n")))
   - Aliases: 0035: x62, 0055: x151
   - Type: Text
   - SrcCtx: Lab2Part1.scala:25:12
   - class argon.Consumers: Consumers(Set(x242))
   - class argon.DeepAliases: DeepAliases(Set())
   - class argon.Effects: Pure
   - class argon.ShallowAliases: ShallowAliases(Set(x241))
   - class spatial.metadata.access.ReadUses: ReadUses(Set())
  x242 = PrintIf(Set(),x241)
   - Aliases: 0035: x63, 0055: x152
   - Type: Void
   - SrcCtx: Lab2Part1.scala:25:12
   - class argon.DeepAliases: DeepAliases(Set())
   - class argon.Effects: (simple=true)
   - class argon.ShallowAliases: ShallowAliases(Set(x242))
   - class spatial.metadata.access.ReadUses: ReadUses(Set())
  x243 = AssertIf(Set(),x237,Some(Const("Lab2Part1.scala:26:11: Assertion failure")))
   - Aliases: 0035: x65, 0055: x153
   - Type: Void
   - SrcCtx: Lab2Part1.scala:26:11
   - class argon.DeepAliases: DeepAliases(Set())
   - class argon.Effects: (global=true)
   - class argon.ShallowAliases: ShallowAliases(Set(x243))
   - class spatial.metadata.access.ReadUses: ReadUses(Set())

Global Metadata
---------------
class spatial.metadata.control.StreamEnablers: StreamEnablers(Set(x206))
class spatial.metadata.control.StreamHolders: StreamHolders(Set(x194, x203))
class spatial.metadata.control.StreamParEnqs: StreamParEnqs(Set(x175, x185))
class spatial.metadata.control.TileTransfers: TileTransfers(Set(x205))
class spatial.metadata.memory.LocalMemories: LocalMemories(Set(x170, x189, x188, x161, x190))
class spatial.metadata.memory.RemoteMemories: RemoteMemories(Set(x160))
