[[34minfo[0m] Nova Profiling Report
[[34minfo[0m] init: 0.095s (100.00%)
[[34minfo[0m] compile: 2.15s (100.00%)
[[34minfo[0m] compile.ChiselGen: 0.38s (17.67%)
[[34minfo[0m] compile.IR: 0.141s (6.56%)
[[34minfo[0m] compile.staging: 0.138s (6.42%)
[[34minfo[0m] compile.ExecutorPass: 0.123s (5.72%)
[[34minfo[0m] compile.UnrollingTransformer: 0.116s (5.40%)
[[34minfo[0m] compile.MemoryAnalyzer: 0.087s (4.05%)
[[34minfo[0m] compile.CppGen: 0.078s (3.63%)
[[34minfo[0m] compile.MemoryDealiasing: 0.075s (3.49%)
[[34minfo[0m] compile.RetimingAnalyzer: 0.059s (2.74%)
[[34minfo[0m] compile.HtmlIRGenSpatial: 0.059s (2.74%)
[[34minfo[0m] compile.RuntimeModelGenerator: 0.053s (2.47%)
[[34minfo[0m] compile.BlackboxLowering: 0.049s (2.28%)
[[34minfo[0m] compile.DuplicateRetimeStripper: 0.043s (2.00%)
[[34minfo[0m] compile.RetimingTransformer: 0.036s (1.67%)
[[34minfo[0m] compile.AccessAnalyzer: 0.032s (1.49%)
[[34minfo[0m] compile.PipeInserter: 0.026s (1.21%)
[[34minfo[0m] compile.RegReadCSE: 0.025s (1.16%)
[[34minfo[0m] compile.SwitchTransformer: 0.024s (1.12%)
[[34minfo[0m] compile.FriendlyTransformer: 0.023s (1.07%)
[[34minfo[0m] compile.SwitchOptimizer: 0.022s (1.02%)
[[34minfo[0m] compile.TransientCleanup: 0.022s (1.02%)
[[34minfo[0m] compile.TreeGen: 0.021s (0.98%)
[[34minfo[0m] compile.UseAnalyzer: 0.018s (0.84%)
[[34minfo[0m] compile.LaneStaticTransformer: 0.016s (0.74%)
[[34minfo[0m] compile.FIFOInitializer: 0.014s (0.65%)
[[34minfo[0m] compile.InitiationAnalyzer: 0.014s (0.65%)
[[34minfo[0m] compile.AccumAnalyzer: 0.012s (0.56%)
[[34minfo[0m] compile.BindingTransformer: 0.012s (0.56%)
[[34minfo[0m] compile.StreamTransformer: 0.011s (0.51%)
[[34minfo[0m] compile.MemoryReporter: 0.011s (0.51%)
[[34minfo[0m] compile.AccumTransformer: 0.008s (0.37%)
[[34minfo[0m] compile.FlatteningTransformer: 0.008s (0.37%)
[[34minfo[0m] compile.MemoryAllocator: 0.007s (0.33%)
[[34minfo[0m] compile.RewriteTransformer: 0.007s (0.33%)
[[34minfo[0m] compile.RetimeReporter: 0.007s (0.33%)
[[34minfo[0m] compile.MemoryCleanupTransformer: 0.007s (0.33%)
[[34minfo[0m] compile.CompilerSanityChecks: 0.007s (0.33%)
[[34minfo[0m] compile.BroadcastCleanupAnalyzer: 0.005s (0.23%)
[[34minfo[0m] compile.ResourceCountReporter: 0.003s (0.14%)
[[34minfo[0m] compile.BufferRecompute: 0.002s (0.09%)
[[34minfo[0m] compile.UserSanityChecks: 0.001s (0.05%)
[[34minfo[0m] compile.MetadataStripper: 0.001s (0.05%)
[[34minfo[0m] compile.CounterIterSynchronization: 0.001s (0.05%)
[[34minfo[0m] compile.RewriteAnalyzer: 0.001s (0.05%)
[[34minfo[0m] compile.IterationDiffAnalyzer: 0.001s (0.05%)
[[34minfo[0m] compile.CLINaming: 0.0s (0.00%)
