[[34minfo[0m] @flow analyses
[[34minfo[0m] flows: 0.0s (NaN%)
[[34minfo[0m] flows.memories: 0.071s (100.00%)
[[34minfo[0m] flows.controlLevel: 0.032s (100.00%)
[[34minfo[0m] flows.streams: 0.022s (100.00%)
[[34minfo[0m] flows.accumulator: 0.022s (100.00%)
[[34minfo[0m] flows.blockLevel: 0.021s (100.00%)
[[34minfo[0m] flows.controlSchedule: 0.017s (100.00%)
[[34minfo[0m] flows.globals: 0.013s (100.00%)
[[34minfo[0m] flows.accesses: 0.007s (100.00%)
[[34minfo[0m] flows.blackbox: 0.001s (100.00%)
[[34minfo[0m] flows.inReduce: 0.0s (NaN%)


flows.blockLevel: 0.021s
flows.blackbox: 0.001s
flows.controlLevel: 0.032s
flows.accumulator: 0.022s
flows.streams: 0.022s
flows.memories: 0.071s
flows.inReduce: 0.0s
flows.accesses: 0.007s
flows.controlSchedule: 0.017s
flows.globals: 0.013s
