    visiting x0 = InputArguments()
    visiting x1 = ArgInNew(Const(0))
    visiting x2 = ArgInNew(Const(0))
    visiting x3 = ArgInNew(Const(0))
    visiting x4 = ArrayApply(x0,Const(0))
    visiting x5 = TextToFix(x4,TRUE,_32,_0)
    visiting x6 = SetReg(x1,x5)
    visiting x7 = ArrayApply(x0,Const(1))
    visiting x8 = TextToFix(x7,TRUE,_32,_0)
    visiting x9 = SetReg(x2,x8)
    visiting x10 = ArrayApply(x0,Const(2))
    visiting x11 = TextToFix(x10,TRUE,_32,_0)
    visiting x12 = SetReg(x3,x11)
    visiting x15 = FixMul(x5,x11)
    visiting x20 = MapIndices(x15,Block((b16) => x19))
      visiting x19 = FixRandom(Some(Const(3)))
    visiting x23 = FixMul(x11,x8)
    visiting x28 = MapIndices(x23,Block((b24) => x27))
      visiting x27 = FixRandom(Some(Const(3)))
    visiting x30 = FixMul(x5,x8)
    visiting x34 = MapIndices(x30,Block((b31) => Const(0)))
    visiting x36 = RegRead(x1)
    visiting x37 = RegRead(x3)
    visiting x38 = DRAMHostNew(List(x36, x37),Const(0))
    visiting x39 = RegRead(x3)
    visiting x40 = RegRead(x2)
    visiting x41 = DRAMHostNew(List(x39, x40),Const(0))
    visiting x42 = RegRead(x1)
    visiting x43 = RegRead(x2)
    visiting x44 = DRAMHostNew(List(x42, x43),Const(0))
    visiting x45 = SetMem(x38,x20)
    visiting x46 = SetMem(x41,x28)
    visiting x47 = SetMem(x44,x34)
      visiting x446 = RegRead(x3)
      visiting x49 = CounterNew(Const(0),x446,Const(16),Const(1))
      visiting x51 = CounterChainNew(List(x49))
      visiting x105 = OpForeach(Set(),x51,Block(Const(())),List(b50),None)
        visiting x434 = RegNew(Const(0))
        visiting x436 = UnitPipe(Set(),Block(Const(())),None)
          visiting x447 = RegRead(x3)
          visiting x53 = FixSub(x447,b50)
          visiting x54 = FixMin(Const(16),x53)
          visiting x435 = RegWrite(x434,x54,Set())
        visiting x448 = RegRead(x1)
        visiting x56 = CounterNew(Const(0),x448,Const(16),Const(1))
        visiting x58 = CounterChainNew(List(x56))
        visiting x104 = OpForeach(Set(),x58,Block(Const(())),List(b57),None)
          visiting x438 = RegNew(Const(0))
          visiting x440 = UnitPipe(Set(),Block(Const(())),None)
            visiting x449 = RegRead(x1)
            visiting x60 = FixSub(x449,b57)
            visiting x61 = FixMin(Const(16),x60)
            visiting x439 = RegWrite(x438,x61,Set())
          visiting x62 = SRAMNew(List(Const(16), Const(16)),SRAM2[Fix[TRUE,_24,_8]])
          visiting x450 = RegRead(x438)
          visiting x182 = CounterNew(Const(0),x450,Const(1),Const(1))
          visiting x184 = CounterChainNew(List(x182))
          visiting x185 = StreamOutNew(BurstCmdBus)
          visiting x186 = FIFONew(Const(16))
          visiting x187 = StreamInNew(BurstDataBus())
          visiting x188 = FixAdd(b57,b183)
          visiting x451 = RegRead(x3)
          visiting x189 = FixMul(x188,x451)
          visiting x190 = FixAdd(x189,b50)
          visiting x191 = FixDivSRA(x190,Const(4))
          visiting x192 = FixSLA(x191,Const(4))
          visiting x193 = FixSLA(x192,Const(2))
          visiting x194 = FixSub(x190,x192)
          visiting x452 = RegRead(x434)
          visiting x195 = FixAdd(x194,x452)
          visiting x196 = FixAdd(x195,Const(15))
          visiting x197 = FixDivSRA(x196,Const(4))
          visiting x198 = FixSLA(x197,Const(4))
          visiting x199 = FixSLA(x198,Const(2))
          visiting x200 = FixToFix(x193,TRUE,_64,_0)
          visiting x430 = DRAMAddress(x38)
          visiting x202 = FixAdd(x200,x430)
          visiting x203 = SimpleStruct(ArrayBuffer((offset,x202), (size,x199), (isLoad,Const(true))))
          visiting x204 = DRAMIsAlloc(x38)
          visiting x205 = StreamOutWrite(x185,x203,Set(x204))
          visiting x206 = SimpleStruct(ArrayBuffer((size,x198), (start,x194), (end,x195)))
          visiting x207 = FIFOEnq(x186,x206,Set(Const(true)))
          visiting x209 = FringeDenseLoad(x38,x185,x187)
          visiting x210 = RegNew(Const(0))
          visiting x211 = RegNew(Const(0))
          visiting x212 = RegNew(Const(0))
          visiting x220 = UnitPipe(Set(),Block(Const(())),None)
            visiting x213 = FIFODeq(x186,Set(Const(true)))
            visiting x214 = FieldApply(x213,start)
            visiting x215 = RegWrite(x210,x214,Set())
            visiting x216 = FieldApply(x213,end)
            visiting x217 = RegWrite(x211,x216,Set())
            visiting x218 = FieldApply(x213,size)
            visiting x219 = RegWrite(x212,x218,Set())
          visiting x453 = RegRead(x212)
          visiting x222 = CounterNew(Const(0),x453,Const(1),Const(1))
          visiting x224 = CounterChainNew(List(x222))
          visiting x240 = OpForeach(Set(),x224,Block(Const(())),List(b223),None)
            visiting x231 = RegRead(x210)
            visiting x232 = FixLeq(x231,b223)
            visiting x233 = RegRead(x211)
            visiting x234 = FixLst(b223,x233)
            visiting x235 = And(x232,x234)
            visiting x237 = FixSub(b223,x231)
            visiting x238 = StreamInRead(x187,Set())
            visiting x239 = SRAMWrite(x62,x238,List(b183, x237),Set(x235))
          visiting x454 = RegRead(x2)
          visiting x68 = CounterNew(Const(0),x454,Const(16),Const(1))
          visiting x70 = CounterChainNew(List(x68))
          visiting x103 = OpForeach(Set(),x70,Block(Const(())),List(b69),None)
            visiting x442 = RegNew(Const(0))
            visiting x444 = UnitPipe(Set(),Block(Const(())),None)
              visiting x455 = RegRead(x2)
              visiting x72 = FixSub(x455,b69)
              visiting x73 = FixMin(Const(16),x72)
              visiting x443 = RegWrite(x442,x73,Set())
            visiting x74 = SRAMNew(List(Const(16), Const(16)),SRAM2[Fix[TRUE,_24,_8]])
            visiting x75 = SRAMNew(List(Const(16), Const(16)),SRAM2[Fix[TRUE,_24,_8]])
            visiting x456 = RegRead(x434)
            visiting x248 = CounterNew(Const(0),x456,Const(1),Const(1))
            visiting x250 = CounterChainNew(List(x248))
            visiting x251 = StreamOutNew(BurstCmdBus)
            visiting x252 = FIFONew(Const(16))
            visiting x253 = StreamInNew(BurstDataBus())
            visiting x254 = FixAdd(b50,b249)
            visiting x457 = RegRead(x2)
            visiting x255 = FixMul(x254,x457)
            visiting x256 = FixAdd(x255,b69)
            visiting x257 = FixDivSRA(x256,Const(4))
            visiting x258 = FixSLA(x257,Const(4))
            visiting x259 = FixSLA(x258,Const(2))
            visiting x260 = FixSub(x256,x258)
            visiting x458 = RegRead(x442)
            visiting x261 = FixAdd(x260,x458)
            visiting x262 = FixAdd(x261,Const(15))
            visiting x263 = FixDivSRA(x262,Const(4))
            visiting x264 = FixSLA(x263,Const(4))
            visiting x265 = FixSLA(x264,Const(2))
            visiting x266 = FixToFix(x259,TRUE,_64,_0)
            visiting x431 = DRAMAddress(x41)
            visiting x268 = FixAdd(x266,x431)
            visiting x269 = SimpleStruct(ArrayBuffer((offset,x268), (size,x265), (isLoad,Const(true))))
            visiting x270 = DRAMIsAlloc(x41)
            visiting x271 = StreamOutWrite(x251,x269,Set(x270))
            visiting x272 = SimpleStruct(ArrayBuffer((size,x264), (start,x260), (end,x261)))
            visiting x273 = FIFOEnq(x252,x272,Set(Const(true)))
            visiting x275 = FringeDenseLoad(x41,x251,x253)
            visiting x276 = RegNew(Const(0))
            visiting x277 = RegNew(Const(0))
            visiting x278 = RegNew(Const(0))
            visiting x286 = UnitPipe(Set(),Block(Const(())),None)
              visiting x279 = FIFODeq(x252,Set(Const(true)))
              visiting x280 = FieldApply(x279,start)
              visiting x281 = RegWrite(x276,x280,Set())
              visiting x282 = FieldApply(x279,end)
              visiting x283 = RegWrite(x277,x282,Set())
              visiting x284 = FieldApply(x279,size)
              visiting x285 = RegWrite(x278,x284,Set())
            visiting x459 = RegRead(x278)
            visiting x288 = CounterNew(Const(0),x459,Const(1),Const(1))
            visiting x290 = CounterChainNew(List(x288))
            visiting x306 = OpForeach(Set(),x290,Block(Const(())),List(b289),None)
              visiting x297 = RegRead(x276)
              visiting x298 = FixLeq(x297,b289)
              visiting x299 = RegRead(x277)
              visiting x300 = FixLst(b289,x299)
              visiting x301 = And(x298,x300)
              visiting x303 = FixSub(b289,x297)
              visiting x304 = StreamInRead(x253,Set())
              visiting x305 = SRAMWrite(x74,x304,List(b249, x303),Set(x301))
            visiting x460 = RegRead(x438)
            visiting x311 = CounterNew(Const(0),x460,Const(1),Const(1))
            visiting x313 = CounterChainNew(List(x311))
            visiting x314 = StreamOutNew(BurstCmdBus)
            visiting x315 = FIFONew(Const(16))
            visiting x316 = StreamInNew(BurstDataBus())
            visiting x317 = FixAdd(b57,b312)
            visiting x461 = RegRead(x2)
            visiting x318 = FixMul(x317,x461)
            visiting x319 = FixAdd(x318,b69)
            visiting x320 = FixDivSRA(x319,Const(4))
            visiting x321 = FixSLA(x320,Const(4))
            visiting x322 = FixSLA(x321,Const(2))
            visiting x323 = FixSub(x319,x321)
            visiting x462 = RegRead(x442)
            visiting x324 = FixAdd(x323,x462)
            visiting x325 = FixAdd(x324,Const(15))
            visiting x326 = FixDivSRA(x325,Const(4))
            visiting x327 = FixSLA(x326,Const(4))
            visiting x328 = FixSLA(x327,Const(2))
            visiting x329 = FixToFix(x322,TRUE,_64,_0)
            visiting x432 = DRAMAddress(x44)
            visiting x331 = FixAdd(x329,x432)
            visiting x332 = SimpleStruct(ArrayBuffer((offset,x331), (size,x328), (isLoad,Const(true))))
            visiting x333 = DRAMIsAlloc(x44)
            visiting x334 = StreamOutWrite(x314,x332,Set(x333))
            visiting x335 = SimpleStruct(ArrayBuffer((size,x327), (start,x323), (end,x324)))
            visiting x336 = FIFOEnq(x315,x335,Set(Const(true)))
            visiting x338 = FringeDenseLoad(x44,x314,x316)
            visiting x339 = RegNew(Const(0))
            visiting x340 = RegNew(Const(0))
            visiting x341 = RegNew(Const(0))
            visiting x349 = UnitPipe(Set(),Block(Const(())),None)
              visiting x342 = FIFODeq(x315,Set(Const(true)))
              visiting x343 = FieldApply(x342,start)
              visiting x344 = RegWrite(x339,x343,Set())
              visiting x345 = FieldApply(x342,end)
              visiting x346 = RegWrite(x340,x345,Set())
              visiting x347 = FieldApply(x342,size)
              visiting x348 = RegWrite(x341,x347,Set())
            visiting x463 = RegRead(x341)
            visiting x351 = CounterNew(Const(0),x463,Const(1),Const(1))
            visiting x353 = CounterChainNew(List(x351))
            visiting x369 = OpForeach(Set(),x353,Block(Const(())),List(b352),None)
              visiting x360 = RegRead(x339)
              visiting x361 = FixLeq(x360,b352)
              visiting x362 = RegRead(x340)
              visiting x363 = FixLst(b352,x362)
              visiting x364 = And(x361,x363)
              visiting x366 = FixSub(b352,x360)
              visiting x367 = StreamInRead(x316,Set())
              visiting x368 = SRAMWrite(x75,x367,List(b312, x366),Set(x364))
            visiting x464 = RegRead(x438)
            visiting x83 = CounterNew(Const(0),x464,Const(1),Const(4))
            visiting x85 = CounterChainNew(List(x83))
            visiting x100 = OpForeach(Set(),x85,Block(Const(())),List(b84),None)
              visiting x465 = RegRead(x442)
              visiting x86 = CounterNew(Const(0),x465,Const(1),Const(4))
              visiting x88 = CounterChainNew(List(x86))
              visiting x99 = OpForeach(Set(),x88,Block(Const(())),List(b87),None)
                visiting x466 = RegRead(x434)
                visiting x89 = CounterNew(Const(0),x466,Const(1),Const(1))
                visiting x91 = CounterChainNew(List(x89))
                visiting x98 = OpForeach(Set(),x91,Block(Const(())),List(b90),None)
                  visiting x92 = SRAMRead(x75,List(b84, b87),Set())
                  visiting x93 = SRAMRead(x62,List(b84, b90),Set())
                  visiting x94 = SRAMRead(x74,List(b90, b87),Set())
                  visiting x95 = FixMul(x93,x94)
                  visiting x96 = FixAdd(x92,x95)
                  visiting x97 = SRAMWrite(x75,x96,List(b84, b87),Set())
            visiting x467 = RegRead(x438)
            visiting x372 = CounterNew(Const(0),x467,Const(1),Const(1))
            visiting x374 = CounterChainNew(List(x372))
            visiting x375 = StreamOutNew(BurstCmdBus)
            visiting x376 = StreamOutNew(BurstFullDataBus())
            visiting x377 = StreamInNew(BurstAckBus)
            visiting x424 = UnitPipe(Set(),Block(Const(())),None)
              visiting x378 = RegNew(Const(0))
              visiting x379 = RegNew(Const(0))
              visiting x380 = RegNew(Const(0))
              visiting x402 = UnitPipe(Set(),Block(Const(())),None)
                visiting x381 = FixAdd(b57,b373)
                visiting x468 = RegRead(x2)
                visiting x382 = FixMul(x381,x468)
                visiting x383 = FixAdd(x382,b69)
                visiting x384 = FixDivSRA(x383,Const(4))
                visiting x385 = FixSLA(x384,Const(4))
                visiting x386 = FixSLA(x385,Const(2))
                visiting x387 = FixSub(x383,x385)
                visiting x469 = RegRead(x442)
                visiting x388 = FixAdd(x387,x469)
                visiting x389 = FixAdd(x388,Const(15))
                visiting x390 = FixDivSRA(x389,Const(4))
                visiting x391 = FixSLA(x390,Const(4))
                visiting x392 = FixSLA(x391,Const(2))
                visiting x393 = FixToFix(x386,TRUE,_64,_0)
                visiting x433 = DRAMAddress(x44)
                visiting x395 = FixAdd(x393,x433)
                visiting x396 = SimpleStruct(ArrayBuffer((offset,x395), (size,x392), (isLoad,Const(false))))
                visiting x397 = DRAMIsAlloc(x44)
                visiting x398 = StreamOutWrite(x375,x396,Set(x397))
                visiting x399 = RegWrite(x378,x387,Set())
                visiting x400 = RegWrite(x379,x388,Set())
                visiting x401 = RegWrite(x380,x391,Set())
              visiting x470 = RegRead(x380)
              visiting x404 = CounterNew(Const(0),x470,Const(1),Const(1))
              visiting x406 = CounterChainNew(List(x404))
              visiting x423 = OpForeach(Set(),x406,Block(Const(())),List(b405),None)
                visiting x413 = RegRead(x378)
                visiting x414 = FixLeq(x413,b405)
                visiting x415 = RegRead(x379)
                visiting x416 = FixLst(b405,x415)
                visiting x417 = And(x414,x416)
                visiting x419 = FixSub(b405,x413)
                visiting x420 = SRAMRead(x75,List(b373, x419),Set(x417))
                visiting x421 = SimpleStruct(ArrayBuffer((_1,x420), (_2,x417)))
                visiting x422 = StreamOutWrite(x376,x421,Set())
            visiting x425 = FringeDenseStore(x44,x375,x376,x377)
            visiting x427 = UnitPipe(Set(),Block(Const(())),None)
              visiting x426 = StreamInRead(x377,Set())
    visiting x107 = FixMul(x42,x43)
    visiting x108 = ArrayNew(x107)
    visiting x109 = GetMem(x44,x108)
    visiting x131 = MapIndices(x30,Block((b111) => x130))
      visiting x112 = FixDiv(b111,x8)
      visiting x113 = FixMod(b111,x8)
      visiting x114 = ArrayApply(x0,Const(2))
      visiting x115 = TextToFix(x114,TRUE,_32,_0)
      visiting x124 = MapIndices(x115,Block((b116) => x123))
        visiting x117 = FixMul(x112,x11)
        visiting x118 = FixAdd(x117,b116)
        visiting x119 = ArrayApply(x20,x118)
        visiting x120 = FixMul(b116,x8)
        visiting x121 = FixAdd(x120,x113)
        visiting x122 = ArrayApply(x28,x121)
        visiting x123 = FixMul(x119,x122)
      visiting x130 = ArrayReduce(x124,Block((x124,b125) => x128),Block((b126,b127) => x129))
        visiting x128 = ArrayApply(x124,b125)
        visiting x129 = FixAdd(b126,b127)
    visiting x133 = TextConcat(List(Const("Received: "), Const("\n")))
    visiting x134 = PrintIf(Set(),x133)
    visiting x145 = SeriesForeach(Const(0),x42,Const(1),Block((b135) => Const(())))
      visiting x143 = SeriesForeach(Const(0),x43,Const(1),Block((b136) => Const(())))
        visiting x137 = FixMul(b135,x43)
        visiting x138 = FixAdd(x137,b136)
        visiting x139 = ArrayApply(x108,x138)
        visiting x140 = FixToText(x139,None)
        visiting x141 = TextConcat(List(x140, Const("\t")))
        visiting x142 = PrintIf(Set(),x141)
      visiting x144 = PrintIf(Set(),Const("\n"))
    visiting x146 = TextConcat(List(Const("Wanted: "), Const("\n")))
    visiting x147 = PrintIf(Set(),x146)
    visiting x158 = SeriesForeach(Const(0),x5,Const(1),Block((b148) => Const(())))
      visiting x156 = SeriesForeach(Const(0),x8,Const(1),Block((b149) => Const(())))
        visiting x150 = FixMul(b148,x8)
        visiting x151 = FixAdd(x150,b149)
        visiting x152 = ArrayApply(x131,x151)
        visiting x153 = FixToText(x152,None)
        visiting x154 = TextConcat(List(x153, Const("\t")))
        visiting x155 = PrintIf(Set(),x154)
      visiting x157 = PrintIf(Set(),Const("\n"))
    visiting x163 = ArrayZip(x108,x131,Block((x108,b159) => x160),Block((x131,b159) => x161),Block((x160,x161) => x162))
      visiting x160 = ArrayApply(x108,b159)
      visiting x161 = ArrayApply(x131,b159)
      visiting x162 = FixEql(x160,x161)
    visiting x170 = ArrayReduce(x163,Block((x163,b165) => x168),Block((b166,b167) => x169))
      visiting x168 = ArrayApply(x163,b165)
      visiting x169 = And(b166,b167)
    visiting x171 = BitToText(x170)
    visiting x172 = TextConcat(List(Const("Pass? "), x171))
    visiting x173 = TextConcat(List(x172, Const("\n")))
    visiting x174 = PrintIf(Set(),x173)
    visiting x176 = AssertIf(Set(),x170,Some(Const("Lab2GEMM.scala:154:12: Assertion failure")))
