


Allocating Memory Resources
---------------------------
Capacity: 
  SLICEL: 999999.0
  Regs: 9999999.0
  DSPs: 9999999.0
  Slices: 999999.0
  SLICEM: 999999.0
  BRAM: 9999999.0
Allocating URAM: 
  Skipping URAM - not enough resources remaining
Allocating BRAM: 
  Skipped x622#1 - did not meet depth threshold (Depth: 16, Threshold: 32)
  Skipped x622#0 - did not meet depth threshold (Depth: 16, Threshold: 32)
  Assigned x621#0 to BRAM (area: (BRAM=12.0) (<= (BRAM=9999999.0, DSPs=9999999.0, Regs=9999999.0, SLICEL=999999.0, SLICEM=999999.0, Slices=999999.0)), depth: 64 (>= 32))
  Assigned x554#0 to BRAM (area: (BRAM=8.0) (<= (BRAM=9999987.0, DSPs=9999999.0, Regs=9999999.0, SLICEL=999999.0, SLICEM=999999.0, Slices=999999.0)), depth: 64 (>= 32))
  Skipped x625#0 - did not meet depth threshold (Depth: 16, Threshold: 32)
  Skipped x682#0 - did not meet depth threshold (Depth: 16, Threshold: 32)
  Skipped x557#0 - did not meet depth threshold (Depth: 16, Threshold: 32)
Allocating URAM: 
  Skipping URAM - not enough resources remaining
