  Stms:
    x1322 = FixAdd(x1320,x1321)
    x1665 = FixAdd(x1663,x1664)
    x1036 = FixAdd(x1034,x1035)
    x1586 = SRAMBankedWrite(x1019,Vector(x1585),Vector(List(x1568, x1569)),Vector(x1573),Vector(Set(b1168, b925, b1006, b1567, b1528, b914)))
    x1501 = FixMod(b1412,Const(4))
    x1337 = UnrolledForeach(Set(b925, b1006, b1166, b914, b1299),x1311,Block(Const(())),List(List(b1315)),List(List(b1316)),None)
    x1024 = CounterChainNew(List(x1023))
    x1469 = VecApply(x1468,0)
    x1369 = SRAMBankedRead(x1018,Vector(List(x1363, x1364)),Vector(x1368),Vector(Set(b1362, b925, b1006, b1301, b1166, b914)),Vec[Fix[TRUE,_24,_8]])
    x1454 = FixMod(b1163,Const(4))
    x1633 = SRAMBankedWrite(x1018,Vector(x1631),Vector(List(x1614, x1615)),Vector(x1619),Vector(Set(b1168, b1613, b925, b1006, b1530, b914)))
    x1767 = RegRead(x927)
    x1559 = SRAMBankedRead(x1017,Vector(List(Const(0), x1546)),Vector(x1558),Vector(Set(b1168, b1544, b925, b1006, b914, b1527)),Vec[Fix[TRUE,_24,_8]])
    x1105 = FixAdd(x1104,Const(15))
    x1237 = VecApply(x1236,0)
    x1031 = FixDivSRA(x1030,Const(4))
    x1083 = FixAdd(x1081,x1082)
    x962 = SimpleStruct(ArrayBuffer((size,x954), (start,x949), (end,x951)))
    x1179 = CounterChainNew(List(x1175))
    x1549 = FixDivSRA(b1523,Const(2))
    x1554 = FixAdd(x1553,b1543)
    x1110 = DRAMAddress(x906)
    x1686 = FixDivSRA(b1644,Const(2))
    x1200 = CounterChainNew(List(x1196))
    x977 = FieldApply(x974,end)
    x1211 = FixSLA(x1205,Const(4))
    x1158 = UnitPipe(Set(b1006, b925, b914),Block(Const(())),None)
    x1596 = FixAdd(x1594,x1595)
    x1406 = UnrolledForeach(Set(b1302, b925, b1006, b1166, b914),x1314,Block(Const(())),List(List(b1384)),List(List(b1385)),None)
    x1290 = SRAMBankedWrite(x1019,Vector(x1289),Vector(List(x1272, x1273)),Vector(x1277),Vector(Set(b925, b1006, b1271, b1188, b914, b1165)))
    x1068 = CounterNew(Const(0),x1766,Const(1),Const(1))
    x1522 = UnrolledForeach(Set(b1167, b1006, b925, b914),x1179,Block(Const(())),List(List(b1409, b1410, b1411, b1412)),List(List(b1413, b1414, b1415, b1416)),None)
    x1443 = FixSLA(b1429,Const(2))
    x1618 = FixDivSRA(b1526,Const(2))
    x994 = VecApply(x993,0)
    x1401 = VecApply(x1400,0)
    x1422 = CounterNew(Const(0),x1784,Const(1),Const(1))
    x1569 = FixMod(b1524,Const(4))
    x1073 = FixLeq(x1072,b1070)
    x1205 = FixDivSRA(b1161,Const(2))
    x1591 = FixMod(b1164,Const(4))
    x1142 = RegRead(x1124)
    x1269 = UnrolledForeach(Set(b925, b1006, b1187, b914, b1165),x1199,Block(Const(())),List(List(b1247)),List(List(b1248)),None)
    x1692 = SimpleStruct(ArrayBuffer((_1,x1691), (_2,x1682)))
    x1437 = SRAMBankedRead(x1018,Vector(List(x1431, x1432)),Vector(x1436),Vector(Set(b1430, b925, b1006, b1167, b1413, b914)),Vec[Fix[TRUE,_24,_8]])
    x1041 = FixToFix(x1033,TRUE,_64,_0)
    x1173 = CounterNew(Const(0),x1771,Const(1),Const(4))
    x1486 = FixAdd(x1485,b1475)
    x1497 = UnrolledForeach(Set(b1415, b925, b1006, b1167, b914),x1427,Block(Const(())),List(List(b1475)),List(List(b1476)),None)
    x1078 = StreamInBankedRead(x1022,ArrayBuffer(Set(b1071, b1054)))
    x1788 = RegRead(x916)
    x1426 = CounterChainNew(List(x1422))
    x1671 = RegWrite(x1648,x1661,Set())
    x1608 = FixAdd(x1598,x1607)
    x1655 = FixSLA(x1654,Const(2))
    x1137 = CounterChainNew(List(x1136))
    x1310 = CounterNew(Const(0),x1782,Const(1),Const(1))
    x1275 = FixSLA(x1274,Const(2))
    x1233 = VecApply(x1232,0)
    x1327 = SRAMBankedRead(x934,Vector(List(x1317, Const(0))),Vector(x1326),Vector(Set(b925, b1006, b1166, b1316, b914, b1299)),Vec[Fix[TRUE,_24,_8]])
    x1260 = VecApply(x1259,0)
    x1761 = RegRead(x927)
    x1342 = FixDivSRA(b1162,Const(2))
    x1640 = StreamOutNew(BurstFullDataBus())
    x945 = FixAdd(x944,b913)
    x1063 = RegWrite(x1056,x1062,Set())
    x1354 = SRAMBankedRead(x1017,Vector(List(Const(0), x1341)),Vector(x1353),Vector(Set(b925, b1006, b1339, b1166, b1300, b914)),Vec[Fix[TRUE,_24,_8]])
    x1507 = VecApply(x1506,0)
    x1222 = SRAMBankedWrite(x1018,Vector(x1220),Vector(List(x1203, x1204)),Vector(x1208),Vector(Set(b925, b1006, b1202, b1185, b914, b1165)))
    x930 = FixMin(Const(16),x929)
    x1458 = FixDivSRA(b1410,Const(2))
    x1095 = FixAdd(b924,b1093)
    x1196 = CounterNew(Const(0),x1778,Const(1),Const(1))
    x1001 = UnrolledForeach(Set(),x967,Block(Const(())),List(List(b968)),List(List(b969)),None)
    x1243 = FixAdd(x1233,x1242)
    x1127 = VecApply(x1126,0)
    x1782 = RegRead(x916)
    x1391 = FixAdd(x1389,x1390)
    x1576 = FixSLA(x1570,Const(4))
    x1441 = SRAMBankedRead(x934,Vector(List(x1431, Const(0))),Vector(x1440),Vector(Set(b1430, b925, b1006, b1167, b1413, b914)),Vec[Fix[TRUE,_24,_8]])
    x973 = FIFOBankedDeq(x936,ArrayBuffer(Set(Const(true))),Vec[IssuedCmd])
    x1046 = StreamOutBankedWrite(x1020,ArrayBuffer(x1044),ArrayBuffer(Set(x1045, b1026)))
    x1650 = RegRead(x879)
    x1359 = SRAMBankedWrite(x1018,Vector(x1357),Vector(List(x1340, x1341)),Vector(x1345),Vector(Set(b925, b1006, b1339, b1166, b1300, b914)))
    x1601 = SRAMBankedRead(x934,Vector(List(x1591, Const(0))),Vector(x1600),Vector(Set(b1168, b1529, b925, b1006, b1590, b914)),Vec[Fix[TRUE,_24,_8]])
    x1386 = FixMod(b1162,Const(4))
    x1366 = FixSLA(x1365,Const(2))
    x1518 = SRAMBankedWrite(x1019,Vector(x1517),Vector(List(x1500, x1501)),Vector(x1505),Vector(Set(b925, b1006, b1167, b1499, b914, b1416)))
    x1265 = FixMul(x1260,x1264)
    x1703 = UnrolledForeach(Set(b914),x923,Block(Const(())),List(List(b924)),List(List(b925)),None)
    x1228 = FixDivSRA(b1161,Const(2))
    x1623 = FixAdd(x1622,b1612)
    x1482 = FixAdd(x1480,x1481)
    x1254 = FixAdd(x1252,x1253)
    x1628 = SRAMBankedRead(x1017,Vector(List(Const(0), x1615)),Vector(x1627),Vector(Set(b1168, b1613, b925, b1006, b1530, b914)),Vec[Fix[TRUE,_24,_8]])
    x1055 = RegNew(Const(0))
    x1287 = VecApply(x1286,0)
    x1792 = RegRead(x1648)
    x1760 = RegRead(x927)
    x1660 = FixDivSRA(x1659,Const(4))
    x1330 = FixAdd(x1329,x1321)
    x1264 = VecApply(x1263,0)
    x1323 = SRAMBankedRead(x1018,Vector(List(x1317, x1318)),Vector(x1322),Vector(Set(b925, b1006, b1166, b1316, b914, b1299)),Vec[Fix[TRUE,_24,_8]])
    x1511 = VecApply(x1510,0)
    x917 = RegRead(x880)
    x1313 = CounterChainNew(List(x1309))
    x1279 = VecApply(x1278,0)
    x1577 = FixAdd(x1576,b1566)
    x1455 = FixMod(b1410,Const(4))
    x934 = SRAMNew(List(Const(16), Const(16)),SRAM2[Fix[TRUE,_24,_8]])
    x1462 = FixSLA(x1456,Const(4))
    x1059 = VecApply(x1058,0)
    x1132 = FieldApply(x1127,size)
    x949 = FixSub(x945,x947)
    x1545 = FixMod(b1164,Const(4))
    x1379 = FixMul(x1374,x1378)
    x1087 = UnitPipe(Set(b1006, b925, b914),Block(Const(())),None)
    x1514 = SRAMBankedRead(x1017,Vector(List(Const(0), x1501)),Vector(x1513),Vector(Set(b925, b1006, b1167, b1499, b914, b1416)),Vec[Fix[TRUE,_24,_8]])
    x1147 = VecApply(x1146,0)
    x1319 = FixDivSRA(b1162,Const(2))
    x1704 = UnrolledForeach(Set(),x912,Block(Const(())),List(List(b913)),List(List(b914)),None)
    x1479 = FixDivSRA(b1163,Const(2))
    x1609 = SRAMBankedWrite(x1019,Vector(x1608),Vector(List(x1591, x1592)),Vector(x1596),Vector(Set(b1168, b1529, b925, b1006, b1590, b914)))
    x1347 = VecApply(x1346,0)
    x1572 = FixDivSRA(b1524,Const(2))
    x1013 = FixSub(x1012,b1005)
    x1398 = FixSLA(b1384,Const(2))
    x1115 = SimpleStruct(ArrayBuffer((size,x1107), (start,x1102), (end,x1104)))
    x1568 = FixMod(b1164,Const(4))
    x1641 = StreamInNew(BurstAckBus)
    x1773 = RegRead(x1011)
    x1494 = FixAdd(x1484,x1493)
    x1778 = RegRead(x916)
    x1100 = FixSLA(x1099,Const(4))
    x1232 = SRAMBankedRead(x1018,Vector(List(x1226, x1227)),Vector(x1231),Vector(Set(b925, b1006, b1225, b1186, b914, b1165)),Vec[Fix[TRUE,_24,_8]])
    x1489 = FixSLA(b1475,Const(2))
    x1465 = VecApply(x1464,0)
    x1664 = DRAMAddress(x906)
    x1450 = SRAMBankedWrite(x1018,Vector(x1448),Vector(List(x1431, x1432)),Vector(x1436),Vector(Set(b1430, b925, b1006, b1167, b1413, b914)))
    x1373 = SRAMBankedRead(x934,Vector(List(x1363, Const(0))),Vector(x1372),Vector(Set(b1362, b925, b1006, b1301, b1166, b914)),Vec[Fix[TRUE,_24,_8]])
    x1040 = FixSLA(x1039,Const(2))
    x1109 = FixToFix(x1101,TRUE,_64,_0)
    x1632 = SRAMBankedWrite(x1019,Vector(x1631),Vector(List(x1614, x1615)),Vector(x1619),Vector(Set(b1168, b1613, b925, b1006, b1530, b914)))
    x1334 = FixAdd(x1324,x1333)
    x1682 = And(x1679,x1681)
    x1136 = CounterNew(Const(0),x1769,Const(1),Const(1))
    x1151 = FixSLA(x1150,Const(2))
    x937 = StreamInNew(BurstDataBus())
    x1383 = UnrolledForeach(Set(b925, b1006, b1301, b1166, b914),x1313,Block(Const(())),List(List(b1361)),List(List(b1362)),None)
    x1020 = StreamOutNew(BurstCmdBus)
    x1581 = FixAdd(x1580,x1572)
    x966 = CounterNew(Const(0),x1761,Const(1),Const(1))
    x1283 = VecApply(x1282,0)
    x1051 = CounterNew(Const(0),x1765,Const(1),Const(1))
    x981 = UnitPipe(Set(b969),Block(Const(())),None)
    x1377 = SRAMBankedRead(x1017,Vector(List(Const(0), x1364)),Vector(x1376),Vector(Set(b1362, b925, b1006, b1301, b1166, b914)),Vec[Fix[TRUE,_24,_8]])
    x1215 = FixSLA(b1201,Const(2))
    x1447 = FixMul(x1442,x1446)
    x956 = FixToFix(x948,TRUE,_64,_0)
    x1072 = RegRead(x1055)
    x1119 = CounterNew(Const(0),x1768,Const(1),Const(1))
    x1622 = FixSLA(x1616,Const(4))
    x1394 = FixSLA(x1388,Const(4))
    x1351 = VecApply(x1350,0)
    x998 = FixAdd(x997,x992)
    x1345 = FixAdd(x1343,x1344)
    x988 = FixLeq(x987,b985)
    x1433 = FixDivSRA(b1163,Const(2))
    x1405 = SRAMBankedWrite(x1018,Vector(x1403),Vector(List(x1386, x1387)),Vector(x1391),Vector(Set(b1302, b925, b1006, b1166, b1385, b914)))
    x1600 = FixAdd(x1599,b1589)
    x1104 = FixAdd(x1102,x1103)
    x1697 = StreamInBankedRead(x1641,ArrayBuffer(Set()))
    x1242 = FixMul(x1237,x1241)
    x1521 = ParallelPipe(Set(b1167, b1006, b925, b914),Block(Const(())))
    x1696 = FringeDenseStore(x906,x1639,x1640,x1641)
    x1564 = SRAMBankedWrite(x1018,Vector(x1562),Vector(List(x1545, x1546)),Vector(x1550),Vector(Set(b1168, b1544, b925, b1006, b914, b1527)))
    x1651 = FixMul(x1649,x1650)
    x1074 = RegRead(x1056)
    x1604 = FixAdd(x1603,x1595)
    x1206 = FixSLA(x1205,Const(2))
    x920 = RegWrite(x916,x919,Set())
    x942 = FixAdd(b924,b940)
    x1691 = VecApply(x1690,0)
    x1438 = VecApply(x1437,0)
    x1199 = CounterChainNew(List(x1195))
    x1153 = FixAdd(x1151,x1152)
    x1470 = FixMul(x1465,x1469)
    x1783 = RegRead(x916)
    x1311 = CounterChainNew(List(x1307))
    x1768 = RegRead(x927)
    x1636 = UnrolledForeach(Set(b1168, b1006, b925, b914),x1180,Block(Const(())),List(List(b1523, b1524, b1525, b1526)),List(List(b1527, b1528, b1529, b1530)),None)
    x1047 = SimpleStruct(ArrayBuffer((size,x1039), (start,x1034), (end,x1036)))
    x1057 = RegNew(Const(0))
    x1274 = FixDivSRA(b1161,Const(2))
    x1387 = FixMod(b1298,Const(4))
    x957 = DRAMAddress(x900)
    x1223 = UnrolledForeach(Set(b925, b1006, b1185, b914, b1165),x1197,Block(Const(())),List(List(b1201)),List(List(b1202)),None)
    x1091 = CounterNew(Const(0),x1767,Const(1),Const(1))
    x1343 = FixSLA(x1342,Const(2))
    x1021 = FIFONew(Const(16))
    x1042 = DRAMAddress(x903)
    x952 = FixAdd(x951,Const(15))
    x1519 = SRAMBankedWrite(x1018,Vector(x1517),Vector(List(x1500, x1501)),Vector(x1505),Vector(Set(b925, b1006, b1167, b1499, b914, b1416)))
    x1355 = VecApply(x1354,0)
    x1580 = FixSLA(b1566,Const(2))
    x1255 = SRAMBankedRead(x1018,Vector(List(x1249, x1250)),Vector(x1254),Vector(Set(b925, b1006, b1187, b914, b1248, b1165)),Vec[Fix[TRUE,_24,_8]])
    x1123 = RegNew(Const(0))
    x1570 = FixDivSRA(b1164,Const(2))
    x1174 = CounterNew(Const(0),x1772,Const(1),Const(4))
    x1217 = SRAMBankedRead(x1017,Vector(List(Const(0), x1204)),Vector(x1216),Vector(Set(b925, b1006, b1202, b1185, b914, b1165)),Vec[Fix[TRUE,_24,_8]])
    x1502 = FixDivSRA(b1163,Const(2))
    x1666 = SimpleStruct(ArrayBuffer((offset,x1665), (size,x1662), (isLoad,Const(false))))
    x1487 = SRAMBankedRead(x934,Vector(List(x1477, Const(0))),Vector(x1486),Vector(Set(b1415, b925, b1006, b1167, b1476, b914)),Vec[Fix[TRUE,_24,_8]])
    x1619 = FixAdd(x1617,x1618)
    x1370 = VecApply(x1369,0)
    x1238 = FixSLA(b1224,Const(2))
    x1560 = VecApply(x1559,0)
    x1423 = CounterNew(Const(0),x1785,Const(1),Const(1))
    x916 = RegNew(Const(0))
    x1032 = FixSLA(x1031,Const(4))
    x1602 = VecApply(x1601,0)
    x1365 = FixDivSRA(b1162,Const(2))
    x1555 = SRAMBankedRead(x934,Vector(List(x1545, Const(0))),Vector(x1554),Vector(Set(b1168, b1544, b925, b1006, b914, b1527)),Vec[Fix[TRUE,_24,_8]])
    x1178 = CounterChainNew(List(x1174))
    x1687 = FixSLA(x1686,Const(2))
    x1457 = FixSLA(x1456,Const(2))
    x1624 = SRAMBankedRead(x934,Vector(List(x1614, Const(0))),Vector(x1623),Vector(Set(b1168, b1613, b925, b1006, b1530, b914)),Vec[Fix[TRUE,_24,_8]])
    x1159 = CounterNew(Const(0),x1770,Const(1),Const(4))
    x1787 = RegRead(x916)
    x1210 = VecApply(x1209,0)
    x1656 = FixSub(x1652,x1654)
    x1079 = VecApply(x1078,0)
    x1027 = FixAdd(b913,b1025)
    x1195 = CounterNew(Const(0),x1777,Const(1),Const(1))
    x1407 = ParallelPipe(Set(b1166, b1006, b925, b914),Block(Const(())))
    x1128 = FieldApply(x1127,start)
    x1281 = FixAdd(x1280,b1270)
    x1634 = UnrolledForeach(Set(b1168, b925, b1006, b1530, b914),x1542,Block(Const(())),List(List(b1612)),List(List(b1613)),None)
    x1392 = SRAMBankedRead(x1018,Vector(List(x1386, x1387)),Vector(x1391),Vector(Set(b1302, b925, b1006, b1166, b1385, b914)),Vec[Fix[TRUE,_24,_8]])
    x1291 = SRAMBankedWrite(x1018,Vector(x1289),Vector(List(x1272, x1273)),Vector(x1277),Vector(Set(b925, b1006, b1271, b1188, b914, b1165)))
    x1573 = FixAdd(x1571,x1572)
    x974 = VecApply(x973,0)
    x1012 = RegRead(x879)
    x1106 = FixDivSRA(x1105,Const(4))
    x1402 = FixMul(x1397,x1401)
    x1360 = UnrolledForeach(Set(b925, b1006, b1166, b1300, b914),x1312,Block(Const(())),List(List(b1338)),List(List(b1339)),None)
    x1350 = SRAMBankedRead(x934,Vector(List(x1340, Const(0))),Vector(x1349),Vector(Set(b925, b1006, b1339, b1166, b1300, b914)),Vec[Fix[TRUE,_24,_8]])
    x1592 = FixMod(b1525,Const(4))
    x1089 = FIFONew(Const(16))
    x1234 = FixSLA(x1228,Const(4))
    x1541 = CounterChainNew(List(x1537))
    x1143 = FixLst(b1138,x1142)
    x1762 = RegRead(x972)
    x1772 = RegRead(x1011)
    x1259 = SRAMBankedRead(x934,Vector(List(x1249, Const(0))),Vector(x1258),Vector(Set(b925, b1006, b1187, b914, b1248, b1165)),Vec[Fix[TRUE,_24,_8]])
    x948 = FixSLA(x947,Const(2))
    x1017 = SRAMNew(List(Const(16), Const(16)),SRAM2[Fix[TRUE,_24,_8]])
    x1328 = VecApply(x1327,0)
    x1375 = FixSLA(b1361,Const(2))
    x1064 = FieldApply(x1059,size)
    x1111 = FixAdd(x1109,x1110)
    x1227 = FixMod(b1182,Const(4))
    x980 = RegWrite(x972,x979,Set())
    x1587 = SRAMBankedWrite(x1018,Vector(x1585),Vector(List(x1568, x1569)),Vector(x1573),Vector(Set(b1168, b925, b1006, b1567, b1528, b914)))
    x1425 = CounterChainNew(List(x1421))
    x1096 = RegRead(x879)
    x1672 = UnitPipe(Set(),Block(Const(())),None)
    x1540 = CounterChainNew(List(x1536))
    x1118 = FringeDenseLoad(x906,x1088,x1090)
    x989 = RegRead(x971)
    x1397 = VecApply(x1396,0)
    x1493 = FixMul(x1488,x1492)
    x1683 = FixSub(b1676,x1678)
    x1329 = FixSLA(b1315,Const(2))
    x1160 = CounterChainNew(List(x1159))
    x1028 = RegRead(x879)
    x1082 = FixDivSRA(x1077,Const(2))
    x1659 = FixAdd(x1658,Const(15))
    x1292 = UnrolledForeach(Set(b925, b1006, b1188, b914, b1165),x1200,Block(Const(())),List(List(b1270)),List(List(b1271)),None)
    x1461 = VecApply(x1460,0)
    x1075 = FixLst(b1070,x1074)
    x1424 = CounterNew(Const(0),x1786,Const(1),Const(1))
    x1584 = FixMul(x1579,x1583)
    x1700 = UnrolledForeach(Set(),x1643,Block(Const(())),List(List(b1644)),List(List(b1645)),None)
    x1791 = RegRead(x927)
    x1214 = VecApply(x1213,0)
    x1446 = VecApply(x1445,0)
    x1016 = UnitPipe(Set(b1006, b925, b914),Block(Const(())),None)
    x1207 = FixDivSRA(b1181,Const(2))
    x1039 = FixSLA(x1038,Const(4))
    x970 = RegNew(Const(0))
    x1155 = SRAMBankedWrite(x1018,Vector(x1147),Vector(List(x1148, x1149)),Vector(x1153),Vector(Set(x1144, b1139, b1122)))
    x1324 = VecApply(x1323,0)
    x1114 = StreamOutBankedWrite(x1088,ArrayBuffer(x1112),ArrayBuffer(Set(x1113, b1094)))
    x1776 = RegRead(x916)
    x1263 = SRAMBankedRead(x1017,Vector(List(Const(0), x1250)),Vector(x1262),Vector(Set(b925, b1006, b1187, b914, b1248, b1165)),Vec[Fix[TRUE,_24,_8]])
    x997 = FixSLA(x996,Const(4))
    x1588 = UnrolledForeach(Set(b1168, b925, b1006, b1528, b914),x1540,Block(Const(())),List(List(b1566)),List(List(b1567)),None)
    x1099 = FixDivSRA(x1098,Const(4))
    x1150 = FixDivSRA(b1121,Const(2))
    x1478 = FixMod(b1411,Const(4))
    x1249 = FixMod(b1161,Const(4))
    x1451 = UnrolledForeach(Set(b925, b1006, b1167, b1413, b914),x1425,Block(Const(())),List(List(b1429)),List(List(b1430)),None)
    x1539 = CounterChainNew(List(x1535))
    x1456 = FixDivSRA(b1163,Const(2))
    x1382 = SRAMBankedWrite(x1018,Vector(x1380),Vector(List(x1363, x1364)),Vector(x1368),Vector(Set(b1362, b925, b1006, b1301, b1166, b914)))
    x1266 = FixAdd(x1256,x1265)
    x1231 = FixAdd(x1229,x1230)
    x1131 = RegWrite(x1124,x1130,Set())
    x1668 = StreamOutBankedWrite(x1639,ArrayBuffer(x1666),ArrayBuffer(Set(x1667)))
    x1552 = VecApply(x1551,0)
    x1060 = FieldApply(x1059,start)
    x1050 = FringeDenseLoad(x903,x1020,x1022)
    x984 = CounterChainNew(List(x983))
    x911 = CounterNew(Const(0),x1758,Const(16),Const(1))
    x1002 = UnitPipe(Set(b925, b914),Block(Const(())),None)
    x1599 = FixSLA(x1593,Const(4))
    x1246 = UnrolledForeach(Set(b925, b1006, b1186, b914, b1165),x1198,Block(Const(())),List(List(b1224)),List(List(b1225)),None)
    x1759 = RegRead(x878)
    x1393 = VecApply(x1392,0)
    x1627 = FixAdd(x1626,x1618)
    x1333 = FixMul(x1328,x1332)
    x1434 = FixSLA(x1433,Const(2))
    x1318 = FixMod(b1295,Const(4))
    x1086 = UnrolledForeach(Set(),x1052,Block(Const(())),List(List(b1053)),List(List(b1054)),None)
    x938 = CounterNew(Const(0),x1760,Const(1),Const(1))
    x1241 = VecApply(x1240,0)
    x1779 = RegRead(x916)
    x1695 = UnitPipe(Set(b1645),Block(Const(())),None)
    x921 = UnitPipe(Set(b914),Block(Const(())),None)
    x1563 = SRAMBankedWrite(x1019,Vector(x1562),Vector(List(x1545, x1546)),Vector(x1550),Vector(Set(b1168, b1544, b925, b1006, b914, b1527)))
    x1286 = SRAMBankedRead(x1017,Vector(List(Const(0), x1273)),Vector(x1285),Vector(Set(b925, b1006, b1271, b1188, b914, b1165)),Vec[Fix[TRUE,_24,_8]])
    x1035 = RegRead(x1011)
    x1466 = FixSLA(b1452,Const(2))
    x1663 = FixToFix(x1655,TRUE,_64,_0)
    x1515 = VecApply(x1514,0)
    x1616 = FixDivSRA(b1164,Const(2))
    x953 = FixDivSRA(x952,Const(4))
    x1278 = SRAMBankedRead(x1018,Vector(List(x1272, x1273)),Vector(x1277),Vector(Set(b925, b1006, b1271, b1188, b914, b1165)),Vec[Fix[TRUE,_24,_8]])
    x1648 = RegNew(Const(0))
    x965 = FringeDenseLoad(x900,x935,x937)
    x1510 = SRAMBankedRead(x934,Vector(List(x1500, Const(0))),Vector(x1509),Vector(Set(b925, b1006, b1167, b1499, b914, b1416)),Vec[Fix[TRUE,_24,_8]])
    x1251 = FixDivSRA(b1161,Const(2))
    x1764 = RegRead(x916)
    x1146 = StreamInBankedRead(x1090,ArrayBuffer(Set(b1139, b1122)))
    x1680 = RegRead(x1647)
    x1103 = RegRead(x1011)
    x1219 = FixMul(x1214,x1218)
    x1483 = SRAMBankedRead(x1018,Vector(List(x1477, x1478)),Vector(x1482),Vector(Set(b1415, b925, b1006, b1167, b1476, b914)),Vec[Fix[TRUE,_24,_8]])
    x1273 = FixMod(b1184,Const(4))
    x1548 = FixSLA(x1547,Const(2))
    x1595 = FixDivSRA(b1525,Const(2))
    x1374 = VecApply(x1373,0)
    x1631 = FixAdd(x1621,x1630)
    x1154 = SRAMBankedWrite(x1019,Vector(x1147),Vector(List(x1148, x1149)),Vector(x1153),Vector(Set(x1144, b1139, b1122)))
    x975 = FieldApply(x974,start)
    x1615 = FixMod(b1526,Const(4))
    x1784 = RegRead(x916)
    x1389 = FixSLA(x1388,Const(2))
    x1125 = RegNew(Const(0))
    x1620 = SRAMBankedRead(x1018,Vector(List(x1614, x1615)),Vector(x1619),Vector(Set(b1168, b1613, b925, b1006, b1530, b914)),Vec[Fix[TRUE,_24,_8]])
    x1652 = FixAdd(x1651,b1005)
    x1388 = FixDivSRA(b1162,Const(2))
    x1535 = CounterNew(Const(0),x1787,Const(1),Const(1))
    x958 = FixAdd(x956,x957)
    x1403 = FixAdd(x1393,x1402)
    x1701 = UnitPipe(Set(b1006, b925, b914),Block(Const(())),None)
    x1520 = UnrolledForeach(Set(b925, b1006, b1167, b914, b1416),x1428,Block(Const(())),List(List(b1498)),List(List(b1499)),None)
    x1124 = RegNew(Const(0))
    x1256 = VecApply(x1255,0)
    x1226 = FixMod(b1161,Const(4))
    x1488 = VecApply(x1487,0)
    x1428 = CounterChainNew(List(x1424))
    x1503 = FixSLA(x1502,Const(2))
    x1786 = RegRead(x916)
    x1669 = RegWrite(x1646,x1656,Set())
    x936 = FIFONew(Const(16))
    x1371 = FixSLA(x1365,Const(4))
    x1312 = CounterChainNew(List(x1308))
    x1635 = ParallelPipe(Set(b1168, b1006, b925, b914),Block(Const(())))
    x1058 = FIFOBankedDeq(x1021,ArrayBuffer(Set(Const(true))),Vec[IssuedCmd])
    x1107 = FixSLA(x1106,Const(4))
    x1239 = FixAdd(x1238,x1230)
    x1332 = VecApply(x1331,0)
    x1092 = CounterChainNew(List(x1091))
    x1765 = RegRead(x916)
    x1090 = StreamInNew(BurstDataBus())
    x919 = FixMin(Const(16),x918)
    x1258 = FixAdd(x1257,b1247)
    x1464 = SRAMBankedRead(x934,Vector(List(x1454, Const(0))),Vector(x1463),Vector(Set(b925, b1006, b1414, b1167, b1453, b914)),Vec[Fix[TRUE,_24,_8]])
    x947 = FixSLA(x946,Const(4))
    x1638 = UnrolledForeach(Set(b1006, b925, b914),x1160,Block(Const(())),List(List(b1161, b1162, b1163, b1164)),List(List(b1165, b1166, b1167, b1168)),None)
    x1356 = FixMul(x1351,x1355)
    x1675 = CounterChainNew(List(x1674))
    x979 = FieldApply(x974,size)
    x1194 = CounterNew(Const(0),x1776,Const(1),Const(1))
    x1209 = SRAMBankedRead(x1018,Vector(List(x1203, x1204)),Vector(x1208),Vector(Set(b925, b1006, b1202, b1185, b914, b1165)),Vec[Fix[TRUE,_24,_8]])
    x1408 = UnrolledForeach(Set(b1166, b1006, b925, b914),x1178,Block(Const(())),List(List(b1295, b1296, b1297, b1298)),List(List(b1299, b1300, b1301, b1302)),None)
    x1282 = SRAMBankedRead(x934,Vector(List(x1272, Const(0))),Vector(x1281),Vector(Set(b925, b1006, b1271, b1188, b914, b1165)),Vec[Fix[TRUE,_24,_8]])
    x1117 = UnrolledForeach(Set(),x1092,Block(Const(())),List(List(b1093)),List(List(b1094)),None)
    x1574 = SRAMBankedRead(x1018,Vector(List(x1568, x1569)),Vector(x1573),Vector(Set(b1168, b925, b1006, b1567, b1528, b914)),Vec[Fix[TRUE,_24,_8]])
    x1011 = RegNew(Const(0))
    x1048 = FIFOBankedEnq(x1021,ArrayBuffer(x1047),ArrayBuffer(Set(Const(true), b1026)))
    x1349 = FixAdd(x1348,b1338)
    x990 = FixLst(b985,x989)
    x996 = FixDivSRA(b968,Const(2))
    x1492 = VecApply(x1491,0)
    x1603 = FixSLA(b1589,Const(2))
    x1542 = CounterChainNew(List(x1538))
    x1144 = And(x1141,x1143)
    x1771 = RegRead(x1011)
    x1043 = FixAdd(x1041,x1042)
    x1690 = SRAMBankedRead(x1019,Vector(List(x1684, x1685)),Vector(x1689),Vector(Set(x1682, b1677)),Vec[Fix[TRUE,_24,_8]])
    x1571 = FixSLA(x1570,Const(2))
    x1376 = FixAdd(x1375,x1367)
    x1439 = FixSLA(x1433,Const(4))
    x1307 = CounterNew(Const(0),x1779,Const(1),Const(1))
    x1175 = CounterNew(Const(0),x1773,Const(1),Const(4))
    x1667 = DRAMIsAlloc(x906)
    x1471 = FixAdd(x1461,x1470)
    x1080 = FixMod(x1077,Const(4))
    x1557 = FixSLA(b1543,Const(2))
    x1630 = FixMul(x1625,x1629)
    x1325 = FixSLA(x1319,Const(4))
    x1029 = FixMul(x1027,x1028)
    x1149 = FixMod(x1145,Const(4))
    x964 = UnrolledForeach(Set(),x939,Block(Const(())),List(List(b940)),List(List(b941)),None)
    x1344 = FixDivSRA(b1296,Const(2))
    x1556 = VecApply(x1555,0)
    x1460 = SRAMBankedRead(x1018,Vector(List(x1454, x1455)),Vector(x1459),Vector(Set(b925, b1006, b1414, b1167, b1453, b914)),Vec[Fix[TRUE,_24,_8]])
    x943 = RegRead(x880)
    x1022 = StreamInNew(BurstDataBus())
    x1293 = ParallelPipe(Set(b1165, b1006, b925, b914),Block(Const(())))
    x1177 = CounterChainNew(List(x1173))
    x1381 = SRAMBankedWrite(x1019,Vector(x1380),Vector(List(x1363, x1364)),Vector(x1368),Vector(Set(b1362, b925, b1006, b1301, b1166, b914)))
    x932 = UnitPipe(Set(b925, b914),Block(Const(())),None)
    x1061 = RegWrite(x1055,x1060,Set())
    x1112 = SimpleStruct(ArrayBuffer((offset,x1111), (size,x1108), (isLoad,Const(true))))
    x1688 = FixDivSRA(x1683,Const(2))
    x912 = CounterChainNew(List(x911))
    x983 = CounterNew(Const(0),x1762,Const(1),Const(1))
    x1198 = CounterChainNew(List(x1194))
    x1396 = SRAMBankedRead(x934,Vector(List(x1386, Const(0))),Vector(x1395),Vector(Set(b1302, b925, b1006, b1166, b1385, b914)),Vec[Fix[TRUE,_24,_8]])
    x1474 = UnrolledForeach(Set(b925, b1006, b1414, b1167, b914),x1426,Block(Const(())),List(List(b1452)),List(List(b1453)),None)
    x1594 = FixSLA(x1593,Const(2))
    x1699 = UnitPipe(Set(b1645),Block(Const(())),None)
    x959 = SimpleStruct(ArrayBuffer((offset,x958), (size,x955), (isLoad,Const(true))))
    x1213 = SRAMBankedRead(x934,Vector(List(x1203, Const(0))),Vector(x1212),Vector(Set(b925, b1006, b1202, b1185, b914, b1165)),Vec[Fix[TRUE,_24,_8]])
    x1044 = SimpleStruct(ArrayBuffer((offset,x1043), (size,x1040), (isLoad,Const(true))))
    x1245 = SRAMBankedWrite(x1018,Vector(x1243),Vector(List(x1226, x1227)),Vector(x1231),Vector(Set(b925, b1006, b1225, b1186, b914, b1165)))
    x1066 = UnitPipe(Set(b1054),Block(Const(())),None)
    x1445 = SRAMBankedRead(x1017,Vector(List(Const(0), x1432)),Vector(x1444),Vector(Set(b1430, b925, b1006, b1167, b1413, b914)),Vec[Fix[TRUE,_24,_8]])
    x1643 = CounterChainNew(List(x1642))
    x1015 = RegWrite(x1011,x1014,Set())
    x1176 = CounterNew(Const(0),x1774,Const(1),Const(4))
    x1113 = DRAMIsAlloc(x906)
    x1775 = RegRead(x916)
    x1000 = UnrolledForeach(Set(b969),x984,Block(Const(())),List(List(b985)),List(List(b986)),None)
    x1435 = FixDivSRA(b1409,Const(2))
    x1477 = FixMod(b1163,Const(4))
    x1364 = FixMod(b1297,Const(4))
    x1250 = FixMod(b1183,Const(4))
    x1496 = SRAMBankedWrite(x1018,Vector(x1494),Vector(List(x1477, x1478)),Vector(x1482),Vector(Set(b1415, b925, b1006, b1167, b1476, b914)))
    x1102 = FixSub(x1098,x1100)
    x1694 = UnrolledForeach(Set(),x1675,Block(Const(())),List(List(b1676)),List(List(b1677)),None)
    x922 = CounterNew(Const(0),x1759,Const(16),Const(1))
    x1562 = FixAdd(x1552,x1561)
    x1076 = And(x1073,x1075)
    x1626 = FixSLA(b1612,Const(2))
    x1034 = FixSub(x1030,x1032)
    x1583 = VecApply(x1582,0)
    x1662 = FixSLA(x1661,Const(2))
    x1758 = RegRead(x880)
    x1203 = FixMod(b1161,Const(4))
    x1208 = FixAdd(x1206,x1207)
    x944 = FixMul(x942,x943)
    x1467 = FixAdd(x1466,x1458)
    x927 = RegNew(Const(0))
    x1684 = FixMod(b1644,Const(4))
    x1277 = FixAdd(x1275,x1276)
    x1134 = UnitPipe(Set(b1122),Block(Const(())),None)
    x1509 = FixAdd(x1508,b1498)
    x1081 = FixSLA(b1053,Const(2))
    x939 = CounterChainNew(List(x938))
    x1340 = FixMod(b1162,Const(4))
    x1472 = SRAMBankedWrite(x1019,Vector(x1471),Vector(List(x1454, x1455)),Vector(x1459),Vector(Set(b925, b1006, b1414, b1167, b1453, b914)))
    x1145 = FixSub(b1138,x1140)
    x1018 = SRAMNew(List(Const(16), Const(16)),SRAM2[Fix[TRUE,_24,_8]])
    x1551 = SRAMBankedRead(x1018,Vector(List(x1545, x1546)),Vector(x1550),Vector(Set(b1168, b1544, b925, b1006, b914, b1527)),Vec[Fix[TRUE,_24,_8]])
    x1049 = UnrolledForeach(Set(),x1024,Block(Const(())),List(List(b1025)),List(List(b1026)),None)
    x1547 = FixDivSRA(b1164,Const(2))
    x1003 = CounterNew(Const(0),x1763,Const(16),Const(1))
    x1770 = RegRead(x927)
    x1516 = FixMul(x1511,x1515)
    x1598 = VecApply(x1597,0)
    x1611 = UnrolledForeach(Set(b1168, b1529, b925, b1006, b914),x1541,Block(Const(())),List(List(b1589)),List(List(b1590)),None)
    x1156 = UnrolledForeach(Set(b1122),x1137,Block(Const(())),List(List(b1138)),List(List(b1139)),None)
    x1400 = SRAMBankedRead(x1017,Vector(List(Const(0), x1387)),Vector(x1399),Vector(Set(b1302, b925, b1006, b1166, b1385, b914)),Vec[Fix[TRUE,_24,_8]])
    x971 = RegNew(Const(0))
    x1605 = SRAMBankedRead(x1017,Vector(List(Const(0), x1592)),Vector(x1604),Vector(Set(b1168, b1529, b925, b1006, b1590, b914)),Vec[Fix[TRUE,_24,_8]])
    x1647 = RegNew(Const(0))
    x954 = FixSLA(x953,Const(4))
    x1252 = FixSLA(x1251,Const(2))
    x1368 = FixAdd(x1366,x1367)
    x1780 = RegRead(x916)
    x1267 = SRAMBankedWrite(x1019,Vector(x1266),Vector(List(x1249, x1250)),Vector(x1254),Vector(Set(b925, b1006, b1187, b914, b1248, b1165)))
    x1230 = FixDivSRA(b1182,Const(2))
    x1484 = VecApply(x1483,0)
    x1098 = FixAdd(x1097,b1005)
    x993 = StreamInBankedRead(x937,ArrayBuffer(Set(b986, b969)))
    x1790 = RegRead(x916)
    x1432 = FixMod(b1409,Const(4))
    x1637 = ParallelPipe(Set(b1006, b925, b914),Block(Const(())))
    x1038 = FixDivSRA(x1037,Const(4))
    x1785 = RegRead(x916)
    x1262 = FixAdd(x1261,x1253)
    x1235 = FixAdd(x1234,b1224)
    x1317 = FixMod(b1162,Const(4))
    x1763 = RegRead(x879)
    x1085 = UnrolledForeach(Set(b1054),x1069,Block(Const(())),List(List(b1070)),List(List(b1071)),None)
    x1658 = FixAdd(x1656,x1657)
    x1538 = CounterNew(Const(0),x1790,Const(1),Const(1))
    x951 = FixAdd(x949,x950)
    x1679 = FixLeq(x1678,b1676)
    x1130 = FieldApply(x1127,end)
    x1579 = VecApply(x1578,0)
    x1285 = FixAdd(x1284,x1276)
    x1218 = VecApply(x1217,0)
    x1336 = SRAMBankedWrite(x1018,Vector(x1334),Vector(List(x1317, x1318)),Vector(x1322),Vector(Set(b925, b1006, b1166, b1316, b914, b1299)))
    x1220 = FixAdd(x1210,x1219)
    x1404 = SRAMBankedWrite(x1019,Vector(x1403),Vector(List(x1386, x1387)),Vector(x1391),Vector(Set(b1302, b925, b1006, b1166, b1385, b914)))
    x1358 = SRAMBankedWrite(x1019,Vector(x1357),Vector(List(x1340, x1341)),Vector(x1345),Vector(Set(b925, b1006, b1339, b1166, b1300, b914)))
    x1766 = RegRead(x1057)
    x1257 = FixSLA(x1251,Const(4))
    x1141 = FixLeq(x1140,b1138)
    x1536 = CounterNew(Const(0),x1788,Const(1),Const(1))
    x1023 = CounterNew(Const(0),x1764,Const(1),Const(1))
    x1702 = UnrolledForeach(Set(b925, b914),x1004,Block(Const(())),List(List(b1005)),List(List(b1006)),None)
    x1221 = SRAMBankedWrite(x1019,Vector(x1220),Vector(List(x1203, x1204)),Vector(x1208),Vector(Set(b925, b1006, b1202, b1185, b914, b1165)))
    x1284 = FixSLA(b1270,Const(2))
    x1353 = FixAdd(x1352,x1344)
    x1485 = FixSLA(x1479,Const(4))
    x1052 = CounterChainNew(List(x1051))
    x1506 = SRAMBankedRead(x1018,Vector(List(x1500, x1501)),Vector(x1505),Vector(Set(b925, b1006, b1167, b1499, b914, b1416)),Vec[Fix[TRUE,_24,_8]])
    x1427 = CounterChainNew(List(x1423))
    x1504 = FixDivSRA(b1412,Const(2))
    x1585 = FixAdd(x1575,x1584)
    x978 = RegWrite(x971,x977,Set())
    x1140 = RegRead(x1123)
    x1670 = RegWrite(x1647,x1658,Set())
    x1372 = FixAdd(x1371,b1361)
    x1272 = FixMod(b1161,Const(4))
    x1240 = SRAMBankedRead(x1017,Vector(List(Const(0), x1227)),Vector(x1239),Vector(Set(b925, b1006, b1225, b1186, b914, b1165)),Vec[Fix[TRUE,_24,_8]])
    x991 = And(x988,x990)
    x1617 = FixSLA(x1616,Const(2))
    x1421 = CounterNew(Const(0),x1783,Const(1),Const(1))
    x1649 = FixAdd(b924,b1644)
    x1084 = SRAMBankedWrite(x1017,Vector(x1079),Vector(List(Const(0), x1080)),Vector(x1083),Vector(Set(x1076, b1071, b1054)))
    x1459 = FixAdd(x1457,x1458)
    x1180 = CounterChainNew(List(x1176))
    x931 = RegWrite(x927,x930,Set())
    x1685 = FixMod(x1683,Const(4))
    x1553 = FixSLA(x1547,Const(4))
    x1157 = UnrolledForeach(Set(),x1120,Block(Const(())),List(List(b1121)),List(List(b1122)),None)
    x1321 = FixDivSRA(b1295,Const(2))
    x976 = RegWrite(x970,x975,Set())
    x1654 = FixSLA(x1653,Const(4))
    x1517 = FixAdd(x1507,x1516)
    x1781 = RegRead(x916)
    x1216 = FixAdd(x1215,x1207)
    x1126 = FIFOBankedDeq(x1089,ArrayBuffer(Set(Const(true))),Vec[IssuedCmd])
    x1448 = FixAdd(x1438,x1447)
    x1390 = FixDivSRA(b1298,Const(2))
    x1575 = VecApply(x1574,0)
    x1289 = FixAdd(x1279,x1288)
    x1108 = FixSLA(x1107,Const(2))
    x1276 = FixDivSRA(b1184,Const(2))
    x1646 = RegNew(Const(0))
    x1326 = FixAdd(x1325,b1315)
    x1253 = FixDivSRA(b1183,Const(2))
    x961 = StreamOutBankedWrite(x935,ArrayBuffer(x959),ArrayBuffer(Set(x960, b941)))
    x963 = FIFOBankedEnq(x936,ArrayBuffer(x962),ArrayBuffer(Set(Const(true), b941)))
    x1341 = FixMod(b1296,Const(4))
    x1674 = CounterNew(Const(0),x1792,Const(1),Const(1))
    x1639 = StreamOutNew(BurstCmdBus)
    x1062 = FieldApply(x1059,end)
    x1508 = FixSLA(x1502,Const(4))
    x1481 = FixDivSRA(b1411,Const(2))
    x946 = FixDivSRA(x945,Const(4))
    x1101 = FixSLA(x1100,Const(2))
    x1629 = VecApply(x1628,0)
    x1244 = SRAMBankedWrite(x1019,Vector(x1243),Vector(List(x1226, x1227)),Vector(x1231),Vector(Set(b925, b1006, b1225, b1186, b914, b1165)))
    x995 = FixMod(b968,Const(4))
    x1558 = FixAdd(x1557,x1549)
    x1030 = FixAdd(x1029,b1005)
    x1491 = SRAMBankedRead(x1017,Vector(List(Const(0), x1478)),Vector(x1490),Vector(Set(b1415, b925, b1006, b1167, b1476, b914)),Vec[Fix[TRUE,_24,_8]])
    x1689 = FixAdd(x1687,x1688)
    x1777 = RegRead(x916)
    x1294 = UnrolledForeach(Set(b1165, b1006, b925, b914),x1177,Block(Const(())),List(List(b1181, b1182, b1183, b1184)),List(List(b1185, b1186, b1187, b1188)),None)
    x1440 = FixAdd(x1439,b1429)
    x929 = FixSub(x928,b924)
    x1308 = CounterNew(Const(0),x1780,Const(1),Const(1))
    x1193 = CounterNew(Const(0),x1775,Const(1),Const(1))
    x1077 = FixSub(b1070,x1072)
    x1212 = FixAdd(x1211,b1201)
    x1607 = FixMul(x1602,x1606)
    x1513 = FixAdd(x1512,x1504)
    x1661 = FixSLA(x1660,Const(4))
    x1309 = CounterNew(Const(0),x1781,Const(1),Const(1))
    x1444 = FixAdd(x1443,x1435)
    x1442 = VecApply(x1441,0)
    x1045 = DRAMIsAlloc(x903)
    x1614 = FixMod(b1164,Const(4))
    x1116 = FIFOBankedEnq(x1089,ArrayBuffer(x1115),ArrayBuffer(Set(Const(true), b1094)))
    x1133 = RegWrite(x1125,x1132,Set())
    x1348 = FixSLA(x1342,Const(4))
    x999 = SRAMBankedWrite(x934,Vector(x994),Vector(List(x995, Const(0))),Vector(x998),Vector(Set(x991, b986, b969)))
    x1642 = CounterNew(Const(0),x1791,Const(1),Const(1))
    x1512 = FixSLA(b1498,Const(2))
    x1774 = RegRead(x1011)
    x1280 = FixSLA(x1274,Const(4))
    x1578 = SRAMBankedRead(x934,Vector(List(x1568, Const(0))),Vector(x1577),Vector(Set(b1168, b925, b1006, b1567, b1528, b914)),Vec[Fix[TRUE,_24,_8]])
    x1678 = RegRead(x1646)
    x967 = CounterChainNew(List(x966))
    x950 = RegRead(x916)
    x1097 = FixMul(x1095,x1096)
    x1229 = FixSLA(x1228,Const(2))
    x1546 = FixMod(b1523,Const(4))
    x1395 = FixAdd(x1394,b1384)
    x1625 = VecApply(x1624,0)
    x1593 = FixDivSRA(b1164,Const(2))
    x1380 = FixAdd(x1370,x1379)
    x1148 = FixMod(b1121,Const(4))
    x1480 = FixSLA(x1479,Const(2))
    x1436 = FixAdd(x1434,x1435)
    x918 = FixSub(x917,b913)
    x1363 = FixMod(b1162,Const(4))
    x1314 = CounterChainNew(List(x1310))
    x1495 = SRAMBankedWrite(x1019,Vector(x1494),Vector(List(x1477, x1478)),Vector(x1482),Vector(Set(b1415, b925, b1006, b1167, b1476, b914)))
    x1657 = RegRead(x1011)
    x1335 = SRAMBankedWrite(x1019,Vector(x1334),Vector(List(x1317, x1318)),Vector(x1322),Vector(Set(b925, b1006, b1166, b1316, b914, b1299)))
    x1693 = StreamOutBankedWrite(x1640,ArrayBuffer(x1692),ArrayBuffer(Set(b1677)))
    x1561 = FixMul(x1556,x1560)
    x1056 = RegNew(Const(0))
    x1789 = RegRead(x916)
    x1033 = FixSLA(x1032,Const(2))
    x1288 = FixMul(x1283,x1287)
    x1197 = CounterChainNew(List(x1193))
    x960 = DRAMIsAlloc(x900)
    x1473 = SRAMBankedWrite(x1018,Vector(x1471),Vector(List(x1454, x1455)),Vector(x1459),Vector(Set(b925, b1006, b1414, b1167, b1453, b914)))
    x1065 = RegWrite(x1057,x1064,Set())
    x955 = FixSLA(x954,Const(2))
    x1346 = SRAMBankedRead(x1018,Vector(List(x1340, x1341)),Vector(x1345),Vector(Set(b925, b1006, b1339, b1166, b1300, b914)),Vec[Fix[TRUE,_24,_8]])
    x1610 = SRAMBankedWrite(x1018,Vector(x1608),Vector(List(x1591, x1592)),Vector(x1596),Vector(Set(b1168, b1529, b925, b1006, b1590, b914)))
    x928 = RegRead(x878)
    x1236 = SRAMBankedRead(x934,Vector(List(x1226, Const(0))),Vector(x1235),Vector(Set(b925, b1006, b1225, b1186, b914, b1165)),Vec[Fix[TRUE,_24,_8]])
    x987 = RegRead(x970)
    x1352 = FixSLA(b1338,Const(2))
    x1129 = RegWrite(x1123,x1128,Set())
    x1261 = FixSLA(b1247,Const(2))
    x1268 = SRAMBankedWrite(x1018,Vector(x1266),Vector(List(x1249, x1250)),Vector(x1254),Vector(Set(b925, b1006, b1187, b914, b1248, b1165)))
    x1152 = FixDivSRA(x1145,Const(2))
    x1537 = CounterNew(Const(0),x1789,Const(1),Const(1))
    x1378 = VecApply(x1377,0)
    x1582 = SRAMBankedRead(x1017,Vector(List(Const(0), x1569)),Vector(x1581),Vector(Set(b1168, b925, b1006, b1567, b1528, b914)),Vec[Fix[TRUE,_24,_8]])
    x1019 = SRAMNew(List(Const(16), Const(16)),SRAM2[Fix[TRUE,_24,_8]])
    x1550 = FixAdd(x1548,x1549)
    x1357 = FixAdd(x1347,x1356)
    x992 = FixSub(b985,x987)
    x1500 = FixMod(b1163,Const(4))
    x1597 = SRAMBankedRead(x1018,Vector(List(x1591, x1592)),Vector(x1596),Vector(Set(b1168, b1529, b925, b1006, b1590, b914)),Vec[Fix[TRUE,_24,_8]])
    x1431 = FixMod(b1163,Const(4))
    x1004 = CounterChainNew(List(x1003))
    x1505 = FixAdd(x1503,x1504)
    x1399 = FixAdd(x1398,x1390)
    x1621 = VecApply(x1620,0)
    x1120 = CounterChainNew(List(x1119))
    x1331 = SRAMBankedRead(x1017,Vector(List(Const(0), x1318)),Vector(x1330),Vector(Set(b925, b1006, b1166, b1316, b914, b1299)),Vec[Fix[TRUE,_24,_8]])
    x1606 = VecApply(x1605,0)
    x1320 = FixSLA(x1319,Const(2))
    x1653 = FixDivSRA(x1652,Const(4))
    x1367 = FixDivSRA(b1297,Const(2))
    x935 = StreamOutNew(BurstCmdBus)
    x923 = CounterChainNew(List(x922))
    x1681 = FixLst(b1676,x1680)
    x1463 = FixAdd(x1462,b1452)
    x1565 = UnrolledForeach(Set(b1168, b925, b1006, b914, b1527),x1539,Block(Const(())),List(List(b1543)),List(List(b1544)),None)
    x1490 = FixAdd(x1489,x1481)
    x1037 = FixAdd(x1036,Const(15))
    x1769 = RegRead(x1125)
    x1088 = StreamOutNew(BurstCmdBus)
    x1204 = FixMod(b1181,Const(4))
    x1449 = SRAMBankedWrite(x1019,Vector(x1448),Vector(List(x1431, x1432)),Vector(x1436),Vector(Set(b1430, b925, b1006, b1167, b1413, b914)))
    x1468 = SRAMBankedRead(x1017,Vector(List(Const(0), x1455)),Vector(x1467),Vector(Set(b925, b1006, b1414, b1167, b1453, b914)),Vec[Fix[TRUE,_24,_8]])
    x1069 = CounterChainNew(List(x1068))
    x1014 = FixMin(Const(16),x1013)
    x972 = RegNew(Const(0))
  Used:
    x1322 = FixAdd(x1320,x1321) [Made: true]
    x1665 = FixAdd(x1663,x1664) [Made: true]
    x1036 = FixAdd(x1034,x1035) [Made: true]
    x1586 = SRAMBankedWrite(x1019,Vector(x1585),Vector(List(x1568, x1569)),Vector(x1573),Vector(Set(b1168, b925, b1006, b1567, b1528, b914))) [Made: true]
    x1501 = FixMod(b1412,Const(4)) [Made: true]
    x1337 = UnrolledForeach(Set(b925, b1006, b1166, b914, b1299),x1311,Block(Const(())),List(List(b1315)),List(List(b1316)),None) [Made: true]
    b1411 [Made: true]
    x1024 = CounterChainNew(List(x1023)) [Made: true]
    x1469 = VecApply(x1468,0) [Made: true]
    x1369 = SRAMBankedRead(x1018,Vector(List(x1363, x1364)),Vector(x1368),Vector(Set(b1362, b925, b1006, b1301, b1166, b914)),Vec[Fix[TRUE,_24,_8]]) [Made: true]
    b1168 [Made: true]
    x1454 = FixMod(b1163,Const(4)) [Made: true]
    x1633 = SRAMBankedWrite(x1018,Vector(x1631),Vector(List(x1614, x1615)),Vector(x1619),Vector(Set(b1168, b1613, b925, b1006, b1530, b914))) [Made: true]
    x1767 = RegRead(x927) [Made: true]
    x1559 = SRAMBankedRead(x1017,Vector(List(Const(0), x1546)),Vector(x1558),Vector(Set(b1168, b1544, b925, b1006, b914, b1527)),Vec[Fix[TRUE,_24,_8]]) [Made: true]
    x1105 = FixAdd(x1104,Const(15)) [Made: true]
    x1237 = VecApply(x1236,0) [Made: true]
    x1031 = FixDivSRA(x1030,Const(4)) [Made: true]
    b1315 [Made: true]
    x1083 = FixAdd(x1081,x1082) [Made: true]
    x962 = SimpleStruct(ArrayBuffer((size,x954), (start,x949), (end,x951))) [Made: true]
    b941 [Made: true]
    () [Made: false]
    x1179 = CounterChainNew(List(x1175)) [Made: true]
    b1295 [Made: true]
    x1549 = FixDivSRA(b1523,Const(2)) [Made: true]
    x1554 = FixAdd(x1553,b1543) [Made: true]
    x1110 = DRAMAddress(x906) [Made: true]
    x1686 = FixDivSRA(b1644,Const(2)) [Made: true]
    x1200 = CounterChainNew(List(x1196)) [Made: true]
    x977 = FieldApply(x974,end) [Made: true]
    x1211 = FixSLA(x1205,Const(4)) [Made: true]
    x1158 = UnitPipe(Set(b1006, b925, b914),Block(Const(())),None) [Made: true]
    b1005 [Made: true]
    x1596 = FixAdd(x1594,x1595) [Made: true]
    x1406 = UnrolledForeach(Set(b1302, b925, b1006, b1166, b914),x1314,Block(Const(())),List(List(b1384)),List(List(b1385)),None) [Made: true]
    x1290 = SRAMBankedWrite(x1019,Vector(x1289),Vector(List(x1272, x1273)),Vector(x1277),Vector(Set(b925, b1006, b1271, b1188, b914, b1165))) [Made: true]
    x1068 = CounterNew(Const(0),x1766,Const(1),Const(1)) [Made: true]
    x1522 = UnrolledForeach(Set(b1167, b1006, b925, b914),x1179,Block(Const(())),List(List(b1409, b1410, b1411, b1412)),List(List(b1413, b1414, b1415, b1416)),None) [Made: true]
    x1443 = FixSLA(b1429,Const(2)) [Made: true]
    x1618 = FixDivSRA(b1526,Const(2)) [Made: true]
    x994 = VecApply(x993,0) [Made: true]
    x1401 = VecApply(x1400,0) [Made: true]
    x1422 = CounterNew(Const(0),x1784,Const(1),Const(1)) [Made: true]
    x1569 = FixMod(b1524,Const(4)) [Made: true]
    x1073 = FixLeq(x1072,b1070) [Made: true]
    b1544 [Made: true]
    x1205 = FixDivSRA(b1161,Const(2)) [Made: true]
    x1591 = FixMod(b1164,Const(4)) [Made: true]
    x1142 = RegRead(x1124) [Made: true]
    x1269 = UnrolledForeach(Set(b925, b1006, b1187, b914, b1165),x1199,Block(Const(())),List(List(b1247)),List(List(b1248)),None) [Made: true]
    x878 = ArgInNew(Const(0)) [Made: false]
    x1692 = SimpleStruct(ArrayBuffer((_1,x1691), (_2,x1682))) [Made: true]
    x1437 = SRAMBankedRead(x1018,Vector(List(x1431, x1432)),Vector(x1436),Vector(Set(b1430, b925, b1006, b1167, b1413, b914)),Vec[Fix[TRUE,_24,_8]]) [Made: true]
    x1041 = FixToFix(x1033,TRUE,_64,_0) [Made: true]
    x1173 = CounterNew(Const(0),x1771,Const(1),Const(4)) [Made: true]
    x1486 = FixAdd(x1485,b1475) [Made: true]
    x1497 = UnrolledForeach(Set(b1415, b925, b1006, b1167, b914),x1427,Block(Const(())),List(List(b1475)),List(List(b1476)),None) [Made: true]
    x1078 = StreamInBankedRead(x1022,ArrayBuffer(Set(b1071, b1054))) [Made: true]
    x1788 = RegRead(x916) [Made: true]
    x1426 = CounterChainNew(List(x1422)) [Made: true]
    x1671 = RegWrite(x1648,x1661,Set()) [Made: true]
    x1608 = FixAdd(x1598,x1607) [Made: true]
    x1655 = FixSLA(x1654,Const(2)) [Made: true]
    x1137 = CounterChainNew(List(x1136)) [Made: true]
    x1310 = CounterNew(Const(0),x1782,Const(1),Const(1)) [Made: true]
    b1164 [Made: true]
    x1275 = FixSLA(x1274,Const(2)) [Made: true]
    x1233 = VecApply(x1232,0) [Made: true]
    x1327 = SRAMBankedRead(x934,Vector(List(x1317, Const(0))),Vector(x1326),Vector(Set(b925, b1006, b1166, b1316, b914, b1299)),Vec[Fix[TRUE,_24,_8]]) [Made: true]
    x1260 = VecApply(x1259,0) [Made: true]
    x1761 = RegRead(x927) [Made: true]
    x1342 = FixDivSRA(b1162,Const(2)) [Made: true]
    b913 [Made: true]
    x1640 = StreamOutNew(BurstFullDataBus()) [Made: true]
    x945 = FixAdd(x944,b913) [Made: true]
    x1063 = RegWrite(x1056,x1062,Set()) [Made: true]
    x1354 = SRAMBankedRead(x1017,Vector(List(Const(0), x1341)),Vector(x1353),Vector(Set(b925, b1006, b1339, b1166, b1300, b914)),Vec[Fix[TRUE,_24,_8]]) [Made: true]
    x1507 = VecApply(x1506,0) [Made: true]
    x1222 = SRAMBankedWrite(x1018,Vector(x1220),Vector(List(x1203, x1204)),Vector(x1208),Vector(Set(b925, b1006, b1202, b1185, b914, b1165))) [Made: true]
    x930 = FixMin(Const(16),x929) [Made: true]
    x1458 = FixDivSRA(b1410,Const(2)) [Made: true]
    x1095 = FixAdd(b924,b1093) [Made: true]
    x1196 = CounterNew(Const(0),x1778,Const(1),Const(1)) [Made: true]
    x1001 = UnrolledForeach(Set(),x967,Block(Const(())),List(List(b968)),List(List(b969)),None) [Made: true]
    x1243 = FixAdd(x1233,x1242) [Made: true]
    x1127 = VecApply(x1126,0) [Made: true]
    x1782 = RegRead(x916) [Made: true]
    x1391 = FixAdd(x1389,x1390) [Made: true]
    x1576 = FixSLA(x1570,Const(4)) [Made: true]
    x1441 = SRAMBankedRead(x934,Vector(List(x1431, Const(0))),Vector(x1440),Vector(Set(b1430, b925, b1006, b1167, b1413, b914)),Vec[Fix[TRUE,_24,_8]]) [Made: true]
    x973 = FIFOBankedDeq(x936,ArrayBuffer(Set(Const(true))),Vec[IssuedCmd]) [Made: true]
    x1046 = StreamOutBankedWrite(x1020,ArrayBuffer(x1044),ArrayBuffer(Set(x1045, b1026))) [Made: true]
    b1613 [Made: true]
    x1650 = RegRead(x879) [Made: true]
    b1645 [Made: true]
    x1359 = SRAMBankedWrite(x1018,Vector(x1357),Vector(List(x1340, x1341)),Vector(x1345),Vector(Set(b925, b1006, b1339, b1166, b1300, b914))) [Made: true]
    x1601 = SRAMBankedRead(x934,Vector(List(x1591, Const(0))),Vector(x1600),Vector(Set(b1168, b1529, b925, b1006, b1590, b914)),Vec[Fix[TRUE,_24,_8]]) [Made: true]
    x1386 = FixMod(b1162,Const(4)) [Made: true]
    b1475 [Made: true]
    x1366 = FixSLA(x1365,Const(2)) [Made: true]
    b1529 [Made: true]
    x1518 = SRAMBankedWrite(x1019,Vector(x1517),Vector(List(x1500, x1501)),Vector(x1505),Vector(Set(b925, b1006, b1167, b1499, b914, b1416))) [Made: true]
    x1265 = FixMul(x1260,x1264) [Made: true]
    x1703 = UnrolledForeach(Set(b914),x923,Block(Const(())),List(List(b924)),List(List(b925)),None) [Made: true]
    x1228 = FixDivSRA(b1161,Const(2)) [Made: true]
    x1623 = FixAdd(x1622,b1612) [Made: true]
    x1482 = FixAdd(x1480,x1481) [Made: true]
    x1254 = FixAdd(x1252,x1253) [Made: true]
    x1628 = SRAMBankedRead(x1017,Vector(List(Const(0), x1615)),Vector(x1627),Vector(Set(b1168, b1613, b925, b1006, b1530, b914)),Vec[Fix[TRUE,_24,_8]]) [Made: true]
    x1055 = RegNew(Const(0)) [Made: true]
    b1409 [Made: true]
    x1287 = VecApply(x1286,0) [Made: true]
    x1792 = RegRead(x1648) [Made: true]
    b1430 [Made: true]
    x1760 = RegRead(x927) [Made: true]
    x1660 = FixDivSRA(x1659,Const(4)) [Made: true]
    b1298 [Made: true]
    x1330 = FixAdd(x1329,x1321) [Made: true]
    x1264 = VecApply(x1263,0) [Made: true]
    x1323 = SRAMBankedRead(x1018,Vector(List(x1317, x1318)),Vector(x1322),Vector(Set(b925, b1006, b1166, b1316, b914, b1299)),Vec[Fix[TRUE,_24,_8]]) [Made: true]
    x1511 = VecApply(x1510,0) [Made: true]
    x917 = RegRead(x880) [Made: true]
    x1313 = CounterChainNew(List(x1309)) [Made: true]
    x1279 = VecApply(x1278,0) [Made: true]
    x1577 = FixAdd(x1576,b1566) [Made: true]
    x1455 = FixMod(b1410,Const(4)) [Made: true]
    x934 = SRAMNew(List(Const(16), Const(16)),SRAM2[Fix[TRUE,_24,_8]]) [Made: true]
    x1462 = FixSLA(x1456,Const(4)) [Made: true]
    x1059 = VecApply(x1058,0) [Made: true]
    x1132 = FieldApply(x1127,size) [Made: true]
    x949 = FixSub(x945,x947) [Made: true]
    x1545 = FixMod(b1164,Const(4)) [Made: true]
    x1379 = FixMul(x1374,x1378) [Made: true]
    x1087 = UnitPipe(Set(b1006, b925, b914),Block(Const(())),None) [Made: true]
    x1514 = SRAMBankedRead(x1017,Vector(List(Const(0), x1501)),Vector(x1513),Vector(Set(b925, b1006, b1167, b1499, b914, b1416)),Vec[Fix[TRUE,_24,_8]]) [Made: true]
    x1147 = VecApply(x1146,0) [Made: true]
    b1247 [Made: true]
    x1319 = FixDivSRA(b1162,Const(2)) [Made: true]
    x1479 = FixDivSRA(b1163,Const(2)) [Made: true]
    x1609 = SRAMBankedWrite(x1019,Vector(x1608),Vector(List(x1591, x1592)),Vector(x1596),Vector(Set(b1168, b1529, b925, b1006, b1590, b914))) [Made: true]
    b969 [Made: true]
    x1347 = VecApply(x1346,0) [Made: true]
    x1572 = FixDivSRA(b1524,Const(2)) [Made: true]
    x1013 = FixSub(x1012,b1005) [Made: true]
    x1398 = FixSLA(b1384,Const(2)) [Made: true]
    x1115 = SimpleStruct(ArrayBuffer((size,x1107), (start,x1102), (end,x1104))) [Made: true]
    x1568 = FixMod(b1164,Const(4)) [Made: true]
    x1641 = StreamInNew(BurstAckBus) [Made: true]
    x1773 = RegRead(x1011) [Made: true]
    x1494 = FixAdd(x1484,x1493) [Made: true]
    b1362 [Made: true]
    x1778 = RegRead(x916) [Made: true]
    x1100 = FixSLA(x1099,Const(4)) [Made: true]
    x1232 = SRAMBankedRead(x1018,Vector(List(x1226, x1227)),Vector(x1231),Vector(Set(b925, b1006, b1225, b1186, b914, b1165)),Vec[Fix[TRUE,_24,_8]]) [Made: true]
    x1489 = FixSLA(b1475,Const(2)) [Made: true]
    b1415 [Made: true]
    b924 [Made: true]
    x1465 = VecApply(x1464,0) [Made: true]
    b1302 [Made: true]
    x1664 = DRAMAddress(x906) [Made: true]
    x1450 = SRAMBankedWrite(x1018,Vector(x1448),Vector(List(x1431, x1432)),Vector(x1436),Vector(Set(b1430, b925, b1006, b1167, b1413, b914))) [Made: true]
    x1373 = SRAMBankedRead(x934,Vector(List(x1363, Const(0))),Vector(x1372),Vector(Set(b1362, b925, b1006, b1301, b1166, b914)),Vec[Fix[TRUE,_24,_8]]) [Made: true]
    x1040 = FixSLA(x1039,Const(2)) [Made: true]
    x1109 = FixToFix(x1101,TRUE,_64,_0) [Made: true]
    x1632 = SRAMBankedWrite(x1019,Vector(x1631),Vector(List(x1614, x1615)),Vector(x1619),Vector(Set(b1168, b1613, b925, b1006, b1530, b914))) [Made: true]
    x1334 = FixAdd(x1324,x1333) [Made: true]
    x1682 = And(x1679,x1681) [Made: true]
    x1136 = CounterNew(Const(0),x1769,Const(1),Const(1)) [Made: true]
    x1151 = FixSLA(x1150,Const(2)) [Made: true]
    x937 = StreamInNew(BurstDataBus()) [Made: true]
    x1383 = UnrolledForeach(Set(b925, b1006, b1301, b1166, b914),x1313,Block(Const(())),List(List(b1361)),List(List(b1362)),None) [Made: true]
    x1020 = StreamOutNew(BurstCmdBus) [Made: true]
    b1677 [Made: true]
    x1581 = FixAdd(x1580,x1572) [Made: true]
    x966 = CounterNew(Const(0),x1761,Const(1),Const(1)) [Made: true]
    b1183 [Made: true]
    x1283 = VecApply(x1282,0) [Made: true]
    x1051 = CounterNew(Const(0),x1765,Const(1),Const(1)) [Made: true]
    x981 = UnitPipe(Set(b969),Block(Const(())),None) [Made: true]
    x1377 = SRAMBankedRead(x1017,Vector(List(Const(0), x1364)),Vector(x1376),Vector(Set(b1362, b925, b1006, b1301, b1166, b914)),Vec[Fix[TRUE,_24,_8]]) [Made: true]
    x1215 = FixSLA(b1201,Const(2)) [Made: true]
    x1447 = FixMul(x1442,x1446) [Made: true]
    x956 = FixToFix(x948,TRUE,_64,_0) [Made: true]
    x1072 = RegRead(x1055) [Made: true]
    x1119 = CounterNew(Const(0),x1768,Const(1),Const(1)) [Made: true]
    x1622 = FixSLA(x1616,Const(4)) [Made: true]
    x1394 = FixSLA(x1388,Const(4)) [Made: true]
    b1526 [Made: true]
    x1351 = VecApply(x1350,0) [Made: true]
    x998 = FixAdd(x997,x992) [Made: true]
    x1345 = FixAdd(x1343,x1344) [Made: true]
    x988 = FixLeq(x987,b985) [Made: true]
    x1433 = FixDivSRA(b1163,Const(2)) [Made: true]
    x1405 = SRAMBankedWrite(x1018,Vector(x1403),Vector(List(x1386, x1387)),Vector(x1391),Vector(Set(b1302, b925, b1006, b1166, b1385, b914))) [Made: true]
    b1201 [Made: true]
    x1600 = FixAdd(x1599,b1589) [Made: true]
    x1104 = FixAdd(x1102,x1103) [Made: true]
    x1697 = StreamInBankedRead(x1641,ArrayBuffer(Set())) [Made: true]
    x1242 = FixMul(x1237,x1241) [Made: true]
    x1521 = ParallelPipe(Set(b1167, b1006, b925, b914),Block(Const(()))) [Made: true]
    x1696 = FringeDenseStore(x906,x1639,x1640,x1641) [Made: true]
    x1564 = SRAMBankedWrite(x1018,Vector(x1562),Vector(List(x1545, x1546)),Vector(x1550),Vector(Set(b1168, b1544, b925, b1006, b914, b1527))) [Made: true]
    x1651 = FixMul(x1649,x1650) [Made: true]
    x1074 = RegRead(x1056) [Made: true]
    x1604 = FixAdd(x1603,x1595) [Made: true]
    x1206 = FixSLA(x1205,Const(2)) [Made: true]
    x920 = RegWrite(x916,x919,Set()) [Made: true]
    x942 = FixAdd(b924,b940) [Made: true]
    x1691 = VecApply(x1690,0) [Made: true]
    x1438 = VecApply(x1437,0) [Made: true]
    b925 [Made: true]
    x1199 = CounterChainNew(List(x1195)) [Made: true]
    x1153 = FixAdd(x1151,x1152) [Made: true]
    b1338 [Made: true]
    x1470 = FixMul(x1465,x1469) [Made: true]
    x1783 = RegRead(x916) [Made: true]
    x1311 = CounterChainNew(List(x1307)) [Made: true]
    x1768 = RegRead(x927) [Made: true]
    x1636 = UnrolledForeach(Set(b1168, b1006, b925, b914),x1180,Block(Const(())),List(List(b1523, b1524, b1525, b1526)),List(List(b1527, b1528, b1529, b1530)),None) [Made: true]
    x1047 = SimpleStruct(ArrayBuffer((size,x1039), (start,x1034), (end,x1036))) [Made: true]
    x1057 = RegNew(Const(0)) [Made: true]
    b1163 [Made: true]
    x1274 = FixDivSRA(b1161,Const(2)) [Made: true]
    x1387 = FixMod(b1298,Const(4)) [Made: true]
    x957 = DRAMAddress(x900) [Made: true]
    x1223 = UnrolledForeach(Set(b925, b1006, b1185, b914, b1165),x1197,Block(Const(())),List(List(b1201)),List(List(b1202)),None) [Made: true]
    x1091 = CounterNew(Const(0),x1767,Const(1),Const(1)) [Made: true]
    x1343 = FixSLA(x1342,Const(2)) [Made: true]
    x1021 = FIFONew(Const(16)) [Made: true]
    x1042 = DRAMAddress(x903) [Made: true]
    x952 = FixAdd(x951,Const(15)) [Made: true]
    x1519 = SRAMBankedWrite(x1018,Vector(x1517),Vector(List(x1500, x1501)),Vector(x1505),Vector(Set(b925, b1006, b1167, b1499, b914, b1416))) [Made: true]
    x1355 = VecApply(x1354,0) [Made: true]
    x1580 = FixSLA(b1566,Const(2)) [Made: true]
    x1255 = SRAMBankedRead(x1018,Vector(List(x1249, x1250)),Vector(x1254),Vector(Set(b925, b1006, b1187, b914, b1248, b1165)),Vec[Fix[TRUE,_24,_8]]) [Made: true]
    x1123 = RegNew(Const(0)) [Made: true]
    x1570 = FixDivSRA(b1164,Const(2)) [Made: true]
    x1174 = CounterNew(Const(0),x1772,Const(1),Const(4)) [Made: true]
    b1676 [Made: true]
    x1217 = SRAMBankedRead(x1017,Vector(List(Const(0), x1204)),Vector(x1216),Vector(Set(b925, b1006, b1202, b1185, b914, b1165)),Vec[Fix[TRUE,_24,_8]]) [Made: true]
    x1502 = FixDivSRA(b1163,Const(2)) [Made: true]
    x1666 = SimpleStruct(ArrayBuffer((offset,x1665), (size,x1662), (isLoad,Const(false)))) [Made: true]
    x1487 = SRAMBankedRead(x934,Vector(List(x1477, Const(0))),Vector(x1486),Vector(Set(b1415, b925, b1006, b1167, b1476, b914)),Vec[Fix[TRUE,_24,_8]]) [Made: true]
    x1619 = FixAdd(x1617,x1618) [Made: true]
    x1370 = VecApply(x1369,0) [Made: true]
    x1238 = FixSLA(b1224,Const(2)) [Made: true]
    x1560 = VecApply(x1559,0) [Made: true]
    x1423 = CounterNew(Const(0),x1785,Const(1),Const(1)) [Made: true]
    x916 = RegNew(Const(0)) [Made: true]
    x1032 = FixSLA(x1031,Const(4)) [Made: true]
    x1602 = VecApply(x1601,0) [Made: true]
    x1365 = FixDivSRA(b1162,Const(2)) [Made: true]
    x879 = ArgInNew(Const(0)) [Made: false]
    x1555 = SRAMBankedRead(x934,Vector(List(x1545, Const(0))),Vector(x1554),Vector(Set(b1168, b1544, b925, b1006, b914, b1527)),Vec[Fix[TRUE,_24,_8]]) [Made: true]
    x1178 = CounterChainNew(List(x1174)) [Made: true]
    b1296 [Made: true]
    x1687 = FixSLA(x1686,Const(2)) [Made: true]
    x1457 = FixSLA(x1456,Const(2)) [Made: true]
    x1624 = SRAMBankedRead(x934,Vector(List(x1614, Const(0))),Vector(x1623),Vector(Set(b1168, b1613, b925, b1006, b1530, b914)),Vec[Fix[TRUE,_24,_8]]) [Made: true]
    x1159 = CounterNew(Const(0),x1770,Const(1),Const(4)) [Made: true]
    x1787 = RegRead(x916) [Made: true]
    x1210 = VecApply(x1209,0) [Made: true]
    x1656 = FixSub(x1652,x1654) [Made: true]
    x1079 = VecApply(x1078,0) [Made: true]
    x1027 = FixAdd(b913,b1025) [Made: true]
    x1195 = CounterNew(Const(0),x1777,Const(1),Const(1)) [Made: true]
    x1407 = ParallelPipe(Set(b1166, b1006, b925, b914),Block(Const(()))) [Made: true]
    x1128 = FieldApply(x1127,start) [Made: true]
    x1281 = FixAdd(x1280,b1270) [Made: true]
    x1634 = UnrolledForeach(Set(b1168, b925, b1006, b1530, b914),x1542,Block(Const(())),List(List(b1612)),List(List(b1613)),None) [Made: true]
    x1392 = SRAMBankedRead(x1018,Vector(List(x1386, x1387)),Vector(x1391),Vector(Set(b1302, b925, b1006, b1166, b1385, b914)),Vec[Fix[TRUE,_24,_8]]) [Made: true]
    x1291 = SRAMBankedWrite(x1018,Vector(x1289),Vector(List(x1272, x1273)),Vector(x1277),Vector(Set(b925, b1006, b1271, b1188, b914, b1165))) [Made: true]
    x1573 = FixAdd(x1571,x1572) [Made: true]
    x974 = VecApply(x973,0) [Made: true]
    x1012 = RegRead(x879) [Made: true]
    x1106 = FixDivSRA(x1105,Const(4)) [Made: true]
    x1402 = FixMul(x1397,x1401) [Made: true]
    x1360 = UnrolledForeach(Set(b925, b1006, b1166, b1300, b914),x1312,Block(Const(())),List(List(b1338)),List(List(b1339)),None) [Made: true]
    x1350 = SRAMBankedRead(x934,Vector(List(x1340, Const(0))),Vector(x1349),Vector(Set(b925, b1006, b1339, b1166, b1300, b914)),Vec[Fix[TRUE,_24,_8]]) [Made: true]
    x1592 = FixMod(b1525,Const(4)) [Made: true]
    x1089 = FIFONew(Const(16)) [Made: true]
    x1234 = FixSLA(x1228,Const(4)) [Made: true]
    x1541 = CounterChainNew(List(x1537)) [Made: true]
    x1143 = FixLst(b1138,x1142) [Made: true]
    x1762 = RegRead(x972) [Made: true]
    b1270 [Made: true]
    x1772 = RegRead(x1011) [Made: true]
    x1259 = SRAMBankedRead(x934,Vector(List(x1249, Const(0))),Vector(x1258),Vector(Set(b925, b1006, b1187, b914, b1248, b1165)),Vec[Fix[TRUE,_24,_8]]) [Made: true]
    x948 = FixSLA(x947,Const(2)) [Made: true]
    x1017 = SRAMNew(List(Const(16), Const(16)),SRAM2[Fix[TRUE,_24,_8]]) [Made: true]
    x1328 = VecApply(x1327,0) [Made: true]
    x1375 = FixSLA(b1361,Const(2)) [Made: true]
    b1121 [Made: true]
    x1064 = FieldApply(x1059,size) [Made: true]
    x1111 = FixAdd(x1109,x1110) [Made: true]
    x1227 = FixMod(b1182,Const(4)) [Made: true]
    x980 = RegWrite(x972,x979,Set()) [Made: true]
    b1498 [Made: true]
    x1587 = SRAMBankedWrite(x1018,Vector(x1585),Vector(List(x1568, x1569)),Vector(x1573),Vector(Set(b1168, b925, b1006, b1567, b1528, b914))) [Made: true]
    x1425 = CounterChainNew(List(x1421)) [Made: true]
    x1096 = RegRead(x879) [Made: true]
    x1672 = UnitPipe(Set(),Block(Const(())),None) [Made: true]
    x1540 = CounterChainNew(List(x1536)) [Made: true]
    b1006 [Made: true]
    b1138 [Made: true]
    x1118 = FringeDenseLoad(x906,x1088,x1090) [Made: true]
    x989 = RegRead(x971) [Made: true]
    x1397 = VecApply(x1396,0) [Made: true]
    b1567 [Made: true]
    x1493 = FixMul(x1488,x1492) [Made: true]
    x1683 = FixSub(b1676,x1678) [Made: true]
    x1329 = FixSLA(b1315,Const(2)) [Made: true]
    x1160 = CounterChainNew(List(x1159)) [Made: true]
    x1028 = RegRead(x879) [Made: true]
    x1082 = FixDivSRA(x1077,Const(2)) [Made: true]
    b1361 [Made: true]
    x1659 = FixAdd(x1658,Const(15)) [Made: true]
    x1292 = UnrolledForeach(Set(b925, b1006, b1188, b914, b1165),x1200,Block(Const(())),List(List(b1270)),List(List(b1271)),None) [Made: true]
    b1182 [Made: true]
    x1461 = VecApply(x1460,0) [Made: true]
    x1075 = FixLst(b1070,x1074) [Made: true]
    x1424 = CounterNew(Const(0),x1786,Const(1),Const(1)) [Made: true]
    b1414 [Made: true]
    x1584 = FixMul(x1579,x1583) [Made: true]
    x1700 = UnrolledForeach(Set(),x1643,Block(Const(())),List(List(b1644)),List(List(b1645)),None) [Made: true]
    x1791 = RegRead(x927) [Made: true]
    x1214 = VecApply(x1213,0) [Made: true]
    x1446 = VecApply(x1445,0) [Made: true]
    x1016 = UnitPipe(Set(b1006, b925, b914),Block(Const(())),None) [Made: true]
    x1207 = FixDivSRA(b1181,Const(2)) [Made: true]
    b1644 [Made: true]
    b1612 [Made: true]
    x1039 = FixSLA(x1038,Const(4)) [Made: true]
    x970 = RegNew(Const(0)) [Made: true]
    x1155 = SRAMBankedWrite(x1018,Vector(x1147),Vector(List(x1148, x1149)),Vector(x1153),Vector(Set(x1144, b1139, b1122))) [Made: true]
    x1324 = VecApply(x1323,0) [Made: true]
    x1114 = StreamOutBankedWrite(x1088,ArrayBuffer(x1112),ArrayBuffer(Set(x1113, b1094))) [Made: true]
    x1776 = RegRead(x916) [Made: true]
    x1263 = SRAMBankedRead(x1017,Vector(List(Const(0), x1250)),Vector(x1262),Vector(Set(b925, b1006, b1187, b914, b1248, b1165)),Vec[Fix[TRUE,_24,_8]]) [Made: true]
    x997 = FixSLA(x996,Const(4)) [Made: true]
    x1588 = UnrolledForeach(Set(b1168, b925, b1006, b1528, b914),x1540,Block(Const(())),List(List(b1566)),List(List(b1567)),None) [Made: true]
    x1099 = FixDivSRA(x1098,Const(4)) [Made: true]
    b985 [Made: true]
    x1150 = FixDivSRA(b1121,Const(2)) [Made: true]
    x1478 = FixMod(b1411,Const(4)) [Made: true]
    x1249 = FixMod(b1161,Const(4)) [Made: true]
    b1297 [Made: true]
    x1451 = UnrolledForeach(Set(b925, b1006, b1167, b1413, b914),x1425,Block(Const(())),List(List(b1429)),List(List(b1430)),None) [Made: true]
    b1530 [Made: true]
    x1539 = CounterChainNew(List(x1535)) [Made: true]
    x1456 = FixDivSRA(b1163,Const(2)) [Made: true]
    x1382 = SRAMBankedWrite(x1018,Vector(x1380),Vector(List(x1363, x1364)),Vector(x1368),Vector(Set(b1362, b925, b1006, b1301, b1166, b914))) [Made: true]
    x1266 = FixAdd(x1256,x1265) [Made: true]
    x1231 = FixAdd(x1229,x1230) [Made: true]
    x1131 = RegWrite(x1124,x1130,Set()) [Made: true]
    x1668 = StreamOutBankedWrite(x1639,ArrayBuffer(x1666),ArrayBuffer(Set(x1667))) [Made: true]
    x1552 = VecApply(x1551,0) [Made: true]
    x1060 = FieldApply(x1059,start) [Made: true]
    x1050 = FringeDenseLoad(x903,x1020,x1022) [Made: true]
    x984 = CounterChainNew(List(x983)) [Made: true]
    x911 = CounterNew(Const(0),x1758,Const(16),Const(1)) [Made: true]
    x1002 = UnitPipe(Set(b925, b914),Block(Const(())),None) [Made: true]
    b1429 [Made: true]
    x1599 = FixSLA(x1593,Const(4)) [Made: true]
    x1246 = UnrolledForeach(Set(b925, b1006, b1186, b914, b1165),x1198,Block(Const(())),List(List(b1224)),List(List(b1225)),None) [Made: true]
    x1759 = RegRead(x878) [Made: true]
    x1393 = VecApply(x1392,0) [Made: true]
    x1627 = FixAdd(x1626,x1618) [Made: true]
    b1525 [Made: true]
    x1333 = FixMul(x1328,x1332) [Made: true]
    x1434 = FixSLA(x1433,Const(2)) [Made: true]
    x1318 = FixMod(b1295,Const(4)) [Made: true]
    b1202 [Made: true]
    x1086 = UnrolledForeach(Set(),x1052,Block(Const(())),List(List(b1053)),List(List(b1054)),None) [Made: true]
    x938 = CounterNew(Const(0),x1760,Const(1),Const(1)) [Made: true]
    x1241 = VecApply(x1240,0) [Made: true]
    x1779 = RegRead(x916) [Made: true]
    x1695 = UnitPipe(Set(b1645),Block(Const(())),None) [Made: true]
    x921 = UnitPipe(Set(b914),Block(Const(())),None) [Made: true]
    x1563 = SRAMBankedWrite(x1019,Vector(x1562),Vector(List(x1545, x1546)),Vector(x1550),Vector(Set(b1168, b1544, b925, b1006, b914, b1527))) [Made: true]
    b1054 [Made: true]
    x1286 = SRAMBankedRead(x1017,Vector(List(Const(0), x1273)),Vector(x1285),Vector(Set(b925, b1006, b1271, b1188, b914, b1165)),Vec[Fix[TRUE,_24,_8]]) [Made: true]
    x1035 = RegRead(x1011) [Made: true]
    x1466 = FixSLA(b1452,Const(2)) [Made: true]
    b1071 [Made: true]
    b1187 [Made: true]
    x1663 = FixToFix(x1655,TRUE,_64,_0) [Made: true]
    x1515 = VecApply(x1514,0) [Made: true]
    b1026 [Made: true]
    b1167 [Made: true]
    x1616 = FixDivSRA(b1164,Const(2)) [Made: true]
    x953 = FixDivSRA(x952,Const(4)) [Made: true]
    b1185 [Made: true]
    x906 = DRAMHostNew(List(x904, x905),Const(0)) [Made: false]
    x1278 = SRAMBankedRead(x1018,Vector(List(x1272, x1273)),Vector(x1277),Vector(Set(b925, b1006, b1271, b1188, b914, b1165)),Vec[Fix[TRUE,_24,_8]]) [Made: true]
    x1648 = RegNew(Const(0)) [Made: true]
    x965 = FringeDenseLoad(x900,x935,x937) [Made: true]
    x1510 = SRAMBankedRead(x934,Vector(List(x1500, Const(0))),Vector(x1509),Vector(Set(b925, b1006, b1167, b1499, b914, b1416)),Vec[Fix[TRUE,_24,_8]]) [Made: true]
    x1251 = FixDivSRA(b1161,Const(2)) [Made: true]
    x1764 = RegRead(x916) [Made: true]
    x1146 = StreamInBankedRead(x1090,ArrayBuffer(Set(b1139, b1122))) [Made: true]
    x1680 = RegRead(x1647) [Made: true]
    x1103 = RegRead(x1011) [Made: true]
    x1219 = FixMul(x1214,x1218) [Made: true]
    x1483 = SRAMBankedRead(x1018,Vector(List(x1477, x1478)),Vector(x1482),Vector(Set(b1415, b925, b1006, b1167, b1476, b914)),Vec[Fix[TRUE,_24,_8]]) [Made: true]
    x1273 = FixMod(b1184,Const(4)) [Made: true]
    x1548 = FixSLA(x1547,Const(2)) [Made: true]
    b1301 [Made: true]
    x1595 = FixDivSRA(b1525,Const(2)) [Made: true]
    x1374 = VecApply(x1373,0) [Made: true]
    x1631 = FixAdd(x1621,x1630) [Made: true]
    x1154 = SRAMBankedWrite(x1019,Vector(x1147),Vector(List(x1148, x1149)),Vector(x1153),Vector(Set(x1144, b1139, b1122))) [Made: true]
    x975 = FieldApply(x974,start) [Made: true]
    x1615 = FixMod(b1526,Const(4)) [Made: true]
    x1784 = RegRead(x916) [Made: true]
    x1389 = FixSLA(x1388,Const(2)) [Made: true]
    x1125 = RegNew(Const(0)) [Made: true]
    x1620 = SRAMBankedRead(x1018,Vector(List(x1614, x1615)),Vector(x1619),Vector(Set(b1168, b1613, b925, b1006, b1530, b914)),Vec[Fix[TRUE,_24,_8]]) [Made: true]
    x1652 = FixAdd(x1651,b1005) [Made: true]
    x1388 = FixDivSRA(b1162,Const(2)) [Made: true]
    x1535 = CounterNew(Const(0),x1787,Const(1),Const(1)) [Made: true]
    x958 = FixAdd(x956,x957) [Made: true]
    x1403 = FixAdd(x1393,x1402) [Made: true]
    x1701 = UnitPipe(Set(b1006, b925, b914),Block(Const(())),None) [Made: true]
    x1520 = UnrolledForeach(Set(b925, b1006, b1167, b914, b1416),x1428,Block(Const(())),List(List(b1498)),List(List(b1499)),None) [Made: true]
    x1124 = RegNew(Const(0)) [Made: true]
    x1256 = VecApply(x1255,0) [Made: true]
    x1226 = FixMod(b1161,Const(4)) [Made: true]
    x1488 = VecApply(x1487,0) [Made: true]
    x1428 = CounterChainNew(List(x1424)) [Made: true]
    b1139 [Made: true]
    x1503 = FixSLA(x1502,Const(2)) [Made: true]
    x1786 = RegRead(x916) [Made: true]
    x1669 = RegWrite(x1646,x1656,Set()) [Made: true]
    x936 = FIFONew(Const(16)) [Made: true]
    b1271 [Made: true]
    x1371 = FixSLA(x1365,Const(4)) [Made: true]
    x1312 = CounterChainNew(List(x1308)) [Made: true]
    x1635 = ParallelPipe(Set(b1168, b1006, b925, b914),Block(Const(()))) [Made: true]
    x1058 = FIFOBankedDeq(x1021,ArrayBuffer(Set(Const(true))),Vec[IssuedCmd]) [Made: true]
    x1107 = FixSLA(x1106,Const(4)) [Made: true]
    x1239 = FixAdd(x1238,x1230) [Made: true]
    x1332 = VecApply(x1331,0) [Made: true]
    x1092 = CounterChainNew(List(x1091)) [Made: true]
    x1765 = RegRead(x916) [Made: true]
    x1090 = StreamInNew(BurstDataBus()) [Made: true]
    x919 = FixMin(Const(16),x918) [Made: true]
    x1258 = FixAdd(x1257,b1247) [Made: true]
    x1464 = SRAMBankedRead(x934,Vector(List(x1454, Const(0))),Vector(x1463),Vector(Set(b925, b1006, b1414, b1167, b1453, b914)),Vec[Fix[TRUE,_24,_8]]) [Made: true]
    x947 = FixSLA(x946,Const(4)) [Made: true]
    x1638 = UnrolledForeach(Set(b1006, b925, b914),x1160,Block(Const(())),List(List(b1161, b1162, b1163, b1164)),List(List(b1165, b1166, b1167, b1168)),None) [Made: true]
    b1224 [Made: true]
    x1356 = FixMul(x1351,x1355) [Made: true]
    x1675 = CounterChainNew(List(x1674)) [Made: true]
    x979 = FieldApply(x974,size) [Made: true]
    x1194 = CounterNew(Const(0),x1776,Const(1),Const(1)) [Made: true]
    x1209 = SRAMBankedRead(x1018,Vector(List(x1203, x1204)),Vector(x1208),Vector(Set(b925, b1006, b1202, b1185, b914, b1165)),Vec[Fix[TRUE,_24,_8]]) [Made: true]
    x900 = DRAMHostNew(List(x898, x899),Const(0)) [Made: false]
    x1408 = UnrolledForeach(Set(b1166, b1006, b925, b914),x1178,Block(Const(())),List(List(b1295, b1296, b1297, b1298)),List(List(b1299, b1300, b1301, b1302)),None) [Made: true]
    x1282 = SRAMBankedRead(x934,Vector(List(x1272, Const(0))),Vector(x1281),Vector(Set(b925, b1006, b1271, b1188, b914, b1165)),Vec[Fix[TRUE,_24,_8]]) [Made: true]
    x1117 = UnrolledForeach(Set(),x1092,Block(Const(())),List(List(b1093)),List(List(b1094)),None) [Made: true]
    x1574 = SRAMBankedRead(x1018,Vector(List(x1568, x1569)),Vector(x1573),Vector(Set(b1168, b925, b1006, b1567, b1528, b914)),Vec[Fix[TRUE,_24,_8]]) [Made: true]
    x1011 = RegNew(Const(0)) [Made: true]
    b1524 [Made: true]
    x1048 = FIFOBankedEnq(x1021,ArrayBuffer(x1047),ArrayBuffer(Set(Const(true), b1026))) [Made: true]
    x1349 = FixAdd(x1348,b1338) [Made: true]
    b1589 [Made: true]
    x990 = FixLst(b985,x989) [Made: true]
    x996 = FixDivSRA(b968,Const(2)) [Made: true]
    x1492 = VecApply(x1491,0) [Made: true]
    x1603 = FixSLA(b1589,Const(2)) [Made: true]
    x1542 = CounterChainNew(List(x1538)) [Made: true]
    x1144 = And(x1141,x1143) [Made: true]
    x1771 = RegRead(x1011) [Made: true]
    x880 = ArgInNew(Const(0)) [Made: false]
    x1043 = FixAdd(x1041,x1042) [Made: true]
    b1122 [Made: true]
    x1690 = SRAMBankedRead(x1019,Vector(List(x1684, x1685)),Vector(x1689),Vector(Set(x1682, b1677)),Vec[Fix[TRUE,_24,_8]]) [Made: true]
    x1571 = FixSLA(x1570,Const(2)) [Made: true]
    x1376 = FixAdd(x1375,x1367) [Made: true]
    x1439 = FixSLA(x1433,Const(4)) [Made: true]
    x1307 = CounterNew(Const(0),x1779,Const(1),Const(1)) [Made: true]
    x1175 = CounterNew(Const(0),x1773,Const(1),Const(4)) [Made: true]
    x1667 = DRAMIsAlloc(x906) [Made: true]
    x1471 = FixAdd(x1461,x1470) [Made: true]
    x1080 = FixMod(x1077,Const(4)) [Made: true]
    b1339 [Made: true]
    x1557 = FixSLA(b1543,Const(2)) [Made: true]
    x1630 = FixMul(x1625,x1629) [Made: true]
    b1162 [Made: true]
    x1325 = FixSLA(x1319,Const(4)) [Made: true]
    x1029 = FixMul(x1027,x1028) [Made: true]
    x1149 = FixMod(x1145,Const(4)) [Made: true]
    x964 = UnrolledForeach(Set(),x939,Block(Const(())),List(List(b940)),List(List(b941)),None) [Made: true]
    x1344 = FixDivSRA(b1296,Const(2)) [Made: true]
    x1556 = VecApply(x1555,0) [Made: true]
    x1460 = SRAMBankedRead(x1018,Vector(List(x1454, x1455)),Vector(x1459),Vector(Set(b925, b1006, b1414, b1167, b1453, b914)),Vec[Fix[TRUE,_24,_8]]) [Made: true]
    x943 = RegRead(x880) [Made: true]
    x1022 = StreamInNew(BurstDataBus()) [Made: true]
    x1293 = ParallelPipe(Set(b1165, b1006, b925, b914),Block(Const(()))) [Made: true]
    x1177 = CounterChainNew(List(x1173)) [Made: true]
    x1381 = SRAMBankedWrite(x1019,Vector(x1380),Vector(List(x1363, x1364)),Vector(x1368),Vector(Set(b1362, b925, b1006, b1301, b1166, b914))) [Made: true]
    x932 = UnitPipe(Set(b925, b914),Block(Const(())),None) [Made: true]
    x1061 = RegWrite(x1055,x1060,Set()) [Made: true]
    x1112 = SimpleStruct(ArrayBuffer((offset,x1111), (size,x1108), (isLoad,Const(true)))) [Made: true]
    x1688 = FixDivSRA(x1683,Const(2)) [Made: true]
    x912 = CounterChainNew(List(x911)) [Made: true]
    x983 = CounterNew(Const(0),x1762,Const(1),Const(1)) [Made: true]
    x1198 = CounterChainNew(List(x1194)) [Made: true]
    x1396 = SRAMBankedRead(x934,Vector(List(x1386, Const(0))),Vector(x1395),Vector(Set(b1302, b925, b1006, b1166, b1385, b914)),Vec[Fix[TRUE,_24,_8]]) [Made: true]
    x1474 = UnrolledForeach(Set(b925, b1006, b1414, b1167, b914),x1426,Block(Const(())),List(List(b1452)),List(List(b1453)),None) [Made: true]
    x1594 = FixSLA(x1593,Const(2)) [Made: true]
    x1699 = UnitPipe(Set(b1645),Block(Const(())),None) [Made: true]
    x959 = SimpleStruct(ArrayBuffer((offset,x958), (size,x955), (isLoad,Const(true)))) [Made: true]
    x1213 = SRAMBankedRead(x934,Vector(List(x1203, Const(0))),Vector(x1212),Vector(Set(b925, b1006, b1202, b1185, b914, b1165)),Vec[Fix[TRUE,_24,_8]]) [Made: true]
    x1044 = SimpleStruct(ArrayBuffer((offset,x1043), (size,x1040), (isLoad,Const(true)))) [Made: true]
    x1245 = SRAMBankedWrite(x1018,Vector(x1243),Vector(List(x1226, x1227)),Vector(x1231),Vector(Set(b925, b1006, b1225, b1186, b914, b1165))) [Made: true]
    x1066 = UnitPipe(Set(b1054),Block(Const(())),None) [Made: true]
    x1445 = SRAMBankedRead(x1017,Vector(List(Const(0), x1432)),Vector(x1444),Vector(Set(b1430, b925, b1006, b1167, b1413, b914)),Vec[Fix[TRUE,_24,_8]]) [Made: true]
    b1528 [Made: true]
    x1643 = CounterChainNew(List(x1642)) [Made: true]
    x1015 = RegWrite(x1011,x1014,Set()) [Made: true]
    x1176 = CounterNew(Const(0),x1774,Const(1),Const(4)) [Made: true]
    b986 [Made: true]
    x1113 = DRAMIsAlloc(x906) [Made: true]
    x1775 = RegRead(x916) [Made: true]
    x1000 = UnrolledForeach(Set(b969),x984,Block(Const(())),List(List(b985)),List(List(b986)),None) [Made: true]
    x1435 = FixDivSRA(b1409,Const(2)) [Made: true]
    x1477 = FixMod(b1163,Const(4)) [Made: true]
    x1364 = FixMod(b1297,Const(4)) [Made: true]
    x1250 = FixMod(b1183,Const(4)) [Made: true]
    x1496 = SRAMBankedWrite(x1018,Vector(x1494),Vector(List(x1477, x1478)),Vector(x1482),Vector(Set(b1415, b925, b1006, b1167, b1476, b914))) [Made: true]
    x1102 = FixSub(x1098,x1100) [Made: true]
    x1694 = UnrolledForeach(Set(),x1675,Block(Const(())),List(List(b1676)),List(List(b1677)),None) [Made: true]
    x922 = CounterNew(Const(0),x1759,Const(16),Const(1)) [Made: true]
    x1562 = FixAdd(x1552,x1561) [Made: true]
    b1413 [Made: true]
    x1076 = And(x1073,x1075) [Made: true]
    x1626 = FixSLA(b1612,Const(2)) [Made: true]
    x1034 = FixSub(x1030,x1032) [Made: true]
    x1583 = VecApply(x1582,0) [Made: true]
    x1662 = FixSLA(x1661,Const(2)) [Made: true]
    x1758 = RegRead(x880) [Made: true]
    b1166 [Made: true]
    x1203 = FixMod(b1161,Const(4)) [Made: true]
    x1208 = FixAdd(x1206,x1207) [Made: true]
    x944 = FixMul(x942,x943) [Made: true]
    x1467 = FixAdd(x1466,x1458) [Made: true]
    x927 = RegNew(Const(0)) [Made: true]
    x1684 = FixMod(b1644,Const(4)) [Made: true]
    x1277 = FixAdd(x1275,x1276) [Made: true]
    x1134 = UnitPipe(Set(b1122),Block(Const(())),None) [Made: true]
    x1509 = FixAdd(x1508,b1498) [Made: true]
    x1081 = FixSLA(b1053,Const(2)) [Made: true]
    x939 = CounterChainNew(List(x938)) [Made: true]
    x1340 = FixMod(b1162,Const(4)) [Made: true]
    x1472 = SRAMBankedWrite(x1019,Vector(x1471),Vector(List(x1454, x1455)),Vector(x1459),Vector(Set(b925, b1006, b1414, b1167, b1453, b914))) [Made: true]
    x1145 = FixSub(b1138,x1140) [Made: true]
    x1018 = SRAMNew(List(Const(16), Const(16)),SRAM2[Fix[TRUE,_24,_8]]) [Made: true]
    b968 [Made: true]
    b1181 [Made: true]
    x1551 = SRAMBankedRead(x1018,Vector(List(x1545, x1546)),Vector(x1550),Vector(Set(b1168, b1544, b925, b1006, b914, b1527)),Vec[Fix[TRUE,_24,_8]]) [Made: true]
    x1049 = UnrolledForeach(Set(),x1024,Block(Const(())),List(List(b1025)),List(List(b1026)),None) [Made: true]
    x1547 = FixDivSRA(b1164,Const(2)) [Made: true]
    x1003 = CounterNew(Const(0),x1763,Const(16),Const(1)) [Made: true]
    x1770 = RegRead(x927) [Made: true]
    x1516 = FixMul(x1511,x1515) [Made: true]
    x1598 = VecApply(x1597,0) [Made: true]
    b1025 [Made: true]
    b1070 [Made: true]
    x1611 = UnrolledForeach(Set(b1168, b1529, b925, b1006, b914),x1541,Block(Const(())),List(List(b1589)),List(List(b1590)),None) [Made: true]
    x1156 = UnrolledForeach(Set(b1122),x1137,Block(Const(())),List(List(b1138)),List(List(b1139)),None) [Made: true]
    b1225 [Made: true]
    x1400 = SRAMBankedRead(x1017,Vector(List(Const(0), x1387)),Vector(x1399),Vector(Set(b1302, b925, b1006, b1166, b1385, b914)),Vec[Fix[TRUE,_24,_8]]) [Made: true]
    x971 = RegNew(Const(0)) [Made: true]
    b1566 [Made: true]
    x1605 = SRAMBankedRead(x1017,Vector(List(Const(0), x1592)),Vector(x1604),Vector(Set(b1168, b1529, b925, b1006, b1590, b914)),Vec[Fix[TRUE,_24,_8]]) [Made: true]
    x1647 = RegNew(Const(0)) [Made: true]
    x954 = FixSLA(x953,Const(4)) [Made: true]
    x1252 = FixSLA(x1251,Const(2)) [Made: true]
    x1368 = FixAdd(x1366,x1367) [Made: true]
    x1780 = RegRead(x916) [Made: true]
    x1267 = SRAMBankedWrite(x1019,Vector(x1266),Vector(List(x1249, x1250)),Vector(x1254),Vector(Set(b925, b1006, b1187, b914, b1248, b1165))) [Made: true]
    x1230 = FixDivSRA(b1182,Const(2)) [Made: true]
    x1484 = VecApply(x1483,0) [Made: true]
    x1098 = FixAdd(x1097,b1005) [Made: true]
    x993 = StreamInBankedRead(x937,ArrayBuffer(Set(b986, b969))) [Made: true]
    b1053 [Made: true]
    b1499 [Made: true]
    x1790 = RegRead(x916) [Made: true]
    x1432 = FixMod(b1409,Const(4)) [Made: true]
    b1300 [Made: true]
    b1452 [Made: true]
    x1637 = ParallelPipe(Set(b1006, b925, b914),Block(Const(()))) [Made: true]
    b1188 [Made: true]
    b1186 [Made: true]
    x1038 = FixDivSRA(x1037,Const(4)) [Made: true]
    x1785 = RegRead(x916) [Made: true]
    x1262 = FixAdd(x1261,x1253) [Made: true]
    x1235 = FixAdd(x1234,b1224) [Made: true]
    x1317 = FixMod(b1162,Const(4)) [Made: true]
    x1763 = RegRead(x879) [Made: true]
    x1085 = UnrolledForeach(Set(b1054),x1069,Block(Const(())),List(List(b1070)),List(List(b1071)),None) [Made: true]
    x1658 = FixAdd(x1656,x1657) [Made: true]
    x1538 = CounterNew(Const(0),x1790,Const(1),Const(1)) [Made: true]
    x951 = FixAdd(x949,x950) [Made: true]
    x1679 = FixLeq(x1678,b1676) [Made: true]
    x1130 = FieldApply(x1127,end) [Made: true]
    x1579 = VecApply(x1578,0) [Made: true]
    x1285 = FixAdd(x1284,x1276) [Made: true]
    x1218 = VecApply(x1217,0) [Made: true]
    x1336 = SRAMBankedWrite(x1018,Vector(x1334),Vector(List(x1317, x1318)),Vector(x1322),Vector(Set(b925, b1006, b1166, b1316, b914, b1299))) [Made: true]
    x1220 = FixAdd(x1210,x1219) [Made: true]
    x1404 = SRAMBankedWrite(x1019,Vector(x1403),Vector(List(x1386, x1387)),Vector(x1391),Vector(Set(b1302, b925, b1006, b1166, b1385, b914))) [Made: true]
    x1358 = SRAMBankedWrite(x1019,Vector(x1357),Vector(List(x1340, x1341)),Vector(x1345),Vector(Set(b925, b1006, b1339, b1166, b1300, b914))) [Made: true]
    b1543 [Made: true]
    x1766 = RegRead(x1057) [Made: true]
    x1257 = FixSLA(x1251,Const(4)) [Made: true]
    x1141 = FixLeq(x1140,b1138) [Made: true]
    x1536 = CounterNew(Const(0),x1788,Const(1),Const(1)) [Made: true]
    x1023 = CounterNew(Const(0),x1764,Const(1),Const(1)) [Made: true]
    x1702 = UnrolledForeach(Set(b925, b914),x1004,Block(Const(())),List(List(b1005)),List(List(b1006)),None) [Made: true]
    x1221 = SRAMBankedWrite(x1019,Vector(x1220),Vector(List(x1203, x1204)),Vector(x1208),Vector(Set(b925, b1006, b1202, b1185, b914, b1165))) [Made: true]
    x1284 = FixSLA(b1270,Const(2)) [Made: true]
    x1353 = FixAdd(x1352,x1344) [Made: true]
    x1485 = FixSLA(x1479,Const(4)) [Made: true]
    x1052 = CounterChainNew(List(x1051)) [Made: true]
    x1506 = SRAMBankedRead(x1018,Vector(List(x1500, x1501)),Vector(x1505),Vector(Set(b925, b1006, b1167, b1499, b914, b1416)),Vec[Fix[TRUE,_24,_8]]) [Made: true]
    x1427 = CounterChainNew(List(x1423)) [Made: true]
    x1504 = FixDivSRA(b1412,Const(2)) [Made: true]
    x1585 = FixAdd(x1575,x1584) [Made: true]
    b1094 [Made: true]
    x978 = RegWrite(x971,x977,Set()) [Made: true]
    x1140 = RegRead(x1123) [Made: true]
    x1670 = RegWrite(x1647,x1658,Set()) [Made: true]
    x1372 = FixAdd(x1371,b1361) [Made: true]
    x1272 = FixMod(b1161,Const(4)) [Made: true]
    x1240 = SRAMBankedRead(x1017,Vector(List(Const(0), x1227)),Vector(x1239),Vector(Set(b925, b1006, b1225, b1186, b914, b1165)),Vec[Fix[TRUE,_24,_8]]) [Made: true]
    x991 = And(x988,x990) [Made: true]
    x1617 = FixSLA(x1616,Const(2)) [Made: true]
    x1421 = CounterNew(Const(0),x1783,Const(1),Const(1)) [Made: true]
    b1316 [Made: true]
    x1649 = FixAdd(b924,b1644) [Made: true]
    x1084 = SRAMBankedWrite(x1017,Vector(x1079),Vector(List(Const(0), x1080)),Vector(x1083),Vector(Set(x1076, b1071, b1054))) [Made: true]
    x1459 = FixAdd(x1457,x1458) [Made: true]
    x1180 = CounterChainNew(List(x1176)) [Made: true]
    x931 = RegWrite(x927,x930,Set()) [Made: true]
    x1685 = FixMod(x1683,Const(4)) [Made: true]
    x1553 = FixSLA(x1547,Const(4)) [Made: true]
    x1157 = UnrolledForeach(Set(),x1120,Block(Const(())),List(List(b1121)),List(List(b1122)),None) [Made: true]
    x1321 = FixDivSRA(b1295,Const(2)) [Made: true]
    x976 = RegWrite(x970,x975,Set()) [Made: true]
    x903 = DRAMHostNew(List(x901, x902),Const(0)) [Made: false]
    x1654 = FixSLA(x1653,Const(4)) [Made: true]
    b1412 [Made: true]
    x1517 = FixAdd(x1507,x1516) [Made: true]
    x1781 = RegRead(x916) [Made: true]
    x1216 = FixAdd(x1215,x1207) [Made: true]
    x1126 = FIFOBankedDeq(x1089,ArrayBuffer(Set(Const(true))),Vec[IssuedCmd]) [Made: true]
    x1448 = FixAdd(x1438,x1447) [Made: true]
    x1390 = FixDivSRA(b1298,Const(2)) [Made: true]
    x1575 = VecApply(x1574,0) [Made: true]
    x1289 = FixAdd(x1279,x1288) [Made: true]
    b1453 [Made: true]
    x1108 = FixSLA(x1107,Const(2)) [Made: true]
    x1276 = FixDivSRA(b1184,Const(2)) [Made: true]
    b1590 [Made: true]
    x1646 = RegNew(Const(0)) [Made: true]
    x1326 = FixAdd(x1325,b1315) [Made: true]
    x1253 = FixDivSRA(b1183,Const(2)) [Made: true]
    x961 = StreamOutBankedWrite(x935,ArrayBuffer(x959),ArrayBuffer(Set(x960, b941))) [Made: true]
    b1385 [Made: true]
    x963 = FIFOBankedEnq(x936,ArrayBuffer(x962),ArrayBuffer(Set(Const(true), b941))) [Made: true]
    b1476 [Made: true]
    x1341 = FixMod(b1296,Const(4)) [Made: true]
    x1674 = CounterNew(Const(0),x1792,Const(1),Const(1)) [Made: true]
    x1639 = StreamOutNew(BurstCmdBus) [Made: true]
    x1062 = FieldApply(x1059,end) [Made: true]
    x1508 = FixSLA(x1502,Const(4)) [Made: true]
    x1481 = FixDivSRA(b1411,Const(2)) [Made: true]
    x946 = FixDivSRA(x945,Const(4)) [Made: true]
    x1101 = FixSLA(x1100,Const(2)) [Made: true]
    x1629 = VecApply(x1628,0) [Made: true]
    x1244 = SRAMBankedWrite(x1019,Vector(x1243),Vector(List(x1226, x1227)),Vector(x1231),Vector(Set(b925, b1006, b1225, b1186, b914, b1165))) [Made: true]
    b1523 [Made: true]
    x995 = FixMod(b968,Const(4)) [Made: true]
    x1558 = FixAdd(x1557,x1549) [Made: true]
    x1030 = FixAdd(x1029,b1005) [Made: true]
    x1491 = SRAMBankedRead(x1017,Vector(List(Const(0), x1478)),Vector(x1490),Vector(Set(b1415, b925, b1006, b1167, b1476, b914)),Vec[Fix[TRUE,_24,_8]]) [Made: true]
    x1689 = FixAdd(x1687,x1688) [Made: true]
    b914 [Made: true]
    x1777 = RegRead(x916) [Made: true]
    x1294 = UnrolledForeach(Set(b1165, b1006, b925, b914),x1177,Block(Const(())),List(List(b1181, b1182, b1183, b1184)),List(List(b1185, b1186, b1187, b1188)),None) [Made: true]
    x1440 = FixAdd(x1439,b1429) [Made: true]
    x929 = FixSub(x928,b924) [Made: true]
    x1308 = CounterNew(Const(0),x1780,Const(1),Const(1)) [Made: true]
    x1193 = CounterNew(Const(0),x1775,Const(1),Const(1)) [Made: true]
    x1077 = FixSub(b1070,x1072) [Made: true]
    x1212 = FixAdd(x1211,b1201) [Made: true]
    x1607 = FixMul(x1602,x1606) [Made: true]
    x1513 = FixAdd(x1512,x1504) [Made: true]
    x1661 = FixSLA(x1660,Const(4)) [Made: true]
    x1309 = CounterNew(Const(0),x1781,Const(1),Const(1)) [Made: true]
    x1444 = FixAdd(x1443,x1435) [Made: true]
    x1442 = VecApply(x1441,0) [Made: true]
    x1045 = DRAMIsAlloc(x903) [Made: true]
    b1161 [Made: true]
    x1614 = FixMod(b1164,Const(4)) [Made: true]
    x1116 = FIFOBankedEnq(x1089,ArrayBuffer(x1115),ArrayBuffer(Set(Const(true), b1094))) [Made: true]
    x1133 = RegWrite(x1125,x1132,Set()) [Made: true]
    x1348 = FixSLA(x1342,Const(4)) [Made: true]
    x999 = SRAMBankedWrite(x934,Vector(x994),Vector(List(x995, Const(0))),Vector(x998),Vector(Set(x991, b986, b969))) [Made: true]
    x1642 = CounterNew(Const(0),x1791,Const(1),Const(1)) [Made: true]
    x1512 = FixSLA(b1498,Const(2)) [Made: true]
    x1774 = RegRead(x1011) [Made: true]
    x1280 = FixSLA(x1274,Const(4)) [Made: true]
    x1578 = SRAMBankedRead(x934,Vector(List(x1568, Const(0))),Vector(x1577),Vector(Set(b1168, b925, b1006, b1567, b1528, b914)),Vec[Fix[TRUE,_24,_8]]) [Made: true]
    x1678 = RegRead(x1646) [Made: true]
    x967 = CounterChainNew(List(x966)) [Made: true]
    x950 = RegRead(x916) [Made: true]
    x1097 = FixMul(x1095,x1096) [Made: true]
    x1229 = FixSLA(x1228,Const(2)) [Made: true]
    x1546 = FixMod(b1523,Const(4)) [Made: true]
    x1395 = FixAdd(x1394,b1384) [Made: true]
    x1625 = VecApply(x1624,0) [Made: true]
    x1593 = FixDivSRA(b1164,Const(2)) [Made: true]
    x1380 = FixAdd(x1370,x1379) [Made: true]
    b1527 [Made: true]
    x1148 = FixMod(b1121,Const(4)) [Made: true]
    b1248 [Made: true]
    x1480 = FixSLA(x1479,Const(2)) [Made: true]
    x1436 = FixAdd(x1434,x1435) [Made: true]
    x918 = FixSub(x917,b913) [Made: true]
    x1363 = FixMod(b1162,Const(4)) [Made: true]
    x1314 = CounterChainNew(List(x1310)) [Made: true]
    x1495 = SRAMBankedWrite(x1019,Vector(x1494),Vector(List(x1477, x1478)),Vector(x1482),Vector(Set(b1415, b925, b1006, b1167, b1476, b914))) [Made: true]
    x1657 = RegRead(x1011) [Made: true]
    x1335 = SRAMBankedWrite(x1019,Vector(x1334),Vector(List(x1317, x1318)),Vector(x1322),Vector(Set(b925, b1006, b1166, b1316, b914, b1299))) [Made: true]
    x1693 = StreamOutBankedWrite(x1640,ArrayBuffer(x1692),ArrayBuffer(Set(b1677))) [Made: true]
    x1561 = FixMul(x1556,x1560) [Made: true]
    b1410 [Made: true]
    x1056 = RegNew(Const(0)) [Made: true]
    x1789 = RegRead(x916) [Made: true]
    x1033 = FixSLA(x1032,Const(2)) [Made: true]
    x1288 = FixMul(x1283,x1287) [Made: true]
    x1197 = CounterChainNew(List(x1193)) [Made: true]
    x960 = DRAMIsAlloc(x900) [Made: true]
    x1473 = SRAMBankedWrite(x1018,Vector(x1471),Vector(List(x1454, x1455)),Vector(x1459),Vector(Set(b925, b1006, b1414, b1167, b1453, b914))) [Made: true]
    x1065 = RegWrite(x1057,x1064,Set()) [Made: true]
    b1165 [Made: true]
    x955 = FixSLA(x954,Const(2)) [Made: true]
    x1346 = SRAMBankedRead(x1018,Vector(List(x1340, x1341)),Vector(x1345),Vector(Set(b925, b1006, b1339, b1166, b1300, b914)),Vec[Fix[TRUE,_24,_8]]) [Made: true]
    x1610 = SRAMBankedWrite(x1018,Vector(x1608),Vector(List(x1591, x1592)),Vector(x1596),Vector(Set(b1168, b1529, b925, b1006, b1590, b914))) [Made: true]
    x928 = RegRead(x878) [Made: true]
    b1093 [Made: true]
    x1236 = SRAMBankedRead(x934,Vector(List(x1226, Const(0))),Vector(x1235),Vector(Set(b925, b1006, b1225, b1186, b914, b1165)),Vec[Fix[TRUE,_24,_8]]) [Made: true]
    x987 = RegRead(x970) [Made: true]
    x1352 = FixSLA(b1338,Const(2)) [Made: true]
    x1129 = RegWrite(x1123,x1128,Set()) [Made: true]
    x1261 = FixSLA(b1247,Const(2)) [Made: true]
    x1268 = SRAMBankedWrite(x1018,Vector(x1266),Vector(List(x1249, x1250)),Vector(x1254),Vector(Set(b925, b1006, b1187, b914, b1248, b1165))) [Made: true]
    x1152 = FixDivSRA(x1145,Const(2)) [Made: true]
    b1384 [Made: true]
    x1537 = CounterNew(Const(0),x1789,Const(1),Const(1)) [Made: true]
    x1378 = VecApply(x1377,0) [Made: true]
    x1582 = SRAMBankedRead(x1017,Vector(List(Const(0), x1569)),Vector(x1581),Vector(Set(b1168, b925, b1006, b1567, b1528, b914)),Vec[Fix[TRUE,_24,_8]]) [Made: true]
    x1019 = SRAMNew(List(Const(16), Const(16)),SRAM2[Fix[TRUE,_24,_8]]) [Made: true]
    x1550 = FixAdd(x1548,x1549) [Made: true]
    x1357 = FixAdd(x1347,x1356) [Made: true]
    x992 = FixSub(b985,x987) [Made: true]
    x1500 = FixMod(b1163,Const(4)) [Made: true]
    x1597 = SRAMBankedRead(x1018,Vector(List(x1591, x1592)),Vector(x1596),Vector(Set(b1168, b1529, b925, b1006, b1590, b914)),Vec[Fix[TRUE,_24,_8]]) [Made: true]
    x1431 = FixMod(b1163,Const(4)) [Made: true]
    x1004 = CounterChainNew(List(x1003)) [Made: true]
    b1299 [Made: true]
    x1505 = FixAdd(x1503,x1504) [Made: true]
    x1399 = FixAdd(x1398,x1390) [Made: true]
    x1621 = VecApply(x1620,0) [Made: true]
    x1120 = CounterChainNew(List(x1119)) [Made: true]
    x1331 = SRAMBankedRead(x1017,Vector(List(Const(0), x1318)),Vector(x1330),Vector(Set(b925, b1006, b1166, b1316, b914, b1299)),Vec[Fix[TRUE,_24,_8]]) [Made: true]
    x1606 = VecApply(x1605,0) [Made: true]
    x1320 = FixSLA(x1319,Const(2)) [Made: true]
    x1653 = FixDivSRA(x1652,Const(4)) [Made: true]
    x1367 = FixDivSRA(b1297,Const(2)) [Made: true]
    b940 [Made: true]
    x935 = StreamOutNew(BurstCmdBus) [Made: true]
    x923 = CounterChainNew(List(x922)) [Made: true]
    x1681 = FixLst(b1676,x1680) [Made: true]
    b1184 [Made: true]
    x1463 = FixAdd(x1462,b1452) [Made: true]
    x1565 = UnrolledForeach(Set(b1168, b925, b1006, b914, b1527),x1539,Block(Const(())),List(List(b1543)),List(List(b1544)),None) [Made: true]
    x1490 = FixAdd(x1489,x1481) [Made: true]
    x1037 = FixAdd(x1036,Const(15)) [Made: true]
    b1416 [Made: true]
    x1769 = RegRead(x1125) [Made: true]
    x1088 = StreamOutNew(BurstCmdBus) [Made: true]
    x1204 = FixMod(b1181,Const(4)) [Made: true]
    x1449 = SRAMBankedWrite(x1019,Vector(x1448),Vector(List(x1431, x1432)),Vector(x1436),Vector(Set(b1430, b925, b1006, b1167, b1413, b914))) [Made: true]
    x1468 = SRAMBankedRead(x1017,Vector(List(Const(0), x1455)),Vector(x1467),Vector(Set(b925, b1006, b1414, b1167, b1453, b914)),Vec[Fix[TRUE,_24,_8]]) [Made: true]
    x1069 = CounterChainNew(List(x1068)) [Made: true]
    x1014 = FixMin(Const(16),x1013) [Made: true]
    x972 = RegNew(Const(0)) [Made: true]
