                Cannot statically determine b968 % 4
                Residual Generator for lane List(0) with step 1, lin 1 and start 0 + 0 under mod 4 = 1, List(0)
                  Cannot statically determine x1077 % 4
                  Cannot statically determine b1121 % 4
                  Residual Generator for lane List(0) with step 1, lin 1 and start 0 + 0 under mod 4 = 1, List(0)
                  Cannot statically determine x1145 % 4
                      Residual Generator for lane List(0) with step 1, lin 1 and start 0 + 0 under mod 4 = 4, List(0)
                      Residual Generator for lane List(0) with step 1, lin 1 and start 0 + 0 under mod 4 = 4, List(0)
                      Residual Generator for lane List(0) with step 1, lin 1 and start 0 + 0 under mod 4 = 4, List(0)
                      Residual Generator for lane List(1) with step 1, lin 1 and start 0 + 0 under mod 4 = 4, List(1)
                      Residual Generator for lane List(0) with step 1, lin 1 and start 0 + 0 under mod 4 = 4, List(0)
                      Residual Generator for lane List(2) with step 1, lin 1 and start 0 + 0 under mod 4 = 4, List(2)
                      Residual Generator for lane List(0) with step 1, lin 1 and start 0 + 0 under mod 4 = 4, List(0)
                      Residual Generator for lane List(3) with step 1, lin 1 and start 0 + 0 under mod 4 = 4, List(3)
                      Residual Generator for lane List(1) with step 1, lin 1 and start 0 + 0 under mod 4 = 4, List(1)
                      Residual Generator for lane List(0) with step 1, lin 1 and start 0 + 0 under mod 4 = 4, List(0)
                      Residual Generator for lane List(1) with step 1, lin 1 and start 0 + 0 under mod 4 = 4, List(1)
                      Residual Generator for lane List(1) with step 1, lin 1 and start 0 + 0 under mod 4 = 4, List(1)
                      Residual Generator for lane List(1) with step 1, lin 1 and start 0 + 0 under mod 4 = 4, List(1)
                      Residual Generator for lane List(2) with step 1, lin 1 and start 0 + 0 under mod 4 = 4, List(2)
                      Residual Generator for lane List(1) with step 1, lin 1 and start 0 + 0 under mod 4 = 4, List(1)
                      Residual Generator for lane List(3) with step 1, lin 1 and start 0 + 0 under mod 4 = 4, List(3)
                      Residual Generator for lane List(2) with step 1, lin 1 and start 0 + 0 under mod 4 = 4, List(2)
                      Residual Generator for lane List(0) with step 1, lin 1 and start 0 + 0 under mod 4 = 4, List(0)
                      Residual Generator for lane List(2) with step 1, lin 1 and start 0 + 0 under mod 4 = 4, List(2)
                      Residual Generator for lane List(1) with step 1, lin 1 and start 0 + 0 under mod 4 = 4, List(1)
                      Residual Generator for lane List(2) with step 1, lin 1 and start 0 + 0 under mod 4 = 4, List(2)
                      Residual Generator for lane List(2) with step 1, lin 1 and start 0 + 0 under mod 4 = 4, List(2)
                      Residual Generator for lane List(2) with step 1, lin 1 and start 0 + 0 under mod 4 = 4, List(2)
                      Residual Generator for lane List(3) with step 1, lin 1 and start 0 + 0 under mod 4 = 4, List(3)
                      Residual Generator for lane List(3) with step 1, lin 1 and start 0 + 0 under mod 4 = 4, List(3)
                      Residual Generator for lane List(0) with step 1, lin 1 and start 0 + 0 under mod 4 = 4, List(0)
                      Residual Generator for lane List(3) with step 1, lin 1 and start 0 + 0 under mod 4 = 4, List(3)
                      Residual Generator for lane List(1) with step 1, lin 1 and start 0 + 0 under mod 4 = 4, List(1)
                      Residual Generator for lane List(3) with step 1, lin 1 and start 0 + 0 under mod 4 = 4, List(3)
                      Residual Generator for lane List(2) with step 1, lin 1 and start 0 + 0 under mod 4 = 4, List(2)
                      Residual Generator for lane List(3) with step 1, lin 1 and start 0 + 0 under mod 4 = 4, List(3)
                      Residual Generator for lane List(3) with step 1, lin 1 and start 0 + 0 under mod 4 = 4, List(3)
                    Cannot statically determine b1644 % 4
                    Residual Generator for lane List(0) with step 1, lin 1 and start 0 + 0 under mod 4 = 1, List(0)
                    Cannot statically determine x1683 % 4
