      Recomputing depth of x916
        x1788 <-> x920: LCA: x1704 (stage: -1), coarse-dist: 1
        x1782 <-> x920: LCA: x1704 (stage: -1), coarse-dist: 1
        x1778 <-> x920: LCA: x1704 (stage: -1), coarse-dist: 1
        x920 <-> x920: LCA: x921 (stage: -1), coarse-dist: <None>
        x1783 <-> x920: LCA: x1704 (stage: -1), coarse-dist: 1
        x1787 <-> x920: LCA: x1704 (stage: -1), coarse-dist: 1
        x1776 <-> x920: LCA: x1704 (stage: -1), coarse-dist: 1
        x1779 <-> x920: LCA: x1704 (stage: -1), coarse-dist: 1
        x1764 <-> x920: LCA: x1704 (stage: -1), coarse-dist: 1
        x1784 <-> x920: LCA: x1704 (stage: -1), coarse-dist: 1
        x1786 <-> x920: LCA: x1704 (stage: -1), coarse-dist: 1
        x1765 <-> x920: LCA: x1704 (stage: -1), coarse-dist: 1
        x1775 <-> x920: LCA: x1704 (stage: -1), coarse-dist: 1
        x1780 <-> x920: LCA: x1704 (stage: -1), coarse-dist: 1
        x1790 <-> x920: LCA: x1704 (stage: -1), coarse-dist: 1
        x1785 <-> x920: LCA: x1704 (stage: -1), coarse-dist: 1
        x1781 <-> x920: LCA: x1704 (stage: -1), coarse-dist: 1
        x1777 <-> x920: LCA: x1704 (stage: -1), coarse-dist: 1
        x950 <-> x920: LCA: x1704 (stage: -1), coarse-dist: 1
        x1789 <-> x920: LCA: x1704 (stage: -1), coarse-dist: 1
      x1788 <-> x920 # LCA: x1704 (stage: -1), Dist: Some(1)
      x1782 <-> x920 # LCA: x1704 (stage: -1), Dist: Some(1)
      x1778 <-> x920 # LCA: x1704 (stage: -1), Dist: Some(1)
      x920 <-> x920 # LCA: x1704 (stage: -1), Dist: Some(0)
      x1783 <-> x920 # LCA: x1704 (stage: -1), Dist: Some(1)
      x1787 <-> x920 # LCA: x1704 (stage: -1), Dist: Some(1)
      x1776 <-> x920 # LCA: x1704 (stage: -1), Dist: Some(1)
      x1779 <-> x920 # LCA: x1704 (stage: -1), Dist: Some(1)
      x1764 <-> x920 # LCA: x1704 (stage: -1), Dist: Some(1)
      x1784 <-> x920 # LCA: x1704 (stage: -1), Dist: Some(1)
      x1786 <-> x920 # LCA: x1704 (stage: -1), Dist: Some(1)
      x1765 <-> x920 # LCA: x1704 (stage: -1), Dist: Some(1)
      x1775 <-> x920 # LCA: x1704 (stage: -1), Dist: Some(1)
      x1780 <-> x920 # LCA: x1704 (stage: -1), Dist: Some(1)
      x1790 <-> x920 # LCA: x1704 (stage: -1), Dist: Some(1)
      x1785 <-> x920 # LCA: x1704 (stage: -1), Dist: Some(1)
      x1781 <-> x920 # LCA: x1704 (stage: -1), Dist: Some(1)
      x1777 <-> x920 # LCA: x1704 (stage: -1), Dist: Some(1)
      x950 <-> x920 # LCA: x1704 (stage: -1), Dist: Some(1)
      x1789 <-> x920 # LCA: x1704 (stage: -1), Dist: Some(1)
      Memory x916 has conflicting read ports: Bumping x1764 (Port(Some(1),0,1,List(1),List(0))) to muxPort 0 + 1
        Recomputing depth of x927
          x1767 <-> x931: LCA: x1703 (stage: -1), coarse-dist: 2
          x1761 <-> x931: LCA: x1703 (stage: -1), coarse-dist: 1
          x1760 <-> x931: LCA: x1703 (stage: -1), coarse-dist: 1
          x1768 <-> x931: LCA: x1703 (stage: -1), coarse-dist: 2
          x1791 <-> x931: LCA: x1703 (stage: -1), coarse-dist: 2
          x1770 <-> x931: LCA: x1703 (stage: -1), coarse-dist: 2
          x931 <-> x931: LCA: x932 (stage: -1), coarse-dist: <None>
        x1767 <-> x931 # LCA: x1703 (stage: -1), Dist: Some(2)
        x1761 <-> x931 # LCA: x1703 (stage: -1), Dist: Some(1)
        x1760 <-> x931 # LCA: x1703 (stage: -1), Dist: Some(1)
        x1768 <-> x931 # LCA: x1703 (stage: -1), Dist: Some(2)
        x1791 <-> x931 # LCA: x1703 (stage: -1), Dist: Some(2)
        x1770 <-> x931 # LCA: x1703 (stage: -1), Dist: Some(2)
        x931 <-> x931 # LCA: x1703 (stage: -1), Dist: Some(0)
        Memory x927 has conflicting read ports: Bumping x1767 (Port(Some(2),0,2,List(2),List(0))) to muxPort 0 + 1
        Memory x927 has conflicting read ports: Bumping x1761 (Port(Some(1),0,0,List(0),List(0))) to muxPort 1 + 1
        Recomputing depth of x934
          x1327 <-> x999: LCA: x1703 (stage: -1), coarse-dist: 1
          x1441 <-> x999: LCA: x1703 (stage: -1), coarse-dist: 1
          x1601 <-> x999: LCA: x1703 (stage: -1), coarse-dist: 1
          x1373 <-> x999: LCA: x1703 (stage: -1), coarse-dist: 1
          x1487 <-> x999: LCA: x1703 (stage: -1), coarse-dist: 1
          x1555 <-> x999: LCA: x1703 (stage: -1), coarse-dist: 1
          x1624 <-> x999: LCA: x1703 (stage: -1), coarse-dist: 1
          x1350 <-> x999: LCA: x1703 (stage: -1), coarse-dist: 1
          x1259 <-> x999: LCA: x1703 (stage: -1), coarse-dist: 1
          x1510 <-> x999: LCA: x1703 (stage: -1), coarse-dist: 1
          x1464 <-> x999: LCA: x1703 (stage: -1), coarse-dist: 1
          x1282 <-> x999: LCA: x1703 (stage: -1), coarse-dist: 1
          x1396 <-> x999: LCA: x1703 (stage: -1), coarse-dist: 1
          x1213 <-> x999: LCA: x1703 (stage: -1), coarse-dist: 1
          x999 <-> x999: LCA: x1000 (stage: -1), coarse-dist: <None>
          x1578 <-> x999: LCA: x1703 (stage: -1), coarse-dist: 1
          x1236 <-> x999: LCA: x1703 (stage: -1), coarse-dist: 1
        x1327 <-> x999 # LCA: x1703 (stage: -1), Dist: Some(1)
        x1441 <-> x999 # LCA: x1703 (stage: -1), Dist: Some(1)
        x1601 <-> x999 # LCA: x1703 (stage: -1), Dist: Some(1)
        x1373 <-> x999 # LCA: x1703 (stage: -1), Dist: Some(1)
        x1487 <-> x999 # LCA: x1703 (stage: -1), Dist: Some(1)
        x1555 <-> x999 # LCA: x1703 (stage: -1), Dist: Some(1)
        x1624 <-> x999 # LCA: x1703 (stage: -1), Dist: Some(1)
        x1350 <-> x999 # LCA: x1703 (stage: -1), Dist: Some(1)
        x1259 <-> x999 # LCA: x1703 (stage: -1), Dist: Some(1)
        x1510 <-> x999 # LCA: x1703 (stage: -1), Dist: Some(1)
        x1464 <-> x999 # LCA: x1703 (stage: -1), Dist: Some(1)
        x1282 <-> x999 # LCA: x1703 (stage: -1), Dist: Some(1)
        x1396 <-> x999 # LCA: x1703 (stage: -1), Dist: Some(1)
        x1213 <-> x999 # LCA: x1703 (stage: -1), Dist: Some(1)
        x999 <-> x999 # LCA: x1703 (stage: -1), Dist: Some(0)
        x1578 <-> x999 # LCA: x1703 (stage: -1), Dist: Some(1)
        x1236 <-> x999 # LCA: x1703 (stage: -1), Dist: Some(1)
            Recomputing depth of x970
              x987 <-> x976: LCA: x1001 (stage: -1), coarse-dist: <None>
              x976 <-> x976: LCA: x981 (stage: -1), coarse-dist: <None>
            Recomputing depth of x971
              x989 <-> x978: LCA: x1001 (stage: -1), coarse-dist: <None>
              x978 <-> x978: LCA: x981 (stage: -1), coarse-dist: <None>
            Recomputing depth of x972
              x1762 <-> x980: LCA: x1001 (stage: -1), coarse-dist: <None>
              x980 <-> x980: LCA: x981 (stage: -1), coarse-dist: <None>
          Recomputing depth of x1011
            x1773 <-> x1015: LCA: x1812 (stage: -1), coarse-dist: 2
            x1772 <-> x1015: LCA: x1812 (stage: -1), coarse-dist: 2
            x1035 <-> x1015: LCA: x1812 (stage: -1), coarse-dist: 1
            x1103 <-> x1015: LCA: x1812 (stage: -1), coarse-dist: 1
            x1771 <-> x1015: LCA: x1812 (stage: -1), coarse-dist: 2
            x1015 <-> x1015: LCA: x1016 (stage: -1), coarse-dist: <None>
            x1774 <-> x1015: LCA: x1812 (stage: -1), coarse-dist: 2
            x1657 <-> x1015: LCA: x1812 (stage: -1), coarse-dist: 3
          x1773 <-> x1015 # LCA: x1812 (stage: -1), Dist: Some(2)
          x1772 <-> x1015 # LCA: x1812 (stage: -1), Dist: Some(2)
          x1035 <-> x1015 # LCA: x1812 (stage: -1), Dist: Some(1)
          x1103 <-> x1015 # LCA: x1812 (stage: -1), Dist: Some(1)
          x1771 <-> x1015 # LCA: x1812 (stage: -1), Dist: Some(2)
          x1015 <-> x1015 # LCA: x1812 (stage: -1), Dist: Some(0)
          x1774 <-> x1015 # LCA: x1812 (stage: -1), Dist: Some(2)
          x1657 <-> x1015 # LCA: x1812 (stage: -1), Dist: Some(3)
          Memory x1011 had depth of 5, now has depth of 4
          Memory x1011 has conflicting read ports: Bumping x1035 (Port(Some(1),0,0,List(0),List(0))) to muxPort 0 + 1
          Recomputing depth of x1017
            x1559 <-> x1084: LCA: x1812 (stage: -1), coarse-dist: 1
            x1354 <-> x1084: LCA: x1812 (stage: -1), coarse-dist: 1
            x1628 <-> x1084: LCA: x1812 (stage: -1), coarse-dist: 1
            x1514 <-> x1084: LCA: x1812 (stage: -1), coarse-dist: 1
            x1377 <-> x1084: LCA: x1812 (stage: -1), coarse-dist: 1
            x1217 <-> x1084: LCA: x1812 (stage: -1), coarse-dist: 1
            x1263 <-> x1084: LCA: x1812 (stage: -1), coarse-dist: 1
            x1286 <-> x1084: LCA: x1812 (stage: -1), coarse-dist: 1
            x1445 <-> x1084: LCA: x1812 (stage: -1), coarse-dist: 1
            x1400 <-> x1084: LCA: x1812 (stage: -1), coarse-dist: 1
            x1605 <-> x1084: LCA: x1812 (stage: -1), coarse-dist: 1
            x1240 <-> x1084: LCA: x1812 (stage: -1), coarse-dist: 1
            x1084 <-> x1084: LCA: x1085 (stage: -1), coarse-dist: <None>
            x1491 <-> x1084: LCA: x1812 (stage: -1), coarse-dist: 1
            x1582 <-> x1084: LCA: x1812 (stage: -1), coarse-dist: 1
            x1331 <-> x1084: LCA: x1812 (stage: -1), coarse-dist: 1
            x1468 <-> x1084: LCA: x1812 (stage: -1), coarse-dist: 1
          x1559 <-> x1084 # LCA: x1812 (stage: -1), Dist: Some(1)
          x1354 <-> x1084 # LCA: x1812 (stage: -1), Dist: Some(1)
          x1628 <-> x1084 # LCA: x1812 (stage: -1), Dist: Some(1)
          x1514 <-> x1084 # LCA: x1812 (stage: -1), Dist: Some(1)
          x1377 <-> x1084 # LCA: x1812 (stage: -1), Dist: Some(1)
          x1217 <-> x1084 # LCA: x1812 (stage: -1), Dist: Some(1)
          x1263 <-> x1084 # LCA: x1812 (stage: -1), Dist: Some(1)
          x1286 <-> x1084 # LCA: x1812 (stage: -1), Dist: Some(1)
          x1445 <-> x1084 # LCA: x1812 (stage: -1), Dist: Some(1)
          x1400 <-> x1084 # LCA: x1812 (stage: -1), Dist: Some(1)
          x1605 <-> x1084 # LCA: x1812 (stage: -1), Dist: Some(1)
          x1240 <-> x1084 # LCA: x1812 (stage: -1), Dist: Some(1)
          x1084 <-> x1084 # LCA: x1812 (stage: -1), Dist: Some(0)
          x1491 <-> x1084 # LCA: x1812 (stage: -1), Dist: Some(1)
          x1582 <-> x1084 # LCA: x1812 (stage: -1), Dist: Some(1)
          x1331 <-> x1084 # LCA: x1812 (stage: -1), Dist: Some(1)
          x1468 <-> x1084 # LCA: x1812 (stage: -1), Dist: Some(1)
          Memory x1017 had depth of 3, now has depth of 2
          Recomputing depth of x1018
            x1369 <-> x1633: LCA: x1637 (stage: -1), coarse-dist: <None>
            x1633 <-> x1633: LCA: x1634 (stage: -1), coarse-dist: <None>
            x1437 <-> x1633: LCA: x1637 (stage: -1), coarse-dist: <None>
            x1222 <-> x1633: LCA: x1637 (stage: -1), coarse-dist: <None>
            x1359 <-> x1633: LCA: x1637 (stage: -1), coarse-dist: <None>
            x1323 <-> x1633: LCA: x1637 (stage: -1), coarse-dist: <None>
            x1232 <-> x1633: LCA: x1637 (stage: -1), coarse-dist: <None>
            x1450 <-> x1633: LCA: x1637 (stage: -1), coarse-dist: <None>
            x1405 <-> x1633: LCA: x1637 (stage: -1), coarse-dist: <None>
            x1564 <-> x1633: LCA: x1635 (stage: -1), coarse-dist: <None>
            x1519 <-> x1633: LCA: x1637 (stage: -1), coarse-dist: <None>
            x1255 <-> x1633: LCA: x1637 (stage: -1), coarse-dist: <None>
            x1392 <-> x1633: LCA: x1637 (stage: -1), coarse-dist: <None>
            x1291 <-> x1633: LCA: x1637 (stage: -1), coarse-dist: <None>
            x1587 <-> x1633: LCA: x1635 (stage: -1), coarse-dist: <None>
            x1155 <-> x1633: LCA: x1812 (stage: -1), coarse-dist: -1
            x1382 <-> x1633: LCA: x1637 (stage: -1), coarse-dist: <None>
            x1278 <-> x1633: LCA: x1637 (stage: -1), coarse-dist: <None>
            x1483 <-> x1633: LCA: x1637 (stage: -1), coarse-dist: <None>
            x1620 <-> x1633: LCA: x1634 (stage: -1), coarse-dist: <None>
            x1209 <-> x1633: LCA: x1637 (stage: -1), coarse-dist: <None>
            x1574 <-> x1633: LCA: x1635 (stage: -1), coarse-dist: <None>
            x1460 <-> x1633: LCA: x1637 (stage: -1), coarse-dist: <None>
            x1245 <-> x1633: LCA: x1637 (stage: -1), coarse-dist: <None>
            x1496 <-> x1633: LCA: x1637 (stage: -1), coarse-dist: <None>
            x1551 <-> x1633: LCA: x1635 (stage: -1), coarse-dist: <None>
            x1336 <-> x1633: LCA: x1637 (stage: -1), coarse-dist: <None>
            x1506 <-> x1633: LCA: x1637 (stage: -1), coarse-dist: <None>
            x1473 <-> x1633: LCA: x1637 (stage: -1), coarse-dist: <None>
            x1346 <-> x1633: LCA: x1637 (stage: -1), coarse-dist: <None>
            x1610 <-> x1633: LCA: x1635 (stage: -1), coarse-dist: <None>
            x1268 <-> x1633: LCA: x1637 (stage: -1), coarse-dist: <None>
            x1597 <-> x1633: LCA: x1635 (stage: -1), coarse-dist: <None>
            x1369 <-> x1222: LCA: x1637 (stage: -1), coarse-dist: <None>
            x1633 <-> x1222: LCA: x1637 (stage: -1), coarse-dist: <None>
            x1437 <-> x1222: LCA: x1637 (stage: -1), coarse-dist: <None>
            x1222 <-> x1222: LCA: x1223 (stage: -1), coarse-dist: <None>
            x1359 <-> x1222: LCA: x1637 (stage: -1), coarse-dist: <None>
            x1323 <-> x1222: LCA: x1637 (stage: -1), coarse-dist: <None>
            x1232 <-> x1222: LCA: x1293 (stage: -1), coarse-dist: <None>
            x1450 <-> x1222: LCA: x1637 (stage: -1), coarse-dist: <None>
            x1405 <-> x1222: LCA: x1637 (stage: -1), coarse-dist: <None>
            x1564 <-> x1222: LCA: x1637 (stage: -1), coarse-dist: <None>
            x1519 <-> x1222: LCA: x1637 (stage: -1), coarse-dist: <None>
            x1255 <-> x1222: LCA: x1293 (stage: -1), coarse-dist: <None>
            x1392 <-> x1222: LCA: x1637 (stage: -1), coarse-dist: <None>
            x1291 <-> x1222: LCA: x1293 (stage: -1), coarse-dist: <None>
            x1587 <-> x1222: LCA: x1637 (stage: -1), coarse-dist: <None>
            x1155 <-> x1222: LCA: x1812 (stage: -1), coarse-dist: -1
            x1382 <-> x1222: LCA: x1637 (stage: -1), coarse-dist: <None>
            x1278 <-> x1222: LCA: x1293 (stage: -1), coarse-dist: <None>
            x1483 <-> x1222: LCA: x1637 (stage: -1), coarse-dist: <None>
            x1620 <-> x1222: LCA: x1637 (stage: -1), coarse-dist: <None>
            x1209 <-> x1222: LCA: x1223 (stage: -1), coarse-dist: <None>
            x1574 <-> x1222: LCA: x1637 (stage: -1), coarse-dist: <None>
            x1460 <-> x1222: LCA: x1637 (stage: -1), coarse-dist: <None>
            x1245 <-> x1222: LCA: x1293 (stage: -1), coarse-dist: <None>
            x1496 <-> x1222: LCA: x1637 (stage: -1), coarse-dist: <None>
            x1551 <-> x1222: LCA: x1637 (stage: -1), coarse-dist: <None>
            x1336 <-> x1222: LCA: x1637 (stage: -1), coarse-dist: <None>
            x1506 <-> x1222: LCA: x1637 (stage: -1), coarse-dist: <None>
            x1473 <-> x1222: LCA: x1637 (stage: -1), coarse-dist: <None>
            x1346 <-> x1222: LCA: x1637 (stage: -1), coarse-dist: <None>
            x1610 <-> x1222: LCA: x1637 (stage: -1), coarse-dist: <None>
            x1268 <-> x1222: LCA: x1293 (stage: -1), coarse-dist: <None>
            x1597 <-> x1222: LCA: x1637 (stage: -1), coarse-dist: <None>
            x1369 <-> x1359: LCA: x1407 (stage: -1), coarse-dist: <None>
            x1633 <-> x1359: LCA: x1637 (stage: -1), coarse-dist: <None>
            x1437 <-> x1359: LCA: x1637 (stage: -1), coarse-dist: <None>
            x1222 <-> x1359: LCA: x1637 (stage: -1), coarse-dist: <None>
            x1359 <-> x1359: LCA: x1360 (stage: -1), coarse-dist: <None>
            x1323 <-> x1359: LCA: x1407 (stage: -1), coarse-dist: <None>
            x1232 <-> x1359: LCA: x1637 (stage: -1), coarse-dist: <None>
            x1450 <-> x1359: LCA: x1637 (stage: -1), coarse-dist: <None>
            x1405 <-> x1359: LCA: x1407 (stage: -1), coarse-dist: <None>
            x1564 <-> x1359: LCA: x1637 (stage: -1), coarse-dist: <None>
            x1519 <-> x1359: LCA: x1637 (stage: -1), coarse-dist: <None>
            x1255 <-> x1359: LCA: x1637 (stage: -1), coarse-dist: <None>
            x1392 <-> x1359: LCA: x1407 (stage: -1), coarse-dist: <None>
            x1291 <-> x1359: LCA: x1637 (stage: -1), coarse-dist: <None>
            x1587 <-> x1359: LCA: x1637 (stage: -1), coarse-dist: <None>
            x1155 <-> x1359: LCA: x1812 (stage: -1), coarse-dist: -1
            x1382 <-> x1359: LCA: x1407 (stage: -1), coarse-dist: <None>
            x1278 <-> x1359: LCA: x1637 (stage: -1), coarse-dist: <None>
            x1483 <-> x1359: LCA: x1637 (stage: -1), coarse-dist: <None>
            x1620 <-> x1359: LCA: x1637 (stage: -1), coarse-dist: <None>
            x1209 <-> x1359: LCA: x1637 (stage: -1), coarse-dist: <None>
            x1574 <-> x1359: LCA: x1637 (stage: -1), coarse-dist: <None>
            x1460 <-> x1359: LCA: x1637 (stage: -1), coarse-dist: <None>
            x1245 <-> x1359: LCA: x1637 (stage: -1), coarse-dist: <None>
            x1496 <-> x1359: LCA: x1637 (stage: -1), coarse-dist: <None>
            x1551 <-> x1359: LCA: x1637 (stage: -1), coarse-dist: <None>
            x1336 <-> x1359: LCA: x1407 (stage: -1), coarse-dist: <None>
            x1506 <-> x1359: LCA: x1637 (stage: -1), coarse-dist: <None>
            x1473 <-> x1359: LCA: x1637 (stage: -1), coarse-dist: <None>
            x1346 <-> x1359: LCA: x1360 (stage: -1), coarse-dist: <None>
            x1610 <-> x1359: LCA: x1637 (stage: -1), coarse-dist: <None>
            x1268 <-> x1359: LCA: x1637 (stage: -1), coarse-dist: <None>
            x1597 <-> x1359: LCA: x1637 (stage: -1), coarse-dist: <None>
            x1369 <-> x1450: LCA: x1637 (stage: -1), coarse-dist: <None>
            x1633 <-> x1450: LCA: x1637 (stage: -1), coarse-dist: <None>
            x1437 <-> x1450: LCA: x1451 (stage: -1), coarse-dist: <None>
            x1222 <-> x1450: LCA: x1637 (stage: -1), coarse-dist: <None>
            x1359 <-> x1450: LCA: x1637 (stage: -1), coarse-dist: <None>
            x1323 <-> x1450: LCA: x1637 (stage: -1), coarse-dist: <None>
            x1232 <-> x1450: LCA: x1637 (stage: -1), coarse-dist: <None>
            x1450 <-> x1450: LCA: x1451 (stage: -1), coarse-dist: <None>
            x1405 <-> x1450: LCA: x1637 (stage: -1), coarse-dist: <None>
            x1564 <-> x1450: LCA: x1637 (stage: -1), coarse-dist: <None>
            x1519 <-> x1450: LCA: x1521 (stage: -1), coarse-dist: <None>
            x1255 <-> x1450: LCA: x1637 (stage: -1), coarse-dist: <None>
            x1392 <-> x1450: LCA: x1637 (stage: -1), coarse-dist: <None>
            x1291 <-> x1450: LCA: x1637 (stage: -1), coarse-dist: <None>
            x1587 <-> x1450: LCA: x1637 (stage: -1), coarse-dist: <None>
            x1155 <-> x1450: LCA: x1812 (stage: -1), coarse-dist: -1
            x1382 <-> x1450: LCA: x1637 (stage: -1), coarse-dist: <None>
            x1278 <-> x1450: LCA: x1637 (stage: -1), coarse-dist: <None>
            x1483 <-> x1450: LCA: x1521 (stage: -1), coarse-dist: <None>
            x1620 <-> x1450: LCA: x1637 (stage: -1), coarse-dist: <None>
            x1209 <-> x1450: LCA: x1637 (stage: -1), coarse-dist: <None>
            x1574 <-> x1450: LCA: x1637 (stage: -1), coarse-dist: <None>
            x1460 <-> x1450: LCA: x1521 (stage: -1), coarse-dist: <None>
            x1245 <-> x1450: LCA: x1637 (stage: -1), coarse-dist: <None>
            x1496 <-> x1450: LCA: x1521 (stage: -1), coarse-dist: <None>
            x1551 <-> x1450: LCA: x1637 (stage: -1), coarse-dist: <None>
            x1336 <-> x1450: LCA: x1637 (stage: -1), coarse-dist: <None>
            x1506 <-> x1450: LCA: x1521 (stage: -1), coarse-dist: <None>
            x1473 <-> x1450: LCA: x1521 (stage: -1), coarse-dist: <None>
            x1346 <-> x1450: LCA: x1637 (stage: -1), coarse-dist: <None>
            x1610 <-> x1450: LCA: x1637 (stage: -1), coarse-dist: <None>
            x1268 <-> x1450: LCA: x1637 (stage: -1), coarse-dist: <None>
            x1597 <-> x1450: LCA: x1637 (stage: -1), coarse-dist: <None>
            x1369 <-> x1405: LCA: x1407 (stage: -1), coarse-dist: <None>
            x1633 <-> x1405: LCA: x1637 (stage: -1), coarse-dist: <None>
            x1437 <-> x1405: LCA: x1637 (stage: -1), coarse-dist: <None>
            x1222 <-> x1405: LCA: x1637 (stage: -1), coarse-dist: <None>
            x1359 <-> x1405: LCA: x1407 (stage: -1), coarse-dist: <None>
            x1323 <-> x1405: LCA: x1407 (stage: -1), coarse-dist: <None>
            x1232 <-> x1405: LCA: x1637 (stage: -1), coarse-dist: <None>
            x1450 <-> x1405: LCA: x1637 (stage: -1), coarse-dist: <None>
            x1405 <-> x1405: LCA: x1406 (stage: -1), coarse-dist: <None>
            x1564 <-> x1405: LCA: x1637 (stage: -1), coarse-dist: <None>
            x1519 <-> x1405: LCA: x1637 (stage: -1), coarse-dist: <None>
            x1255 <-> x1405: LCA: x1637 (stage: -1), coarse-dist: <None>
            x1392 <-> x1405: LCA: x1406 (stage: -1), coarse-dist: <None>
            x1291 <-> x1405: LCA: x1637 (stage: -1), coarse-dist: <None>
            x1587 <-> x1405: LCA: x1637 (stage: -1), coarse-dist: <None>
            x1155 <-> x1405: LCA: x1812 (stage: -1), coarse-dist: -1
            x1382 <-> x1405: LCA: x1407 (stage: -1), coarse-dist: <None>
            x1278 <-> x1405: LCA: x1637 (stage: -1), coarse-dist: <None>
            x1483 <-> x1405: LCA: x1637 (stage: -1), coarse-dist: <None>
            x1620 <-> x1405: LCA: x1637 (stage: -1), coarse-dist: <None>
            x1209 <-> x1405: LCA: x1637 (stage: -1), coarse-dist: <None>
            x1574 <-> x1405: LCA: x1637 (stage: -1), coarse-dist: <None>
            x1460 <-> x1405: LCA: x1637 (stage: -1), coarse-dist: <None>
            x1245 <-> x1405: LCA: x1637 (stage: -1), coarse-dist: <None>
            x1496 <-> x1405: LCA: x1637 (stage: -1), coarse-dist: <None>
            x1551 <-> x1405: LCA: x1637 (stage: -1), coarse-dist: <None>
            x1336 <-> x1405: LCA: x1407 (stage: -1), coarse-dist: <None>
            x1506 <-> x1405: LCA: x1637 (stage: -1), coarse-dist: <None>
            x1473 <-> x1405: LCA: x1637 (stage: -1), coarse-dist: <None>
            x1346 <-> x1405: LCA: x1407 (stage: -1), coarse-dist: <None>
            x1610 <-> x1405: LCA: x1637 (stage: -1), coarse-dist: <None>
            x1268 <-> x1405: LCA: x1637 (stage: -1), coarse-dist: <None>
            x1597 <-> x1405: LCA: x1637 (stage: -1), coarse-dist: <None>
            x1369 <-> x1564: LCA: x1637 (stage: -1), coarse-dist: <None>
            x1633 <-> x1564: LCA: x1635 (stage: -1), coarse-dist: <None>
            x1437 <-> x1564: LCA: x1637 (stage: -1), coarse-dist: <None>
            x1222 <-> x1564: LCA: x1637 (stage: -1), coarse-dist: <None>
            x1359 <-> x1564: LCA: x1637 (stage: -1), coarse-dist: <None>
            x1323 <-> x1564: LCA: x1637 (stage: -1), coarse-dist: <None>
            x1232 <-> x1564: LCA: x1637 (stage: -1), coarse-dist: <None>
            x1450 <-> x1564: LCA: x1637 (stage: -1), coarse-dist: <None>
            x1405 <-> x1564: LCA: x1637 (stage: -1), coarse-dist: <None>
            x1564 <-> x1564: LCA: x1565 (stage: -1), coarse-dist: <None>
            x1519 <-> x1564: LCA: x1637 (stage: -1), coarse-dist: <None>
            x1255 <-> x1564: LCA: x1637 (stage: -1), coarse-dist: <None>
            x1392 <-> x1564: LCA: x1637 (stage: -1), coarse-dist: <None>
            x1291 <-> x1564: LCA: x1637 (stage: -1), coarse-dist: <None>
            x1587 <-> x1564: LCA: x1635 (stage: -1), coarse-dist: <None>
            x1155 <-> x1564: LCA: x1812 (stage: -1), coarse-dist: -1
            x1382 <-> x1564: LCA: x1637 (stage: -1), coarse-dist: <None>
            x1278 <-> x1564: LCA: x1637 (stage: -1), coarse-dist: <None>
            x1483 <-> x1564: LCA: x1637 (stage: -1), coarse-dist: <None>
            x1620 <-> x1564: LCA: x1635 (stage: -1), coarse-dist: <None>
            x1209 <-> x1564: LCA: x1637 (stage: -1), coarse-dist: <None>
            x1574 <-> x1564: LCA: x1635 (stage: -1), coarse-dist: <None>
            x1460 <-> x1564: LCA: x1637 (stage: -1), coarse-dist: <None>
            x1245 <-> x1564: LCA: x1637 (stage: -1), coarse-dist: <None>
            x1496 <-> x1564: LCA: x1637 (stage: -1), coarse-dist: <None>
            x1551 <-> x1564: LCA: x1565 (stage: -1), coarse-dist: <None>
            x1336 <-> x1564: LCA: x1637 (stage: -1), coarse-dist: <None>
            x1506 <-> x1564: LCA: x1637 (stage: -1), coarse-dist: <None>
            x1473 <-> x1564: LCA: x1637 (stage: -1), coarse-dist: <None>
            x1346 <-> x1564: LCA: x1637 (stage: -1), coarse-dist: <None>
            x1610 <-> x1564: LCA: x1635 (stage: -1), coarse-dist: <None>
            x1268 <-> x1564: LCA: x1637 (stage: -1), coarse-dist: <None>
            x1597 <-> x1564: LCA: x1635 (stage: -1), coarse-dist: <None>
            x1369 <-> x1519: LCA: x1637 (stage: -1), coarse-dist: <None>
            x1633 <-> x1519: LCA: x1637 (stage: -1), coarse-dist: <None>
            x1437 <-> x1519: LCA: x1521 (stage: -1), coarse-dist: <None>
            x1222 <-> x1519: LCA: x1637 (stage: -1), coarse-dist: <None>
            x1359 <-> x1519: LCA: x1637 (stage: -1), coarse-dist: <None>
            x1323 <-> x1519: LCA: x1637 (stage: -1), coarse-dist: <None>
            x1232 <-> x1519: LCA: x1637 (stage: -1), coarse-dist: <None>
            x1450 <-> x1519: LCA: x1521 (stage: -1), coarse-dist: <None>
            x1405 <-> x1519: LCA: x1637 (stage: -1), coarse-dist: <None>
            x1564 <-> x1519: LCA: x1637 (stage: -1), coarse-dist: <None>
            x1519 <-> x1519: LCA: x1520 (stage: -1), coarse-dist: <None>
            x1255 <-> x1519: LCA: x1637 (stage: -1), coarse-dist: <None>
            x1392 <-> x1519: LCA: x1637 (stage: -1), coarse-dist: <None>
            x1291 <-> x1519: LCA: x1637 (stage: -1), coarse-dist: <None>
            x1587 <-> x1519: LCA: x1637 (stage: -1), coarse-dist: <None>
            x1155 <-> x1519: LCA: x1812 (stage: -1), coarse-dist: -1
            x1382 <-> x1519: LCA: x1637 (stage: -1), coarse-dist: <None>
            x1278 <-> x1519: LCA: x1637 (stage: -1), coarse-dist: <None>
            x1483 <-> x1519: LCA: x1521 (stage: -1), coarse-dist: <None>
            x1620 <-> x1519: LCA: x1637 (stage: -1), coarse-dist: <None>
            x1209 <-> x1519: LCA: x1637 (stage: -1), coarse-dist: <None>
            x1574 <-> x1519: LCA: x1637 (stage: -1), coarse-dist: <None>
            x1460 <-> x1519: LCA: x1521 (stage: -1), coarse-dist: <None>
            x1245 <-> x1519: LCA: x1637 (stage: -1), coarse-dist: <None>
            x1496 <-> x1519: LCA: x1521 (stage: -1), coarse-dist: <None>
            x1551 <-> x1519: LCA: x1637 (stage: -1), coarse-dist: <None>
            x1336 <-> x1519: LCA: x1637 (stage: -1), coarse-dist: <None>
            x1506 <-> x1519: LCA: x1520 (stage: -1), coarse-dist: <None>
            x1473 <-> x1519: LCA: x1521 (stage: -1), coarse-dist: <None>
            x1346 <-> x1519: LCA: x1637 (stage: -1), coarse-dist: <None>
            x1610 <-> x1519: LCA: x1637 (stage: -1), coarse-dist: <None>
            x1268 <-> x1519: LCA: x1637 (stage: -1), coarse-dist: <None>
            x1597 <-> x1519: LCA: x1637 (stage: -1), coarse-dist: <None>
            x1369 <-> x1291: LCA: x1637 (stage: -1), coarse-dist: <None>
            x1633 <-> x1291: LCA: x1637 (stage: -1), coarse-dist: <None>
            x1437 <-> x1291: LCA: x1637 (stage: -1), coarse-dist: <None>
            x1222 <-> x1291: LCA: x1293 (stage: -1), coarse-dist: <None>
            x1359 <-> x1291: LCA: x1637 (stage: -1), coarse-dist: <None>
            x1323 <-> x1291: LCA: x1637 (stage: -1), coarse-dist: <None>
            x1232 <-> x1291: LCA: x1293 (stage: -1), coarse-dist: <None>
            x1450 <-> x1291: LCA: x1637 (stage: -1), coarse-dist: <None>
            x1405 <-> x1291: LCA: x1637 (stage: -1), coarse-dist: <None>
            x1564 <-> x1291: LCA: x1637 (stage: -1), coarse-dist: <None>
            x1519 <-> x1291: LCA: x1637 (stage: -1), coarse-dist: <None>
            x1255 <-> x1291: LCA: x1293 (stage: -1), coarse-dist: <None>
            x1392 <-> x1291: LCA: x1637 (stage: -1), coarse-dist: <None>
            x1291 <-> x1291: LCA: x1292 (stage: -1), coarse-dist: <None>
            x1587 <-> x1291: LCA: x1637 (stage: -1), coarse-dist: <None>
            x1155 <-> x1291: LCA: x1812 (stage: -1), coarse-dist: -1
            x1382 <-> x1291: LCA: x1637 (stage: -1), coarse-dist: <None>
            x1278 <-> x1291: LCA: x1292 (stage: -1), coarse-dist: <None>
            x1483 <-> x1291: LCA: x1637 (stage: -1), coarse-dist: <None>
            x1620 <-> x1291: LCA: x1637 (stage: -1), coarse-dist: <None>
            x1209 <-> x1291: LCA: x1293 (stage: -1), coarse-dist: <None>
            x1574 <-> x1291: LCA: x1637 (stage: -1), coarse-dist: <None>
            x1460 <-> x1291: LCA: x1637 (stage: -1), coarse-dist: <None>
            x1245 <-> x1291: LCA: x1293 (stage: -1), coarse-dist: <None>
            x1496 <-> x1291: LCA: x1637 (stage: -1), coarse-dist: <None>
            x1551 <-> x1291: LCA: x1637 (stage: -1), coarse-dist: <None>
            x1336 <-> x1291: LCA: x1637 (stage: -1), coarse-dist: <None>
            x1506 <-> x1291: LCA: x1637 (stage: -1), coarse-dist: <None>
            x1473 <-> x1291: LCA: x1637 (stage: -1), coarse-dist: <None>
            x1346 <-> x1291: LCA: x1637 (stage: -1), coarse-dist: <None>
            x1610 <-> x1291: LCA: x1637 (stage: -1), coarse-dist: <None>
            x1268 <-> x1291: LCA: x1293 (stage: -1), coarse-dist: <None>
            x1597 <-> x1291: LCA: x1637 (stage: -1), coarse-dist: <None>
            x1369 <-> x1587: LCA: x1637 (stage: -1), coarse-dist: <None>
            x1633 <-> x1587: LCA: x1635 (stage: -1), coarse-dist: <None>
            x1437 <-> x1587: LCA: x1637 (stage: -1), coarse-dist: <None>
            x1222 <-> x1587: LCA: x1637 (stage: -1), coarse-dist: <None>
            x1359 <-> x1587: LCA: x1637 (stage: -1), coarse-dist: <None>
            x1323 <-> x1587: LCA: x1637 (stage: -1), coarse-dist: <None>
            x1232 <-> x1587: LCA: x1637 (stage: -1), coarse-dist: <None>
            x1450 <-> x1587: LCA: x1637 (stage: -1), coarse-dist: <None>
            x1405 <-> x1587: LCA: x1637 (stage: -1), coarse-dist: <None>
            x1564 <-> x1587: LCA: x1635 (stage: -1), coarse-dist: <None>
            x1519 <-> x1587: LCA: x1637 (stage: -1), coarse-dist: <None>
            x1255 <-> x1587: LCA: x1637 (stage: -1), coarse-dist: <None>
            x1392 <-> x1587: LCA: x1637 (stage: -1), coarse-dist: <None>
            x1291 <-> x1587: LCA: x1637 (stage: -1), coarse-dist: <None>
            x1587 <-> x1587: LCA: x1588 (stage: -1), coarse-dist: <None>
            x1155 <-> x1587: LCA: x1812 (stage: -1), coarse-dist: -1
            x1382 <-> x1587: LCA: x1637 (stage: -1), coarse-dist: <None>
            x1278 <-> x1587: LCA: x1637 (stage: -1), coarse-dist: <None>
            x1483 <-> x1587: LCA: x1637 (stage: -1), coarse-dist: <None>
            x1620 <-> x1587: LCA: x1635 (stage: -1), coarse-dist: <None>
            x1209 <-> x1587: LCA: x1637 (stage: -1), coarse-dist: <None>
            x1574 <-> x1587: LCA: x1588 (stage: -1), coarse-dist: <None>
            x1460 <-> x1587: LCA: x1637 (stage: -1), coarse-dist: <None>
            x1245 <-> x1587: LCA: x1637 (stage: -1), coarse-dist: <None>
            x1496 <-> x1587: LCA: x1637 (stage: -1), coarse-dist: <None>
            x1551 <-> x1587: LCA: x1635 (stage: -1), coarse-dist: <None>
            x1336 <-> x1587: LCA: x1637 (stage: -1), coarse-dist: <None>
            x1506 <-> x1587: LCA: x1637 (stage: -1), coarse-dist: <None>
            x1473 <-> x1587: LCA: x1637 (stage: -1), coarse-dist: <None>
            x1346 <-> x1587: LCA: x1637 (stage: -1), coarse-dist: <None>
            x1610 <-> x1587: LCA: x1635 (stage: -1), coarse-dist: <None>
            x1268 <-> x1587: LCA: x1637 (stage: -1), coarse-dist: <None>
            x1597 <-> x1587: LCA: x1635 (stage: -1), coarse-dist: <None>
            x1369 <-> x1155: LCA: x1812 (stage: -1), coarse-dist: 1
            x1633 <-> x1155: LCA: x1812 (stage: -1), coarse-dist: 1
            x1437 <-> x1155: LCA: x1812 (stage: -1), coarse-dist: 1
            x1222 <-> x1155: LCA: x1812 (stage: -1), coarse-dist: 1
            x1359 <-> x1155: LCA: x1812 (stage: -1), coarse-dist: 1
            x1323 <-> x1155: LCA: x1812 (stage: -1), coarse-dist: 1
            x1232 <-> x1155: LCA: x1812 (stage: -1), coarse-dist: 1
            x1450 <-> x1155: LCA: x1812 (stage: -1), coarse-dist: 1
            x1405 <-> x1155: LCA: x1812 (stage: -1), coarse-dist: 1
            x1564 <-> x1155: LCA: x1812 (stage: -1), coarse-dist: 1
            x1519 <-> x1155: LCA: x1812 (stage: -1), coarse-dist: 1
            x1255 <-> x1155: LCA: x1812 (stage: -1), coarse-dist: 1
            x1392 <-> x1155: LCA: x1812 (stage: -1), coarse-dist: 1
            x1291 <-> x1155: LCA: x1812 (stage: -1), coarse-dist: 1
            x1587 <-> x1155: LCA: x1812 (stage: -1), coarse-dist: 1
            x1155 <-> x1155: LCA: x1156 (stage: -1), coarse-dist: <None>
            x1382 <-> x1155: LCA: x1812 (stage: -1), coarse-dist: 1
            x1278 <-> x1155: LCA: x1812 (stage: -1), coarse-dist: 1
            x1483 <-> x1155: LCA: x1812 (stage: -1), coarse-dist: 1
            x1620 <-> x1155: LCA: x1812 (stage: -1), coarse-dist: 1
            x1209 <-> x1155: LCA: x1812 (stage: -1), coarse-dist: 1
            x1574 <-> x1155: LCA: x1812 (stage: -1), coarse-dist: 1
            x1460 <-> x1155: LCA: x1812 (stage: -1), coarse-dist: 1
            x1245 <-> x1155: LCA: x1812 (stage: -1), coarse-dist: 1
            x1496 <-> x1155: LCA: x1812 (stage: -1), coarse-dist: 1
            x1551 <-> x1155: LCA: x1812 (stage: -1), coarse-dist: 1
            x1336 <-> x1155: LCA: x1812 (stage: -1), coarse-dist: 1
            x1506 <-> x1155: LCA: x1812 (stage: -1), coarse-dist: 1
            x1473 <-> x1155: LCA: x1812 (stage: -1), coarse-dist: 1
            x1346 <-> x1155: LCA: x1812 (stage: -1), coarse-dist: 1
            x1610 <-> x1155: LCA: x1812 (stage: -1), coarse-dist: 1
            x1268 <-> x1155: LCA: x1812 (stage: -1), coarse-dist: 1
            x1597 <-> x1155: LCA: x1812 (stage: -1), coarse-dist: 1
            x1369 <-> x1382: LCA: x1383 (stage: -1), coarse-dist: <None>
            x1633 <-> x1382: LCA: x1637 (stage: -1), coarse-dist: <None>
            x1437 <-> x1382: LCA: x1637 (stage: -1), coarse-dist: <None>
            x1222 <-> x1382: LCA: x1637 (stage: -1), coarse-dist: <None>
            x1359 <-> x1382: LCA: x1407 (stage: -1), coarse-dist: <None>
            x1323 <-> x1382: LCA: x1407 (stage: -1), coarse-dist: <None>
            x1232 <-> x1382: LCA: x1637 (stage: -1), coarse-dist: <None>
            x1450 <-> x1382: LCA: x1637 (stage: -1), coarse-dist: <None>
            x1405 <-> x1382: LCA: x1407 (stage: -1), coarse-dist: <None>
            x1564 <-> x1382: LCA: x1637 (stage: -1), coarse-dist: <None>
            x1519 <-> x1382: LCA: x1637 (stage: -1), coarse-dist: <None>
            x1255 <-> x1382: LCA: x1637 (stage: -1), coarse-dist: <None>
            x1392 <-> x1382: LCA: x1407 (stage: -1), coarse-dist: <None>
            x1291 <-> x1382: LCA: x1637 (stage: -1), coarse-dist: <None>
            x1587 <-> x1382: LCA: x1637 (stage: -1), coarse-dist: <None>
            x1155 <-> x1382: LCA: x1812 (stage: -1), coarse-dist: -1
            x1382 <-> x1382: LCA: x1383 (stage: -1), coarse-dist: <None>
            x1278 <-> x1382: LCA: x1637 (stage: -1), coarse-dist: <None>
            x1483 <-> x1382: LCA: x1637 (stage: -1), coarse-dist: <None>
            x1620 <-> x1382: LCA: x1637 (stage: -1), coarse-dist: <None>
            x1209 <-> x1382: LCA: x1637 (stage: -1), coarse-dist: <None>
            x1574 <-> x1382: LCA: x1637 (stage: -1), coarse-dist: <None>
            x1460 <-> x1382: LCA: x1637 (stage: -1), coarse-dist: <None>
            x1245 <-> x1382: LCA: x1637 (stage: -1), coarse-dist: <None>
            x1496 <-> x1382: LCA: x1637 (stage: -1), coarse-dist: <None>
            x1551 <-> x1382: LCA: x1637 (stage: -1), coarse-dist: <None>
            x1336 <-> x1382: LCA: x1407 (stage: -1), coarse-dist: <None>
            x1506 <-> x1382: LCA: x1637 (stage: -1), coarse-dist: <None>
            x1473 <-> x1382: LCA: x1637 (stage: -1), coarse-dist: <None>
            x1346 <-> x1382: LCA: x1407 (stage: -1), coarse-dist: <None>
            x1610 <-> x1382: LCA: x1637 (stage: -1), coarse-dist: <None>
            x1268 <-> x1382: LCA: x1637 (stage: -1), coarse-dist: <None>
            x1597 <-> x1382: LCA: x1637 (stage: -1), coarse-dist: <None>
            x1369 <-> x1245: LCA: x1637 (stage: -1), coarse-dist: <None>
            x1633 <-> x1245: LCA: x1637 (stage: -1), coarse-dist: <None>
            x1437 <-> x1245: LCA: x1637 (stage: -1), coarse-dist: <None>
            x1222 <-> x1245: LCA: x1293 (stage: -1), coarse-dist: <None>
            x1359 <-> x1245: LCA: x1637 (stage: -1), coarse-dist: <None>
            x1323 <-> x1245: LCA: x1637 (stage: -1), coarse-dist: <None>
            x1232 <-> x1245: LCA: x1246 (stage: -1), coarse-dist: <None>
            x1450 <-> x1245: LCA: x1637 (stage: -1), coarse-dist: <None>
            x1405 <-> x1245: LCA: x1637 (stage: -1), coarse-dist: <None>
            x1564 <-> x1245: LCA: x1637 (stage: -1), coarse-dist: <None>
            x1519 <-> x1245: LCA: x1637 (stage: -1), coarse-dist: <None>
            x1255 <-> x1245: LCA: x1293 (stage: -1), coarse-dist: <None>
            x1392 <-> x1245: LCA: x1637 (stage: -1), coarse-dist: <None>
            x1291 <-> x1245: LCA: x1293 (stage: -1), coarse-dist: <None>
            x1587 <-> x1245: LCA: x1637 (stage: -1), coarse-dist: <None>
            x1155 <-> x1245: LCA: x1812 (stage: -1), coarse-dist: -1
            x1382 <-> x1245: LCA: x1637 (stage: -1), coarse-dist: <None>
            x1278 <-> x1245: LCA: x1293 (stage: -1), coarse-dist: <None>
            x1483 <-> x1245: LCA: x1637 (stage: -1), coarse-dist: <None>
            x1620 <-> x1245: LCA: x1637 (stage: -1), coarse-dist: <None>
            x1209 <-> x1245: LCA: x1293 (stage: -1), coarse-dist: <None>
            x1574 <-> x1245: LCA: x1637 (stage: -1), coarse-dist: <None>
            x1460 <-> x1245: LCA: x1637 (stage: -1), coarse-dist: <None>
            x1245 <-> x1245: LCA: x1246 (stage: -1), coarse-dist: <None>
            x1496 <-> x1245: LCA: x1637 (stage: -1), coarse-dist: <None>
            x1551 <-> x1245: LCA: x1637 (stage: -1), coarse-dist: <None>
            x1336 <-> x1245: LCA: x1637 (stage: -1), coarse-dist: <None>
            x1506 <-> x1245: LCA: x1637 (stage: -1), coarse-dist: <None>
            x1473 <-> x1245: LCA: x1637 (stage: -1), coarse-dist: <None>
            x1346 <-> x1245: LCA: x1637 (stage: -1), coarse-dist: <None>
            x1610 <-> x1245: LCA: x1637 (stage: -1), coarse-dist: <None>
            x1268 <-> x1245: LCA: x1293 (stage: -1), coarse-dist: <None>
            x1597 <-> x1245: LCA: x1637 (stage: -1), coarse-dist: <None>
            x1369 <-> x1496: LCA: x1637 (stage: -1), coarse-dist: <None>
            x1633 <-> x1496: LCA: x1637 (stage: -1), coarse-dist: <None>
            x1437 <-> x1496: LCA: x1521 (stage: -1), coarse-dist: <None>
            x1222 <-> x1496: LCA: x1637 (stage: -1), coarse-dist: <None>
            x1359 <-> x1496: LCA: x1637 (stage: -1), coarse-dist: <None>
            x1323 <-> x1496: LCA: x1637 (stage: -1), coarse-dist: <None>
            x1232 <-> x1496: LCA: x1637 (stage: -1), coarse-dist: <None>
            x1450 <-> x1496: LCA: x1521 (stage: -1), coarse-dist: <None>
            x1405 <-> x1496: LCA: x1637 (stage: -1), coarse-dist: <None>
            x1564 <-> x1496: LCA: x1637 (stage: -1), coarse-dist: <None>
            x1519 <-> x1496: LCA: x1521 (stage: -1), coarse-dist: <None>
            x1255 <-> x1496: LCA: x1637 (stage: -1), coarse-dist: <None>
            x1392 <-> x1496: LCA: x1637 (stage: -1), coarse-dist: <None>
            x1291 <-> x1496: LCA: x1637 (stage: -1), coarse-dist: <None>
            x1587 <-> x1496: LCA: x1637 (stage: -1), coarse-dist: <None>
            x1155 <-> x1496: LCA: x1812 (stage: -1), coarse-dist: -1
            x1382 <-> x1496: LCA: x1637 (stage: -1), coarse-dist: <None>
            x1278 <-> x1496: LCA: x1637 (stage: -1), coarse-dist: <None>
            x1483 <-> x1496: LCA: x1497 (stage: -1), coarse-dist: <None>
            x1620 <-> x1496: LCA: x1637 (stage: -1), coarse-dist: <None>
            x1209 <-> x1496: LCA: x1637 (stage: -1), coarse-dist: <None>
            x1574 <-> x1496: LCA: x1637 (stage: -1), coarse-dist: <None>
            x1460 <-> x1496: LCA: x1521 (stage: -1), coarse-dist: <None>
            x1245 <-> x1496: LCA: x1637 (stage: -1), coarse-dist: <None>
            x1496 <-> x1496: LCA: x1497 (stage: -1), coarse-dist: <None>
            x1551 <-> x1496: LCA: x1637 (stage: -1), coarse-dist: <None>
            x1336 <-> x1496: LCA: x1637 (stage: -1), coarse-dist: <None>
            x1506 <-> x1496: LCA: x1521 (stage: -1), coarse-dist: <None>
            x1473 <-> x1496: LCA: x1521 (stage: -1), coarse-dist: <None>
            x1346 <-> x1496: LCA: x1637 (stage: -1), coarse-dist: <None>
            x1610 <-> x1496: LCA: x1637 (stage: -1), coarse-dist: <None>
            x1268 <-> x1496: LCA: x1637 (stage: -1), coarse-dist: <None>
            x1597 <-> x1496: LCA: x1637 (stage: -1), coarse-dist: <None>
            x1369 <-> x1336: LCA: x1407 (stage: -1), coarse-dist: <None>
            x1633 <-> x1336: LCA: x1637 (stage: -1), coarse-dist: <None>
            x1437 <-> x1336: LCA: x1637 (stage: -1), coarse-dist: <None>
            x1222 <-> x1336: LCA: x1637 (stage: -1), coarse-dist: <None>
            x1359 <-> x1336: LCA: x1407 (stage: -1), coarse-dist: <None>
            x1323 <-> x1336: LCA: x1337 (stage: -1), coarse-dist: <None>
            x1232 <-> x1336: LCA: x1637 (stage: -1), coarse-dist: <None>
            x1450 <-> x1336: LCA: x1637 (stage: -1), coarse-dist: <None>
            x1405 <-> x1336: LCA: x1407 (stage: -1), coarse-dist: <None>
            x1564 <-> x1336: LCA: x1637 (stage: -1), coarse-dist: <None>
            x1519 <-> x1336: LCA: x1637 (stage: -1), coarse-dist: <None>
            x1255 <-> x1336: LCA: x1637 (stage: -1), coarse-dist: <None>
            x1392 <-> x1336: LCA: x1407 (stage: -1), coarse-dist: <None>
            x1291 <-> x1336: LCA: x1637 (stage: -1), coarse-dist: <None>
            x1587 <-> x1336: LCA: x1637 (stage: -1), coarse-dist: <None>
            x1155 <-> x1336: LCA: x1812 (stage: -1), coarse-dist: -1
            x1382 <-> x1336: LCA: x1407 (stage: -1), coarse-dist: <None>
            x1278 <-> x1336: LCA: x1637 (stage: -1), coarse-dist: <None>
            x1483 <-> x1336: LCA: x1637 (stage: -1), coarse-dist: <None>
            x1620 <-> x1336: LCA: x1637 (stage: -1), coarse-dist: <None>
            x1209 <-> x1336: LCA: x1637 (stage: -1), coarse-dist: <None>
            x1574 <-> x1336: LCA: x1637 (stage: -1), coarse-dist: <None>
            x1460 <-> x1336: LCA: x1637 (stage: -1), coarse-dist: <None>
            x1245 <-> x1336: LCA: x1637 (stage: -1), coarse-dist: <None>
            x1496 <-> x1336: LCA: x1637 (stage: -1), coarse-dist: <None>
            x1551 <-> x1336: LCA: x1637 (stage: -1), coarse-dist: <None>
            x1336 <-> x1336: LCA: x1337 (stage: -1), coarse-dist: <None>
            x1506 <-> x1336: LCA: x1637 (stage: -1), coarse-dist: <None>
            x1473 <-> x1336: LCA: x1637 (stage: -1), coarse-dist: <None>
            x1346 <-> x1336: LCA: x1407 (stage: -1), coarse-dist: <None>
            x1610 <-> x1336: LCA: x1637 (stage: -1), coarse-dist: <None>
            x1268 <-> x1336: LCA: x1637 (stage: -1), coarse-dist: <None>
            x1597 <-> x1336: LCA: x1637 (stage: -1), coarse-dist: <None>
            x1369 <-> x1473: LCA: x1637 (stage: -1), coarse-dist: <None>
            x1633 <-> x1473: LCA: x1637 (stage: -1), coarse-dist: <None>
            x1437 <-> x1473: LCA: x1521 (stage: -1), coarse-dist: <None>
            x1222 <-> x1473: LCA: x1637 (stage: -1), coarse-dist: <None>
            x1359 <-> x1473: LCA: x1637 (stage: -1), coarse-dist: <None>
            x1323 <-> x1473: LCA: x1637 (stage: -1), coarse-dist: <None>
            x1232 <-> x1473: LCA: x1637 (stage: -1), coarse-dist: <None>
            x1450 <-> x1473: LCA: x1521 (stage: -1), coarse-dist: <None>
            x1405 <-> x1473: LCA: x1637 (stage: -1), coarse-dist: <None>
            x1564 <-> x1473: LCA: x1637 (stage: -1), coarse-dist: <None>
            x1519 <-> x1473: LCA: x1521 (stage: -1), coarse-dist: <None>
            x1255 <-> x1473: LCA: x1637 (stage: -1), coarse-dist: <None>
            x1392 <-> x1473: LCA: x1637 (stage: -1), coarse-dist: <None>
            x1291 <-> x1473: LCA: x1637 (stage: -1), coarse-dist: <None>
            x1587 <-> x1473: LCA: x1637 (stage: -1), coarse-dist: <None>
            x1155 <-> x1473: LCA: x1812 (stage: -1), coarse-dist: -1
            x1382 <-> x1473: LCA: x1637 (stage: -1), coarse-dist: <None>
            x1278 <-> x1473: LCA: x1637 (stage: -1), coarse-dist: <None>
            x1483 <-> x1473: LCA: x1521 (stage: -1), coarse-dist: <None>
            x1620 <-> x1473: LCA: x1637 (stage: -1), coarse-dist: <None>
            x1209 <-> x1473: LCA: x1637 (stage: -1), coarse-dist: <None>
            x1574 <-> x1473: LCA: x1637 (stage: -1), coarse-dist: <None>
            x1460 <-> x1473: LCA: x1474 (stage: -1), coarse-dist: <None>
            x1245 <-> x1473: LCA: x1637 (stage: -1), coarse-dist: <None>
            x1496 <-> x1473: LCA: x1521 (stage: -1), coarse-dist: <None>
            x1551 <-> x1473: LCA: x1637 (stage: -1), coarse-dist: <None>
            x1336 <-> x1473: LCA: x1637 (stage: -1), coarse-dist: <None>
            x1506 <-> x1473: LCA: x1521 (stage: -1), coarse-dist: <None>
            x1473 <-> x1473: LCA: x1474 (stage: -1), coarse-dist: <None>
            x1346 <-> x1473: LCA: x1637 (stage: -1), coarse-dist: <None>
            x1610 <-> x1473: LCA: x1637 (stage: -1), coarse-dist: <None>
            x1268 <-> x1473: LCA: x1637 (stage: -1), coarse-dist: <None>
            x1597 <-> x1473: LCA: x1637 (stage: -1), coarse-dist: <None>
            x1369 <-> x1610: LCA: x1637 (stage: -1), coarse-dist: <None>
            x1633 <-> x1610: LCA: x1635 (stage: -1), coarse-dist: <None>
            x1437 <-> x1610: LCA: x1637 (stage: -1), coarse-dist: <None>
            x1222 <-> x1610: LCA: x1637 (stage: -1), coarse-dist: <None>
            x1359 <-> x1610: LCA: x1637 (stage: -1), coarse-dist: <None>
            x1323 <-> x1610: LCA: x1637 (stage: -1), coarse-dist: <None>
            x1232 <-> x1610: LCA: x1637 (stage: -1), coarse-dist: <None>
            x1450 <-> x1610: LCA: x1637 (stage: -1), coarse-dist: <None>
            x1405 <-> x1610: LCA: x1637 (stage: -1), coarse-dist: <None>
            x1564 <-> x1610: LCA: x1635 (stage: -1), coarse-dist: <None>
            x1519 <-> x1610: LCA: x1637 (stage: -1), coarse-dist: <None>
            x1255 <-> x1610: LCA: x1637 (stage: -1), coarse-dist: <None>
            x1392 <-> x1610: LCA: x1637 (stage: -1), coarse-dist: <None>
            x1291 <-> x1610: LCA: x1637 (stage: -1), coarse-dist: <None>
            x1587 <-> x1610: LCA: x1635 (stage: -1), coarse-dist: <None>
            x1155 <-> x1610: LCA: x1812 (stage: -1), coarse-dist: -1
            x1382 <-> x1610: LCA: x1637 (stage: -1), coarse-dist: <None>
            x1278 <-> x1610: LCA: x1637 (stage: -1), coarse-dist: <None>
            x1483 <-> x1610: LCA: x1637 (stage: -1), coarse-dist: <None>
            x1620 <-> x1610: LCA: x1635 (stage: -1), coarse-dist: <None>
            x1209 <-> x1610: LCA: x1637 (stage: -1), coarse-dist: <None>
            x1574 <-> x1610: LCA: x1635 (stage: -1), coarse-dist: <None>
            x1460 <-> x1610: LCA: x1637 (stage: -1), coarse-dist: <None>
            x1245 <-> x1610: LCA: x1637 (stage: -1), coarse-dist: <None>
            x1496 <-> x1610: LCA: x1637 (stage: -1), coarse-dist: <None>
            x1551 <-> x1610: LCA: x1635 (stage: -1), coarse-dist: <None>
            x1336 <-> x1610: LCA: x1637 (stage: -1), coarse-dist: <None>
            x1506 <-> x1610: LCA: x1637 (stage: -1), coarse-dist: <None>
            x1473 <-> x1610: LCA: x1637 (stage: -1), coarse-dist: <None>
            x1346 <-> x1610: LCA: x1637 (stage: -1), coarse-dist: <None>
            x1610 <-> x1610: LCA: x1611 (stage: -1), coarse-dist: <None>
            x1268 <-> x1610: LCA: x1637 (stage: -1), coarse-dist: <None>
            x1597 <-> x1610: LCA: x1611 (stage: -1), coarse-dist: <None>
            x1369 <-> x1268: LCA: x1637 (stage: -1), coarse-dist: <None>
            x1633 <-> x1268: LCA: x1637 (stage: -1), coarse-dist: <None>
            x1437 <-> x1268: LCA: x1637 (stage: -1), coarse-dist: <None>
            x1222 <-> x1268: LCA: x1293 (stage: -1), coarse-dist: <None>
            x1359 <-> x1268: LCA: x1637 (stage: -1), coarse-dist: <None>
            x1323 <-> x1268: LCA: x1637 (stage: -1), coarse-dist: <None>
            x1232 <-> x1268: LCA: x1293 (stage: -1), coarse-dist: <None>
            x1450 <-> x1268: LCA: x1637 (stage: -1), coarse-dist: <None>
            x1405 <-> x1268: LCA: x1637 (stage: -1), coarse-dist: <None>
            x1564 <-> x1268: LCA: x1637 (stage: -1), coarse-dist: <None>
            x1519 <-> x1268: LCA: x1637 (stage: -1), coarse-dist: <None>
            x1255 <-> x1268: LCA: x1269 (stage: -1), coarse-dist: <None>
            x1392 <-> x1268: LCA: x1637 (stage: -1), coarse-dist: <None>
            x1291 <-> x1268: LCA: x1293 (stage: -1), coarse-dist: <None>
            x1587 <-> x1268: LCA: x1637 (stage: -1), coarse-dist: <None>
            x1155 <-> x1268: LCA: x1812 (stage: -1), coarse-dist: -1
            x1382 <-> x1268: LCA: x1637 (stage: -1), coarse-dist: <None>
            x1278 <-> x1268: LCA: x1293 (stage: -1), coarse-dist: <None>
            x1483 <-> x1268: LCA: x1637 (stage: -1), coarse-dist: <None>
            x1620 <-> x1268: LCA: x1637 (stage: -1), coarse-dist: <None>
            x1209 <-> x1268: LCA: x1293 (stage: -1), coarse-dist: <None>
            x1574 <-> x1268: LCA: x1637 (stage: -1), coarse-dist: <None>
            x1460 <-> x1268: LCA: x1637 (stage: -1), coarse-dist: <None>
            x1245 <-> x1268: LCA: x1293 (stage: -1), coarse-dist: <None>
            x1496 <-> x1268: LCA: x1637 (stage: -1), coarse-dist: <None>
            x1551 <-> x1268: LCA: x1637 (stage: -1), coarse-dist: <None>
            x1336 <-> x1268: LCA: x1637 (stage: -1), coarse-dist: <None>
            x1506 <-> x1268: LCA: x1637 (stage: -1), coarse-dist: <None>
            x1473 <-> x1268: LCA: x1637 (stage: -1), coarse-dist: <None>
            x1346 <-> x1268: LCA: x1637 (stage: -1), coarse-dist: <None>
            x1610 <-> x1268: LCA: x1637 (stage: -1), coarse-dist: <None>
            x1268 <-> x1268: LCA: x1269 (stage: -1), coarse-dist: <None>
            x1597 <-> x1268: LCA: x1637 (stage: -1), coarse-dist: <None>
          x1369 <-> x1155 # LCA: x1812 (stage: -1), Dist: Some(1)
          x1633 <-> x1155 # LCA: x1812 (stage: -1), Dist: Some(1)
          x1437 <-> x1155 # LCA: x1812 (stage: -1), Dist: Some(1)
          x1222 <-> x1155 # LCA: x1812 (stage: -1), Dist: Some(1)
          x1359 <-> x1155 # LCA: x1812 (stage: -1), Dist: Some(1)
          x1323 <-> x1155 # LCA: x1812 (stage: -1), Dist: Some(1)
          x1232 <-> x1155 # LCA: x1812 (stage: -1), Dist: Some(1)
          x1450 <-> x1155 # LCA: x1812 (stage: -1), Dist: Some(1)
          x1405 <-> x1155 # LCA: x1812 (stage: -1), Dist: Some(1)
          x1564 <-> x1155 # LCA: x1812 (stage: -1), Dist: Some(1)
          x1519 <-> x1155 # LCA: x1812 (stage: -1), Dist: Some(1)
          x1255 <-> x1155 # LCA: x1812 (stage: -1), Dist: Some(1)
          x1392 <-> x1155 # LCA: x1812 (stage: -1), Dist: Some(1)
          x1291 <-> x1155 # LCA: x1812 (stage: -1), Dist: Some(1)
          x1587 <-> x1155 # LCA: x1812 (stage: -1), Dist: Some(1)
          x1155 <-> x1155 # LCA: x1812 (stage: -1), Dist: Some(0)
          x1382 <-> x1155 # LCA: x1812 (stage: -1), Dist: Some(1)
          x1278 <-> x1155 # LCA: x1812 (stage: -1), Dist: Some(1)
          x1483 <-> x1155 # LCA: x1812 (stage: -1), Dist: Some(1)
          x1620 <-> x1155 # LCA: x1812 (stage: -1), Dist: Some(1)
          x1209 <-> x1155 # LCA: x1812 (stage: -1), Dist: Some(1)
          x1574 <-> x1155 # LCA: x1812 (stage: -1), Dist: Some(1)
          x1460 <-> x1155 # LCA: x1812 (stage: -1), Dist: Some(1)
          x1245 <-> x1155 # LCA: x1812 (stage: -1), Dist: Some(1)
          x1496 <-> x1155 # LCA: x1812 (stage: -1), Dist: Some(1)
          x1551 <-> x1155 # LCA: x1812 (stage: -1), Dist: Some(1)
          x1336 <-> x1155 # LCA: x1812 (stage: -1), Dist: Some(1)
          x1506 <-> x1155 # LCA: x1812 (stage: -1), Dist: Some(1)
          x1473 <-> x1155 # LCA: x1812 (stage: -1), Dist: Some(1)
          x1346 <-> x1155 # LCA: x1812 (stage: -1), Dist: Some(1)
          x1610 <-> x1155 # LCA: x1812 (stage: -1), Dist: Some(1)
          x1268 <-> x1155 # LCA: x1812 (stage: -1), Dist: Some(1)
          x1597 <-> x1155 # LCA: x1812 (stage: -1), Dist: Some(1)
          Recomputing depth of x1019
            x1586 <-> x1586: LCA: x1588 (stage: -1), coarse-dist: <None>
            x1290 <-> x1586: LCA: x1637 (stage: -1), coarse-dist: <None>
            x1518 <-> x1586: LCA: x1637 (stage: -1), coarse-dist: <None>
            x1609 <-> x1586: LCA: x1635 (stage: -1), coarse-dist: <None>
            x1632 <-> x1586: LCA: x1635 (stage: -1), coarse-dist: <None>
            x1563 <-> x1586: LCA: x1635 (stage: -1), coarse-dist: <None>
            x1154 <-> x1586: LCA: x1812 (stage: -1), coarse-dist: -1
            x1690 <-> x1586: LCA: x1812 (stage: -1), coarse-dist: 1
            x1381 <-> x1586: LCA: x1637 (stage: -1), coarse-dist: <None>
            x1472 <-> x1586: LCA: x1637 (stage: -1), coarse-dist: <None>
            x1267 <-> x1586: LCA: x1637 (stage: -1), coarse-dist: <None>
            x1404 <-> x1586: LCA: x1637 (stage: -1), coarse-dist: <None>
            x1358 <-> x1586: LCA: x1637 (stage: -1), coarse-dist: <None>
            x1221 <-> x1586: LCA: x1637 (stage: -1), coarse-dist: <None>
            x1244 <-> x1586: LCA: x1637 (stage: -1), coarse-dist: <None>
            x1495 <-> x1586: LCA: x1637 (stage: -1), coarse-dist: <None>
            x1335 <-> x1586: LCA: x1637 (stage: -1), coarse-dist: <None>
            x1449 <-> x1586: LCA: x1637 (stage: -1), coarse-dist: <None>
            x1586 <-> x1290: LCA: x1637 (stage: -1), coarse-dist: <None>
            x1290 <-> x1290: LCA: x1292 (stage: -1), coarse-dist: <None>
            x1518 <-> x1290: LCA: x1637 (stage: -1), coarse-dist: <None>
            x1609 <-> x1290: LCA: x1637 (stage: -1), coarse-dist: <None>
            x1632 <-> x1290: LCA: x1637 (stage: -1), coarse-dist: <None>
            x1563 <-> x1290: LCA: x1637 (stage: -1), coarse-dist: <None>
            x1154 <-> x1290: LCA: x1812 (stage: -1), coarse-dist: -1
            x1690 <-> x1290: LCA: x1812 (stage: -1), coarse-dist: 1
            x1381 <-> x1290: LCA: x1637 (stage: -1), coarse-dist: <None>
            x1472 <-> x1290: LCA: x1637 (stage: -1), coarse-dist: <None>
            x1267 <-> x1290: LCA: x1293 (stage: -1), coarse-dist: <None>
            x1404 <-> x1290: LCA: x1637 (stage: -1), coarse-dist: <None>
            x1358 <-> x1290: LCA: x1637 (stage: -1), coarse-dist: <None>
            x1221 <-> x1290: LCA: x1293 (stage: -1), coarse-dist: <None>
            x1244 <-> x1290: LCA: x1293 (stage: -1), coarse-dist: <None>
            x1495 <-> x1290: LCA: x1637 (stage: -1), coarse-dist: <None>
            x1335 <-> x1290: LCA: x1637 (stage: -1), coarse-dist: <None>
            x1449 <-> x1290: LCA: x1637 (stage: -1), coarse-dist: <None>
            x1586 <-> x1518: LCA: x1637 (stage: -1), coarse-dist: <None>
            x1290 <-> x1518: LCA: x1637 (stage: -1), coarse-dist: <None>
            x1518 <-> x1518: LCA: x1520 (stage: -1), coarse-dist: <None>
            x1609 <-> x1518: LCA: x1637 (stage: -1), coarse-dist: <None>
            x1632 <-> x1518: LCA: x1637 (stage: -1), coarse-dist: <None>
            x1563 <-> x1518: LCA: x1637 (stage: -1), coarse-dist: <None>
            x1154 <-> x1518: LCA: x1812 (stage: -1), coarse-dist: -1
            x1690 <-> x1518: LCA: x1812 (stage: -1), coarse-dist: 1
            x1381 <-> x1518: LCA: x1637 (stage: -1), coarse-dist: <None>
            x1472 <-> x1518: LCA: x1521 (stage: -1), coarse-dist: <None>
            x1267 <-> x1518: LCA: x1637 (stage: -1), coarse-dist: <None>
            x1404 <-> x1518: LCA: x1637 (stage: -1), coarse-dist: <None>
            x1358 <-> x1518: LCA: x1637 (stage: -1), coarse-dist: <None>
            x1221 <-> x1518: LCA: x1637 (stage: -1), coarse-dist: <None>
            x1244 <-> x1518: LCA: x1637 (stage: -1), coarse-dist: <None>
            x1495 <-> x1518: LCA: x1521 (stage: -1), coarse-dist: <None>
            x1335 <-> x1518: LCA: x1637 (stage: -1), coarse-dist: <None>
            x1449 <-> x1518: LCA: x1521 (stage: -1), coarse-dist: <None>
            x1586 <-> x1609: LCA: x1635 (stage: -1), coarse-dist: <None>
            x1290 <-> x1609: LCA: x1637 (stage: -1), coarse-dist: <None>
            x1518 <-> x1609: LCA: x1637 (stage: -1), coarse-dist: <None>
            x1609 <-> x1609: LCA: x1611 (stage: -1), coarse-dist: <None>
            x1632 <-> x1609: LCA: x1635 (stage: -1), coarse-dist: <None>
            x1563 <-> x1609: LCA: x1635 (stage: -1), coarse-dist: <None>
            x1154 <-> x1609: LCA: x1812 (stage: -1), coarse-dist: -1
            x1690 <-> x1609: LCA: x1812 (stage: -1), coarse-dist: 1
            x1381 <-> x1609: LCA: x1637 (stage: -1), coarse-dist: <None>
            x1472 <-> x1609: LCA: x1637 (stage: -1), coarse-dist: <None>
            x1267 <-> x1609: LCA: x1637 (stage: -1), coarse-dist: <None>
            x1404 <-> x1609: LCA: x1637 (stage: -1), coarse-dist: <None>
            x1358 <-> x1609: LCA: x1637 (stage: -1), coarse-dist: <None>
            x1221 <-> x1609: LCA: x1637 (stage: -1), coarse-dist: <None>
            x1244 <-> x1609: LCA: x1637 (stage: -1), coarse-dist: <None>
            x1495 <-> x1609: LCA: x1637 (stage: -1), coarse-dist: <None>
            x1335 <-> x1609: LCA: x1637 (stage: -1), coarse-dist: <None>
            x1449 <-> x1609: LCA: x1637 (stage: -1), coarse-dist: <None>
            x1586 <-> x1632: LCA: x1635 (stage: -1), coarse-dist: <None>
            x1290 <-> x1632: LCA: x1637 (stage: -1), coarse-dist: <None>
            x1518 <-> x1632: LCA: x1637 (stage: -1), coarse-dist: <None>
            x1609 <-> x1632: LCA: x1635 (stage: -1), coarse-dist: <None>
            x1632 <-> x1632: LCA: x1634 (stage: -1), coarse-dist: <None>
            x1563 <-> x1632: LCA: x1635 (stage: -1), coarse-dist: <None>
            x1154 <-> x1632: LCA: x1812 (stage: -1), coarse-dist: -1
            x1690 <-> x1632: LCA: x1812 (stage: -1), coarse-dist: 1
            x1381 <-> x1632: LCA: x1637 (stage: -1), coarse-dist: <None>
            x1472 <-> x1632: LCA: x1637 (stage: -1), coarse-dist: <None>
            x1267 <-> x1632: LCA: x1637 (stage: -1), coarse-dist: <None>
            x1404 <-> x1632: LCA: x1637 (stage: -1), coarse-dist: <None>
            x1358 <-> x1632: LCA: x1637 (stage: -1), coarse-dist: <None>
            x1221 <-> x1632: LCA: x1637 (stage: -1), coarse-dist: <None>
            x1244 <-> x1632: LCA: x1637 (stage: -1), coarse-dist: <None>
            x1495 <-> x1632: LCA: x1637 (stage: -1), coarse-dist: <None>
            x1335 <-> x1632: LCA: x1637 (stage: -1), coarse-dist: <None>
            x1449 <-> x1632: LCA: x1637 (stage: -1), coarse-dist: <None>
            x1586 <-> x1563: LCA: x1635 (stage: -1), coarse-dist: <None>
            x1290 <-> x1563: LCA: x1637 (stage: -1), coarse-dist: <None>
            x1518 <-> x1563: LCA: x1637 (stage: -1), coarse-dist: <None>
            x1609 <-> x1563: LCA: x1635 (stage: -1), coarse-dist: <None>
            x1632 <-> x1563: LCA: x1635 (stage: -1), coarse-dist: <None>
            x1563 <-> x1563: LCA: x1565 (stage: -1), coarse-dist: <None>
            x1154 <-> x1563: LCA: x1812 (stage: -1), coarse-dist: -1
            x1690 <-> x1563: LCA: x1812 (stage: -1), coarse-dist: 1
            x1381 <-> x1563: LCA: x1637 (stage: -1), coarse-dist: <None>
            x1472 <-> x1563: LCA: x1637 (stage: -1), coarse-dist: <None>
            x1267 <-> x1563: LCA: x1637 (stage: -1), coarse-dist: <None>
            x1404 <-> x1563: LCA: x1637 (stage: -1), coarse-dist: <None>
            x1358 <-> x1563: LCA: x1637 (stage: -1), coarse-dist: <None>
            x1221 <-> x1563: LCA: x1637 (stage: -1), coarse-dist: <None>
            x1244 <-> x1563: LCA: x1637 (stage: -1), coarse-dist: <None>
            x1495 <-> x1563: LCA: x1637 (stage: -1), coarse-dist: <None>
            x1335 <-> x1563: LCA: x1637 (stage: -1), coarse-dist: <None>
            x1449 <-> x1563: LCA: x1637 (stage: -1), coarse-dist: <None>
            x1586 <-> x1154: LCA: x1812 (stage: -1), coarse-dist: 1
            x1290 <-> x1154: LCA: x1812 (stage: -1), coarse-dist: 1
            x1518 <-> x1154: LCA: x1812 (stage: -1), coarse-dist: 1
            x1609 <-> x1154: LCA: x1812 (stage: -1), coarse-dist: 1
            x1632 <-> x1154: LCA: x1812 (stage: -1), coarse-dist: 1
            x1563 <-> x1154: LCA: x1812 (stage: -1), coarse-dist: 1
            x1154 <-> x1154: LCA: x1156 (stage: -1), coarse-dist: <None>
            x1690 <-> x1154: LCA: x1812 (stage: -1), coarse-dist: 2
            x1381 <-> x1154: LCA: x1812 (stage: -1), coarse-dist: 1
            x1472 <-> x1154: LCA: x1812 (stage: -1), coarse-dist: 1
            x1267 <-> x1154: LCA: x1812 (stage: -1), coarse-dist: 1
            x1404 <-> x1154: LCA: x1812 (stage: -1), coarse-dist: 1
            x1358 <-> x1154: LCA: x1812 (stage: -1), coarse-dist: 1
            x1221 <-> x1154: LCA: x1812 (stage: -1), coarse-dist: 1
            x1244 <-> x1154: LCA: x1812 (stage: -1), coarse-dist: 1
            x1495 <-> x1154: LCA: x1812 (stage: -1), coarse-dist: 1
            x1335 <-> x1154: LCA: x1812 (stage: -1), coarse-dist: 1
            x1449 <-> x1154: LCA: x1812 (stage: -1), coarse-dist: 1
            x1586 <-> x1381: LCA: x1637 (stage: -1), coarse-dist: <None>
            x1290 <-> x1381: LCA: x1637 (stage: -1), coarse-dist: <None>
            x1518 <-> x1381: LCA: x1637 (stage: -1), coarse-dist: <None>
            x1609 <-> x1381: LCA: x1637 (stage: -1), coarse-dist: <None>
            x1632 <-> x1381: LCA: x1637 (stage: -1), coarse-dist: <None>
            x1563 <-> x1381: LCA: x1637 (stage: -1), coarse-dist: <None>
            x1154 <-> x1381: LCA: x1812 (stage: -1), coarse-dist: -1
            x1690 <-> x1381: LCA: x1812 (stage: -1), coarse-dist: 1
            x1381 <-> x1381: LCA: x1383 (stage: -1), coarse-dist: <None>
            x1472 <-> x1381: LCA: x1637 (stage: -1), coarse-dist: <None>
            x1267 <-> x1381: LCA: x1637 (stage: -1), coarse-dist: <None>
            x1404 <-> x1381: LCA: x1407 (stage: -1), coarse-dist: <None>
            x1358 <-> x1381: LCA: x1407 (stage: -1), coarse-dist: <None>
            x1221 <-> x1381: LCA: x1637 (stage: -1), coarse-dist: <None>
            x1244 <-> x1381: LCA: x1637 (stage: -1), coarse-dist: <None>
            x1495 <-> x1381: LCA: x1637 (stage: -1), coarse-dist: <None>
            x1335 <-> x1381: LCA: x1407 (stage: -1), coarse-dist: <None>
            x1449 <-> x1381: LCA: x1637 (stage: -1), coarse-dist: <None>
            x1586 <-> x1472: LCA: x1637 (stage: -1), coarse-dist: <None>
            x1290 <-> x1472: LCA: x1637 (stage: -1), coarse-dist: <None>
            x1518 <-> x1472: LCA: x1521 (stage: -1), coarse-dist: <None>
            x1609 <-> x1472: LCA: x1637 (stage: -1), coarse-dist: <None>
            x1632 <-> x1472: LCA: x1637 (stage: -1), coarse-dist: <None>
            x1563 <-> x1472: LCA: x1637 (stage: -1), coarse-dist: <None>
            x1154 <-> x1472: LCA: x1812 (stage: -1), coarse-dist: -1
            x1690 <-> x1472: LCA: x1812 (stage: -1), coarse-dist: 1
            x1381 <-> x1472: LCA: x1637 (stage: -1), coarse-dist: <None>
            x1472 <-> x1472: LCA: x1474 (stage: -1), coarse-dist: <None>
            x1267 <-> x1472: LCA: x1637 (stage: -1), coarse-dist: <None>
            x1404 <-> x1472: LCA: x1637 (stage: -1), coarse-dist: <None>
            x1358 <-> x1472: LCA: x1637 (stage: -1), coarse-dist: <None>
            x1221 <-> x1472: LCA: x1637 (stage: -1), coarse-dist: <None>
            x1244 <-> x1472: LCA: x1637 (stage: -1), coarse-dist: <None>
            x1495 <-> x1472: LCA: x1521 (stage: -1), coarse-dist: <None>
            x1335 <-> x1472: LCA: x1637 (stage: -1), coarse-dist: <None>
            x1449 <-> x1472: LCA: x1521 (stage: -1), coarse-dist: <None>
            x1586 <-> x1267: LCA: x1637 (stage: -1), coarse-dist: <None>
            x1290 <-> x1267: LCA: x1293 (stage: -1), coarse-dist: <None>
            x1518 <-> x1267: LCA: x1637 (stage: -1), coarse-dist: <None>
            x1609 <-> x1267: LCA: x1637 (stage: -1), coarse-dist: <None>
            x1632 <-> x1267: LCA: x1637 (stage: -1), coarse-dist: <None>
            x1563 <-> x1267: LCA: x1637 (stage: -1), coarse-dist: <None>
            x1154 <-> x1267: LCA: x1812 (stage: -1), coarse-dist: -1
            x1690 <-> x1267: LCA: x1812 (stage: -1), coarse-dist: 1
            x1381 <-> x1267: LCA: x1637 (stage: -1), coarse-dist: <None>
            x1472 <-> x1267: LCA: x1637 (stage: -1), coarse-dist: <None>
            x1267 <-> x1267: LCA: x1269 (stage: -1), coarse-dist: <None>
            x1404 <-> x1267: LCA: x1637 (stage: -1), coarse-dist: <None>
            x1358 <-> x1267: LCA: x1637 (stage: -1), coarse-dist: <None>
            x1221 <-> x1267: LCA: x1293 (stage: -1), coarse-dist: <None>
            x1244 <-> x1267: LCA: x1293 (stage: -1), coarse-dist: <None>
            x1495 <-> x1267: LCA: x1637 (stage: -1), coarse-dist: <None>
            x1335 <-> x1267: LCA: x1637 (stage: -1), coarse-dist: <None>
            x1449 <-> x1267: LCA: x1637 (stage: -1), coarse-dist: <None>
            x1586 <-> x1404: LCA: x1637 (stage: -1), coarse-dist: <None>
            x1290 <-> x1404: LCA: x1637 (stage: -1), coarse-dist: <None>
            x1518 <-> x1404: LCA: x1637 (stage: -1), coarse-dist: <None>
            x1609 <-> x1404: LCA: x1637 (stage: -1), coarse-dist: <None>
            x1632 <-> x1404: LCA: x1637 (stage: -1), coarse-dist: <None>
            x1563 <-> x1404: LCA: x1637 (stage: -1), coarse-dist: <None>
            x1154 <-> x1404: LCA: x1812 (stage: -1), coarse-dist: -1
            x1690 <-> x1404: LCA: x1812 (stage: -1), coarse-dist: 1
            x1381 <-> x1404: LCA: x1407 (stage: -1), coarse-dist: <None>
            x1472 <-> x1404: LCA: x1637 (stage: -1), coarse-dist: <None>
            x1267 <-> x1404: LCA: x1637 (stage: -1), coarse-dist: <None>
            x1404 <-> x1404: LCA: x1406 (stage: -1), coarse-dist: <None>
            x1358 <-> x1404: LCA: x1407 (stage: -1), coarse-dist: <None>
            x1221 <-> x1404: LCA: x1637 (stage: -1), coarse-dist: <None>
            x1244 <-> x1404: LCA: x1637 (stage: -1), coarse-dist: <None>
            x1495 <-> x1404: LCA: x1637 (stage: -1), coarse-dist: <None>
            x1335 <-> x1404: LCA: x1407 (stage: -1), coarse-dist: <None>
            x1449 <-> x1404: LCA: x1637 (stage: -1), coarse-dist: <None>
            x1586 <-> x1358: LCA: x1637 (stage: -1), coarse-dist: <None>
            x1290 <-> x1358: LCA: x1637 (stage: -1), coarse-dist: <None>
            x1518 <-> x1358: LCA: x1637 (stage: -1), coarse-dist: <None>
            x1609 <-> x1358: LCA: x1637 (stage: -1), coarse-dist: <None>
            x1632 <-> x1358: LCA: x1637 (stage: -1), coarse-dist: <None>
            x1563 <-> x1358: LCA: x1637 (stage: -1), coarse-dist: <None>
            x1154 <-> x1358: LCA: x1812 (stage: -1), coarse-dist: -1
            x1690 <-> x1358: LCA: x1812 (stage: -1), coarse-dist: 1
            x1381 <-> x1358: LCA: x1407 (stage: -1), coarse-dist: <None>
            x1472 <-> x1358: LCA: x1637 (stage: -1), coarse-dist: <None>
            x1267 <-> x1358: LCA: x1637 (stage: -1), coarse-dist: <None>
            x1404 <-> x1358: LCA: x1407 (stage: -1), coarse-dist: <None>
            x1358 <-> x1358: LCA: x1360 (stage: -1), coarse-dist: <None>
            x1221 <-> x1358: LCA: x1637 (stage: -1), coarse-dist: <None>
            x1244 <-> x1358: LCA: x1637 (stage: -1), coarse-dist: <None>
            x1495 <-> x1358: LCA: x1637 (stage: -1), coarse-dist: <None>
            x1335 <-> x1358: LCA: x1407 (stage: -1), coarse-dist: <None>
            x1449 <-> x1358: LCA: x1637 (stage: -1), coarse-dist: <None>
            x1586 <-> x1221: LCA: x1637 (stage: -1), coarse-dist: <None>
            x1290 <-> x1221: LCA: x1293 (stage: -1), coarse-dist: <None>
            x1518 <-> x1221: LCA: x1637 (stage: -1), coarse-dist: <None>
            x1609 <-> x1221: LCA: x1637 (stage: -1), coarse-dist: <None>
            x1632 <-> x1221: LCA: x1637 (stage: -1), coarse-dist: <None>
            x1563 <-> x1221: LCA: x1637 (stage: -1), coarse-dist: <None>
            x1154 <-> x1221: LCA: x1812 (stage: -1), coarse-dist: -1
            x1690 <-> x1221: LCA: x1812 (stage: -1), coarse-dist: 1
            x1381 <-> x1221: LCA: x1637 (stage: -1), coarse-dist: <None>
            x1472 <-> x1221: LCA: x1637 (stage: -1), coarse-dist: <None>
            x1267 <-> x1221: LCA: x1293 (stage: -1), coarse-dist: <None>
            x1404 <-> x1221: LCA: x1637 (stage: -1), coarse-dist: <None>
            x1358 <-> x1221: LCA: x1637 (stage: -1), coarse-dist: <None>
            x1221 <-> x1221: LCA: x1223 (stage: -1), coarse-dist: <None>
            x1244 <-> x1221: LCA: x1293 (stage: -1), coarse-dist: <None>
            x1495 <-> x1221: LCA: x1637 (stage: -1), coarse-dist: <None>
            x1335 <-> x1221: LCA: x1637 (stage: -1), coarse-dist: <None>
            x1449 <-> x1221: LCA: x1637 (stage: -1), coarse-dist: <None>
            x1586 <-> x1244: LCA: x1637 (stage: -1), coarse-dist: <None>
            x1290 <-> x1244: LCA: x1293 (stage: -1), coarse-dist: <None>
            x1518 <-> x1244: LCA: x1637 (stage: -1), coarse-dist: <None>
            x1609 <-> x1244: LCA: x1637 (stage: -1), coarse-dist: <None>
            x1632 <-> x1244: LCA: x1637 (stage: -1), coarse-dist: <None>
            x1563 <-> x1244: LCA: x1637 (stage: -1), coarse-dist: <None>
            x1154 <-> x1244: LCA: x1812 (stage: -1), coarse-dist: -1
            x1690 <-> x1244: LCA: x1812 (stage: -1), coarse-dist: 1
            x1381 <-> x1244: LCA: x1637 (stage: -1), coarse-dist: <None>
            x1472 <-> x1244: LCA: x1637 (stage: -1), coarse-dist: <None>
            x1267 <-> x1244: LCA: x1293 (stage: -1), coarse-dist: <None>
            x1404 <-> x1244: LCA: x1637 (stage: -1), coarse-dist: <None>
            x1358 <-> x1244: LCA: x1637 (stage: -1), coarse-dist: <None>
            x1221 <-> x1244: LCA: x1293 (stage: -1), coarse-dist: <None>
            x1244 <-> x1244: LCA: x1246 (stage: -1), coarse-dist: <None>
            x1495 <-> x1244: LCA: x1637 (stage: -1), coarse-dist: <None>
            x1335 <-> x1244: LCA: x1637 (stage: -1), coarse-dist: <None>
            x1449 <-> x1244: LCA: x1637 (stage: -1), coarse-dist: <None>
            x1586 <-> x1495: LCA: x1637 (stage: -1), coarse-dist: <None>
            x1290 <-> x1495: LCA: x1637 (stage: -1), coarse-dist: <None>
            x1518 <-> x1495: LCA: x1521 (stage: -1), coarse-dist: <None>
            x1609 <-> x1495: LCA: x1637 (stage: -1), coarse-dist: <None>
            x1632 <-> x1495: LCA: x1637 (stage: -1), coarse-dist: <None>
            x1563 <-> x1495: LCA: x1637 (stage: -1), coarse-dist: <None>
            x1154 <-> x1495: LCA: x1812 (stage: -1), coarse-dist: -1
            x1690 <-> x1495: LCA: x1812 (stage: -1), coarse-dist: 1
            x1381 <-> x1495: LCA: x1637 (stage: -1), coarse-dist: <None>
            x1472 <-> x1495: LCA: x1521 (stage: -1), coarse-dist: <None>
            x1267 <-> x1495: LCA: x1637 (stage: -1), coarse-dist: <None>
            x1404 <-> x1495: LCA: x1637 (stage: -1), coarse-dist: <None>
            x1358 <-> x1495: LCA: x1637 (stage: -1), coarse-dist: <None>
            x1221 <-> x1495: LCA: x1637 (stage: -1), coarse-dist: <None>
            x1244 <-> x1495: LCA: x1637 (stage: -1), coarse-dist: <None>
            x1495 <-> x1495: LCA: x1497 (stage: -1), coarse-dist: <None>
            x1335 <-> x1495: LCA: x1637 (stage: -1), coarse-dist: <None>
            x1449 <-> x1495: LCA: x1521 (stage: -1), coarse-dist: <None>
            x1586 <-> x1335: LCA: x1637 (stage: -1), coarse-dist: <None>
            x1290 <-> x1335: LCA: x1637 (stage: -1), coarse-dist: <None>
            x1518 <-> x1335: LCA: x1637 (stage: -1), coarse-dist: <None>
            x1609 <-> x1335: LCA: x1637 (stage: -1), coarse-dist: <None>
            x1632 <-> x1335: LCA: x1637 (stage: -1), coarse-dist: <None>
            x1563 <-> x1335: LCA: x1637 (stage: -1), coarse-dist: <None>
            x1154 <-> x1335: LCA: x1812 (stage: -1), coarse-dist: -1
            x1690 <-> x1335: LCA: x1812 (stage: -1), coarse-dist: 1
            x1381 <-> x1335: LCA: x1407 (stage: -1), coarse-dist: <None>
            x1472 <-> x1335: LCA: x1637 (stage: -1), coarse-dist: <None>
            x1267 <-> x1335: LCA: x1637 (stage: -1), coarse-dist: <None>
            x1404 <-> x1335: LCA: x1407 (stage: -1), coarse-dist: <None>
            x1358 <-> x1335: LCA: x1407 (stage: -1), coarse-dist: <None>
            x1221 <-> x1335: LCA: x1637 (stage: -1), coarse-dist: <None>
            x1244 <-> x1335: LCA: x1637 (stage: -1), coarse-dist: <None>
            x1495 <-> x1335: LCA: x1637 (stage: -1), coarse-dist: <None>
            x1335 <-> x1335: LCA: x1337 (stage: -1), coarse-dist: <None>
            x1449 <-> x1335: LCA: x1637 (stage: -1), coarse-dist: <None>
            x1586 <-> x1449: LCA: x1637 (stage: -1), coarse-dist: <None>
            x1290 <-> x1449: LCA: x1637 (stage: -1), coarse-dist: <None>
            x1518 <-> x1449: LCA: x1521 (stage: -1), coarse-dist: <None>
            x1609 <-> x1449: LCA: x1637 (stage: -1), coarse-dist: <None>
            x1632 <-> x1449: LCA: x1637 (stage: -1), coarse-dist: <None>
            x1563 <-> x1449: LCA: x1637 (stage: -1), coarse-dist: <None>
            x1154 <-> x1449: LCA: x1812 (stage: -1), coarse-dist: -1
            x1690 <-> x1449: LCA: x1812 (stage: -1), coarse-dist: 1
            x1381 <-> x1449: LCA: x1637 (stage: -1), coarse-dist: <None>
            x1472 <-> x1449: LCA: x1521 (stage: -1), coarse-dist: <None>
            x1267 <-> x1449: LCA: x1637 (stage: -1), coarse-dist: <None>
            x1404 <-> x1449: LCA: x1637 (stage: -1), coarse-dist: <None>
            x1358 <-> x1449: LCA: x1637 (stage: -1), coarse-dist: <None>
            x1221 <-> x1449: LCA: x1637 (stage: -1), coarse-dist: <None>
            x1244 <-> x1449: LCA: x1637 (stage: -1), coarse-dist: <None>
            x1495 <-> x1449: LCA: x1521 (stage: -1), coarse-dist: <None>
            x1335 <-> x1449: LCA: x1637 (stage: -1), coarse-dist: <None>
            x1449 <-> x1449: LCA: x1451 (stage: -1), coarse-dist: <None>
          x1586 <-> x1358 # LCA: x1812 (stage: -1), Dist: Some(0)
          x1290 <-> x1358 # LCA: x1812 (stage: -1), Dist: Some(0)
          x1518 <-> x1358 # LCA: x1812 (stage: -1), Dist: Some(0)
          x1609 <-> x1358 # LCA: x1812 (stage: -1), Dist: Some(0)
          x1632 <-> x1358 # LCA: x1812 (stage: -1), Dist: Some(0)
          x1563 <-> x1358 # LCA: x1812 (stage: -1), Dist: Some(0)
          x1154 <-> x1358 # LCA: x1812 (stage: -1), Dist: Some(-1)
          x1690 <-> x1358 # LCA: x1812 (stage: -1), Dist: Some(1)
          x1381 <-> x1358 # LCA: x1812 (stage: -1), Dist: Some(0)
          x1472 <-> x1358 # LCA: x1812 (stage: -1), Dist: Some(0)
          x1267 <-> x1358 # LCA: x1812 (stage: -1), Dist: Some(0)
          x1404 <-> x1358 # LCA: x1812 (stage: -1), Dist: Some(0)
          x1358 <-> x1358 # LCA: x1812 (stage: -1), Dist: Some(0)
          x1221 <-> x1358 # LCA: x1812 (stage: -1), Dist: Some(0)
          x1244 <-> x1358 # LCA: x1812 (stage: -1), Dist: Some(0)
          x1495 <-> x1358 # LCA: x1812 (stage: -1), Dist: Some(0)
          x1335 <-> x1358 # LCA: x1812 (stage: -1), Dist: Some(0)
          x1449 <-> x1358 # LCA: x1812 (stage: -1), Dist: Some(0)
                Recomputing depth of x1055
                  x1072 <-> x1061: LCA: x1086 (stage: -1), coarse-dist: <None>
                  x1061 <-> x1061: LCA: x1066 (stage: -1), coarse-dist: <None>
                Recomputing depth of x1056
                  x1074 <-> x1063: LCA: x1086 (stage: -1), coarse-dist: <None>
                  x1063 <-> x1063: LCA: x1066 (stage: -1), coarse-dist: <None>
                Recomputing depth of x1057
                  x1766 <-> x1065: LCA: x1086 (stage: -1), coarse-dist: <None>
                  x1065 <-> x1065: LCA: x1066 (stage: -1), coarse-dist: <None>
                Recomputing depth of x1123
                  x1140 <-> x1129: LCA: x1157 (stage: -1), coarse-dist: <None>
                  x1129 <-> x1129: LCA: x1134 (stage: -1), coarse-dist: <None>
                Recomputing depth of x1124
                  x1142 <-> x1131: LCA: x1157 (stage: -1), coarse-dist: <None>
                  x1131 <-> x1131: LCA: x1134 (stage: -1), coarse-dist: <None>
                Recomputing depth of x1125
                  x1769 <-> x1133: LCA: x1157 (stage: -1), coarse-dist: <None>
                  x1133 <-> x1133: LCA: x1134 (stage: -1), coarse-dist: <None>
                Recomputing depth of x1646
                  x1678 <-> x1669: LCA: x1695 (stage: -1), coarse-dist: <None>
                  x1669 <-> x1669: LCA: x1672 (stage: -1), coarse-dist: <None>
                Recomputing depth of x1647
                  x1680 <-> x1670: LCA: x1695 (stage: -1), coarse-dist: <None>
                  x1670 <-> x1670: LCA: x1672 (stage: -1), coarse-dist: <None>
                Recomputing depth of x1648
                  x1792 <-> x1671: LCA: x1695 (stage: -1), coarse-dist: <None>
                  x1671 <-> x1671: LCA: x1672 (stage: -1), coarse-dist: <None>
