[[34minfo[0m] Nova Profiling Report
[[34minfo[0m] init: 0.092s (100.00%)
[[34minfo[0m] compile: 9.593s (100.00%)
[[34minfo[0m] compile.ExecutorPass: 3.256s (33.94%)
[[34minfo[0m] compile.ChiselGen: 1.024s (10.67%)
[[34minfo[0m] compile.MemoryAnalyzer: 0.794s (8.28%)
[[34minfo[0m] compile.IR: 0.695s (7.24%)
[[34minfo[0m] compile.MemoryReporter: 0.375s (3.91%)
[[34minfo[0m] compile.UnrollingTransformer: 0.241s (2.51%)
[[34minfo[0m] compile.staging: 0.23s (2.40%)
[[34minfo[0m] compile.BlackboxLowering: 0.224s (2.34%)
[[34minfo[0m] compile.HtmlIRGenSpatial: 0.222s (2.31%)
[[34minfo[0m] compile.CppGen: 0.21s (2.19%)
[[34minfo[0m] compile.TransientCleanup: 0.15s (1.56%)
[[34minfo[0m] compile.RetimingAnalyzer: 0.144s (1.50%)
[[34minfo[0m] compile.RetimingTransformer: 0.141s (1.47%)
[[34minfo[0m] compile.FlatteningTransformer: 0.132s (1.38%)
[[34minfo[0m] compile.PipeInserter: 0.083s (0.87%)
[[34minfo[0m] compile.RetimeReporter: 0.079s (0.82%)
[[34minfo[0m] compile.RegReadCSE: 0.078s (0.81%)
[[34minfo[0m] compile.UseAnalyzer: 0.07s (0.73%)
[[34minfo[0m] compile.InitiationAnalyzer: 0.069s (0.72%)
[[34minfo[0m] compile.AccessAnalyzer: 0.062s (0.65%)
[[34minfo[0m] compile.FriendlyTransformer: 0.062s (0.65%)
[[34minfo[0m] compile.RewriteTransformer: 0.06s (0.63%)
[[34minfo[0m] compile.DuplicateRetimeStripper: 0.06s (0.63%)
[[34minfo[0m] compile.AccumTransformer: 0.056s (0.58%)
[[34minfo[0m] compile.SwitchTransformer: 0.055s (0.57%)
[[34minfo[0m] compile.TreeGen: 0.053s (0.55%)
[[34minfo[0m] compile.SwitchOptimizer: 0.052s (0.54%)
[[34minfo[0m] compile.CompilerSanityChecks: 0.051s (0.53%)
[[34minfo[0m] compile.LaneStaticTransformer: 0.049s (0.51%)
[[34minfo[0m] compile.BindingTransformer: 0.048s (0.50%)
[[34minfo[0m] compile.AccumAnalyzer: 0.047s (0.49%)
[[34minfo[0m] compile.RuntimeModelGenerator: 0.046s (0.48%)
[[34minfo[0m] compile.MemoryCleanupTransformer: 0.042s (0.44%)
[[34minfo[0m] compile.StreamTransformer: 0.035s (0.36%)
[[34minfo[0m] compile.BufferRecompute: 0.03s (0.31%)
[[34minfo[0m] compile.MemoryDealiasing: 0.027s (0.28%)
[[34minfo[0m] compile.FIFOInitializer: 0.023s (0.24%)
[[34minfo[0m] compile.BroadcastCleanupAnalyzer: 0.016s (0.17%)
[[34minfo[0m] compile.MemoryAllocator: 0.012s (0.13%)
[[34minfo[0m] compile.ResourceCountReporter: 0.005s (0.05%)
[[34minfo[0m] compile.IterationDiffAnalyzer: 0.005s (0.05%)
[[34minfo[0m] compile.RewriteAnalyzer: 0.003s (0.03%)
[[34minfo[0m] compile.CLINaming: 0.002s (0.02%)
[[34minfo[0m] compile.UserSanityChecks: 0.002s (0.02%)
[[34minfo[0m] compile.MetadataStripper: 0.002s (0.02%)
[[34minfo[0m] compile.CounterIterSynchronization: 0.002s (0.02%)
