[[34minfo[0m] @flow analyses
[[34minfo[0m] flows: 0.0s (NaN%)
[[34minfo[0m] flows.accumulator: 0.124s (100.00%)
[[34minfo[0m] flows.controlLevel: 0.067s (100.00%)
[[34minfo[0m] flows.globals: 0.059s (100.00%)
[[34minfo[0m] flows.blockLevel: 0.041s (100.00%)
[[34minfo[0m] flows.controlSchedule: 0.036s (100.00%)
[[34minfo[0m] flows.streams: 0.024s (100.00%)
[[34minfo[0m] flows.memories: 0.019s (100.00%)
[[34minfo[0m] flows.accesses: 0.015s (100.00%)
[[34minfo[0m] flows.blackbox: 0.004s (100.00%)
[[34minfo[0m] flows.transferDataToAllNew_x1684: 0.0s (NaN%)
[[34minfo[0m] flows.transferDataToAllNew_x1652: 0.0s (NaN%)
[[34minfo[0m] flows.transferDataToAllNew_x1685: 0.0s (NaN%)
[[34minfo[0m] flows.transferDataToAllNew_x1149: 0.0s (NaN%)
[[34minfo[0m] flows.transferDataToAllNew_x1098: 0.0s (NaN%)
[[34minfo[0m] flows.transferDataToAllNew_x1148: 0.0s (NaN%)
[[34minfo[0m] flows.transferDataToAllNew_x1030: 0.0s (NaN%)
[[34minfo[0m] flows.transferDataToAllNew_x995: 0.0s (NaN%)
[[34minfo[0m] flows.transferDataToAllNew_x1080: 0.0s (NaN%)
[[34minfo[0m] flows.transferDataToAllNew_x945: 0.0s (NaN%)


flows.transferDataToAllNew_x1685: 0.0s
flows.transferDataToAllNew_x945: 0.0s
flows.transferDataToAllNew_x1652: 0.0s
flows.controlLevel: 0.067s
flows.transferDataToAllNew_x1148: 0.0s
flows.blackbox: 0.004s
flows.blockLevel: 0.041s
flows.transferDataToAllNew_x995: 0.0s
flows.accumulator: 0.124s
flows.transferDataToAllNew_x1684: 0.0s
flows.streams: 0.024s
flows.memories: 0.019s
flows.transferDataToAllNew_x1030: 0.0s
flows.accesses: 0.015s
flows.transferDataToAllNew_x1098: 0.0s
flows.controlSchedule: 0.036s
flows.transferDataToAllNew_x1080: 0.0s
flows.transferDataToAllNew_x1149: 0.0s
flows.globals: 0.059s
