        Optimizing Switch with selects/cases: 
          #0 [sel]: x7 = FixLst(b5,Const(16))
          #0 [cas]: x74 = SwitchCase(Block(x85))
          #1 [sel]: x69 = Not(x7)
          #1 [cas]: x83 = SwitchCase(Block(x21))
        x74 = SwitchCase(Block(x85))
          Optimizing Switch with selects/cases: 
            #0 [sel]: x8 = FixLst(b5,Const(8))
            #0 [cas]: x71 = SwitchCase(Block(x10))
            #1 [sel]: x70 = Not(x8)
            #1 [cas]: x72 = SwitchCase(Block(x13))
          x71 = SwitchCase(Block(x10))
          x72 = SwitchCase(Block(x13))
        x83 = SwitchCase(Block(x21))
          Optimizing Switch with selects/cases: 
            #0 [sel]: x16 = FixEql(b5,Const(16))
            #0 [cas]: x79 = SwitchCase(Block(Const(17)))
            #1 [sel]: x76 = And(x17,x75)
            #1 [cas]: x80 = SwitchCase(Block(x18))
            #2 [sel]: x78 = And(x77,x75)
            #2 [cas]: x81 = SwitchCase(Block(b5))
          x79 = SwitchCase(Block(Const(17)))
          x80 = SwitchCase(Block(x18))
          x81 = SwitchCase(Block(b5))
