    x27 = AccelScope(Block(Const(())))
      x27 Body #0: 
        x27 body #0 block #0 [Outer]
      Alloc: x2 = Some(SRAMNew(List(Const(32)),SRAM1[Fix[TRUE,_32,_0]]))
      Alloc: x3 = Some(RegNew(Const(0)))
      Primitive: x4 = Some(RegWrite(x3,Const(16),Set()))
      Control: x24 = Some(StateMachine(Set(),Const(0),Block((b5) => x6),Block((b5) => x111),Block((b5) => x23),Fix[TRUE,_32,_0]))
      Control: x108 = Some(UnitPipe(Set(),Block(Const(())),None))
      stage bindings: ArrayBuffer(ArrayBuffer(spatial.transform.PipeInserter$Stage@21d8a36), ArrayBuffer(spatial.transform.PipeInserter$Stage@1331e1c6), ArrayBuffer(spatial.transform.PipeInserter$Stage@f7a834e), ArrayBuffer(spatial.transform.PipeInserter$Stage@238cffde), ArrayBuffer(spatial.transform.PipeInserter$Stage@4d2e9da3), ArrayBuffer(spatial.transform.PipeInserter$Stage@510d7a11))
      Stage #0, 0: [Outer]
      Stage #1, 0: [Outer]
        x2 = SRAMNew(List(Const(32)),SRAM1[Fix[TRUE,_32,_0]])
      Stage #2, 0: [Outer]
        x3 = RegNew(Const(0))
      Stage #3, 0: [Inner]
        x4 = RegWrite(x3,Const(16),Set())
        x4 = RegWrite(x3,Const(16),Set()), stg spatial.transform.PipeInserter$Stage@238cffde
          uses: Set(x27)
          nonVoid: false
          isResult: false
      Escaping: 
      Stage #4, 0: [Outer]
        x24 = StateMachine(Set(),Const(0),Block((b5) => x6),Block((b5) => x111),Block((b5) => x23),Fix[TRUE,_32,_0])
      Stage #5, 0: [Outer]
        x108 = UnitPipe(Set(),Block(Const(())),None)
      x108 = UnitPipe(Set(),Block(Const(())),None)
        x108 Body #0: 
          x108 body #0 block #0 [Outer]
        Alloc: x90 = Some(StreamOutNew(BurstCmdBus))
        Alloc: x91 = Some(StreamOutNew(BurstFullDataBus()))
        Alloc: x92 = Some(StreamInNew(BurstAckBus))
        Control: x97 = Some(UnitPipe(Set(),Block(Const(())),None))
        Alloc: x98 = Some(CounterNew(Const(0),Const(32),Const(1),Const(1)))
        Alloc: x100 = Some(CounterChainNew(List(x98)))
        Control: x104 = Some(OpForeach(Set(),x100,Block(Const(())),List(b99),None))
        Fringe: x105 = Some(FringeDenseStore(x1,x90,x91,x92))
        Control: x107 = Some(UnitPipe(Set(),Block(Const(())),None))
        Binding stages ArrayBuffer(spatial.transform.PipeInserter$Stage@51f693ab, spatial.transform.PipeInserter$Stage@1ae2930a, spatial.transform.PipeInserter$Stage@dde151c, spatial.transform.PipeInserter$Stage@7a3d2464, spatial.transform.PipeInserter$Stage@1fb39b43, spatial.transform.PipeInserter$Stage@11c7217c, spatial.transform.PipeInserter$Stage@6c4ca0ad, spatial.transform.PipeInserter$Stage@7f41a744, spatial.transform.PipeInserter$Stage@7cab526c, spatial.transform.PipeInserter$Stage@544f5044) for Parallel execution:
         - Outer stage spatial.transform.PipeInserter$Stage@51f693ab 0
         - Outer stage spatial.transform.PipeInserter$Stage@1ae2930a 1
         - Outer stage spatial.transform.PipeInserter$Stage@dde151c 2
         - Outer stage spatial.transform.PipeInserter$Stage@7a3d2464 3
         - Outer stage spatial.transform.PipeInserter$Stage@1fb39b43 4
         - Outer stage spatial.transform.PipeInserter$Stage@11c7217c 5
         - Outer stage spatial.transform.PipeInserter$Stage@6c4ca0ad 6
         - Outer stage spatial.transform.PipeInserter$Stage@7f41a744 7
         - Outer stage spatial.transform.PipeInserter$Stage@7cab526c 8
         - Last stage spatial.transform.PipeInserter$Stage@544f5044
        stage bindings: ArrayBuffer(ArrayBuffer(spatial.transform.PipeInserter$Stage@51f693ab), ArrayBuffer(spatial.transform.PipeInserter$Stage@1ae2930a), ArrayBuffer(spatial.transform.PipeInserter$Stage@dde151c), ArrayBuffer(spatial.transform.PipeInserter$Stage@7a3d2464), ArrayBuffer(spatial.transform.PipeInserter$Stage@1fb39b43), ArrayBuffer(spatial.transform.PipeInserter$Stage@11c7217c), ArrayBuffer(spatial.transform.PipeInserter$Stage@6c4ca0ad), ArrayBuffer(spatial.transform.PipeInserter$Stage@7f41a744), ArrayBuffer(spatial.transform.PipeInserter$Stage@7cab526c), ArrayBuffer(spatial.transform.PipeInserter$Stage@544f5044))
        Stage #0, 0: [Outer]
        Stage #1, 0: [Outer]
          x90 = StreamOutNew(BurstCmdBus)
        Stage #2, 0: [Outer]
          x91 = StreamOutNew(BurstFullDataBus())
        Stage #3, 0: [Outer]
          x92 = StreamInNew(BurstAckBus)
        Stage #4, 0: [Outer]
          x97 = UnitPipe(Set(),Block(Const(())),None)
        Stage #5, 0: [Outer]
          x98 = CounterNew(Const(0),Const(32),Const(1),Const(1))
        Stage #6, 0: [Outer]
          x100 = CounterChainNew(List(x98))
        Stage #7, 0: [Outer]
          x104 = OpForeach(Set(),x100,Block(Const(())),List(b99),None)
        Stage #8, 0: [Outer]
          x105 = FringeDenseStore(x1,x90,x91,x92)
        Stage #9, 0: [Outer]
          x107 = UnitPipe(Set(),Block(Const(())),None)
