    visiting x1 = DRAMHostNew(List(Const(32)),Const(0))
      visiting x2 = SRAMNew(List(Const(32)),SRAM1[Fix[TRUE,_32,_0]])
      visiting x3 = RegNew(Const(0))
      visiting x113 = UnitPipe(Set(),Block(Const(())),None)
        visiting x4 = RegWrite(x3,Const(16),Set())
      visiting x24 = StateMachine(Set(),Const(0),Block((b5) => x6),Block((b5) => Const(())),Block((b5) => x23),Fix[TRUE,_32,_0])
        visiting x6 = FixLst(b5,Const(32))
        visiting x7 = FixLst(b5,Const(16))
        visiting x69 = Not(x7)
        visiting x111 = Switch(List(x7, x69),Block(x83))
          visiting x74 = SwitchCase(Block(Const(())))
            visiting x8 = FixLst(b5,Const(8))
            visiting x70 = Not(x8)
            visiting x109 = Switch(List(x8, x70),Block(x72))
              visiting x71 = SwitchCase(Block(Const(())))
                visiting x9 = FixSub(Const(31),b5)
                visiting x10 = SRAMWrite(x2,b5,List(x9),Set(x7, x8))
              visiting x72 = SwitchCase(Block(Const(())))
                visiting x11 = FixSub(Const(31),b5)
                visiting x12 = FixAdd(b5,Const(1))
                visiting x13 = SRAMWrite(x2,x12,List(x11),Set(x7, x70))
          visiting x83 = SwitchCase(Block(Const(())))
            visiting x15 = FixSub(b5,Const(16))
            visiting x16 = FixEql(b5,Const(16))
            visiting x75 = Not(x16)
            visiting x17 = FixEql(b5,Const(17))
            visiting x76 = And(x17,x75)
            visiting x77 = Not(x17)
            visiting x78 = And(x77,x75)
            visiting x110 = Switch(List(x16, x76, x78),Block(x81))
              visiting x79 = SwitchCase(Block(Const(17)))
              visiting x80 = SwitchCase(Block(x18))
                visiting x18 = RegRead(x3)
              visiting x81 = SwitchCase(Block(b5))
            visiting x21 = SRAMWrite(x2,x110,List(x15),Set(x69))
        visiting x23 = FixAdd(b5,Const(1))
      visiting x108 = UnitPipe(Set(),Block(Const(())),None)
        visiting x90 = StreamOutNew(BurstCmdBus)
        visiting x91 = StreamOutNew(BurstFullDataBus())
        visiting x92 = StreamInNew(BurstAckBus)
        visiting x97 = UnitPipe(Set(),Block(Const(())),None)
          visiting x112 = DRAMAddress(x1)
          visiting x94 = SimpleStruct(ArrayBuffer((offset,x112), (size,Const(128)), (isLoad,Const(false))))
          visiting x95 = DRAMIsAlloc(x1)
          visiting x96 = StreamOutWrite(x90,x94,Set(x95))
        visiting x98 = CounterNew(Const(0),Const(32),Const(1),Const(1))
        visiting x100 = CounterChainNew(List(x98))
        visiting x104 = OpForeach(Set(),x100,Block(Const(())),List(b99),None)
          visiting x101 = SRAMRead(x2,List(b99),Set())
          visiting x102 = SimpleStruct(ArrayBuffer((_1,x101), (_2,Const(true))))
          visiting x103 = StreamOutWrite(x91,x102,Set())
        visiting x105 = FringeDenseStore(x1,x90,x91,x92)
        visiting x107 = UnitPipe(Set(),Block(Const(())),None)
          visiting x106 = StreamInRead(x92,Set())
    visiting x28 = ArrayNew(Const(32))
    visiting x29 = GetMem(x1,x28)
    visiting x30 = ArrayFromSeq(ArrayBuffer(Const(17), Const(16), Const(18), Const(19), Const(20), Const(21), Const(22), Const(23), Const(24), Const(25), Const(26), Const(27), Const(28), Const(29), Const(30), Const(31), Const(16), Const(15), Const(14), Const(13), Const(12), Const(11), Const(10), Const(9), Const(7), Const(6), Const(5), Const(4), Const(3), Const(2), Const(1), Const(0)))
    visiting x31 = TextConcat(List(Const("Result"), Const("\n")))
    visiting x32 = PrintIf(Set(),x31)
    visiting x33 = ArrayLength(x28)
    visiting x39 = SeriesForeach(Const(0),x33,Const(1),Block((b34) => Const(())))
      visiting x35 = ArrayApply(x28,b34)
      visiting x36 = FixToText(x35,None)
      visiting x37 = TextConcat(List(x36, Const(" ")))
      visiting x38 = PrintIf(Set(),x37)
    visiting x40 = PrintIf(Set(),Const("\n"))
    visiting x41 = TextConcat(List(Const("Gold"), Const("\n")))
    visiting x42 = PrintIf(Set(),x41)
    visiting x43 = ArrayLength(x30)
    visiting x49 = SeriesForeach(Const(0),x43,Const(1),Block((b44) => Const(())))
      visiting x45 = ArrayApply(x30,b44)
      visiting x46 = FixToText(x45,None)
      visiting x47 = TextConcat(List(x46, Const(" ")))
      visiting x48 = PrintIf(Set(),x47)
    visiting x50 = PrintIf(Set(),Const("\n"))
    visiting x55 = ArrayZip(x30,x28,Block((x30,b51) => x52),Block((x28,b51) => x53),Block((x52,x53) => x54))
      visiting x52 = ArrayApply(x30,b51)
      visiting x53 = ArrayApply(x28,b51)
      visiting x54 = FixEql(x52,x53)
    visiting x61 = ArrayReduce(x55,Block((x55,b56) => x59),Block((b57,b58) => x60))
      visiting x59 = ArrayApply(x55,b56)
      visiting x60 = And(b57,b58)
    visiting x62 = BitToText(x61)
    visiting x63 = TextConcat(List(Const("PASS: "), x62))
    visiting x64 = TextConcat(List(x63, Const(" (Lab2Part3BasicCondFSM)")))
    visiting x65 = TextConcat(List(x64, Const("\n")))
    visiting x66 = PrintIf(Set(),x65)
    visiting x68 = AssertIf(Set(),x61,Some(Const("Lab2Part3.scala:35:11: Assertion failure")))
