    x168 = AccelScope(Block(Const(())))
      x168 Body #0: 
        x168 body #0 block #0 [Outer]
      Alloc: x115 = Some(SRAMNew(List(Const(32)),SRAM1[Fix[TRUE,_32,_0]]))
      Alloc: x116 = Some(RegNew(Const(0)))
      Control: x118 = Some(UnitPipe(Set(),Block(Const(())),None))
      Control: x149 = Some(StateMachine(Set(),Const(0),Block((b5) => x119),Block((b5) => Const(())),Block((b5) => x148),Fix[TRUE,_32,_0]))
      Control: x167 = Some(UnitPipe(Set(),Block(Const(())),None))
      stage bindings: ArrayBuffer(ArrayBuffer(spatial.transform.PipeInserter$Stage@5ac3cc58), ArrayBuffer(spatial.transform.PipeInserter$Stage@27eabad0), ArrayBuffer(spatial.transform.PipeInserter$Stage@25574c4a), ArrayBuffer(spatial.transform.PipeInserter$Stage@6ed14d5d), ArrayBuffer(spatial.transform.PipeInserter$Stage@2a34fdd3), ArrayBuffer(spatial.transform.PipeInserter$Stage@58faee7f))
      Stage #0, 0: [Outer]
      Stage #1, 0: [Outer]
        x115 = SRAMNew(List(Const(32)),SRAM1[Fix[TRUE,_32,_0]])
      Stage #2, 0: [Outer]
        x116 = RegNew(Const(0))
      Stage #3, 0: [Outer]
        x118 = UnitPipe(Set(),Block(Const(())),None)
      Stage #4, 0: [Outer]
        x149 = StateMachine(Set(),Const(0),Block((b5) => x119),Block((b5) => Const(())),Block((b5) => x148),Fix[TRUE,_32,_0])
      Stage #5, 0: [Outer]
        x167 = UnitPipe(Set(),Block(Const(())),None)
      x167 = UnitPipe(Set(),Block(Const(())),None)
        x167 Body #0: 
          x167 body #0 block #0 [Outer]
        Alloc: x150 = Some(StreamOutNew(BurstCmdBus))
        Alloc: x151 = Some(StreamOutNew(BurstFullDataBus()))
        Alloc: x152 = Some(StreamInNew(BurstAckBus))
        Control: x157 = Some(UnitPipe(Set(),Block(Const(())),None))
        Alloc: x158 = Some(CounterNew(Const(0),Const(32),Const(1),Const(1)))
        Alloc: x159 = Some(CounterChainNew(List(x158)))
        Control: x163 = Some(OpForeach(Set(),x159,Block(Const(())),List(b99),None))
        Fringe: x164 = Some(FringeDenseStore(x114,x150,x151,x152))
        Control: x166 = Some(UnitPipe(Set(),Block(Const(())),None))
        Binding stages ArrayBuffer(spatial.transform.PipeInserter$Stage@4750cc36, spatial.transform.PipeInserter$Stage@238fca24, spatial.transform.PipeInserter$Stage@2e5861e3, spatial.transform.PipeInserter$Stage@215eeb41, spatial.transform.PipeInserter$Stage@602ea220, spatial.transform.PipeInserter$Stage@3d2d9aeb, spatial.transform.PipeInserter$Stage@5017a3d4, spatial.transform.PipeInserter$Stage@6c55e74, spatial.transform.PipeInserter$Stage@13efc32e, spatial.transform.PipeInserter$Stage@42c4f97a) for Parallel execution:
         - Outer stage spatial.transform.PipeInserter$Stage@4750cc36 0
         - Outer stage spatial.transform.PipeInserter$Stage@238fca24 1
         - Outer stage spatial.transform.PipeInserter$Stage@2e5861e3 2
         - Outer stage spatial.transform.PipeInserter$Stage@215eeb41 3
         - Outer stage spatial.transform.PipeInserter$Stage@602ea220 4
         - Outer stage spatial.transform.PipeInserter$Stage@3d2d9aeb 5
         - Outer stage spatial.transform.PipeInserter$Stage@5017a3d4 6
         - Outer stage spatial.transform.PipeInserter$Stage@6c55e74 7
         - Outer stage spatial.transform.PipeInserter$Stage@13efc32e 8
         - Last stage spatial.transform.PipeInserter$Stage@42c4f97a
        stage bindings: ArrayBuffer(ArrayBuffer(spatial.transform.PipeInserter$Stage@4750cc36), ArrayBuffer(spatial.transform.PipeInserter$Stage@238fca24), ArrayBuffer(spatial.transform.PipeInserter$Stage@2e5861e3), ArrayBuffer(spatial.transform.PipeInserter$Stage@215eeb41), ArrayBuffer(spatial.transform.PipeInserter$Stage@602ea220), ArrayBuffer(spatial.transform.PipeInserter$Stage@3d2d9aeb), ArrayBuffer(spatial.transform.PipeInserter$Stage@5017a3d4), ArrayBuffer(spatial.transform.PipeInserter$Stage@6c55e74), ArrayBuffer(spatial.transform.PipeInserter$Stage@13efc32e), ArrayBuffer(spatial.transform.PipeInserter$Stage@42c4f97a))
        Stage #0, 0: [Outer]
        Stage #1, 0: [Outer]
          x150 = StreamOutNew(BurstCmdBus)
        Stage #2, 0: [Outer]
          x151 = StreamOutNew(BurstFullDataBus())
        Stage #3, 0: [Outer]
          x152 = StreamInNew(BurstAckBus)
        Stage #4, 0: [Outer]
          x157 = UnitPipe(Set(),Block(Const(())),None)
        Stage #5, 0: [Outer]
          x158 = CounterNew(Const(0),Const(32),Const(1),Const(1))
        Stage #6, 0: [Outer]
          x159 = CounterChainNew(List(x158))
        Stage #7, 0: [Outer]
          x163 = OpForeach(Set(),x159,Block(Const(())),List(b99),None)
        Stage #8, 0: [Outer]
          x164 = FringeDenseStore(x114,x150,x151,x152)
        Stage #9, 0: [Outer]
          x166 = UnitPipe(Set(),Block(Const(())),None)
