CTRL: x131
Enables: List(true, false)
CTRL: x147
Enables: List(true, false)
CTRL: x131
Enables: List(true, false)
CTRL: x147
Enables: List(true, false)
CTRL: x131
Enables: List(true, false)
CTRL: x147
Enables: List(true, false)
CTRL: x131
Enables: List(true, false)
CTRL: x147
Enables: List(true, false)
CTRL: x131
Enables: List(true, false)
CTRL: x147
Enables: List(true, false)
CTRL: x131
Enables: List(true, false)
CTRL: x147
Enables: List(true, false)
CTRL: x131
Enables: List(true, false)
CTRL: x147
Enables: List(true, false)
CTRL: x131
Enables: List(true, false)
CTRL: x147
Enables: List(true, false)
CTRL: x131
Enables: List(false, true)
CTRL: x147
Enables: List(true, false)
CTRL: x131
Enables: List(false, true)
CTRL: x147
Enables: List(true, false)
CTRL: x131
Enables: List(false, true)
CTRL: x147
Enables: List(true, false)
CTRL: x131
Enables: List(false, true)
CTRL: x147
Enables: List(true, false)
CTRL: x131
Enables: List(false, true)
CTRL: x147
Enables: List(true, false)
CTRL: x131
Enables: List(false, true)
CTRL: x147
Enables: List(true, false)
CTRL: x131
Enables: List(false, true)
CTRL: x147
Enables: List(true, false)
CTRL: x131
Enables: List(false, true)
CTRL: x147
Enables: List(true, false)
CTRL: x144
Enables: List(true, false, false)
CTRL: x147
Enables: List(false, true)
CTRL: x144
Enables: List(false, true, false)
CTRL: x147
Enables: List(false, true)
CTRL: x144
Enables: List(false, false, true)
CTRL: x147
Enables: List(false, true)
CTRL: x144
Enables: List(false, false, true)
CTRL: x147
Enables: List(false, true)
CTRL: x144
Enables: List(false, false, true)
CTRL: x147
Enables: List(false, true)
CTRL: x144
Enables: List(false, false, true)
CTRL: x147
Enables: List(false, true)
CTRL: x144
Enables: List(false, false, true)
CTRL: x147
Enables: List(false, true)
CTRL: x144
Enables: List(false, false, true)
CTRL: x147
Enables: List(false, true)
CTRL: x144
Enables: List(false, false, true)
CTRL: x147
Enables: List(false, true)
CTRL: x144
Enables: List(false, false, true)
CTRL: x147
Enables: List(false, true)
CTRL: x144
Enables: List(false, false, true)
CTRL: x147
Enables: List(false, true)
CTRL: x144
Enables: List(false, false, true)
CTRL: x147
Enables: List(false, true)
CTRL: x144
Enables: List(false, false, true)
CTRL: x147
Enables: List(false, true)
CTRL: x144
Enables: List(false, false, true)
CTRL: x147
Enables: List(false, true)
CTRL: x144
Enables: List(false, false, true)
CTRL: x147
Enables: List(false, true)
CTRL: x144
Enables: List(false, false, true)
CTRL: x147
Enables: List(false, true)
Pre-evaluating symbols: Vector(x155)
Stalled by x152 = StreamInNew(BurstAckBus) @ Lab2Part3.scala:26:19
  Current Size: 0
  Capacity: 2147483647
  Enqueues: 0
  Dequeues: 1
Processing request: Queue(capacity = 2147483647, size = 1).head
DRAMAccessData(0,32,128)
Stalled by x152 = StreamInNew(BurstAckBus) @ Lab2Part3.scala:26:19
  Current Size: 0
  Capacity: 2147483647
  Enqueues: 0
  Dequeues: 1
Processing request: Queue(capacity = 2147483647, size = 1).head
DRAMAccessData(0,32,128)
Stalled by x152 = StreamInNew(BurstAckBus) @ Lab2Part3.scala:26:19
  Current Size: 0
  Capacity: 2147483647
  Enqueues: 0
  Dequeues: 1
Processing request: Queue(capacity = 2147483647, size = 1).head
DRAMAccessData(0,32,128)
Stalled by x152 = StreamInNew(BurstAckBus) @ Lab2Part3.scala:26:19
  Current Size: 0
  Capacity: 2147483647
  Enqueues: 0
  Dequeues: 1
Processing request: Queue(capacity = 2147483647, size = 1).head
DRAMAccessData(0,32,128)
Stalled by x152 = StreamInNew(BurstAckBus) @ Lab2Part3.scala:26:19
  Current Size: 0
  Capacity: 2147483647
  Enqueues: 0
  Dequeues: 1
Processing request: Queue(capacity = 2147483647, size = 1).head
DRAMAccessData(0,32,128)
Stalled by x152 = StreamInNew(BurstAckBus) @ Lab2Part3.scala:26:19
  Current Size: 0
  Capacity: 2147483647
  Enqueues: 0
  Dequeues: 1
Processing request: Queue(capacity = 2147483647, size = 1).head
DRAMAccessData(0,32,128)
Stalled by x152 = StreamInNew(BurstAckBus) @ Lab2Part3.scala:26:19
  Current Size: 0
  Capacity: 2147483647
  Enqueues: 0
  Dequeues: 1
Processing request: Queue(capacity = 2147483647, size = 1).head
DRAMAccessData(0,32,128)
Stalled by x152 = StreamInNew(BurstAckBus) @ Lab2Part3.scala:26:19
  Current Size: 0
  Capacity: 2147483647
  Enqueues: 0
  Dequeues: 1
Processing request: Queue(capacity = 2147483647, size = 1).head
DRAMAccessData(0,32,128)
Stalled by x152 = StreamInNew(BurstAckBus) @ Lab2Part3.scala:26:19
  Current Size: 0
  Capacity: 2147483647
  Enqueues: 0
  Dequeues: 1
Processing request: Queue(capacity = 2147483647, size = 1).head
DRAMAccessData(0,32,128)
Stalled by x152 = StreamInNew(BurstAckBus) @ Lab2Part3.scala:26:19
  Current Size: 0
  Capacity: 2147483647
  Enqueues: 0
  Dequeues: 1
Processing request: Queue(capacity = 2147483647, size = 1).head
DRAMAccessData(0,32,128)
Stalled by x152 = StreamInNew(BurstAckBus) @ Lab2Part3.scala:26:19
  Current Size: 0
  Capacity: 2147483647
  Enqueues: 0
  Dequeues: 1
Processing request: Queue(capacity = 2147483647, size = 1).head
DRAMAccessData(0,32,128)
Stalled by x152 = StreamInNew(BurstAckBus) @ Lab2Part3.scala:26:19
  Current Size: 0
  Capacity: 2147483647
  Enqueues: 0
  Dequeues: 1
Processing request: Queue(capacity = 2147483647, size = 1).head
DRAMAccessData(0,32,128)
Stalled by x152 = StreamInNew(BurstAckBus) @ Lab2Part3.scala:26:19
  Current Size: 0
  Capacity: 2147483647
  Enqueues: 0
  Dequeues: 1
Processing request: Queue(capacity = 2147483647, size = 1).head
DRAMAccessData(0,32,128)
Stalled by x152 = StreamInNew(BurstAckBus) @ Lab2Part3.scala:26:19
  Current Size: 0
  Capacity: 2147483647
  Enqueues: 0
  Dequeues: 1
Processing request: Queue(capacity = 2147483647, size = 1).head
DRAMAccessData(0,32,128)
Stalled by x152 = StreamInNew(BurstAckBus) @ Lab2Part3.scala:26:19
  Current Size: 0
  Capacity: 2147483647
  Enqueues: 0
  Dequeues: 1
Processing request: Queue(capacity = 2147483647, size = 1).head
DRAMAccessData(0,32,128)
Stalled by x152 = StreamInNew(BurstAckBus) @ Lab2Part3.scala:26:19
  Current Size: 0
  Capacity: 2147483647
  Enqueues: 0
  Dequeues: 1
Processing request: Queue(capacity = 2147483647, size = 1).head
DRAMAccessData(0,32,128)
Stalled by x152 = StreamInNew(BurstAckBus) @ Lab2Part3.scala:26:19
  Current Size: 0
  Capacity: 2147483647
  Enqueues: 0
  Dequeues: 1
Processing request: Queue(capacity = 2147483647, size = 1).head
DRAMAccessData(0,32,128)
Stalled by x152 = StreamInNew(BurstAckBus) @ Lab2Part3.scala:26:19
  Current Size: 0
  Capacity: 2147483647
  Enqueues: 0
  Dequeues: 1
Processing request: Queue(capacity = 2147483647, size = 1).head
DRAMAccessData(0,32,128)
Stalled by x152 = StreamInNew(BurstAckBus) @ Lab2Part3.scala:26:19
  Current Size: 0
  Capacity: 2147483647
  Enqueues: 0
  Dequeues: 1
Processing request: Queue(capacity = 2147483647, size = 1).head
DRAMAccessData(0,32,128)
Stalled by x152 = StreamInNew(BurstAckBus) @ Lab2Part3.scala:26:19
  Current Size: 0
  Capacity: 2147483647
  Enqueues: 0
  Dequeues: 1
Processing request: Queue(capacity = 2147483647, size = 1).head
DRAMAccessData(0,32,128)
Stalled by x152 = StreamInNew(BurstAckBus) @ Lab2Part3.scala:26:19
  Current Size: 0
  Capacity: 2147483647
  Enqueues: 0
  Dequeues: 1
Processing request: Queue(capacity = 2147483647, size = 1).head
DRAMAccessData(0,32,128)
Stalled by x152 = StreamInNew(BurstAckBus) @ Lab2Part3.scala:26:19
  Current Size: 0
  Capacity: 2147483647
  Enqueues: 0
  Dequeues: 1
Processing request: Queue(capacity = 2147483647, size = 1).head
DRAMAccessData(0,32,128)
Stalled by x152 = StreamInNew(BurstAckBus) @ Lab2Part3.scala:26:19
  Current Size: 0
  Capacity: 2147483647
  Enqueues: 0
  Dequeues: 1
Processing request: Queue(capacity = 2147483647, size = 1).head
DRAMAccessData(0,32,128)
Stalled by x152 = StreamInNew(BurstAckBus) @ Lab2Part3.scala:26:19
  Current Size: 0
  Capacity: 2147483647
  Enqueues: 0
  Dequeues: 1
Processing request: Queue(capacity = 2147483647, size = 1).head
DRAMAccessData(0,32,128)
Stalled by x152 = StreamInNew(BurstAckBus) @ Lab2Part3.scala:26:19
  Current Size: 0
  Capacity: 2147483647
  Enqueues: 0
  Dequeues: 1
Processing request: Queue(capacity = 2147483647, size = 1).head
DRAMAccessData(0,32,128)
Stalled by x152 = StreamInNew(BurstAckBus) @ Lab2Part3.scala:26:19
  Current Size: 0
  Capacity: 2147483647
  Enqueues: 0
  Dequeues: 1
Processing request: Queue(capacity = 2147483647, size = 1).head
DRAMAccessData(0,32,128)
Stalled by x152 = StreamInNew(BurstAckBus) @ Lab2Part3.scala:26:19
  Current Size: 0
  Capacity: 2147483647
  Enqueues: 0
  Dequeues: 1
Processing request: Queue(capacity = 2147483647, size = 1).head
DRAMAccessData(0,32,128)
Stalled by x152 = StreamInNew(BurstAckBus) @ Lab2Part3.scala:26:19
  Current Size: 0
  Capacity: 2147483647
  Enqueues: 0
  Dequeues: 1
Processing request: Queue(capacity = 2147483647, size = 1).head
DRAMAccessData(0,32,128)
Stalled by x152 = StreamInNew(BurstAckBus) @ Lab2Part3.scala:26:19
  Current Size: 0
  Capacity: 2147483647
  Enqueues: 0
  Dequeues: 1
Processing request: Queue(capacity = 2147483647, size = 1).head
DRAMAccessData(0,32,128)
Stalled by x152 = StreamInNew(BurstAckBus) @ Lab2Part3.scala:26:19
  Current Size: 0
  Capacity: 2147483647
  Enqueues: 0
  Dequeues: 1
Processing request: Queue(capacity = 2147483647, size = 1).head
DRAMAccessData(0,32,128)
Stalled by x152 = StreamInNew(BurstAckBus) @ Lab2Part3.scala:26:19
  Current Size: 0
  Capacity: 2147483647
  Enqueues: 0
  Dequeues: 1
Processing request: Queue(capacity = 2147483647, size = 1).head
DRAMAccessData(0,32,128)
Stalled by x152 = StreamInNew(BurstAckBus) @ Lab2Part3.scala:26:19
  Current Size: 0
  Capacity: 2147483647
  Enqueues: 0
  Dequeues: 1
Processing request: Queue(capacity = 2147483647, size = 1).head
DRAMAccessData(0,32,128)
Stalled by x152 = StreamInNew(BurstAckBus) @ Lab2Part3.scala:26:19
  Current Size: 0
  Capacity: 2147483647
  Enqueues: 0
  Dequeues: 1
Processing request: Queue(capacity = 2147483647, size = 1).head
DRAMAccessData(0,32,128)
Stalled by x152 = StreamInNew(BurstAckBus) @ Lab2Part3.scala:26:19
  Current Size: 0
  Capacity: 2147483647
  Enqueues: 0
  Dequeues: 1
Processing request: Queue(capacity = 2147483647, size = 1).head
DRAMAccessData(0,32,128)
Stalled by x152 = StreamInNew(BurstAckBus) @ Lab2Part3.scala:26:19
  Current Size: 0
  Capacity: 2147483647
  Enqueues: 0
  Dequeues: 1
Processing request: Queue(capacity = 2147483647, size = 1).head
DRAMAccessData(0,32,128)
Stalled by x152 = StreamInNew(BurstAckBus) @ Lab2Part3.scala:26:19
  Current Size: 0
  Capacity: 2147483647
  Enqueues: 0
  Dequeues: 1
Processing request: Queue(capacity = 2147483647, size = 1).head
DRAMAccessData(0,32,128)
Stalled by x152 = StreamInNew(BurstAckBus) @ Lab2Part3.scala:26:19
  Current Size: 0
  Capacity: 2147483647
  Enqueues: 0
  Dequeues: 1
Stalled by x152 = StreamInNew(BurstAckBus) @ Lab2Part3.scala:26:19
  Current Size: 0
  Capacity: 2147483647
  Enqueues: 0
  Dequeues: 1
Stalled by x152 = StreamInNew(BurstAckBus) @ Lab2Part3.scala:26:19
  Current Size: 0
  Capacity: 2147483647
  Enqueues: 0
  Dequeues: 1
Stalled by x152 = StreamInNew(BurstAckBus) @ Lab2Part3.scala:26:19
  Current Size: 0
  Capacity: 2147483647
  Enqueues: 0
  Dequeues: 1
Stalled by x152 = StreamInNew(BurstAckBus) @ Lab2Part3.scala:26:19
  Current Size: 0
  Capacity: 2147483647
  Enqueues: 0
  Dequeues: 1
Stalled by x152 = StreamInNew(BurstAckBus) @ Lab2Part3.scala:26:19
  Current Size: 0
  Capacity: 2147483647
  Enqueues: 0
  Dequeues: 1
Stalled by x152 = StreamInNew(BurstAckBus) @ Lab2Part3.scala:26:19
  Current Size: 0
  Capacity: 2147483647
  Enqueues: 0
  Dequeues: 1
Stalled by x152 = StreamInNew(BurstAckBus) @ Lab2Part3.scala:26:19
  Current Size: 0
  Capacity: 2147483647
  Enqueues: 0
  Dequeues: 1
Stalled by x152 = StreamInNew(BurstAckBus) @ Lab2Part3.scala:26:19
  Current Size: 0
  Capacity: 2147483647
  Enqueues: 0
  Dequeues: 1
Stalled by x152 = StreamInNew(BurstAckBus) @ Lab2Part3.scala:26:19
  Current Size: 0
  Capacity: 2147483647
  Enqueues: 0
  Dequeues: 1
Stalled by x152 = StreamInNew(BurstAckBus) @ Lab2Part3.scala:26:19
  Current Size: 0
  Capacity: 2147483647
  Enqueues: 0
  Dequeues: 1
Stalled by x152 = StreamInNew(BurstAckBus) @ Lab2Part3.scala:26:19
  Current Size: 0
  Capacity: 2147483647
  Enqueues: 0
  Dequeues: 1
Stalled by x152 = StreamInNew(BurstAckBus) @ Lab2Part3.scala:26:19
  Current Size: 0
  Capacity: 2147483647
  Enqueues: 0
  Dequeues: 1
Stalled by x152 = StreamInNew(BurstAckBus) @ Lab2Part3.scala:26:19
  Current Size: 0
  Capacity: 2147483647
  Enqueues: 0
  Dequeues: 1
Stalled by x152 = StreamInNew(BurstAckBus) @ Lab2Part3.scala:26:19
  Current Size: 0
  Capacity: 2147483647
  Enqueues: 0
  Dequeues: 1
Stalled by x152 = StreamInNew(BurstAckBus) @ Lab2Part3.scala:26:19
  Current Size: 0
  Capacity: 2147483647
  Enqueues: 0
  Dequeues: 1
Stalled by x152 = StreamInNew(BurstAckBus) @ Lab2Part3.scala:26:19
  Current Size: 0
  Capacity: 2147483647
  Enqueues: 0
  Dequeues: 1
Stalled by x152 = StreamInNew(BurstAckBus) @ Lab2Part3.scala:26:19
  Current Size: 0
  Capacity: 2147483647
  Enqueues: 0
  Dequeues: 1
Stalled by x152 = StreamInNew(BurstAckBus) @ Lab2Part3.scala:26:19
  Current Size: 0
  Capacity: 2147483647
  Enqueues: 0
  Dequeues: 1
Stalled by x152 = StreamInNew(BurstAckBus) @ Lab2Part3.scala:26:19
  Current Size: 0
  Capacity: 2147483647
  Enqueues: 0
  Dequeues: 1
Stalled by x152 = StreamInNew(BurstAckBus) @ Lab2Part3.scala:26:19
  Current Size: 0
  Capacity: 2147483647
  Enqueues: 0
  Dequeues: 1
Stalled by x152 = StreamInNew(BurstAckBus) @ Lab2Part3.scala:26:19
  Current Size: 0
  Capacity: 2147483647
  Enqueues: 0
  Dequeues: 1
Stalled by x152 = StreamInNew(BurstAckBus) @ Lab2Part3.scala:26:19
  Current Size: 0
  Capacity: 2147483647
  Enqueues: 0
  Dequeues: 1
Stalled by x152 = StreamInNew(BurstAckBus) @ Lab2Part3.scala:26:19
  Current Size: 0
  Capacity: 2147483647
  Enqueues: 0
  Dequeues: 1
Stalled by x152 = StreamInNew(BurstAckBus) @ Lab2Part3.scala:26:19
  Current Size: 0
  Capacity: 2147483647
  Enqueues: 0
  Dequeues: 1
Stalled by x152 = StreamInNew(BurstAckBus) @ Lab2Part3.scala:26:19
  Current Size: 0
  Capacity: 2147483647
  Enqueues: 0
  Dequeues: 1
Stalled by x152 = StreamInNew(BurstAckBus) @ Lab2Part3.scala:26:19
  Current Size: 0
  Capacity: 2147483647
  Enqueues: 0
  Dequeues: 1
Stalled by x152 = StreamInNew(BurstAckBus) @ Lab2Part3.scala:26:19
  Current Size: 0
  Capacity: 2147483647
  Enqueues: 0
  Dequeues: 1
Stalled by x152 = StreamInNew(BurstAckBus) @ Lab2Part3.scala:26:19
  Current Size: 0
  Capacity: 2147483647
  Enqueues: 0
  Dequeues: 1
Stalled by x152 = StreamInNew(BurstAckBus) @ Lab2Part3.scala:26:19
  Current Size: 0
  Capacity: 2147483647
  Enqueues: 0
  Dequeues: 1
Stalled by x152 = StreamInNew(BurstAckBus) @ Lab2Part3.scala:26:19
  Current Size: 0
  Capacity: 2147483647
  Enqueues: 0
  Dequeues: 1
Stalled by x152 = StreamInNew(BurstAckBus) @ Lab2Part3.scala:26:19
  Current Size: 0
  Capacity: 2147483647
  Enqueues: 0
  Dequeues: 1
Stalled by x152 = StreamInNew(BurstAckBus) @ Lab2Part3.scala:26:19
  Current Size: 0
  Capacity: 2147483647
  Enqueues: 0
  Dequeues: 1
Stalled by x152 = StreamInNew(BurstAckBus) @ Lab2Part3.scala:26:19
  Current Size: 0
  Capacity: 2147483647
  Enqueues: 0
  Dequeues: 1
Stalled by x152 = StreamInNew(BurstAckBus) @ Lab2Part3.scala:26:19
  Current Size: 0
  Capacity: 2147483647
  Enqueues: 0
  Dequeues: 1
Stalled by x152 = StreamInNew(BurstAckBus) @ Lab2Part3.scala:26:19
  Current Size: 0
  Capacity: 2147483647
  Enqueues: 0
  Dequeues: 1
Stalled by x152 = StreamInNew(BurstAckBus) @ Lab2Part3.scala:26:19
  Current Size: 0
  Capacity: 2147483647
  Enqueues: 0
  Dequeues: 1
Stalled by x152 = StreamInNew(BurstAckBus) @ Lab2Part3.scala:26:19
  Current Size: 0
  Capacity: 2147483647
  Enqueues: 0
  Dequeues: 1
Stalled by x152 = StreamInNew(BurstAckBus) @ Lab2Part3.scala:26:19
  Current Size: 0
  Capacity: 2147483647
  Enqueues: 0
  Dequeues: 1
Stalled by x152 = StreamInNew(BurstAckBus) @ Lab2Part3.scala:26:19
  Current Size: 0
  Capacity: 2147483647
  Enqueues: 0
  Dequeues: 1
Stalled by x152 = StreamInNew(BurstAckBus) @ Lab2Part3.scala:26:19
  Current Size: 0
  Capacity: 2147483647
  Enqueues: 0
  Dequeues: 1
Stalled by x152 = StreamInNew(BurstAckBus) @ Lab2Part3.scala:26:19
  Current Size: 0
  Capacity: 2147483647
  Enqueues: 0
  Dequeues: 1
Stalled by x152 = StreamInNew(BurstAckBus) @ Lab2Part3.scala:26:19
  Current Size: 0
  Capacity: 2147483647
  Enqueues: 0
  Dequeues: 1
Stalled by x152 = StreamInNew(BurstAckBus) @ Lab2Part3.scala:26:19
  Current Size: 0
  Capacity: 2147483647
  Enqueues: 0
  Dequeues: 1
Stalled by x152 = StreamInNew(BurstAckBus) @ Lab2Part3.scala:26:19
  Current Size: 0
  Capacity: 2147483647
  Enqueues: 0
  Dequeues: 1
Stalled by x152 = StreamInNew(BurstAckBus) @ Lab2Part3.scala:26:19
  Current Size: 0
  Capacity: 2147483647
  Enqueues: 0
  Dequeues: 1
Stalled by x152 = StreamInNew(BurstAckBus) @ Lab2Part3.scala:26:19
  Current Size: 0
  Capacity: 2147483647
  Enqueues: 0
  Dequeues: 1
Stalled by x152 = StreamInNew(BurstAckBus) @ Lab2Part3.scala:26:19
  Current Size: 0
  Capacity: 2147483647
  Enqueues: 0
  Dequeues: 1
Stalled by x152 = StreamInNew(BurstAckBus) @ Lab2Part3.scala:26:19
  Current Size: 0
  Capacity: 2147483647
  Enqueues: 0
  Dequeues: 1
Stalled by x152 = StreamInNew(BurstAckBus) @ Lab2Part3.scala:26:19
  Current Size: 0
  Capacity: 2147483647
  Enqueues: 0
  Dequeues: 1
Stalled by x152 = StreamInNew(BurstAckBus) @ Lab2Part3.scala:26:19
  Current Size: 0
  Capacity: 2147483647
  Enqueues: 0
  Dequeues: 1
Stalled by x152 = StreamInNew(BurstAckBus) @ Lab2Part3.scala:26:19
  Current Size: 0
  Capacity: 2147483647
  Enqueues: 0
  Dequeues: 1
Stalled by x152 = StreamInNew(BurstAckBus) @ Lab2Part3.scala:26:19
  Current Size: 0
  Capacity: 2147483647
  Enqueues: 0
  Dequeues: 1
Stalled by x152 = StreamInNew(BurstAckBus) @ Lab2Part3.scala:26:19
  Current Size: 0
  Capacity: 2147483647
  Enqueues: 0
  Dequeues: 1
Stalled by x152 = StreamInNew(BurstAckBus) @ Lab2Part3.scala:26:19
  Current Size: 0
  Capacity: 2147483647
  Enqueues: 0
  Dequeues: 1
Stalled by x152 = StreamInNew(BurstAckBus) @ Lab2Part3.scala:26:19
  Current Size: 0
  Capacity: 2147483647
  Enqueues: 0
  Dequeues: 1
Stalled by x152 = StreamInNew(BurstAckBus) @ Lab2Part3.scala:26:19
  Current Size: 0
  Capacity: 2147483647
  Enqueues: 0
  Dequeues: 1
Stalled by x152 = StreamInNew(BurstAckBus) @ Lab2Part3.scala:26:19
  Current Size: 0
  Capacity: 2147483647
  Enqueues: 0
  Dequeues: 1
Stalled by x152 = StreamInNew(BurstAckBus) @ Lab2Part3.scala:26:19
  Current Size: 0
  Capacity: 2147483647
  Enqueues: 0
  Dequeues: 1
Stalled by x152 = StreamInNew(BurstAckBus) @ Lab2Part3.scala:26:19
  Current Size: 0
  Capacity: 2147483647
  Enqueues: 0
  Dequeues: 1
Stalled by x152 = StreamInNew(BurstAckBus) @ Lab2Part3.scala:26:19
  Current Size: 0
  Capacity: 2147483647
  Enqueues: 0
  Dequeues: 1
Stalled by x152 = StreamInNew(BurstAckBus) @ Lab2Part3.scala:26:19
  Current Size: 0
  Capacity: 2147483647
  Enqueues: 0
  Dequeues: 1
Stalled by x152 = StreamInNew(BurstAckBus) @ Lab2Part3.scala:26:19
  Current Size: 0
  Capacity: 2147483647
  Enqueues: 0
  Dequeues: 1
Stalled by x152 = StreamInNew(BurstAckBus) @ Lab2Part3.scala:26:19
  Current Size: 0
  Capacity: 2147483647
  Enqueues: 0
  Dequeues: 1
Stalled by x152 = StreamInNew(BurstAckBus) @ Lab2Part3.scala:26:19
  Current Size: 0
  Capacity: 2147483647
  Enqueues: 0
  Dequeues: 1
Stalled by x152 = StreamInNew(BurstAckBus) @ Lab2Part3.scala:26:19
  Current Size: 0
  Capacity: 2147483647
  Enqueues: 0
  Dequeues: 1
Stalled by x152 = StreamInNew(BurstAckBus) @ Lab2Part3.scala:26:19
  Current Size: 0
  Capacity: 2147483647
  Enqueues: 0
  Dequeues: 1
Stalled by x152 = StreamInNew(BurstAckBus) @ Lab2Part3.scala:26:19
  Current Size: 0
  Capacity: 2147483647
  Enqueues: 0
  Dequeues: 1
Stalled by x152 = StreamInNew(BurstAckBus) @ Lab2Part3.scala:26:19
  Current Size: 0
  Capacity: 2147483647
  Enqueues: 0
  Dequeues: 1
Stalled by x152 = StreamInNew(BurstAckBus) @ Lab2Part3.scala:26:19
  Current Size: 0
  Capacity: 2147483647
  Enqueues: 0
  Dequeues: 1
Stalled by x152 = StreamInNew(BurstAckBus) @ Lab2Part3.scala:26:19
  Current Size: 0
  Capacity: 2147483647
  Enqueues: 0
  Dequeues: 1
Stalled by x152 = StreamInNew(BurstAckBus) @ Lab2Part3.scala:26:19
  Current Size: 0
  Capacity: 2147483647
  Enqueues: 0
  Dequeues: 1
Stalled by x152 = StreamInNew(BurstAckBus) @ Lab2Part3.scala:26:19
  Current Size: 0
  Capacity: 2147483647
  Enqueues: 0
  Dequeues: 1
Stalled by x152 = StreamInNew(BurstAckBus) @ Lab2Part3.scala:26:19
  Current Size: 0
  Capacity: 2147483647
  Enqueues: 0
  Dequeues: 1
Stalled by x152 = StreamInNew(BurstAckBus) @ Lab2Part3.scala:26:19
  Current Size: 0
  Capacity: 2147483647
  Enqueues: 0
  Dequeues: 1
Stalled by x152 = StreamInNew(BurstAckBus) @ Lab2Part3.scala:26:19
  Current Size: 0
  Capacity: 2147483647
  Enqueues: 0
  Dequeues: 1
Stalled by x152 = StreamInNew(BurstAckBus) @ Lab2Part3.scala:26:19
  Current Size: 0
  Capacity: 2147483647
  Enqueues: 0
  Dequeues: 1
Stalled by x152 = StreamInNew(BurstAckBus) @ Lab2Part3.scala:26:19
  Current Size: 0
  Capacity: 2147483647
  Enqueues: 0
  Dequeues: 1
Stalled by x152 = StreamInNew(BurstAckBus) @ Lab2Part3.scala:26:19
  Current Size: 0
  Capacity: 2147483647
  Enqueues: 0
  Dequeues: 1
Stalled by x152 = StreamInNew(BurstAckBus) @ Lab2Part3.scala:26:19
  Current Size: 0
  Capacity: 2147483647
  Enqueues: 0
  Dequeues: 1
Stalled by x152 = StreamInNew(BurstAckBus) @ Lab2Part3.scala:26:19
  Current Size: 0
  Capacity: 2147483647
  Enqueues: 0
  Dequeues: 1
Stalled by x152 = StreamInNew(BurstAckBus) @ Lab2Part3.scala:26:19
  Current Size: 0
  Capacity: 2147483647
  Enqueues: 0
  Dequeues: 1
Stalled by x152 = StreamInNew(BurstAckBus) @ Lab2Part3.scala:26:19
  Current Size: 0
  Capacity: 2147483647
  Enqueues: 0
  Dequeues: 1
Stalled by x152 = StreamInNew(BurstAckBus) @ Lab2Part3.scala:26:19
  Current Size: 0
  Capacity: 2147483647
  Enqueues: 0
  Dequeues: 1
Stalled by x152 = StreamInNew(BurstAckBus) @ Lab2Part3.scala:26:19
  Current Size: 0
  Capacity: 2147483647
  Enqueues: 0
  Dequeues: 1
Stalled by x152 = StreamInNew(BurstAckBus) @ Lab2Part3.scala:26:19
  Current Size: 0
  Capacity: 2147483647
  Enqueues: 0
  Dequeues: 1
Stalled by x152 = StreamInNew(BurstAckBus) @ Lab2Part3.scala:26:19
  Current Size: 0
  Capacity: 2147483647
  Enqueues: 0
  Dequeues: 1
Stalled by x152 = StreamInNew(BurstAckBus) @ Lab2Part3.scala:26:19
  Current Size: 0
  Capacity: 2147483647
  Enqueues: 0
  Dequeues: 1
Stalled by x152 = StreamInNew(BurstAckBus) @ Lab2Part3.scala:26:19
  Current Size: 0
  Capacity: 2147483647
  Enqueues: 0
  Dequeues: 1
Stalled by x152 = StreamInNew(BurstAckBus) @ Lab2Part3.scala:26:19
  Current Size: 0
  Capacity: 2147483647
  Enqueues: 0
  Dequeues: 1
Stalled by x152 = StreamInNew(BurstAckBus) @ Lab2Part3.scala:26:19
  Current Size: 0
  Capacity: 2147483647
  Enqueues: 0
  Dequeues: 1
Stalled by x152 = StreamInNew(BurstAckBus) @ Lab2Part3.scala:26:19
  Current Size: 0
  Capacity: 2147483647
  Enqueues: 0
  Dequeues: 1
Stalled by x152 = StreamInNew(BurstAckBus) @ Lab2Part3.scala:26:19
  Current Size: 0
  Capacity: 2147483647
  Enqueues: 0
  Dequeues: 1
Stalled by x152 = StreamInNew(BurstAckBus) @ Lab2Part3.scala:26:19
  Current Size: 0
  Capacity: 2147483647
  Enqueues: 0
  Dequeues: 1
Stalled by x152 = StreamInNew(BurstAckBus) @ Lab2Part3.scala:26:19
  Current Size: 0
  Capacity: 2147483647
  Enqueues: 0
  Dequeues: 1
Stalled by x152 = StreamInNew(BurstAckBus) @ Lab2Part3.scala:26:19
  Current Size: 0
  Capacity: 2147483647
  Enqueues: 0
  Dequeues: 1
Stalled by x152 = StreamInNew(BurstAckBus) @ Lab2Part3.scala:26:19
  Current Size: 0
  Capacity: 2147483647
  Enqueues: 0
  Dequeues: 1
Stalled by x152 = StreamInNew(BurstAckBus) @ Lab2Part3.scala:26:19
  Current Size: 0
  Capacity: 2147483647
  Enqueues: 0
  Dequeues: 1
Stalled by x152 = StreamInNew(BurstAckBus) @ Lab2Part3.scala:26:19
  Current Size: 0
  Capacity: 2147483647
  Enqueues: 0
  Dequeues: 1
Stalled by x152 = StreamInNew(BurstAckBus) @ Lab2Part3.scala:26:19
  Current Size: 0
  Capacity: 2147483647
  Enqueues: 0
  Dequeues: 1
Stalled by x152 = StreamInNew(BurstAckBus) @ Lab2Part3.scala:26:19
  Current Size: 0
  Capacity: 2147483647
  Enqueues: 0
  Dequeues: 1
Transferring <Some(17), Some(16), Some(18), Some(19), Some(20), Some(21), Some(22), Some(23), Some(24), Some(25), Some(26), Some(27), Some(28), Some(29), Some(30), Some(31), Some(16), Some(15), Some(14), Some(13), Some(12), Some(11), Some(10), Some(9), Some(7), Some(6), Some(5), Some(4), Some(3), Some(2), Some(1), Some(0)> -> <None, None, None, None, None, None, None, None, None, None, None, None, None, None, None, None, None, None, None, None, None, None, None, None, None, None, None, None, None, None, None, None>
