    Writer x213 is broadcast: false
      - Propogating info to x212
      - Writer x241, lane 0 is NOT broadcast
      - Propogating info to Const(0)
      - Propogating info to x229
      - Propogating info to x310
      - Propogating info to x217
      - Propogating info to x312
      - Propogating info to x302
      - Propogating info to x311
    Node x312 has BroadcastAddress metadata defined as false 
      - Propogating info to x217
    Node x311 has BroadcastAddress metadata defined as false 
      - Propogating info to x302
    Node x310 has BroadcastAddress metadata defined as false 
      - Propogating info to x229
    Node x302 has BroadcastAddress metadata defined as false 
      - Propogating info to b5
      - Propogating info to x233
      - Propogating info to x237
      - Propogating info to x230
      - Propogating info to x235
    Node x237 has BroadcastAddress metadata defined as false 
      - Propogating info to x212
    Node x235 has BroadcastAddress metadata defined as false 
      - Propogating info to x234
      - Propogating info to x231
    Node x234 has BroadcastAddress metadata defined as false 
      - Propogating info to x232
    Node x233 has BroadcastAddress metadata defined as false 
      - Propogating info to x232
      - Propogating info to x231
    Node x232 has BroadcastAddress metadata defined as false 
      - Propogating info to b5
    Node x231 has BroadcastAddress metadata defined as false 
      - Propogating info to x230
    Node x230 has BroadcastAddress metadata defined as false 
      - Propogating info to b5
    Node x229 has BroadcastAddress metadata defined as false 
      - Propogating info to b5
      - Writer x225, lane 0 is NOT broadcast
      - Propogating info to Const(0)
      - Propogating info to x220
      - Propogating info to x307
      - Propogating info to x216
      - Propogating info to x306
      - Propogating info to x309
      - Propogating info to x219
      - Propogating info to x306
      - Propogating info to x309
      - Propogating info to x224
      - Propogating info to x308
    Node x309 has BroadcastAddress metadata defined as false 
      - Propogating info to x219
    Node x308 has BroadcastAddress metadata defined as false 
      - Propogating info to x224
    Node x307 has BroadcastAddress metadata defined as false 
      - Propogating info to x220
    Node x306 has BroadcastAddress metadata defined as false 
      - Propogating info to x216
    Node x224 has BroadcastAddress metadata defined as false 
      - Propogating info to b5
      - Writer x221, lane 0 is NOT broadcast
      - Propogating info to Const(0)
      - Propogating info to b5
      - Propogating info to x220
      - Propogating info to x216
      - Propogating info to x304
      - Propogating info to x303
      - Propogating info to x218
      - Propogating info to x304
      - Propogating info to x303
      - Propogating info to b5
      - Propogating info to x305
    Node x305 has BroadcastAddress metadata defined as false 
      - Propogating info to b5
    Node x304 has BroadcastAddress metadata defined as false 
      - Propogating info to x216
    Node x303 has BroadcastAddress metadata defined as false 
      - Propogating info to x218
    Node x220 has BroadcastAddress metadata defined as false 
      - Propogating info to b5
    Node x219 has BroadcastAddress metadata defined as false 
      - Propogating info to x218
    Node x218 has BroadcastAddress metadata defined as false 
      - Propogating info to b5
    Node x217 has BroadcastAddress metadata defined as false 
      - Propogating info to x216
    Node x216 has BroadcastAddress metadata defined as false 
      - Propogating info to b5
      Node x251 has BroadcastAddress metadata defined as false 
        - Propogating info to x210
      Node x250 has BroadcastAddress metadata defined as false 
        - Propogating info to x249
      Node x249 has BroadcastAddress metadata defined as false 
        - Propogating info to x210
      Node x314 has BroadcastAddress metadata defined as false 
        - Propogating info to b257
      Node x260 has BroadcastAddress metadata defined as false 
        - Propogating info to x259
      Node x259 has BroadcastAddress metadata defined as false 
        - Propogating info to x258
        - Reader x258, lane 0 is NOT broadcast
        - Propogating info to Const(0)
        - Propogating info to b256
        - Propogating info to b257
