  Stms:
    x249 = DRAMAddress(x210)
    x234 = Not(x232)
    x217 = Not(x216)
    x308 = DelayLine(1,x224)
    x247 = StreamOutNew(BurstFullDataBus())
    x261 = StreamOutBankedWrite(x247,ArrayBuffer(x260),ArrayBuffer(Set(x314)))
    x216 = FixLst(b5,Const(16))
    x211 = SRAMNew(List(Const(32)),SRAM1[Fix[TRUE,_32,_0]])
    x253 = UnitPipe(Set(),Block(Const(())),None)
    x221 = SRAMBankedWrite(x211,Vector(x305),Vector(List(Const(0))),Vector(x220),Vector(Set(x304, x303)))
    x312 = DelayLine(3,x217)
    x307 = DelayLine(1,x220)
    x233 = And(x232,x231)
    x248 = StreamInNew(BurstAckBus)
    x220 = FixSub(Const(31),b5)
    x302 = OneHotMux(List(x230, x233, x235),Vector(Const(17), x237, b5))
    x260 = SimpleStruct(ArrayBuffer((_1,x259), (_2,Const(true))))
    x229 = FixSub(b5,Const(16))
    x252 = StreamOutBankedWrite(x246,ArrayBuffer(x250),ArrayBuffer(Set(x251)))
    x224 = FixAdd(b5,Const(1))
    x225 = SRAMBankedWrite(x211,Vector(x308),Vector(List(Const(0))),Vector(x307),Vector(Set(x306, x309)))
    x212 = RegNew(Const(0))
    x237 = RegRead(x212)
    x244 = FixAdd(x313,Const(1))
    x266 = UnitPipe(Set(),Block(Const(())),None)
    x311 = DelayLine(3,x302)
    x264 = StreamInBankedRead(x248,ArrayBuffer(Set()))
    x259 = VecApply(x258,0)
    x313 = DelayLine(4,b5)
    x219 = Not(x218)
    x230 = FixEql(b5,Const(16))
    x245 = StateMachine(Set(),Const(0),Block((b5) => x215),Block((b5) => Const(())),Block((b5) => x244),Fix[TRUE,_32,_0])
    x303 = DelayLine(1,x218)
    x213 = RegWrite(x212,Const(16),Set())
    x251 = DRAMIsAlloc(x210)
    x306 = DelayLine(2,x216)
    x267 = UnitPipe(Set(),Block(Const(())),None)
    x241 = SRAMBankedWrite(x211,Vector(x311),Vector(List(Const(0))),Vector(x310),Vector(Set(x312)))
    x255 = CounterChainNew(List(x254))
    x263 = FringeDenseStore(x210,x246,x247,x248)
    x310 = DelayLine(2,x229)
    x314 = DelayLine(2,b257)
    x250 = SimpleStruct(ArrayBuffer((offset,x249), (size,Const(128)), (isLoad,Const(false))))
    x231 = Not(x230)
    x218 = FixLst(b5,Const(8))
    x304 = DelayLine(1,x216)
    x258 = SRAMBankedRead(x211,Vector(List(Const(0))),Vector(b256),Vector(Set(b257)),Vec[Fix[TRUE,_32,_0]])
    x235 = And(x234,x231)
    x246 = StreamOutNew(BurstCmdBus)
    x214 = UnitPipe(Set(),Block(Const(())),None)
    x262 = UnrolledForeach(Set(),x255,Block(Const(())),List(List(b256)),List(List(b257)),None)
    x305 = DelayLine(1,b5)
    x254 = CounterNew(Const(0),Const(32),Const(1),Const(1))
    x309 = DelayLine(2,x219)
    x215 = FixLst(b5,Const(32))
    x232 = FixEql(b5,Const(17))
  Used:
    x249 = DRAMAddress(x210) [Made: true]
    x234 = Not(x232) [Made: true]
    () [Made: false]
    x217 = Not(x216) [Made: true]
    x308 = DelayLine(1,x224) [Made: true]
    b5 [Made: true]
    x247 = StreamOutNew(BurstFullDataBus()) [Made: true]
    b257 [Made: true]
    x261 = StreamOutBankedWrite(x247,ArrayBuffer(x260),ArrayBuffer(Set(x314))) [Made: true]
    x216 = FixLst(b5,Const(16)) [Made: true]
    x211 = SRAMNew(List(Const(32)),SRAM1[Fix[TRUE,_32,_0]]) [Made: true]
    x253 = UnitPipe(Set(),Block(Const(())),None) [Made: true]
    x221 = SRAMBankedWrite(x211,Vector(x305),Vector(List(Const(0))),Vector(x220),Vector(Set(x304, x303))) [Made: true]
    x312 = DelayLine(3,x217) [Made: true]
    x307 = DelayLine(1,x220) [Made: true]
    x233 = And(x232,x231) [Made: true]
    x248 = StreamInNew(BurstAckBus) [Made: true]
    x220 = FixSub(Const(31),b5) [Made: true]
    x302 = OneHotMux(List(x230, x233, x235),Vector(Const(17), x237, b5)) [Made: true]
    x260 = SimpleStruct(ArrayBuffer((_1,x259), (_2,Const(true)))) [Made: true]
    x229 = FixSub(b5,Const(16)) [Made: true]
    x252 = StreamOutBankedWrite(x246,ArrayBuffer(x250),ArrayBuffer(Set(x251))) [Made: true]
    x224 = FixAdd(b5,Const(1)) [Made: true]
    b256 [Made: true]
    x225 = SRAMBankedWrite(x211,Vector(x308),Vector(List(Const(0))),Vector(x307),Vector(Set(x306, x309))) [Made: true]
    x212 = RegNew(Const(0)) [Made: true]
    x237 = RegRead(x212) [Made: true]
    x244 = FixAdd(x313,Const(1)) [Made: true]
    x266 = UnitPipe(Set(),Block(Const(())),None) [Made: true]
    x311 = DelayLine(3,x302) [Made: true]
    x264 = StreamInBankedRead(x248,ArrayBuffer(Set())) [Made: true]
    x259 = VecApply(x258,0) [Made: true]
    x313 = DelayLine(4,b5) [Made: true]
    x219 = Not(x218) [Made: true]
    x230 = FixEql(b5,Const(16)) [Made: true]
    x303 = DelayLine(1,x218) [Made: true]
    x213 = RegWrite(x212,Const(16),Set()) [Made: true]
    x251 = DRAMIsAlloc(x210) [Made: true]
    x306 = DelayLine(2,x216) [Made: true]
    x241 = SRAMBankedWrite(x211,Vector(x311),Vector(List(Const(0))),Vector(x310),Vector(Set(x312))) [Made: true]
    x255 = CounterChainNew(List(x254)) [Made: true]
    x263 = FringeDenseStore(x210,x246,x247,x248) [Made: true]
    x310 = DelayLine(2,x229) [Made: true]
    x314 = DelayLine(2,b257) [Made: true]
    x250 = SimpleStruct(ArrayBuffer((offset,x249), (size,Const(128)), (isLoad,Const(false)))) [Made: true]
    x231 = Not(x230) [Made: true]
    x218 = FixLst(b5,Const(8)) [Made: true]
    x304 = DelayLine(1,x216) [Made: true]
    x258 = SRAMBankedRead(x211,Vector(List(Const(0))),Vector(b256),Vector(Set(b257)),Vec[Fix[TRUE,_32,_0]]) [Made: true]
    x235 = And(x234,x231) [Made: true]
    x246 = StreamOutNew(BurstCmdBus) [Made: true]
    x262 = UnrolledForeach(Set(),x255,Block(Const(())),List(List(b256)),List(List(b257)),None) [Made: true]
    x305 = DelayLine(1,b5) [Made: true]
    x210 = DRAMHostNew(List(Const(32)),Const(0)) [Made: false]
    x254 = CounterNew(Const(0),Const(32),Const(1),Const(1)) [Made: true]
    x309 = DelayLine(2,x219) [Made: true]
    x215 = FixLst(b5,Const(32)) [Made: true]
    x232 = FixEql(b5,Const(17)) [Made: true]
