[[34minfo[0m] Nova Profiling Report
[[34minfo[0m] init: 0.094s (100.00%)
[[34minfo[0m] compile: 2.003s (100.00%)
[[34minfo[0m] compile.ChiselGen: 0.177s (8.84%)
[[34minfo[0m] compile.staging: 0.161s (8.04%)
[[34minfo[0m] compile.IR: 0.149s (7.44%)
[[34minfo[0m] compile.ExecutorPass: 0.133s (6.64%)
[[34minfo[0m] compile.HtmlIRGenSpatial: 0.098s (4.89%)
[[34minfo[0m] compile.BlackboxLowering: 0.08s (3.99%)
[[34minfo[0m] compile.CppGen: 0.077s (3.84%)
[[34minfo[0m] compile.UnrollingTransformer: 0.072s (3.59%)
[[34minfo[0m] compile.MemoryAnalyzer: 0.07s (3.49%)
[[34minfo[0m] compile.RetimingAnalyzer: 0.066s (3.30%)
[[34minfo[0m] compile.RuntimeModelGenerator: 0.065s (3.25%)
[[34minfo[0m] compile.PipeInserter: 0.045s (2.25%)
[[34minfo[0m] compile.AccessAnalyzer: 0.044s (2.20%)
[[34minfo[0m] compile.SwitchTransformer: 0.04s (2.00%)
[[34minfo[0m] compile.InitiationAnalyzer: 0.038s (1.90%)
[[34minfo[0m] compile.RetimingTransformer: 0.037s (1.85%)
[[34minfo[0m] compile.DuplicateRetimeStripper: 0.033s (1.65%)
[[34minfo[0m] compile.TreeGen: 0.033s (1.65%)
[[34minfo[0m] compile.SwitchOptimizer: 0.029s (1.45%)
[[34minfo[0m] compile.UseAnalyzer: 0.026s (1.30%)
[[34minfo[0m] compile.TransientCleanup: 0.024s (1.20%)
[[34minfo[0m] compile.FriendlyTransformer: 0.023s (1.15%)
[[34minfo[0m] compile.RegReadCSE: 0.018s (0.90%)
[[34minfo[0m] compile.MemoryReporter: 0.012s (0.60%)
[[34minfo[0m] compile.BindingTransformer: 0.012s (0.60%)
[[34minfo[0m] compile.LaneStaticTransformer: 0.01s (0.50%)
[[34minfo[0m] compile.FIFOInitializer: 0.01s (0.50%)
[[34minfo[0m] compile.MemoryDealiasing: 0.01s (0.50%)
[[34minfo[0m] compile.StreamTransformer: 0.009s (0.45%)
[[34minfo[0m] compile.AccumTransformer: 0.009s (0.45%)
[[34minfo[0m] compile.AccumAnalyzer: 0.009s (0.45%)
[[34minfo[0m] compile.RewriteTransformer: 0.008s (0.40%)
[[34minfo[0m] compile.FlatteningTransformer: 0.008s (0.40%)
[[34minfo[0m] compile.MemoryAllocator: 0.007s (0.35%)
[[34minfo[0m] compile.MemoryCleanupTransformer: 0.007s (0.35%)
[[34minfo[0m] compile.CompilerSanityChecks: 0.007s (0.35%)
[[34minfo[0m] compile.RetimeReporter: 0.006s (0.30%)
[[34minfo[0m] compile.BroadcastCleanupAnalyzer: 0.005s (0.25%)
[[34minfo[0m] compile.UserSanityChecks: 0.002s (0.10%)
[[34minfo[0m] compile.ResourceCountReporter: 0.002s (0.10%)
[[34minfo[0m] compile.BufferRecompute: 0.002s (0.10%)
[[34minfo[0m] compile.IterationDiffAnalyzer: 0.002s (0.10%)
[[34minfo[0m] compile.CLINaming: 0.001s (0.05%)
[[34minfo[0m] compile.MetadataStripper: 0.001s (0.05%)
[[34minfo[0m] compile.CounterIterSynchronization: 0.001s (0.05%)
[[34minfo[0m] compile.RewriteAnalyzer: 0.001s (0.05%)
