    visiting x0 = InputArguments()
    visiting x1 = ArgInNew(Const(0))
    visiting x2 = ArgOutNew(Const(0))
    visiting x3 = ArgInNew(Const(0))
    visiting x4 = ArgInNew(Const(0))
    visiting x5 = ArrayApply(x0,Const(0))
    visiting x6 = TextToFix(x5,TRUE,_32,_0)
    visiting x7 = ArrayApply(x0,Const(1))
    visiting x8 = TextToFix(x7,TRUE,_32,_0)
    visiting x9 = ArrayApply(x0,Const(2))
    visiting x10 = TextToFix(x9,TRUE,_32,_0)
    visiting x11 = SetReg(x1,x6)
    visiting x12 = SetReg(x3,x8)
    visiting x13 = SetReg(x4,x10)
      visiting x14 = LUTNew(List(Const(3), Const(3)),ArrayBuffer(Const(1), Const(2), Const(3), Const(4), Const(5), Const(6), Const(7), Const(8), Const(9)),LUT2[Fix[TRUE,_32,_0]])
      visiting x15 = RegRead(x3)
      visiting x16 = RegRead(x4)
      visiting x17 = LUTRead(x14,List(x15, x16),Set())
      visiting x18 = RegRead(x1)
      visiting x19 = FixAdd(x17,x18)
      visiting x20 = RegWrite(x2,x19,Set())
    visiting x22 = GetReg(x2)
    visiting x25 = MapIndices(Const(9),Block((b23) => x24))
      visiting x24 = FixAdd(b23,Const(1))
    visiting x26 = RegRead(x3)
    visiting x27 = FixMul(x26,Const(3))
    visiting x28 = RegRead(x4)
    visiting x29 = FixAdd(x27,x28)
    visiting x30 = ArrayApply(x25,x29)
    visiting x31 = FixAdd(x6,x30)
    visiting x32 = FixEql(x31,x22)
    visiting x33 = BitToText(x32)
    visiting x34 = TextConcat(List(Const("PASS: "), x33))
    visiting x35 = TextConcat(List(x34, Const("(Lab2Part4LUT)")))
    visiting x36 = TextConcat(List(x35, Const("\n")))
    visiting x37 = PrintIf(Set(),x36)
    visiting x39 = AssertIf(Set(),x32,Some(Const("Lab2Part4.scala:35:11: Assertion failure")))
