  x0 = InputArguments()
   - Type: Array[Text]
   - SrcCtx: Spatial.scala:52:17
   - class argon.Consumers: Consumers(Set(x5, x7, x9))
   - class argon.DeepAliases: DeepAliases(Set())
   - class argon.Effects: Pure
   - class argon.ShallowAliases: ShallowAliases(Set(x0))
   - class spatial.metadata.access.ReadUses: ReadUses(Set())
  x1 = ArgInNew(Const(0))
   - Name: in
   - Type: Reg[Fix[TRUE,_32,_0]]
   - SrcCtx: Lab2Part4.scala:10:19
   - class argon.Consumers: Consumers(Set(x11, x18))
   - class argon.DeepAliases: DeepAliases(Set())
   - class argon.Effects: Mutable
   - class argon.ShallowAliases: ShallowAliases(Set(x1))
   - class spatial.metadata.access.ReadUses: ReadUses(Set())
   - class spatial.metadata.memory.Readers: Readers(Set(x18))
   - class spatial.metadata.memory.Writers: Writers(Set(x11))
  x2 = ArgOutNew(Const(0))
   - Name: out
   - Type: Reg[Fix[TRUE,_32,_0]]
   - SrcCtx: Lab2Part4.scala:11:21
   - class argon.Consumers: Consumers(Set(x20, x22))
   - class argon.DeepAliases: DeepAliases(Set())
   - class argon.Effects: Mutable
   - class argon.ShallowAliases: ShallowAliases(Set(x2))
   - class spatial.metadata.access.ReadUses: ReadUses(Set())
   - class spatial.metadata.memory.Readers: Readers(Set(x22))
   - class spatial.metadata.memory.Writers: Writers(Set(x20))
  x3 = ArgInNew(Const(0))
   - Name: i
   - Type: Reg[Fix[TRUE,_32,_0]]
   - SrcCtx: Lab2Part4.scala:12:18
   - class argon.Consumers: Consumers(Set(x12, x15, x26))
   - class argon.DeepAliases: DeepAliases(Set())
   - class argon.Effects: Mutable
   - class argon.ShallowAliases: ShallowAliases(Set(x3))
   - class spatial.metadata.access.ReadUses: ReadUses(Set())
   - class spatial.metadata.memory.Readers: Readers(Set(x15, x26))
   - class spatial.metadata.memory.Writers: Writers(Set(x12))
  x4 = ArgInNew(Const(0))
   - Name: j
   - Type: Reg[Fix[TRUE,_32,_0]]
   - SrcCtx: Lab2Part4.scala:13:18
   - class argon.Consumers: Consumers(Set(x13, x16, x28))
   - class argon.DeepAliases: DeepAliases(Set())
   - class argon.Effects: Mutable
   - class argon.ShallowAliases: ShallowAliases(Set(x4))
   - class spatial.metadata.access.ReadUses: ReadUses(Set())
   - class spatial.metadata.memory.Readers: Readers(Set(x16, x28))
   - class spatial.metadata.memory.Writers: Writers(Set(x13))
  x5 = ArrayApply(x0,Const(0))
   - Type: Text
   - SrcCtx: Lab2Part4.scala:15:21
   - class argon.Consumers: Consumers(Set(x6))
   - class argon.DeepAliases: DeepAliases(Set())
   - class argon.Effects: Pure
   - class argon.ShallowAliases: ShallowAliases(Set(x5))
   - class spatial.metadata.access.ReadUses: ReadUses(Set())
  x6 = TextToFix(x5,TRUE,_32,_0)
   - Name: input
   - Type: Fix[TRUE,_32,_0]
   - SrcCtx: Lab2Part4.scala:15:27
   - class argon.Consumers: Consumers(Set(x11, x31))
   - class argon.DeepAliases: DeepAliases(Set())
   - class argon.Effects: Pure
   - class argon.ShallowAliases: ShallowAliases(Set(x6))
   - class spatial.metadata.access.ReadUses: ReadUses(Set())
  x7 = ArrayApply(x0,Const(1))
   - Type: Text
   - SrcCtx: Lab2Part4.scala:16:21
   - class argon.Consumers: Consumers(Set(x8))
   - class argon.DeepAliases: DeepAliases(Set())
   - class argon.Effects: Pure
   - class argon.ShallowAliases: ShallowAliases(Set(x7))
   - class spatial.metadata.access.ReadUses: ReadUses(Set())
  x8 = TextToFix(x7,TRUE,_32,_0)
   - Name: ind_i
   - Type: Fix[TRUE,_32,_0]
   - SrcCtx: Lab2Part4.scala:16:27
   - class argon.Consumers: Consumers(Set(x12))
   - class argon.DeepAliases: DeepAliases(Set())
   - class argon.Effects: Pure
   - class argon.ShallowAliases: ShallowAliases(Set(x8))
   - class spatial.metadata.access.ReadUses: ReadUses(Set())
  x9 = ArrayApply(x0,Const(2))
   - Type: Text
   - SrcCtx: Lab2Part4.scala:17:21
   - class argon.Consumers: Consumers(Set(x10))
   - class argon.DeepAliases: DeepAliases(Set())
   - class argon.Effects: Pure
   - class argon.ShallowAliases: ShallowAliases(Set(x9))
   - class spatial.metadata.access.ReadUses: ReadUses(Set())
  x10 = TextToFix(x9,TRUE,_32,_0)
   - Name: ind_j
   - Type: Fix[TRUE,_32,_0]
   - SrcCtx: Lab2Part4.scala:17:27
   - class argon.Consumers: Consumers(Set(x13))
   - class argon.DeepAliases: DeepAliases(Set())
   - class argon.Effects: Pure
   - class argon.ShallowAliases: ShallowAliases(Set(x10))
   - class spatial.metadata.access.ReadUses: ReadUses(Set())
  x11 = SetReg(x1,x6)
   - Type: Void
   - SrcCtx: Lab2Part4.scala:19:11
   - class argon.DeepAliases: DeepAliases(Set())
   - class argon.Effects: (reads={x1}, writes={x1})
   - class argon.ShallowAliases: ShallowAliases(Set(x11))
   - class spatial.metadata.access.ReadUses: ReadUses(Set())
  x12 = SetReg(x3,x8)
   - Type: Void
   - SrcCtx: Lab2Part4.scala:20:11
   - class argon.DeepAliases: DeepAliases(Set())
   - class argon.Effects: (reads={x3}, writes={x3})
   - class argon.ShallowAliases: ShallowAliases(Set(x12))
   - class spatial.metadata.access.ReadUses: ReadUses(Set())
  x13 = SetReg(x4,x10)
   - Type: Void
   - SrcCtx: Lab2Part4.scala:21:11
   - class argon.DeepAliases: DeepAliases(Set())
   - class argon.Effects: (reads={x4}, writes={x4})
   - class argon.ShallowAliases: ShallowAliases(Set(x13))
   - class spatial.metadata.access.ReadUses: ReadUses(Set())
  x21 = AccelScope(Block(Const(()))) {
   - Type: Void
   - SrcCtx: Lab2Part4.scala:23:11
   - class argon.DeepAliases: DeepAliases(Set())
   - class argon.Effects: (unique=true, simple=true, reads={x1,x2,x3,x4}, writes={x2})
   - class argon.ShallowAliases: ShallowAliases(Set(x21))
   - class spatial.metadata.access.ReadUses: ReadUses(Set(x17, x15, x16, x18))
   - class spatial.metadata.control.BodyLatency: BodyLatency(List(3.0))
   - class spatial.metadata.control.Children: Children(ArrayBuffer())
   - class spatial.metadata.control.CompilerII: CompilerII(1.0)
   - class spatial.metadata.control.ControlLevel: ControlLevel(InnerControl)
   - class spatial.metadata.control.InitiationInterval: InitiationInterval(1.0)
   - class spatial.metadata.control.ReadMems: ReadMems(Set(x3, x4, x14, x1))
   - class spatial.metadata.control.TransientReadMems: TransientReadMems(Set())
   - class spatial.metadata.control.WrittenMems: WrittenMems(Set(x2))
  binds: 
    block 0: Block(Const(())) {
      effects:  (unique=true, reads={x3,x2,x1,x4}, writes={x2})
        x14 = LUTNew(List(Const(3), Const(3)),ArrayBuffer(Const(1), Const(2), Const(3), Const(4), Const(5), Const(6), Const(7), Const(8), Const(9)),LUT2[Fix[TRUE,_32,_0]])
         - Name: lut
         - Type: LUT2[Fix[TRUE,_32,_0]]
         - SrcCtx: Lab2Part4.scala:24:31
         - class argon.Consumers: Consumers(Set(x17, x21))
         - class argon.DeepAliases: DeepAliases(Set())
         - class argon.Effects: Mutable
         - class argon.ShallowAliases: ShallowAliases(Set(x14))
         - class spatial.metadata.access.ReadUses: ReadUses(Set())
         - class spatial.metadata.control.DefiningBlk: DefiningBlk(x21 (block: 0))
         - class spatial.metadata.control.ParentCtrl: ParentCtrl(x21 (stage: -1))
         - class spatial.metadata.control.ScopeCtrl: ScopeCtrl(x21 (scope: 0, 0))
         - class spatial.metadata.memory.Readers: Readers(Set(x17))
         - class spatial.metadata.retiming.FullDelay: FullDelay(0.0)
        x15 = RegRead(x3)
         - Type: Fix[TRUE,_32,_0]
         - SrcCtx: Lab2Part4.scala:25:24
         - class argon.Consumers: Consumers(Set(x17, x21))
         - class argon.DeepAliases: DeepAliases(Set())
         - class argon.Effects: (unique=true, reads={x3})
         - class argon.ShallowAliases: ShallowAliases(Set(x15))
         - class spatial.metadata.access.ReadUses: ReadUses(Set(x15))
         - class spatial.metadata.control.DefiningBlk: DefiningBlk(x21 (block: 0))
         - class spatial.metadata.control.ParentCtrl: ParentCtrl(x21 (stage: -1))
         - class spatial.metadata.control.ScopeCtrl: ScopeCtrl(x21 (scope: 0, 0))
         - class spatial.metadata.retiming.FullDelay: FullDelay(0.0)
        x16 = RegRead(x4)
         - Type: Fix[TRUE,_32,_0]
         - SrcCtx: Lab2Part4.scala:25:27
         - class argon.Consumers: Consumers(Set(x17, x21))
         - class argon.DeepAliases: DeepAliases(Set())
         - class argon.Effects: (unique=true, reads={x4})
         - class argon.ShallowAliases: ShallowAliases(Set(x16))
         - class spatial.metadata.access.ReadUses: ReadUses(Set(x16))
         - class spatial.metadata.control.DefiningBlk: DefiningBlk(x21 (block: 0))
         - class spatial.metadata.control.ParentCtrl: ParentCtrl(x21 (stage: -1))
         - class spatial.metadata.control.ScopeCtrl: ScopeCtrl(x21 (scope: 0, 0))
         - class spatial.metadata.retiming.FullDelay: FullDelay(0.0)
        x17 = LUTRead(x14,List(x15, x16),Set())
         - Type: Fix[TRUE,_32,_0]
         - SrcCtx: Lab2Part4.scala:25:23
         - class argon.Consumers: Consumers(Set(x19, x21))
         - class argon.DeepAliases: DeepAliases(Set())
         - class argon.Effects: (reads={x14})
         - class argon.ShallowAliases: ShallowAliases(Set(x17))
         - class spatial.metadata.access.ReadUses: ReadUses(Set(x17, x15, x16))
         - class spatial.metadata.control.DefiningBlk: DefiningBlk(x21 (block: 0))
         - class spatial.metadata.control.ParentCtrl: ParentCtrl(x21 (stage: -1))
         - class spatial.metadata.control.ScopeCtrl: ScopeCtrl(x21 (scope: 0, 0))
         - class spatial.metadata.retiming.FullDelay: FullDelay(0.0)
        x18 = RegRead(x1)
         - Type: Fix[TRUE,_32,_0]
         - SrcCtx: Lab2Part4.scala:25:32
         - class argon.Consumers: Consumers(Set(x19, x21))
         - class argon.DeepAliases: DeepAliases(Set())
         - class argon.Effects: (unique=true, reads={x1})
         - class argon.ShallowAliases: ShallowAliases(Set(x18))
         - class spatial.metadata.access.ReadUses: ReadUses(Set(x18))
         - class spatial.metadata.control.DefiningBlk: DefiningBlk(x21 (block: 0))
         - class spatial.metadata.control.ParentCtrl: ParentCtrl(x21 (stage: -1))
         - class spatial.metadata.control.ScopeCtrl: ScopeCtrl(x21 (scope: 0, 0))
         - class spatial.metadata.retiming.FullDelay: FullDelay(0.0)
        x19 = FixAdd(x17,x18)
         - Name: output
         - Type: Fix[TRUE,_32,_0]
         - SrcCtx: Lab2Part4.scala:25:30
         - class argon.Consumers: Consumers(Set(x20))
         - class argon.DeepAliases: DeepAliases(Set())
         - class argon.Effects: Pure
         - class argon.ShallowAliases: ShallowAliases(Set(x19))
         - class spatial.metadata.access.ReadUses: ReadUses(Set(x17, x15, x16, x18))
         - class spatial.metadata.control.DefiningBlk: DefiningBlk(x21 (block: 0))
         - class spatial.metadata.control.ParentCtrl: ParentCtrl(x21 (stage: -1))
         - class spatial.metadata.control.ScopeCtrl: ScopeCtrl(x21 (scope: 0, 0))
         - class spatial.metadata.retiming.FullDelay: FullDelay(1.0)
        x20 = RegWrite(x2,x19,Set())
         - Type: Void
         - SrcCtx: Lab2Part4.scala:26:11
         - class argon.Consumers: Consumers(Set(x21))
         - class argon.DeepAliases: DeepAliases(Set())
         - class argon.Effects: (reads={x2}, writes={x2})
         - class argon.ShallowAliases: ShallowAliases(Set(x20))
         - class spatial.metadata.access.ReadUses: ReadUses(Set(x17, x15, x16, x18))
         - class spatial.metadata.control.DefiningBlk: DefiningBlk(x21 (block: 0))
         - class spatial.metadata.control.ParentCtrl: ParentCtrl(x21 (stage: -1))
         - class spatial.metadata.control.ScopeCtrl: ScopeCtrl(x21 (scope: 0, 0))
         - class spatial.metadata.retiming.FullDelay: FullDelay(2.0)
    } // End of x21 block #0
  } // End of x21
  x22 = GetReg(x2)
   - Name: result
   - Type: Fix[TRUE,_32,_0]
   - SrcCtx: Lab2Part4.scala:29:24
   - class argon.Consumers: Consumers(Set(x32))
   - class argon.DeepAliases: DeepAliases(Set())
   - class argon.Effects: (reads={x2})
   - class argon.ShallowAliases: ShallowAliases(Set(x22))
   - class spatial.metadata.access.ReadUses: ReadUses(Set(x22))
  x25 = MapIndices(Const(9),Block((b23) => x24)) {
   - Name: goldArray
   - Type: Array[Fix[TRUE,_32,_0]]
   - SrcCtx: Lab2Part4.scala:30:42
   - class argon.Consumers: Consumers(Set(x30))
   - class argon.DeepAliases: DeepAliases(Set())
   - class argon.Effects: Pure
   - class argon.ShallowAliases: ShallowAliases(Set(x25))
   - class spatial.metadata.access.ReadUses: ReadUses(Set())
  binds: 
    b23
     - Name: i
     - Type: Fix[TRUE,_32,_0]
     - SrcCtx: Lab2Part4.scala:30:42
     - class argon.Consumers: Consumers(Set(x24))
     - class spatial.metadata.control.DefiningBlk: DefiningBlk(x25 (block: -1))
    block 0: Block((b23) => x24) {
      effects:  Pure
        x24 = FixAdd(b23,Const(1))
         - Type: Fix[TRUE,_32,_0]
         - SrcCtx: Lab2Part4.scala:30:51
         - class argon.Consumers: Consumers(Set(x25))
         - class argon.DeepAliases: DeepAliases(Set())
         - class argon.Effects: Pure
         - class argon.ShallowAliases: ShallowAliases(Set(x24))
         - class spatial.metadata.access.ReadUses: ReadUses(Set())
         - class spatial.metadata.control.DefiningBlk: DefiningBlk(x25 (block: 0))
    } // End of x25 block #0
  } // End of x25
  x26 = RegRead(x3)
   - Type: Fix[TRUE,_32,_0]
   - SrcCtx: Lab2Part4.scala:31:34
   - class argon.Consumers: Consumers(Set(x27))
   - class argon.DeepAliases: DeepAliases(Set())
   - class argon.Effects: (unique=true, reads={x3})
   - class argon.ShallowAliases: ShallowAliases(Set(x26))
   - class spatial.metadata.access.ReadUses: ReadUses(Set(x26))
  x27 = FixMul(x26,Const(3))
   - Type: Fix[TRUE,_32,_0]
   - SrcCtx: Lab2Part4.scala:31:35
   - class argon.Consumers: Consumers(Set(x29))
   - class argon.DeepAliases: DeepAliases(Set())
   - class argon.Effects: Pure
   - class argon.ShallowAliases: ShallowAliases(Set(x27))
   - class spatial.metadata.access.ReadUses: ReadUses(Set(x26))
  x28 = RegRead(x4)
   - Type: Fix[TRUE,_32,_0]
   - SrcCtx: Lab2Part4.scala:31:40
   - class argon.Consumers: Consumers(Set(x29))
   - class argon.DeepAliases: DeepAliases(Set())
   - class argon.Effects: (unique=true, reads={x4})
   - class argon.ShallowAliases: ShallowAliases(Set(x28))
   - class spatial.metadata.access.ReadUses: ReadUses(Set(x28))
  x29 = FixAdd(x27,x28)
   - Type: Fix[TRUE,_32,_0]
   - SrcCtx: Lab2Part4.scala:31:38
   - class argon.Consumers: Consumers(Set(x30))
   - class argon.DeepAliases: DeepAliases(Set())
   - class argon.Effects: Pure
   - class argon.ShallowAliases: ShallowAliases(Set(x29))
   - class spatial.metadata.access.ReadUses: ReadUses(Set(x26, x28))
  x30 = ArrayApply(x25,x29)
   - Type: Fix[TRUE,_32,_0]
   - SrcCtx: Lab2Part4.scala:31:33
   - class argon.Consumers: Consumers(Set(x31))
   - class argon.DeepAliases: DeepAliases(Set())
   - class argon.Effects: Pure
   - class argon.ShallowAliases: ShallowAliases(Set(x30))
   - class spatial.metadata.access.ReadUses: ReadUses(Set(x26, x28))
  x31 = FixAdd(x6,x30)
   - Name: gold
   - Type: Fix[TRUE,_32,_0]
   - SrcCtx: Lab2Part4.scala:31:22
   - class argon.Consumers: Consumers(Set(x32))
   - class argon.DeepAliases: DeepAliases(Set())
   - class argon.Effects: Pure
   - class argon.ShallowAliases: ShallowAliases(Set(x31))
   - class spatial.metadata.access.ReadUses: ReadUses(Set(x26, x28))
  x32 = FixEql(x31,x22)
   - Name: pass
   - Type: Bit
   - SrcCtx: Lab2Part4.scala:32:21
   - class argon.Consumers: Consumers(Set(x33, x39))
   - class argon.DeepAliases: DeepAliases(Set())
   - class argon.Effects: Pure
   - class argon.ShallowAliases: ShallowAliases(Set(x32))
   - class spatial.metadata.access.ReadUses: ReadUses(Set(x26, x28, x22))
  x33 = BitToText(x32)
   - Type: Text
   - SrcCtx: Lab2Part4.scala:33:22
   - class argon.Consumers: Consumers(Set(x34))
   - class argon.DeepAliases: DeepAliases(Set())
   - class argon.Effects: Pure
   - class argon.ShallowAliases: ShallowAliases(Set(x33))
   - class spatial.metadata.access.ReadUses: ReadUses(Set(x26, x28, x22))
  x34 = TextConcat(List(Const("PASS: "), x33))
   - Type: Text
   - SrcCtx: Lab2Part4.scala:33:22
   - class argon.Consumers: Consumers(Set(x35))
   - class argon.DeepAliases: DeepAliases(Set())
   - class argon.Effects: Pure
   - class argon.ShallowAliases: ShallowAliases(Set(x34))
   - class spatial.metadata.access.ReadUses: ReadUses(Set(x26, x28, x22))
  x35 = TextConcat(List(x34, Const("(Lab2Part4LUT)")))
   - Type: Text
   - SrcCtx: Lab2Part4.scala:33:29
   - class argon.Consumers: Consumers(Set(x36))
   - class argon.DeepAliases: DeepAliases(Set())
   - class argon.Effects: Pure
   - class argon.ShallowAliases: ShallowAliases(Set(x35))
   - class spatial.metadata.access.ReadUses: ReadUses(Set(x26, x28, x22))
  x36 = TextConcat(List(x35, Const("\n")))
   - Type: Text
   - SrcCtx: Lab2Part4.scala:33:12
   - class argon.Consumers: Consumers(Set(x37))
   - class argon.DeepAliases: DeepAliases(Set())
   - class argon.Effects: Pure
   - class argon.ShallowAliases: ShallowAliases(Set(x36))
   - class spatial.metadata.access.ReadUses: ReadUses(Set(x26, x28, x22))
  x37 = PrintIf(Set(),x36)
   - Type: Void
   - SrcCtx: Lab2Part4.scala:33:12
   - class argon.DeepAliases: DeepAliases(Set())
   - class argon.Effects: (simple=true)
   - class argon.ShallowAliases: ShallowAliases(Set(x37))
   - class spatial.metadata.access.ReadUses: ReadUses(Set(x26, x28, x22))
  x39 = AssertIf(Set(),x32,Some(Const("Lab2Part4.scala:35:11: Assertion failure")))
   - Type: Void
   - SrcCtx: Lab2Part4.scala:35:11
   - class argon.DeepAliases: DeepAliases(Set())
   - class argon.Effects: (global=true)
   - class argon.ShallowAliases: ShallowAliases(Set(x39))
   - class spatial.metadata.access.ReadUses: ReadUses(Set(x26, x28, x22))

Global Metadata
---------------
class spatial.metadata.CLIArgs: CLIArgs(Map(0 -> input, 1 -> ind_i, 2 -> ind_j))
class spatial.metadata.memory.LocalMemories: LocalMemories(Set(x14, x1, x2, x3, x4))
