  x61 = AccelScope(Block(Const(())))
  Working on pipeLatencies of result Vector(x101, Const(()), x102, x109, x105, x107, x100), schedule Vector(x101, x102, x105, x126, x106, x107, x127, x108, x109)
  Memories with both reads and writes in this scope: Set()
  Done finding cycles: Vector(), Map()
  Computing fullDFS: x101
  cur: x101, inReduce: false, latency: 0.0
  Computing fullDFS: Const(())
  Computing fullDFS: x102
  cur: x102, inReduce: false, latency: 0.0
  Computing fullDFS: x109
  Computing fullDFS: x108
  Computing fullDFS: x106
  Computing fullDFS: x126
  Computing fullDFS: x105
  Computing fullDFS: x127
  Computing fullDFS: x107
  cur: x107, inReduce: false, latency: 0.0
  Computing fullDFS: x100
  Cycles: Map()
  cycles are Vector()
     stm: x100, None
     stm: x101, None
     stm: x102, None
     stm: x105, None
     stm: x126, None
     stm: x106, None
     stm: x107, None
     stm: x127, None
     stm: x108, None
     stm: x109, None
   - Latency:  3.0
   - Interval: 1.0 (1.0 bbox)
   - Iter Diff: None (from ArrayBuffer())
