[[34minfo[0m] Nova Profiling Report
[[34minfo[0m] init: 0.102s (100.00%)
[[34minfo[0m] compile: 1.425s (100.00%)
[[34minfo[0m] compile.staging: 0.152s (10.67%)
[[34minfo[0m] compile.MemoryAnalyzer: 0.119s (8.35%)
[[34minfo[0m] compile.IR: 0.085s (5.96%)
[[34minfo[0m] compile.CppGen: 0.071s (4.98%)
[[34minfo[0m] compile.ChiselGen: 0.067s (4.70%)
[[34minfo[0m] compile.HtmlIRGenSpatial: 0.061s (4.28%)
[[34minfo[0m] compile.UnrollingTransformer: 0.058s (4.07%)
[[34minfo[0m] compile.RetimingAnalyzer: 0.049s (3.44%)
[[34minfo[0m] compile.RuntimeModelGenerator: 0.049s (3.44%)
[[34minfo[0m] compile.AccessAnalyzer: 0.047s (3.30%)
[[34minfo[0m] compile.ExecutorPass: 0.044s (3.09%)
[[34minfo[0m] compile.RetimingTransformer: 0.036s (2.53%)
[[34minfo[0m] compile.FriendlyTransformer: 0.035s (2.46%)
[[34minfo[0m] compile.SwitchTransformer: 0.019s (1.33%)
[[34minfo[0m] compile.BlackboxLowering: 0.019s (1.33%)
[[34minfo[0m] compile.DuplicateRetimeStripper: 0.016s (1.12%)
[[34minfo[0m] compile.SwitchOptimizer: 0.015s (1.05%)
[[34minfo[0m] compile.TransientCleanup: 0.015s (1.05%)
[[34minfo[0m] compile.MemoryReporter: 0.013s (0.91%)
[[34minfo[0m] compile.LaneStaticTransformer: 0.011s (0.77%)
[[34minfo[0m] compile.UseAnalyzer: 0.011s (0.77%)
[[34minfo[0m] compile.PipeInserter: 0.011s (0.77%)
[[34minfo[0m] compile.RegReadCSE: 0.01s (0.70%)
[[34minfo[0m] compile.TreeGen: 0.01s (0.70%)
[[34minfo[0m] compile.InitiationAnalyzer: 0.009s (0.63%)
[[34minfo[0m] compile.FIFOInitializer: 0.008s (0.56%)
[[34minfo[0m] compile.RetimeReporter: 0.008s (0.56%)
[[34minfo[0m] compile.StreamTransformer: 0.007s (0.49%)
[[34minfo[0m] compile.MemoryDealiasing: 0.007s (0.49%)
[[34minfo[0m] compile.AccumTransformer: 0.006s (0.42%)
[[34minfo[0m] compile.BindingTransformer: 0.006s (0.42%)
[[34minfo[0m] compile.CompilerSanityChecks: 0.006s (0.42%)
[[34minfo[0m] compile.RewriteTransformer: 0.005s (0.35%)
[[34minfo[0m] compile.AccumAnalyzer: 0.005s (0.35%)
[[34minfo[0m] compile.ResourceCountReporter: 0.004s (0.28%)
[[34minfo[0m] compile.FlatteningTransformer: 0.004s (0.28%)
[[34minfo[0m] compile.MemoryAllocator: 0.003s (0.21%)
[[34minfo[0m] compile.MemoryCleanupTransformer: 0.003s (0.21%)
[[34minfo[0m] compile.RewriteAnalyzer: 0.002s (0.14%)
[[34minfo[0m] compile.CLINaming: 0.001s (0.07%)
[[34minfo[0m] compile.UserSanityChecks: 0.001s (0.07%)
[[34minfo[0m] compile.MetadataStripper: 0.001s (0.07%)
[[34minfo[0m] compile.CounterIterSynchronization: 0.001s (0.07%)
[[34minfo[0m] compile.BufferRecompute: 0.001s (0.07%)
[[34minfo[0m] compile.BroadcastCleanupAnalyzer: 0.0s (0.00%)
[[34minfo[0m] compile.IterationDiffAnalyzer: 0.0s (0.00%)
