[[34minfo[0m] @flow analyses
[[34minfo[0m] flows: 0.0s (NaN%)
[[34minfo[0m] flows.accumulator: 0.019s (100.00%)
[[34minfo[0m] flows.streams: 0.018s (100.00%)
[[34minfo[0m] flows.globals: 0.01s (100.00%)
[[34minfo[0m] flows.blockLevel: 0.009s (100.00%)
[[34minfo[0m] flows.controlLevel: 0.009s (100.00%)
[[34minfo[0m] flows.memories: 0.009s (100.00%)
[[34minfo[0m] flows.accesses: 0.007s (100.00%)
[[34minfo[0m] flows.controlSchedule: 0.005s (100.00%)
[[34minfo[0m] flows.blackbox: 0.0s (NaN%)


flows.blockLevel: 0.009s
flows.blackbox: 0.0s
flows.controlLevel: 0.009s
flows.accumulator: 0.019s
flows.streams: 0.018s
flows.memories: 0.009s
flows.accesses: 0.007s
flows.controlSchedule: 0.005s
flows.globals: 0.01s
