    x106 = AccelScope(Block(Const(())))
      x106 Body #0: 
        x106 body #0 block #0 [Outer]
      inline: x48 = Some(RegRead(x3)), inputs: Vector(x3)
      Alloc: x49 = Some(CounterNew(Const(0),x48,Const(16),Const(1)))
      Alloc: x51 = Some(CounterChainNew(List(x49)))
      Control: x105 = Some(OpForeach(Set(),x51,Block(Const(())),List(b50),None))
      stage bindings: ArrayBuffer(ArrayBuffer(spatial.transform.PipeInserter$Stage@cb25184), ArrayBuffer(spatial.transform.PipeInserter$Stage@695dc8dd), ArrayBuffer(spatial.transform.PipeInserter$Stage@76facd45), ArrayBuffer(spatial.transform.PipeInserter$Stage@56c51548))
      Stage #0, 0: [Outer]
        x48 = RegRead(x3)
      Stage #1, 0: [Outer]
        x49 = CounterNew(Const(0),x48,Const(16),Const(1))
      Stage #2, 0: [Outer]
        x51 = CounterChainNew(List(x49))
      Stage #3, 0: [Outer]
        x105 = OpForeach(Set(),x51,Block(Const(())),List(b50),None)
      x105 = OpForeach(Set(),x51,Block(Const(())),List(b50),None)
        x105 Body #0: 
          x105 body #0 block #0 [Outer]
        inline: x52 = Some(RegRead(x3)), inputs: Vector(x3)
        Primitive: x53 = Some(FixSub(x52,b50))
        Primitive: x54 = Some(FixMin(Const(16),x53))
        inline: x55 = Some(RegRead(x1)), inputs: Vector(x1)
        Alloc: x56 = Some(CounterNew(Const(0),x55,Const(16),Const(1)))
        Alloc: x58 = Some(CounterChainNew(List(x56)))
        Control: x104 = Some(OpForeach(Set(),x58,Block(Const(())),List(b57),None))
        stage bindings: ArrayBuffer(ArrayBuffer(spatial.transform.PipeInserter$Stage@502df3df), ArrayBuffer(spatial.transform.PipeInserter$Stage@eca9a4), ArrayBuffer(spatial.transform.PipeInserter$Stage@160e20dd), ArrayBuffer(spatial.transform.PipeInserter$Stage@4d41021c), ArrayBuffer(spatial.transform.PipeInserter$Stage@724db360))
        Stage #0, 0: [Outer]
          x52 = RegRead(x3)
          x55 = RegRead(x1)
        Stage #1, 0: [Inner]
          x53 = FixSub(x52,b50)
          x54 = FixMin(Const(16),x53)
          x53 = FixSub(x52,b50), stg spatial.transform.PipeInserter$Stage@eca9a4
            uses: Set()
            nonVoid: true
            isResult: false
          x54 = FixMin(Const(16),x53), stg spatial.transform.PipeInserter$Stage@eca9a4
            uses: Set(x195, x248, x89)
            nonVoid: true
            isResult: false
        Escaping: 
          x54 = FixMin(Const(16),x53)
          => x437 = RegRead(x434)
        Stage #2, 0: [Outer]
          x56 = CounterNew(Const(0),x55,Const(16),Const(1))
        Stage #3, 0: [Outer]
          x58 = CounterChainNew(List(x56))
        Stage #4, 0: [Outer]
          x104 = OpForeach(Set(),x58,Block(Const(())),List(b57),None)
        x104 = OpForeach(Set(),x58,Block(Const(())),List(b57),None)
          x104 Body #0: 
            x104 body #0 block #0 [Outer]
          inline: x59 = Some(RegRead(x1)), inputs: Vector(x1)
          Primitive: x60 = Some(FixSub(x59,b57))
          Primitive: x61 = Some(FixMin(Const(16),x60))
          Alloc: x62 = Some(SRAMNew(List(Const(16), Const(16)),SRAM2[Fix[TRUE,_24,_8]]))
          Alloc: x182 = Some(CounterNew(Const(0),x61,Const(1),Const(1)))
          Alloc: x184 = Some(CounterChainNew(List(x182)))
          Control: x242 = Some(OpForeach(Set(),x184,Block(Const(())),List(b183),None))
          inline: x67 = Some(RegRead(x2)), inputs: Vector(x2)
          Alloc: x68 = Some(CounterNew(Const(0),x67,Const(16),Const(1)))
          Alloc: x70 = Some(CounterChainNew(List(x68)))
          Control: x103 = Some(OpForeach(Set(),x70,Block(Const(())),List(b69),None))
          stage bindings: ArrayBuffer(ArrayBuffer(spatial.transform.PipeInserter$Stage@6933435c), ArrayBuffer(spatial.transform.PipeInserter$Stage@6596f821), ArrayBuffer(spatial.transform.PipeInserter$Stage@425405a5), ArrayBuffer(spatial.transform.PipeInserter$Stage@598849d), ArrayBuffer(spatial.transform.PipeInserter$Stage@76420ed1), ArrayBuffer(spatial.transform.PipeInserter$Stage@24c7b7c8), ArrayBuffer(spatial.transform.PipeInserter$Stage@46dce7d8), ArrayBuffer(spatial.transform.PipeInserter$Stage@7a13ff2), ArrayBuffer(spatial.transform.PipeInserter$Stage@61739d51))
          Stage #0, 0: [Outer]
            x59 = RegRead(x1)
            x67 = RegRead(x2)
          Stage #1, 0: [Inner]
            x60 = FixSub(x59,b57)
            x61 = FixMin(Const(16),x60)
            x60 = FixSub(x59,b57), stg spatial.transform.PipeInserter$Stage@6596f821
              uses: Set()
              nonVoid: true
              isResult: false
            x61 = FixMin(Const(16),x60), stg spatial.transform.PipeInserter$Stage@6596f821
              uses: Set(x182, x311, x83, x372)
              nonVoid: true
              isResult: false
          Escaping: 
            x61 = FixMin(Const(16),x60)
            => x441 = RegRead(x438)
          Stage #2, 0: [Outer]
            x62 = SRAMNew(List(Const(16), Const(16)),SRAM2[Fix[TRUE,_24,_8]])
          Stage #3, 0: [Outer]
            x182 = CounterNew(Const(0),x61,Const(1),Const(1))
          Stage #4, 0: [Outer]
            x184 = CounterChainNew(List(x182))
          Stage #5, 0: [Outer]
            x242 = OpForeach(Set(),x184,Block(Const(())),List(b183),None)
          x242 = OpForeach(Set(),x184,Block(Const(())),List(b183),None)
            x242 Body #0: 
              x242 body #0 block #0 [Outer]
            Alloc: x185 = Some(StreamOutNew(BurstCmdBus))
            Alloc: x186 = Some(FIFONew(Const(16)))
            Alloc: x187 = Some(StreamInNew(BurstDataBus()))
            Control: x208 = Some(UnitPipe(Set(),Block(Const(())),None))
            Fringe: x209 = Some(FringeDenseLoad(x38,x185,x187))
            Control: x241 = Some(UnitPipe(Set(),Block(Const(())),None))
            Binding stages ArrayBuffer(spatial.transform.PipeInserter$Stage@154f93a0, spatial.transform.PipeInserter$Stage@436780ac, spatial.transform.PipeInserter$Stage@4cc7eef7, spatial.transform.PipeInserter$Stage@6cd97ba0, spatial.transform.PipeInserter$Stage@5622708, spatial.transform.PipeInserter$Stage@7a7fb5e8, spatial.transform.PipeInserter$Stage@93c4c06) for Parallel execution:
             - Outer stage spatial.transform.PipeInserter$Stage@154f93a0 0
             - Outer stage spatial.transform.PipeInserter$Stage@436780ac 1
             - Outer stage spatial.transform.PipeInserter$Stage@4cc7eef7 2
             - Outer stage spatial.transform.PipeInserter$Stage@6cd97ba0 3
             - Outer stage spatial.transform.PipeInserter$Stage@5622708 4
             - Outer stage spatial.transform.PipeInserter$Stage@7a7fb5e8 5
             - Last stage spatial.transform.PipeInserter$Stage@93c4c06
            stage bindings: ArrayBuffer(ArrayBuffer(spatial.transform.PipeInserter$Stage@154f93a0), ArrayBuffer(spatial.transform.PipeInserter$Stage@436780ac), ArrayBuffer(spatial.transform.PipeInserter$Stage@4cc7eef7), ArrayBuffer(spatial.transform.PipeInserter$Stage@6cd97ba0), ArrayBuffer(spatial.transform.PipeInserter$Stage@5622708), ArrayBuffer(spatial.transform.PipeInserter$Stage@7a7fb5e8), ArrayBuffer(spatial.transform.PipeInserter$Stage@93c4c06))
            Stage #0, 0: [Outer]
            Stage #1, 0: [Outer]
              x185 = StreamOutNew(BurstCmdBus)
            Stage #2, 0: [Outer]
              x186 = FIFONew(Const(16))
            Stage #3, 0: [Outer]
              x187 = StreamInNew(BurstDataBus())
            Stage #4, 0: [Outer]
              x208 = UnitPipe(Set(),Block(Const(())),None)
            Stage #5, 0: [Outer]
              x209 = FringeDenseLoad(x38,x185,x187)
            Stage #6, 0: [Outer]
              x241 = UnitPipe(Set(),Block(Const(())),None)
            x241 = UnitPipe(Set(),Block(Const(())),None)
              x241 Body #0: 
                x241 body #0 block #0 [Outer]
              Alloc: x210 = Some(RegNew(Const(0)))
              Alloc: x211 = Some(RegNew(Const(0)))
              Alloc: x212 = Some(RegNew(Const(0)))
              Control: x220 = Some(UnitPipe(Set(),Block(Const(())),None))
              inline: x221 = Some(RegRead(x212)), inputs: Vector(x212)
              Alloc: x222 = Some(CounterNew(Const(0),x221,Const(1),Const(1)))
              Alloc: x224 = Some(CounterChainNew(List(x222)))
              Control: x240 = Some(OpForeach(Set(),x224,Block(Const(())),List(b223),None))
              stage bindings: ArrayBuffer(ArrayBuffer(spatial.transform.PipeInserter$Stage@1ee6f05), ArrayBuffer(spatial.transform.PipeInserter$Stage@335f46d4), ArrayBuffer(spatial.transform.PipeInserter$Stage@3f15261e), ArrayBuffer(spatial.transform.PipeInserter$Stage@6104b960), ArrayBuffer(spatial.transform.PipeInserter$Stage@13607402), ArrayBuffer(spatial.transform.PipeInserter$Stage@5a40f95c), ArrayBuffer(spatial.transform.PipeInserter$Stage@4cf301dc), ArrayBuffer(spatial.transform.PipeInserter$Stage@8f86e9b))
              Stage #0, 0: [Outer]
              Stage #1, 0: [Outer]
                x210 = RegNew(Const(0))
              Stage #2, 0: [Outer]
                x211 = RegNew(Const(0))
              Stage #3, 0: [Outer]
                x212 = RegNew(Const(0))
              Stage #4, 0: [Outer]
                x220 = UnitPipe(Set(),Block(Const(())),None)
                x221 = RegRead(x212)
              Stage #5, 0: [Outer]
                x222 = CounterNew(Const(0),x221,Const(1),Const(1))
              Stage #6, 0: [Outer]
                x224 = CounterChainNew(List(x222))
              Stage #7, 0: [Outer]
                x240 = OpForeach(Set(),x224,Block(Const(())),List(b223),None)
          Stage #6, 0: [Outer]
            x68 = CounterNew(Const(0),x67,Const(16),Const(1))
          Stage #7, 0: [Outer]
            x70 = CounterChainNew(List(x68))
          Stage #8, 0: [Outer]
            x103 = OpForeach(Set(),x70,Block(Const(())),List(b69),None)
          x103 = OpForeach(Set(),x70,Block(Const(())),List(b69),None)
            x103 Body #0: 
              x103 body #0 block #0 [Outer]
            inline: x71 = Some(RegRead(x2)), inputs: Vector(x2)
            Primitive: x72 = Some(FixSub(x71,b69))
            Primitive: x73 = Some(FixMin(Const(16),x72))
            Alloc: x74 = Some(SRAMNew(List(Const(16), Const(16)),SRAM2[Fix[TRUE,_24,_8]]))
            Alloc: x75 = Some(SRAMNew(List(Const(16), Const(16)),SRAM2[Fix[TRUE,_24,_8]]))
            Alloc: x248 = Some(CounterNew(Const(0),x54,Const(1),Const(1)))
            Alloc: x250 = Some(CounterChainNew(List(x248)))
            Control: x308 = Some(OpForeach(Set(),x250,Block(Const(())),List(b249),None))
            Alloc: x311 = Some(CounterNew(Const(0),x61,Const(1),Const(1)))
            Alloc: x313 = Some(CounterChainNew(List(x311)))
            Control: x371 = Some(OpForeach(Set(),x313,Block(Const(())),List(b312),None))
            Alloc: x83 = Some(CounterNew(Const(0),x61,Const(1),Const(1)))
            Alloc: x85 = Some(CounterChainNew(List(x83)))
            Control: x100 = Some(OpForeach(Set(),x85,Block(Const(())),List(b84),None))
            Alloc: x372 = Some(CounterNew(Const(0),x61,Const(1),Const(1)))
            Alloc: x374 = Some(CounterChainNew(List(x372)))
            Control: x429 = Some(OpForeach(Set(),x374,Block(Const(())),List(b373),None))
            stage bindings: ArrayBuffer(ArrayBuffer(spatial.transform.PipeInserter$Stage@5a117727), ArrayBuffer(spatial.transform.PipeInserter$Stage@438c05c), ArrayBuffer(spatial.transform.PipeInserter$Stage@3ba5b932), ArrayBuffer(spatial.transform.PipeInserter$Stage@1829de29), ArrayBuffer(spatial.transform.PipeInserter$Stage@49d02a44), ArrayBuffer(spatial.transform.PipeInserter$Stage@ba82902), ArrayBuffer(spatial.transform.PipeInserter$Stage@1dd27d6c), ArrayBuffer(spatial.transform.PipeInserter$Stage@4bdc2069), ArrayBuffer(spatial.transform.PipeInserter$Stage@316a15c), ArrayBuffer(spatial.transform.PipeInserter$Stage@493c7805), ArrayBuffer(spatial.transform.PipeInserter$Stage@470b4553), ArrayBuffer(spatial.transform.PipeInserter$Stage@6d7eeab3), ArrayBuffer(spatial.transform.PipeInserter$Stage@5bd4ba01), ArrayBuffer(spatial.transform.PipeInserter$Stage@71020d2e), ArrayBuffer(spatial.transform.PipeInserter$Stage@6cbeef80), ArrayBuffer(spatial.transform.PipeInserter$Stage@760fbbd6))
            Stage #0, 0: [Outer]
              x71 = RegRead(x2)
            Stage #1, 0: [Inner]
              x72 = FixSub(x71,b69)
              x73 = FixMin(Const(16),x72)
              x72 = FixSub(x71,b69), stg spatial.transform.PipeInserter$Stage@438c05c
                uses: Set()
                nonVoid: true
                isResult: false
              x73 = FixMin(Const(16),x72), stg spatial.transform.PipeInserter$Stage@438c05c
                uses: Set(x261, x324, x86, x388)
                nonVoid: true
                isResult: false
            Escaping: 
              x73 = FixMin(Const(16),x72)
              => x445 = RegRead(x442)
            Stage #2, 0: [Outer]
              x74 = SRAMNew(List(Const(16), Const(16)),SRAM2[Fix[TRUE,_24,_8]])
            Stage #3, 0: [Outer]
              x75 = SRAMNew(List(Const(16), Const(16)),SRAM2[Fix[TRUE,_24,_8]])
            Stage #4, 0: [Outer]
              x248 = CounterNew(Const(0),x54,Const(1),Const(1))
            Stage #5, 0: [Outer]
              x250 = CounterChainNew(List(x248))
            Stage #6, 0: [Outer]
              x308 = OpForeach(Set(),x250,Block(Const(())),List(b249),None)
            x308 = OpForeach(Set(),x250,Block(Const(())),List(b249),None)
              x308 Body #0: 
                x308 body #0 block #0 [Outer]
              Alloc: x251 = Some(StreamOutNew(BurstCmdBus))
              Alloc: x252 = Some(FIFONew(Const(16)))
              Alloc: x253 = Some(StreamInNew(BurstDataBus()))
              Control: x274 = Some(UnitPipe(Set(),Block(Const(())),None))
              Fringe: x275 = Some(FringeDenseLoad(x41,x251,x253))
              Control: x307 = Some(UnitPipe(Set(),Block(Const(())),None))
              Binding stages ArrayBuffer(spatial.transform.PipeInserter$Stage@87513a4, spatial.transform.PipeInserter$Stage@69ff14f9, spatial.transform.PipeInserter$Stage@72a634a9, spatial.transform.PipeInserter$Stage@79fcf020, spatial.transform.PipeInserter$Stage@59342488, spatial.transform.PipeInserter$Stage@48fdab8b, spatial.transform.PipeInserter$Stage@b3dcd41) for Parallel execution:
               - Outer stage spatial.transform.PipeInserter$Stage@87513a4 0
               - Outer stage spatial.transform.PipeInserter$Stage@69ff14f9 1
               - Outer stage spatial.transform.PipeInserter$Stage@72a634a9 2
               - Outer stage spatial.transform.PipeInserter$Stage@79fcf020 3
               - Outer stage spatial.transform.PipeInserter$Stage@59342488 4
               - Outer stage spatial.transform.PipeInserter$Stage@48fdab8b 5
               - Last stage spatial.transform.PipeInserter$Stage@b3dcd41
              stage bindings: ArrayBuffer(ArrayBuffer(spatial.transform.PipeInserter$Stage@87513a4), ArrayBuffer(spatial.transform.PipeInserter$Stage@69ff14f9), ArrayBuffer(spatial.transform.PipeInserter$Stage@72a634a9), ArrayBuffer(spatial.transform.PipeInserter$Stage@79fcf020), ArrayBuffer(spatial.transform.PipeInserter$Stage@59342488), ArrayBuffer(spatial.transform.PipeInserter$Stage@48fdab8b), ArrayBuffer(spatial.transform.PipeInserter$Stage@b3dcd41))
              Stage #0, 0: [Outer]
              Stage #1, 0: [Outer]
                x251 = StreamOutNew(BurstCmdBus)
              Stage #2, 0: [Outer]
                x252 = FIFONew(Const(16))
              Stage #3, 0: [Outer]
                x253 = StreamInNew(BurstDataBus())
              Stage #4, 0: [Outer]
                x274 = UnitPipe(Set(),Block(Const(())),None)
              Stage #5, 0: [Outer]
                x275 = FringeDenseLoad(x41,x251,x253)
              Stage #6, 0: [Outer]
                x307 = UnitPipe(Set(),Block(Const(())),None)
              x307 = UnitPipe(Set(),Block(Const(())),None)
                x307 Body #0: 
                  x307 body #0 block #0 [Outer]
                Alloc: x276 = Some(RegNew(Const(0)))
                Alloc: x277 = Some(RegNew(Const(0)))
                Alloc: x278 = Some(RegNew(Const(0)))
                Control: x286 = Some(UnitPipe(Set(),Block(Const(())),None))
                inline: x287 = Some(RegRead(x278)), inputs: Vector(x278)
                Alloc: x288 = Some(CounterNew(Const(0),x287,Const(1),Const(1)))
                Alloc: x290 = Some(CounterChainNew(List(x288)))
                Control: x306 = Some(OpForeach(Set(),x290,Block(Const(())),List(b289),None))
                stage bindings: ArrayBuffer(ArrayBuffer(spatial.transform.PipeInserter$Stage@15de41f6), ArrayBuffer(spatial.transform.PipeInserter$Stage@6d3627a1), ArrayBuffer(spatial.transform.PipeInserter$Stage@48b2787f), ArrayBuffer(spatial.transform.PipeInserter$Stage@2d00e3ed), ArrayBuffer(spatial.transform.PipeInserter$Stage@4ab6d64a), ArrayBuffer(spatial.transform.PipeInserter$Stage@1661eb92), ArrayBuffer(spatial.transform.PipeInserter$Stage@4dcb18a1), ArrayBuffer(spatial.transform.PipeInserter$Stage@677e957e))
                Stage #0, 0: [Outer]
                Stage #1, 0: [Outer]
                  x276 = RegNew(Const(0))
                Stage #2, 0: [Outer]
                  x277 = RegNew(Const(0))
                Stage #3, 0: [Outer]
                  x278 = RegNew(Const(0))
                Stage #4, 0: [Outer]
                  x286 = UnitPipe(Set(),Block(Const(())),None)
                  x287 = RegRead(x278)
                Stage #5, 0: [Outer]
                  x288 = CounterNew(Const(0),x287,Const(1),Const(1))
                Stage #6, 0: [Outer]
                  x290 = CounterChainNew(List(x288))
                Stage #7, 0: [Outer]
                  x306 = OpForeach(Set(),x290,Block(Const(())),List(b289),None)
            Stage #7, 0: [Outer]
              x311 = CounterNew(Const(0),x61,Const(1),Const(1))
            Stage #8, 0: [Outer]
              x313 = CounterChainNew(List(x311))
            Stage #9, 0: [Outer]
              x371 = OpForeach(Set(),x313,Block(Const(())),List(b312),None)
            x371 = OpForeach(Set(),x313,Block(Const(())),List(b312),None)
              x371 Body #0: 
                x371 body #0 block #0 [Outer]
              Alloc: x314 = Some(StreamOutNew(BurstCmdBus))
              Alloc: x315 = Some(FIFONew(Const(16)))
              Alloc: x316 = Some(StreamInNew(BurstDataBus()))
              Control: x337 = Some(UnitPipe(Set(),Block(Const(())),None))
              Fringe: x338 = Some(FringeDenseLoad(x44,x314,x316))
              Control: x370 = Some(UnitPipe(Set(),Block(Const(())),None))
              Binding stages ArrayBuffer(spatial.transform.PipeInserter$Stage@1b061b5d, spatial.transform.PipeInserter$Stage@2225ed4, spatial.transform.PipeInserter$Stage@17b94021, spatial.transform.PipeInserter$Stage@4ffe2cd, spatial.transform.PipeInserter$Stage@2f08cdfc, spatial.transform.PipeInserter$Stage@3fcce237, spatial.transform.PipeInserter$Stage@622915a7) for Parallel execution:
               - Outer stage spatial.transform.PipeInserter$Stage@1b061b5d 0
               - Outer stage spatial.transform.PipeInserter$Stage@2225ed4 1
               - Outer stage spatial.transform.PipeInserter$Stage@17b94021 2
               - Outer stage spatial.transform.PipeInserter$Stage@4ffe2cd 3
               - Outer stage spatial.transform.PipeInserter$Stage@2f08cdfc 4
               - Outer stage spatial.transform.PipeInserter$Stage@3fcce237 5
               - Last stage spatial.transform.PipeInserter$Stage@622915a7
              stage bindings: ArrayBuffer(ArrayBuffer(spatial.transform.PipeInserter$Stage@1b061b5d), ArrayBuffer(spatial.transform.PipeInserter$Stage@2225ed4), ArrayBuffer(spatial.transform.PipeInserter$Stage@17b94021), ArrayBuffer(spatial.transform.PipeInserter$Stage@4ffe2cd), ArrayBuffer(spatial.transform.PipeInserter$Stage@2f08cdfc), ArrayBuffer(spatial.transform.PipeInserter$Stage@3fcce237), ArrayBuffer(spatial.transform.PipeInserter$Stage@622915a7))
              Stage #0, 0: [Outer]
              Stage #1, 0: [Outer]
                x314 = StreamOutNew(BurstCmdBus)
              Stage #2, 0: [Outer]
                x315 = FIFONew(Const(16))
              Stage #3, 0: [Outer]
                x316 = StreamInNew(BurstDataBus())
              Stage #4, 0: [Outer]
                x337 = UnitPipe(Set(),Block(Const(())),None)
              Stage #5, 0: [Outer]
                x338 = FringeDenseLoad(x44,x314,x316)
              Stage #6, 0: [Outer]
                x370 = UnitPipe(Set(),Block(Const(())),None)
              x370 = UnitPipe(Set(),Block(Const(())),None)
                x370 Body #0: 
                  x370 body #0 block #0 [Outer]
                Alloc: x339 = Some(RegNew(Const(0)))
                Alloc: x340 = Some(RegNew(Const(0)))
                Alloc: x341 = Some(RegNew(Const(0)))
                Control: x349 = Some(UnitPipe(Set(),Block(Const(())),None))
                inline: x350 = Some(RegRead(x341)), inputs: Vector(x341)
                Alloc: x351 = Some(CounterNew(Const(0),x350,Const(1),Const(1)))
                Alloc: x353 = Some(CounterChainNew(List(x351)))
                Control: x369 = Some(OpForeach(Set(),x353,Block(Const(())),List(b352),None))
                stage bindings: ArrayBuffer(ArrayBuffer(spatial.transform.PipeInserter$Stage@193b7aa5), ArrayBuffer(spatial.transform.PipeInserter$Stage@70352353), ArrayBuffer(spatial.transform.PipeInserter$Stage@28b0ba38), ArrayBuffer(spatial.transform.PipeInserter$Stage@21e06a4), ArrayBuffer(spatial.transform.PipeInserter$Stage@40b2aa10), ArrayBuffer(spatial.transform.PipeInserter$Stage@19c426ee), ArrayBuffer(spatial.transform.PipeInserter$Stage@34882e94), ArrayBuffer(spatial.transform.PipeInserter$Stage@46d13587))
                Stage #0, 0: [Outer]
                Stage #1, 0: [Outer]
                  x339 = RegNew(Const(0))
                Stage #2, 0: [Outer]
                  x340 = RegNew(Const(0))
                Stage #3, 0: [Outer]
                  x341 = RegNew(Const(0))
                Stage #4, 0: [Outer]
                  x349 = UnitPipe(Set(),Block(Const(())),None)
                  x350 = RegRead(x341)
                Stage #5, 0: [Outer]
                  x351 = CounterNew(Const(0),x350,Const(1),Const(1))
                Stage #6, 0: [Outer]
                  x353 = CounterChainNew(List(x351))
                Stage #7, 0: [Outer]
                  x369 = OpForeach(Set(),x353,Block(Const(())),List(b352),None)
            Stage #10, 0: [Outer]
              x83 = CounterNew(Const(0),x61,Const(1),Const(1))
            Stage #11, 0: [Outer]
              x85 = CounterChainNew(List(x83))
            Stage #12, 0: [Outer]
              x100 = OpForeach(Set(),x85,Block(Const(())),List(b84),None)
            x100 = OpForeach(Set(),x85,Block(Const(())),List(b84),None)
              x100 Body #0: 
                x100 body #0 block #0 [Outer]
              Alloc: x86 = Some(CounterNew(Const(0),x73,Const(1),Const(1)))
              Alloc: x88 = Some(CounterChainNew(List(x86)))
              Control: x99 = Some(OpForeach(Set(),x88,Block(Const(())),List(b87),None))
              stage bindings: ArrayBuffer(ArrayBuffer(spatial.transform.PipeInserter$Stage@1366e567), ArrayBuffer(spatial.transform.PipeInserter$Stage@2b2d52b3), ArrayBuffer(spatial.transform.PipeInserter$Stage@5e2425cc), ArrayBuffer(spatial.transform.PipeInserter$Stage@11164e82))
              Stage #0, 0: [Outer]
              Stage #1, 0: [Outer]
                x86 = CounterNew(Const(0),x73,Const(1),Const(1))
              Stage #2, 0: [Outer]
                x88 = CounterChainNew(List(x86))
              Stage #3, 0: [Outer]
                x99 = OpForeach(Set(),x88,Block(Const(())),List(b87),None)
              x99 = OpForeach(Set(),x88,Block(Const(())),List(b87),None)
                x99 Body #0: 
                  x99 body #0 block #0 [Outer]
                Alloc: x89 = Some(CounterNew(Const(0),x54,Const(1),Const(1)))
                Alloc: x91 = Some(CounterChainNew(List(x89)))
                Control: x98 = Some(OpForeach(Set(),x91,Block(Const(())),List(b90),None))
                stage bindings: ArrayBuffer(ArrayBuffer(spatial.transform.PipeInserter$Stage@35ffcc1a), ArrayBuffer(spatial.transform.PipeInserter$Stage@7406b8dc), ArrayBuffer(spatial.transform.PipeInserter$Stage@bf3f9d5), ArrayBuffer(spatial.transform.PipeInserter$Stage@28b2d477))
                Stage #0, 0: [Outer]
                Stage #1, 0: [Outer]
                  x89 = CounterNew(Const(0),x54,Const(1),Const(1))
                Stage #2, 0: [Outer]
                  x91 = CounterChainNew(List(x89))
                Stage #3, 0: [Outer]
                  x98 = OpForeach(Set(),x91,Block(Const(())),List(b90),None)
            Stage #13, 0: [Outer]
              x372 = CounterNew(Const(0),x61,Const(1),Const(1))
            Stage #14, 0: [Outer]
              x374 = CounterChainNew(List(x372))
            Stage #15, 0: [Outer]
              x429 = OpForeach(Set(),x374,Block(Const(())),List(b373),None)
            x429 = OpForeach(Set(),x374,Block(Const(())),List(b373),None)
              x429 Body #0: 
                x429 body #0 block #0 [Outer]
              Alloc: x375 = Some(StreamOutNew(BurstCmdBus))
              Alloc: x376 = Some(StreamOutNew(BurstFullDataBus()))
              Alloc: x377 = Some(StreamInNew(BurstAckBus))
              Control: x428 = Some(UnitPipe(Set(),Block(Const(())),None))
              Binding stages ArrayBuffer(spatial.transform.PipeInserter$Stage@63e64267, spatial.transform.PipeInserter$Stage@2267d69f, spatial.transform.PipeInserter$Stage@364ebe57, spatial.transform.PipeInserter$Stage@861c585, spatial.transform.PipeInserter$Stage@59c54b94) for Parallel execution:
               - Outer stage spatial.transform.PipeInserter$Stage@63e64267 0
               - Outer stage spatial.transform.PipeInserter$Stage@2267d69f 1
               - Outer stage spatial.transform.PipeInserter$Stage@364ebe57 2
               - Outer stage spatial.transform.PipeInserter$Stage@861c585 3
               - Last stage spatial.transform.PipeInserter$Stage@59c54b94
              stage bindings: ArrayBuffer(ArrayBuffer(spatial.transform.PipeInserter$Stage@63e64267), ArrayBuffer(spatial.transform.PipeInserter$Stage@2267d69f), ArrayBuffer(spatial.transform.PipeInserter$Stage@364ebe57), ArrayBuffer(spatial.transform.PipeInserter$Stage@861c585), ArrayBuffer(spatial.transform.PipeInserter$Stage@59c54b94))
              Stage #0, 0: [Outer]
              Stage #1, 0: [Outer]
                x375 = StreamOutNew(BurstCmdBus)
              Stage #2, 0: [Outer]
                x376 = StreamOutNew(BurstFullDataBus())
              Stage #3, 0: [Outer]
                x377 = StreamInNew(BurstAckBus)
              Stage #4, 0: [Outer]
                x428 = UnitPipe(Set(),Block(Const(())),None)
              x428 = UnitPipe(Set(),Block(Const(())),None)
                x428 Body #0: 
                  x428 body #0 block #0 [Outer]
                Control: x424 = Some(UnitPipe(Set(),Block(Const(())),None))
                Fringe: x425 = Some(FringeDenseStore(x44,x375,x376,x377))
                Control: x427 = Some(UnitPipe(Set(),Block(Const(())),None))
                stage bindings: ArrayBuffer(ArrayBuffer(spatial.transform.PipeInserter$Stage@450abd1d), ArrayBuffer(spatial.transform.PipeInserter$Stage@6f50fed), ArrayBuffer(spatial.transform.PipeInserter$Stage@beaf5b), ArrayBuffer(spatial.transform.PipeInserter$Stage@7354dd33))
                Stage #0, 0: [Outer]
                Stage #1, 0: [Outer]
                  x424 = UnitPipe(Set(),Block(Const(())),None)
                x424 = UnitPipe(Set(),Block(Const(())),None)
                  x424 Body #0: 
                    x424 body #0 block #0 [Outer]
                  Alloc: x378 = Some(RegNew(Const(0)))
                  Alloc: x379 = Some(RegNew(Const(0)))
                  Alloc: x380 = Some(RegNew(Const(0)))
                  Control: x402 = Some(UnitPipe(Set(),Block(Const(())),None))
                  inline: x403 = Some(RegRead(x380)), inputs: Vector(x380)
                  Alloc: x404 = Some(CounterNew(Const(0),x403,Const(1),Const(1)))
                  Alloc: x406 = Some(CounterChainNew(List(x404)))
                  Control: x423 = Some(OpForeach(Set(),x406,Block(Const(())),List(b405),None))
                  stage bindings: ArrayBuffer(ArrayBuffer(spatial.transform.PipeInserter$Stage@63a66411), ArrayBuffer(spatial.transform.PipeInserter$Stage@4d8285ef), ArrayBuffer(spatial.transform.PipeInserter$Stage@38b32f73), ArrayBuffer(spatial.transform.PipeInserter$Stage@6ddbd013), ArrayBuffer(spatial.transform.PipeInserter$Stage@3d0da755), ArrayBuffer(spatial.transform.PipeInserter$Stage@6479e0e6), ArrayBuffer(spatial.transform.PipeInserter$Stage@451093ad), ArrayBuffer(spatial.transform.PipeInserter$Stage@76789854))
                  Stage #0, 0: [Outer]
                  Stage #1, 0: [Outer]
                    x378 = RegNew(Const(0))
                  Stage #2, 0: [Outer]
                    x379 = RegNew(Const(0))
                  Stage #3, 0: [Outer]
                    x380 = RegNew(Const(0))
                  Stage #4, 0: [Outer]
                    x402 = UnitPipe(Set(),Block(Const(())),None)
                    x403 = RegRead(x380)
                  Stage #5, 0: [Outer]
                    x404 = CounterNew(Const(0),x403,Const(1),Const(1))
                  Stage #6, 0: [Outer]
                    x406 = CounterChainNew(List(x404))
                  Stage #7, 0: [Outer]
                    x423 = OpForeach(Set(),x406,Block(Const(())),List(b405),None)
                Stage #2, 0: [Outer]
                  x425 = FringeDenseStore(x44,x375,x376,x377)
                Stage #3, 0: [Outer]
                  x427 = UnitPipe(Set(),Block(Const(())),None)
