    Memories with both reads and writes in this scope: Set()
    Done finding cycles: Vector(), Map()
      Memories with both reads and writes in this scope: Set()
      Done finding cycles: Vector(), Map()
      Memories with both reads and writes in this scope: Set()
      Done finding cycles: Vector(), Map()
        Memories with both reads and writes in this scope: Set()
        Done finding cycles: Vector(), Map()
        Memories with both reads and writes in this scope: Set()
        Done finding cycles: Vector(), Map()
          Memories with both reads and writes in this scope: Set()
          Done finding cycles: Vector(), Map()
          Memories with both reads and writes in this scope: Set()
          Done finding cycles: Vector(), Map()
            Memories with both reads and writes in this scope: Set(x557)
            Done finding cycles: Vector(), Map()
            Memories with both reads and writes in this scope: Set(x558)
            Done finding cycles: Vector(), Map()
        Memories with both reads and writes in this scope: Set()
        Done finding cycles: Vector(), Map()
          Memories with both reads and writes in this scope: Set()
          Done finding cycles: Vector(), Map()
          Memories with both reads and writes in this scope: Set()
          Done finding cycles: Vector(), Map()
            Memories with both reads and writes in this scope: Set()
            Done finding cycles: Vector(), Map()
            Memories with both reads and writes in this scope: Set()
            Done finding cycles: Vector(), Map()
              Memories with both reads and writes in this scope: Set(x625)
              Done finding cycles: Vector(), Map()
              Memories with both reads and writes in this scope: Set(x626)
              Done finding cycles: Vector(), Map()
          Memories with both reads and writes in this scope: Set()
          Done finding cycles: Vector(), Map()
            Memories with both reads and writes in this scope: Set()
            Done finding cycles: Vector(), Map()
            Memories with both reads and writes in this scope: Set()
            Done finding cycles: Vector(), Map()
              Memories with both reads and writes in this scope: Set(x682)
              Done finding cycles: Vector(), Map()
              Memories with both reads and writes in this scope: Set(x683)
              Done finding cycles: Vector(), Map()
          Memories with both reads and writes in this scope: Set()
          Done finding cycles: Vector(), Map()
            Memories with both reads and writes in this scope: Set()
            Done finding cycles: Vector(), Map()
              Memories with both reads and writes in this scope: Set(x622)
              NonConflictSets(x746, x751): Set()
              NonConflictSets(x746, x751): Set()
              Found Cycle: x746, x751
              Exclusions: Set() Set() 
              Done finding cycles: Vector(AccumTriple(x622,x746,x751)), Map(x750 -> List(AccumTriple(x622,x746,x751)), x746 -> List(AccumTriple(x622,x746,x751)), x751 -> List(AccumTriple(x622,x746,x751)))
              

Found cycles in x752 (List(b90)): 
                AccumTriple(x622,x746,x751)
          Memories with both reads and writes in this scope: Set()
          Done finding cycles: Vector(), Map()
            Memories with both reads and writes in this scope: Set()
            Done finding cycles: Vector(), Map()
              Memories with both reads and writes in this scope: Set()
              Done finding cycles: Vector(), Map()
                Memories with both reads and writes in this scope: Set()
                Done finding cycles: Vector(), Map()
                Memories with both reads and writes in this scope: Set()
                Done finding cycles: Vector(), Map()
              Memories with both reads and writes in this scope: Set(x758)
              Done finding cycles: Vector(), Map()
