


Allocating Memory Resources
---------------------------
Capacity: 
  SLICEL: 999999.0
  Regs: 9999999.0
  DSPs: 9999999.0
  Slices: 999999.0
  SLICEM: 999999.0
  BRAM: 9999999.0
Allocating URAM: 
  Skipping URAM - not enough resources remaining
Allocating BRAM: 
  Skipped x625#0 - did not meet depth threshold (Depth: 16, Threshold: 32)
  Assigned x622#1 to BRAM (area: (BRAM=3.0) (<= (BRAM=9999999.0, DSPs=9999999.0, Regs=9999999.0, SLICEL=999999.0, SLICEM=999999.0, Slices=999999.0)), depth: 256 (>= 32))
  Skipped x682#0 - did not meet depth threshold (Depth: 16, Threshold: 32)
  Skipped x557#0 - did not meet depth threshold (Depth: 16, Threshold: 32)
  Assigned x621#0 to BRAM (area: (BRAM=3.0) (<= (BRAM=9999996.0, DSPs=9999999.0, Regs=9999999.0, SLICEL=999999.0, SLICEM=999999.0, Slices=999999.0)), depth: 256 (>= 32))
  Assigned x622#0 to BRAM (area: (BRAM=2.0) (<= (BRAM=9999993.0, DSPs=9999999.0, Regs=9999999.0, SLICEL=999999.0, SLICEM=999999.0, Slices=999999.0)), depth: 256 (>= 32))
  Assigned x554#0 to BRAM (area: (BRAM=2.0) (<= (BRAM=9999991.0, DSPs=9999999.0, Regs=9999999.0, SLICEL=999999.0, SLICEM=999999.0, Slices=999999.0)), depth: 256 (>= 32))
Allocating URAM: 
  Skipping URAM - not enough resources remaining
