      Recomputing depth of x916
        x1319 <-> x920: LCA: x1251 (stage: -1), coarse-dist: 1
        x920 <-> x920: LCA: x921 (stage: -1), coarse-dist: <None>
        x1311 <-> x920: LCA: x1251 (stage: -1), coarse-dist: 1
        x1312 <-> x920: LCA: x1251 (stage: -1), coarse-dist: 1
        x950 <-> x920: LCA: x1251 (stage: -1), coarse-dist: 1
      x1319 <-> x920 # LCA: x1251 (stage: -1), Dist: Some(1)
      x920 <-> x920 # LCA: x1251 (stage: -1), Dist: Some(0)
      x1311 <-> x920 # LCA: x1251 (stage: -1), Dist: Some(1)
      x1312 <-> x920 # LCA: x1251 (stage: -1), Dist: Some(1)
      x950 <-> x920 # LCA: x1251 (stage: -1), Dist: Some(1)
      Memory x916 has conflicting read ports: Bumping x1311 (Port(Some(1),0,1,List(1),List(0))) to muxPort 0 + 1
        Recomputing depth of x927
          x1315 <-> x931: LCA: x1250 (stage: -1), coarse-dist: 2
          x1307 <-> x931: LCA: x1250 (stage: -1), coarse-dist: 1
          x1317 <-> x931: LCA: x1250 (stage: -1), coarse-dist: 2
          x931 <-> x931: LCA: x932 (stage: -1), coarse-dist: <None>
          x1308 <-> x931: LCA: x1250 (stage: -1), coarse-dist: 1
          x1314 <-> x931: LCA: x1250 (stage: -1), coarse-dist: 2
          x1320 <-> x931: LCA: x1250 (stage: -1), coarse-dist: 2
        x1315 <-> x931 # LCA: x1250 (stage: -1), Dist: Some(2)
        x1307 <-> x931 # LCA: x1250 (stage: -1), Dist: Some(1)
        x1317 <-> x931 # LCA: x1250 (stage: -1), Dist: Some(2)
        x931 <-> x931 # LCA: x1250 (stage: -1), Dist: Some(0)
        x1308 <-> x931 # LCA: x1250 (stage: -1), Dist: Some(1)
        x1314 <-> x931 # LCA: x1250 (stage: -1), Dist: Some(2)
        x1320 <-> x931 # LCA: x1250 (stage: -1), Dist: Some(2)
        Memory x927 has conflicting read ports: Bumping x1315 (Port(Some(2),0,2,List(2),List(0))) to muxPort 0 + 1
        Memory x927 has conflicting read ports: Bumping x1307 (Port(Some(1),0,0,List(0),List(0))) to muxPort 1 + 1
        Recomputing depth of x934
          x1175 <-> x998: LCA: x1250 (stage: -1), coarse-dist: 1
          x998 <-> x998: LCA: x999 (stage: -1), coarse-dist: <None>
        x1175 <-> x998 # LCA: x1250 (stage: -1), Dist: Some(1)
        x998 <-> x998 # LCA: x1250 (stage: -1), Dist: Some(0)
            Recomputing depth of x970
              x987 <-> x976: LCA: x1000 (stage: -1), coarse-dist: <None>
              x976 <-> x976: LCA: x981 (stage: -1), coarse-dist: <None>
            Recomputing depth of x971
              x989 <-> x978: LCA: x1000 (stage: -1), coarse-dist: <None>
              x978 <-> x978: LCA: x981 (stage: -1), coarse-dist: <None>
            Recomputing depth of x972
              x1309 <-> x980: LCA: x1000 (stage: -1), coarse-dist: <None>
              x980 <-> x980: LCA: x981 (stage: -1), coarse-dist: <None>
          Recomputing depth of x1010
            x1207 <-> x1014: LCA: x1335 (stage: -1), coarse-dist: 3
            x1318 <-> x1014: LCA: x1335 (stage: -1), coarse-dist: 2
            x1034 <-> x1014: LCA: x1335 (stage: -1), coarse-dist: 1
            x1101 <-> x1014: LCA: x1335 (stage: -1), coarse-dist: 1
            x1014 <-> x1014: LCA: x1015 (stage: -1), coarse-dist: <None>
          x1207 <-> x1014 # LCA: x1335 (stage: -1), Dist: Some(3)
          x1318 <-> x1014 # LCA: x1335 (stage: -1), Dist: Some(2)
          x1034 <-> x1014 # LCA: x1335 (stage: -1), Dist: Some(1)
          x1101 <-> x1014 # LCA: x1335 (stage: -1), Dist: Some(1)
          x1014 <-> x1014 # LCA: x1335 (stage: -1), Dist: Some(0)
          Memory x1010 had depth of 5, now has depth of 4
          Memory x1010 has conflicting read ports: Bumping x1034 (Port(Some(1),0,0,List(0),List(0))) to muxPort 0 + 1
          Recomputing depth of x1016
            x1180 <-> x1082: LCA: x1335 (stage: -1), coarse-dist: 1
            x1082 <-> x1082: LCA: x1083 (stage: -1), coarse-dist: <None>
          x1180 <-> x1082 # LCA: x1335 (stage: -1), Dist: Some(1)
          x1082 <-> x1082 # LCA: x1335 (stage: -1), Dist: Some(0)
          Memory x1016 had depth of 3, now has depth of 2
          Recomputing depth of x1017
            x1171 <-> x1150: LCA: x1335 (stage: -1), coarse-dist: 1
            x1150 <-> x1150: LCA: x1151 (stage: -1), coarse-dist: <None>
            x1185 <-> x1150: LCA: x1335 (stage: -1), coarse-dist: 1
            x1171 <-> x1185: LCA: x1186 (stage: -1), coarse-dist: <None>
            x1150 <-> x1185: LCA: x1335 (stage: -1), coarse-dist: -1
            x1185 <-> x1185: LCA: x1186 (stage: -1), coarse-dist: <None>
          x1171 <-> x1150 # LCA: x1335 (stage: -1), Dist: Some(1)
          x1150 <-> x1150 # LCA: x1335 (stage: -1), Dist: Some(0)
          x1185 <-> x1150 # LCA: x1335 (stage: -1), Dist: Some(1)
          Recomputing depth of x1018
            x1237 <-> x1149: LCA: x1335 (stage: -1), coarse-dist: 2
            x1149 <-> x1149: LCA: x1151 (stage: -1), coarse-dist: <None>
            x1184 <-> x1149: LCA: x1335 (stage: -1), coarse-dist: 1
            x1237 <-> x1184: LCA: x1335 (stage: -1), coarse-dist: 1
            x1149 <-> x1184: LCA: x1335 (stage: -1), coarse-dist: -1
            x1184 <-> x1184: LCA: x1186 (stage: -1), coarse-dist: <None>
          x1237 <-> x1149 # LCA: x1335 (stage: -1), Dist: Some(2)
          x1149 <-> x1149 # LCA: x1335 (stage: -1), Dist: Some(0)
          x1184 <-> x1149 # LCA: x1335 (stage: -1), Dist: Some(1)
                Recomputing depth of x1054
                  x1071 <-> x1060: LCA: x1084 (stage: -1), coarse-dist: <None>
                  x1060 <-> x1060: LCA: x1065 (stage: -1), coarse-dist: <None>
                Recomputing depth of x1055
                  x1073 <-> x1062: LCA: x1084 (stage: -1), coarse-dist: <None>
                  x1062 <-> x1062: LCA: x1065 (stage: -1), coarse-dist: <None>
                Recomputing depth of x1056
                  x1313 <-> x1064: LCA: x1084 (stage: -1), coarse-dist: <None>
                  x1064 <-> x1064: LCA: x1065 (stage: -1), coarse-dist: <None>
                Recomputing depth of x1121
                  x1138 <-> x1127: LCA: x1152 (stage: -1), coarse-dist: <None>
                  x1127 <-> x1127: LCA: x1132 (stage: -1), coarse-dist: <None>
                Recomputing depth of x1122
                  x1140 <-> x1129: LCA: x1152 (stage: -1), coarse-dist: <None>
                  x1129 <-> x1129: LCA: x1132 (stage: -1), coarse-dist: <None>
                Recomputing depth of x1123
                  x1316 <-> x1131: LCA: x1152 (stage: -1), coarse-dist: <None>
                  x1131 <-> x1131: LCA: x1132 (stage: -1), coarse-dist: <None>
                Recomputing depth of x1196
                  x1228 <-> x1219: LCA: x1242 (stage: -1), coarse-dist: <None>
                  x1219 <-> x1219: LCA: x1222 (stage: -1), coarse-dist: <None>
                Recomputing depth of x1197
                  x1230 <-> x1220: LCA: x1242 (stage: -1), coarse-dist: <None>
                  x1220 <-> x1220: LCA: x1222 (stage: -1), coarse-dist: <None>
                Recomputing depth of x1198
                  x1321 <-> x1221: LCA: x1242 (stage: -1), coarse-dist: <None>
                  x1221 <-> x1221: LCA: x1222 (stage: -1), coarse-dist: <None>
