      Writer x920 is broadcast: false
        - Propogating info to x916
        - Propogating info to x919
      Node x919 has BroadcastAddress metadata defined as false 
        - Propogating info to x918
      Node x918 has BroadcastAddress metadata defined as false 
        - Propogating info to x917
        - Propogating info to b913
      Node x917 has BroadcastAddress metadata defined as false 
        - Propogating info to x880
        Writer x931 is broadcast: false
          - Propogating info to x927
          - Propogating info to x930
        Node x930 has BroadcastAddress metadata defined as false 
          - Propogating info to x929
        Node x929 has BroadcastAddress metadata defined as false 
          - Propogating info to x928
          - Propogating info to b924
        Node x928 has BroadcastAddress metadata defined as false 
          - Propogating info to x878
          Node x962 has BroadcastAddress metadata defined as false 
            - Propogating info to x954
            - Propogating info to x1344
            - Propogating info to x1343
          Node x1344 has BroadcastAddress metadata defined as false 
            - Propogating info to x949
          Node x1343 has BroadcastAddress metadata defined as false 
            - Propogating info to x951
          Node x1342 has BroadcastAddress metadata defined as false 
            - Propogating info to b941
          Node x1341 has BroadcastAddress metadata defined as false 
            - Propogating info to x960
          Node x960 has BroadcastAddress metadata defined as false 
            - Propogating info to x900
          Node x959 has BroadcastAddress metadata defined as false 
            - Propogating info to x1340
            - Propogating info to x1324
          Node x1340 has BroadcastAddress metadata defined as false 
            - Propogating info to x958
          Node x958 has BroadcastAddress metadata defined as false 
            - Propogating info to x956
            - Propogating info to x1339
          Node x1339 has BroadcastAddress metadata defined as false 
            - Propogating info to x957
          Node x957 has BroadcastAddress metadata defined as false 
            - Propogating info to x900
          Node x956 has BroadcastAddress metadata defined as false 
            - Propogating info to x1323
          Node x1324 has BroadcastAddress metadata defined as false 
            - Propogating info to x953
          Node x954 has BroadcastAddress metadata defined as false 
            - Propogating info to x953
          Node x953 has BroadcastAddress metadata defined as false 
            - Propogating info to x952
          Node x952 has BroadcastAddress metadata defined as false 
            - Propogating info to x951
          Node x951 has BroadcastAddress metadata defined as false 
            - Propogating info to x949
            - Propogating info to x1338
          Node x1338 has BroadcastAddress metadata defined as false 
            - Propogating info to x950
          Node x950 has BroadcastAddress metadata defined as false 
            - Propogating info to x916
          Node x949 has BroadcastAddress metadata defined as false 
            - Propogating info to x1322
            - Propogating info to x947
          Node x1323 has BroadcastAddress metadata defined as false 
            - Propogating info to x946
          Node x947 has BroadcastAddress metadata defined as false 
            - Propogating info to x946
          Node x946 has BroadcastAddress metadata defined as false 
            - Propogating info to x1322
          Node x1322 has BroadcastAddress metadata defined as false 
            - Propogating info to x942
            - Propogating info to x1336
            - Propogating info to x1337
          Node x1337 has BroadcastAddress metadata defined as false 
            - Propogating info to b913
          Node x1336 has BroadcastAddress metadata defined as false 
            - Propogating info to x943
          Node x943 has BroadcastAddress metadata defined as false 
            - Propogating info to x880
          Node x942 has BroadcastAddress metadata defined as false 
            - Propogating info to b924
            - Propogating info to b940
            Writer x980 is broadcast: false
              - Propogating info to x972
              - Propogating info to x979
            Node x979 has BroadcastAddress metadata defined as false 
              - Propogating info to x974
            Writer x978 is broadcast: false
              - Propogating info to x971
              - Propogating info to x977
            Node x977 has BroadcastAddress metadata defined as false 
              - Propogating info to x974
            Writer x976 is broadcast: false
              - Propogating info to x970
              - Propogating info to x975
            Node x975 has BroadcastAddress metadata defined as false 
              - Propogating info to x974
            Node x974 has BroadcastAddress metadata defined as false 
              - Propogating info to x973
              - Writer x998, lane 0 is NOT broadcast
              - Propogating info to Const(0)
              - Propogating info to x1346
              - Propogating info to x992
              - Propogating info to x997
              - Propogating info to x991
              - Propogating info to x1350
              - Propogating info to x1349
              - Propogating info to x1348
              - Propogating info to b986
              - Propogating info to x1350
              - Propogating info to x1349
              - Propogating info to x1348
              - Propogating info to b969
              - Propogating info to x1350
              - Propogating info to x1349
              - Propogating info to x1348
              - Propogating info to x994
              - Propogating info to x1347
            Node x1350 has BroadcastAddress metadata defined as false 
              - Propogating info to x991
            Node x1349 has BroadcastAddress metadata defined as false 
              - Propogating info to b986
            Node x1348 has BroadcastAddress metadata defined as false 
              - Propogating info to b969
            Node x1347 has BroadcastAddress metadata defined as false 
              - Propogating info to x994
            Node x997 has BroadcastAddress metadata defined as false 
              - Propogating info to x1346
              - Propogating info to x992
            Node x1346 has BroadcastAddress metadata defined as false 
              - Propogating info to x996
            Node x996 has BroadcastAddress metadata defined as false 
              - Propogating info to b968
            Node x994 has BroadcastAddress metadata defined as false 
              - Propogating info to x1345
            Node x1345 has BroadcastAddress metadata defined as false 
              - Propogating info to x993
            Node x992 has BroadcastAddress metadata defined as false 
              - Propogating info to b985
              - Propogating info to x987
            Node x991 has BroadcastAddress metadata defined as false 
              - Propogating info to x988
              - Propogating info to x990
            Node x990 has BroadcastAddress metadata defined as false 
              - Propogating info to b985
              - Propogating info to x989
            Node x989 has BroadcastAddress metadata defined as false 
              - Propogating info to x971
            Node x988 has BroadcastAddress metadata defined as false 
              - Propogating info to x987
              - Propogating info to b985
            Node x987 has BroadcastAddress metadata defined as false 
              - Propogating info to x970
          Writer x1014 is broadcast: false
            - Propogating info to x1010
            - Propogating info to x1013
          Node x1013 has BroadcastAddress metadata defined as false 
            - Propogating info to x1012
          Node x1012 has BroadcastAddress metadata defined as false 
            - Propogating info to x1011
            - Propogating info to b1004
          Node x1011 has BroadcastAddress metadata defined as false 
            - Propogating info to x879
              Node x1046 has BroadcastAddress metadata defined as false 
                - Propogating info to x1038
                - Propogating info to x1358
                - Propogating info to x1359
              Node x1359 has BroadcastAddress metadata defined as false 
                - Propogating info to x1035
              Node x1358 has BroadcastAddress metadata defined as false 
                - Propogating info to x1033
              Node x1357 has BroadcastAddress metadata defined as false 
                - Propogating info to x1044
              Node x1356 has BroadcastAddress metadata defined as false 
                - Propogating info to b1025
              Node x1044 has BroadcastAddress metadata defined as false 
                - Propogating info to x903
              Node x1043 has BroadcastAddress metadata defined as false 
                - Propogating info to x1355
                - Propogating info to x1327
              Node x1355 has BroadcastAddress metadata defined as false 
                - Propogating info to x1042
              Node x1042 has BroadcastAddress metadata defined as false 
                - Propogating info to x1040
                - Propogating info to x1354
              Node x1354 has BroadcastAddress metadata defined as false 
                - Propogating info to x1041
              Node x1041 has BroadcastAddress metadata defined as false 
                - Propogating info to x903
              Node x1040 has BroadcastAddress metadata defined as false 
                - Propogating info to x1326
              Node x1327 has BroadcastAddress metadata defined as false 
                - Propogating info to x1037
              Node x1038 has BroadcastAddress metadata defined as false 
                - Propogating info to x1037
              Node x1037 has BroadcastAddress metadata defined as false 
                - Propogating info to x1036
              Node x1036 has BroadcastAddress metadata defined as false 
                - Propogating info to x1035
              Node x1035 has BroadcastAddress metadata defined as false 
                - Propogating info to x1033
                - Propogating info to x1353
              Node x1353 has BroadcastAddress metadata defined as false 
                - Propogating info to x1034
              Node x1034 has BroadcastAddress metadata defined as false 
                - Propogating info to x1010
              Node x1033 has BroadcastAddress metadata defined as false 
                - Propogating info to x1325
                - Propogating info to x1031
              Node x1326 has BroadcastAddress metadata defined as false 
                - Propogating info to x1030
              Node x1031 has BroadcastAddress metadata defined as false 
                - Propogating info to x1030
              Node x1030 has BroadcastAddress metadata defined as false 
                - Propogating info to x1325
              Node x1325 has BroadcastAddress metadata defined as false 
                - Propogating info to x1026
                - Propogating info to x1352
                - Propogating info to x1351
              Node x1352 has BroadcastAddress metadata defined as false 
                - Propogating info to x1027
              Node x1351 has BroadcastAddress metadata defined as false 
                - Propogating info to b1004
              Node x1027 has BroadcastAddress metadata defined as false 
                - Propogating info to x879
              Node x1026 has BroadcastAddress metadata defined as false 
                - Propogating info to b913
                - Propogating info to b1024
                Writer x1064 is broadcast: false
                  - Propogating info to x1056
                  - Propogating info to x1063
                Node x1063 has BroadcastAddress metadata defined as false 
                  - Propogating info to x1058
                Writer x1062 is broadcast: false
                  - Propogating info to x1055
                  - Propogating info to x1061
                Node x1061 has BroadcastAddress metadata defined as false 
                  - Propogating info to x1058
                Writer x1060 is broadcast: false
                  - Propogating info to x1054
                  - Propogating info to x1059
                Node x1059 has BroadcastAddress metadata defined as false 
                  - Propogating info to x1058
                Node x1058 has BroadcastAddress metadata defined as false 
                  - Propogating info to x1057
                  - Writer x1082, lane 0 is NOT broadcast
                  - Propogating info to Const(0)
                  - Propogating info to x1361
                  - Propogating info to x1076
                  - Propogating info to x1081
                  - Propogating info to x1075
                  - Propogating info to x1363
                  - Propogating info to x1364
                  - Propogating info to x1365
                  - Propogating info to b1070
                  - Propogating info to x1363
                  - Propogating info to x1364
                  - Propogating info to x1365
                  - Propogating info to b1053
                  - Propogating info to x1363
                  - Propogating info to x1364
                  - Propogating info to x1365
                  - Propogating info to x1078
                  - Propogating info to x1362
                Node x1365 has BroadcastAddress metadata defined as false 
                  - Propogating info to b1053
                Node x1364 has BroadcastAddress metadata defined as false 
                  - Propogating info to b1070
                Node x1363 has BroadcastAddress metadata defined as false 
                  - Propogating info to x1075
                Node x1362 has BroadcastAddress metadata defined as false 
                  - Propogating info to x1078
                Node x1081 has BroadcastAddress metadata defined as false 
                  - Propogating info to x1361
                  - Propogating info to x1076
                Node x1361 has BroadcastAddress metadata defined as false 
                  - Propogating info to x1080
                Node x1080 has BroadcastAddress metadata defined as false 
                  - Propogating info to b1052
                Node x1078 has BroadcastAddress metadata defined as false 
                  - Propogating info to x1360
                Node x1360 has BroadcastAddress metadata defined as false 
                  - Propogating info to x1077
                Node x1076 has BroadcastAddress metadata defined as false 
                  - Propogating info to b1069
                  - Propogating info to x1071
                Node x1075 has BroadcastAddress metadata defined as false 
                  - Propogating info to x1072
                  - Propogating info to x1074
                Node x1074 has BroadcastAddress metadata defined as false 
                  - Propogating info to b1069
                  - Propogating info to x1073
                Node x1073 has BroadcastAddress metadata defined as false 
                  - Propogating info to x1055
                Node x1072 has BroadcastAddress metadata defined as false 
                  - Propogating info to x1071
                  - Propogating info to b1069
                Node x1071 has BroadcastAddress metadata defined as false 
                  - Propogating info to x1054
              Node x1113 has BroadcastAddress metadata defined as false 
                - Propogating info to x1105
                - Propogating info to x1374
                - Propogating info to x1373
              Node x1374 has BroadcastAddress metadata defined as false 
                - Propogating info to x1100
              Node x1373 has BroadcastAddress metadata defined as false 
                - Propogating info to x1102
              Node x1372 has BroadcastAddress metadata defined as false 
                - Propogating info to x1111
              Node x1371 has BroadcastAddress metadata defined as false 
                - Propogating info to b1092
              Node x1111 has BroadcastAddress metadata defined as false 
                - Propogating info to x906
              Node x1110 has BroadcastAddress metadata defined as false 
                - Propogating info to x1370
                - Propogating info to x1330
              Node x1370 has BroadcastAddress metadata defined as false 
                - Propogating info to x1109
              Node x1109 has BroadcastAddress metadata defined as false 
                - Propogating info to x1107
                - Propogating info to x1369
              Node x1369 has BroadcastAddress metadata defined as false 
                - Propogating info to x1108
              Node x1108 has BroadcastAddress metadata defined as false 
                - Propogating info to x906
              Node x1107 has BroadcastAddress metadata defined as false 
                - Propogating info to x1329
              Node x1330 has BroadcastAddress metadata defined as false 
                - Propogating info to x1104
              Node x1105 has BroadcastAddress metadata defined as false 
                - Propogating info to x1104
              Node x1104 has BroadcastAddress metadata defined as false 
                - Propogating info to x1103
              Node x1103 has BroadcastAddress metadata defined as false 
                - Propogating info to x1102
              Node x1102 has BroadcastAddress metadata defined as false 
                - Propogating info to x1100
                - Propogating info to x1368
              Node x1368 has BroadcastAddress metadata defined as false 
                - Propogating info to x1101
              Node x1101 has BroadcastAddress metadata defined as false 
                - Propogating info to x1010
              Node x1100 has BroadcastAddress metadata defined as false 
                - Propogating info to x1328
                - Propogating info to x1098
              Node x1329 has BroadcastAddress metadata defined as false 
                - Propogating info to x1097
              Node x1098 has BroadcastAddress metadata defined as false 
                - Propogating info to x1097
              Node x1097 has BroadcastAddress metadata defined as false 
                - Propogating info to x1328
              Node x1328 has BroadcastAddress metadata defined as false 
                - Propogating info to x1093
                - Propogating info to x1367
                - Propogating info to x1366
              Node x1367 has BroadcastAddress metadata defined as false 
                - Propogating info to x1094
              Node x1366 has BroadcastAddress metadata defined as false 
                - Propogating info to b1004
              Node x1094 has BroadcastAddress metadata defined as false 
                - Propogating info to x879
              Node x1093 has BroadcastAddress metadata defined as false 
                - Propogating info to b924
                - Propogating info to b1091
                Writer x1131 is broadcast: false
                  - Propogating info to x1123
                  - Propogating info to x1130
                Node x1130 has BroadcastAddress metadata defined as false 
                  - Propogating info to x1125
                Writer x1129 is broadcast: false
                  - Propogating info to x1122
                  - Propogating info to x1128
                Node x1128 has BroadcastAddress metadata defined as false 
                  - Propogating info to x1125
                Writer x1127 is broadcast: false
                  - Propogating info to x1121
                  - Propogating info to x1126
                Node x1126 has BroadcastAddress metadata defined as false 
                  - Propogating info to x1125
                Node x1125 has BroadcastAddress metadata defined as false 
                  - Propogating info to x1124
                  - Writer x1150, lane 0 is NOT broadcast
                  - Propogating info to Const(0)
                  - Propogating info to x1376
                  - Propogating info to x1143
                  - Propogating info to x1148
                  - Propogating info to x1142
                  - Propogating info to x1377
                  - Propogating info to x1378
                  - Propogating info to x1380
                  - Propogating info to b1137
                  - Propogating info to x1377
                  - Propogating info to x1378
                  - Propogating info to x1380
                  - Propogating info to b1120
                  - Propogating info to x1377
                  - Propogating info to x1378
                  - Propogating info to x1380
                  - Propogating info to x1145
                  - Propogating info to x1379
                  - Writer x1149, lane 0 is NOT broadcast
                  - Propogating info to Const(0)
                  - Propogating info to x1376
                  - Propogating info to x1143
                  - Propogating info to x1148
                  - Propogating info to x1142
                  - Propogating info to x1377
                  - Propogating info to x1378
                  - Propogating info to x1380
                  - Propogating info to b1137
                  - Propogating info to x1377
                  - Propogating info to x1378
                  - Propogating info to x1380
                  - Propogating info to b1120
                  - Propogating info to x1377
                  - Propogating info to x1378
                  - Propogating info to x1380
                  - Propogating info to x1145
                  - Propogating info to x1379
                Node x1380 has BroadcastAddress metadata defined as false 
                  - Propogating info to b1120
                Node x1379 has BroadcastAddress metadata defined as false 
                  - Propogating info to x1145
                Node x1378 has BroadcastAddress metadata defined as false 
                  - Propogating info to b1137
                Node x1377 has BroadcastAddress metadata defined as false 
                  - Propogating info to x1142
                Node x1148 has BroadcastAddress metadata defined as false 
                  - Propogating info to x1376
                  - Propogating info to x1143
                Node x1376 has BroadcastAddress metadata defined as false 
                  - Propogating info to x1147
                Node x1147 has BroadcastAddress metadata defined as false 
                  - Propogating info to b1119
                Node x1145 has BroadcastAddress metadata defined as false 
                  - Propogating info to x1375
                Node x1375 has BroadcastAddress metadata defined as false 
                  - Propogating info to x1144
                Node x1143 has BroadcastAddress metadata defined as false 
                  - Propogating info to b1136
                  - Propogating info to x1138
                Node x1142 has BroadcastAddress metadata defined as false 
                  - Propogating info to x1139
                  - Propogating info to x1141
                Node x1141 has BroadcastAddress metadata defined as false 
                  - Propogating info to b1136
                  - Propogating info to x1140
                Node x1140 has BroadcastAddress metadata defined as false 
                  - Propogating info to x1122
                Node x1139 has BroadcastAddress metadata defined as false 
                  - Propogating info to x1138
                  - Propogating info to b1136
                Node x1138 has BroadcastAddress metadata defined as false 
                  - Propogating info to x1121
                - Writer x1185, lane 0 is NOT broadcast
                - Propogating info to Const(0)
                - Propogating info to x1170
                - Propogating info to x1396
                - Propogating info to x1398
                - Propogating info to x1394
                - Propogating info to x1397
                - Propogating info to b1162
                - Propogating info to x1400
                - Propogating info to x1395
                - Propogating info to x1399
                - Propogating info to b1005
                - Propogating info to x1398
                - Propogating info to x1394
                - Propogating info to x1397
                - Propogating info to x1400
                - Propogating info to x1395
                - Propogating info to x1399
                - Propogating info to x1398
                - Propogating info to x1394
                - Propogating info to x1397
                - Propogating info to b1167
                - Propogating info to x1400
                - Propogating info to x1395
                - Propogating info to x1399
                - Propogating info to x1398
                - Propogating info to x1394
                - Propogating info to x1397
                - Propogating info to x1400
                - Propogating info to b914
                - Propogating info to x1395
                - Propogating info to x1399
                - Propogating info to x1398
                - Propogating info to x1394
                - Propogating info to b925
                - Propogating info to x1397
                - Propogating info to x1400
                - Propogating info to x1395
                - Propogating info to x1399
                - Propogating info to x1398
                - Propogating info to x1394
                - Propogating info to x1397
                - Propogating info to x1400
                - Propogating info to b1157
                - Propogating info to x1395
                - Propogating info to x1399
                - Propogating info to x1172
                - Propogating info to x1182
                - Propogating info to x1183
                - Writer x1184, lane 0 is NOT broadcast
                - Propogating info to Const(0)
                - Propogating info to x1170
                - Propogating info to x1396
                - Propogating info to x1398
                - Propogating info to x1394
                - Propogating info to x1397
                - Propogating info to b1162
                - Propogating info to x1400
                - Propogating info to x1395
                - Propogating info to x1399
                - Propogating info to b1005
                - Propogating info to x1398
                - Propogating info to x1394
                - Propogating info to x1397
                - Propogating info to x1400
                - Propogating info to x1395
                - Propogating info to x1399
                - Propogating info to x1398
                - Propogating info to x1394
                - Propogating info to x1397
                - Propogating info to b1167
                - Propogating info to x1400
                - Propogating info to x1395
                - Propogating info to x1399
                - Propogating info to x1398
                - Propogating info to x1394
                - Propogating info to x1397
                - Propogating info to x1400
                - Propogating info to b914
                - Propogating info to x1395
                - Propogating info to x1399
                - Propogating info to x1398
                - Propogating info to x1394
                - Propogating info to b925
                - Propogating info to x1397
                - Propogating info to x1400
                - Propogating info to x1395
                - Propogating info to x1399
                - Propogating info to x1398
                - Propogating info to x1394
                - Propogating info to x1397
                - Propogating info to x1400
                - Propogating info to b1157
                - Propogating info to x1395
                - Propogating info to x1399
                - Propogating info to x1172
                - Propogating info to x1182
                - Propogating info to x1183
              Node x1400 has BroadcastAddress metadata defined as false 
                - Propogating info to b914
              Node x1399 has BroadcastAddress metadata defined as false 
                - Propogating info to b1157
              Node x1398 has BroadcastAddress metadata defined as false 
                - Propogating info to b1162
              Node x1397 has BroadcastAddress metadata defined as false 
                - Propogating info to b1167
              Node x1396 has BroadcastAddress metadata defined as false 
                - Propogating info to x1170
              Node x1395 has BroadcastAddress metadata defined as false 
                - Propogating info to b925
              Node x1394 has BroadcastAddress metadata defined as false 
                - Propogating info to b1005
              Node x1183 has BroadcastAddress metadata defined as false 
                - Propogating info to x1172
                - Propogating info to x1182
              Node x1182 has BroadcastAddress metadata defined as false 
                - Propogating info to x1176
                - Propogating info to x1181
              Node x1181 has BroadcastAddress metadata defined as false 
                - Propogating info to x1180
                - Reader x1180, lane 0 is NOT broadcast
                - Propogating info to Const(0)
                - Propogating info to x1178
                - Propogating info to b1161
                - Propogating info to x1179
                - Propogating info to x1391
                - Propogating info to x1392
                - Propogating info to x1393
                - Propogating info to x1389
                - Propogating info to x1388
                - Propogating info to b1162
                - Propogating info to x1390
                - Propogating info to x1391
                - Propogating info to x1392
                - Propogating info to x1393
                - Propogating info to x1389
                - Propogating info to x1388
                - Propogating info to b1157
                - Propogating info to x1390
                - Propogating info to x1391
                - Propogating info to x1392
                - Propogating info to x1393
                - Propogating info to x1389
                - Propogating info to x1388
                - Propogating info to x1390
                - Propogating info to b914
                - Propogating info to x1391
                - Propogating info to b925
                - Propogating info to x1392
                - Propogating info to x1393
                - Propogating info to x1389
                - Propogating info to x1388
                - Propogating info to x1390
                - Propogating info to b1005
                - Propogating info to x1391
                - Propogating info to x1392
                - Propogating info to x1393
                - Propogating info to x1389
                - Propogating info to x1388
                - Propogating info to x1390
                - Propogating info to x1391
                - Propogating info to x1392
                - Propogating info to x1393
                - Propogating info to b1167
                - Propogating info to x1389
                - Propogating info to x1388
                - Propogating info to x1390
              Node x1179 has BroadcastAddress metadata defined as false 
                - Propogating info to x1178
                - Propogating info to b1161
              Node x1178 has BroadcastAddress metadata defined as false 
                - Propogating info to b1166
              Node x1176 has BroadcastAddress metadata defined as false 
                - Propogating info to x1175
                - Reader x1175, lane 0 is NOT broadcast
                - Propogating info to Const(0)
                - Propogating info to x1169
                - Propogating info to b1166
                - Propogating info to x1174
                - Propogating info to x1391
                - Propogating info to x1392
                - Propogating info to x1393
                - Propogating info to x1389
                - Propogating info to x1388
                - Propogating info to b1162
                - Propogating info to x1390
                - Propogating info to x1391
                - Propogating info to x1392
                - Propogating info to x1393
                - Propogating info to x1389
                - Propogating info to x1388
                - Propogating info to b1157
                - Propogating info to x1390
                - Propogating info to x1391
                - Propogating info to x1392
                - Propogating info to x1393
                - Propogating info to x1389
                - Propogating info to x1388
                - Propogating info to x1390
                - Propogating info to b914
                - Propogating info to x1391
                - Propogating info to b925
                - Propogating info to x1392
                - Propogating info to x1393
                - Propogating info to x1389
                - Propogating info to x1388
                - Propogating info to x1390
                - Propogating info to b1005
                - Propogating info to x1391
                - Propogating info to x1392
                - Propogating info to x1393
                - Propogating info to x1389
                - Propogating info to x1388
                - Propogating info to x1390
                - Propogating info to x1391
                - Propogating info to x1392
                - Propogating info to x1393
                - Propogating info to b1167
                - Propogating info to x1389
                - Propogating info to x1388
                - Propogating info to x1390
              Node x1393 has BroadcastAddress metadata defined as false 
                - Propogating info to b914
              Node x1392 has BroadcastAddress metadata defined as false 
                - Propogating info to b1157
              Node x1391 has BroadcastAddress metadata defined as false 
                - Propogating info to b1162
              Node x1390 has BroadcastAddress metadata defined as false 
                - Propogating info to b1167
              Node x1389 has BroadcastAddress metadata defined as false 
                - Propogating info to b925
              Node x1388 has BroadcastAddress metadata defined as false 
                - Propogating info to b1005
              Node x1174 has BroadcastAddress metadata defined as false 
                - Propogating info to x1169
                - Propogating info to b1166
              Node x1172 has BroadcastAddress metadata defined as false 
                - Propogating info to x1171
                - Reader x1171, lane 0 is NOT broadcast
                - Propogating info to Const(0)
                - Propogating info to x1170
                - Propogating info to x1383
                - Propogating info to x1386
                - Propogating info to x1387
                - Propogating info to x1382
                - Propogating info to x1381
                - Propogating info to b1157
                - Propogating info to x1385
                - Propogating info to x1384
                - Propogating info to x1386
                - Propogating info to x1387
                - Propogating info to x1382
                - Propogating info to x1381
                - Propogating info to x1385
                - Propogating info to b914
                - Propogating info to x1384
                - Propogating info to x1386
                - Propogating info to b925
                - Propogating info to x1387
                - Propogating info to x1382
                - Propogating info to x1381
                - Propogating info to x1385
                - Propogating info to x1384
                - Propogating info to b1005
                - Propogating info to x1386
                - Propogating info to x1387
                - Propogating info to x1382
                - Propogating info to x1381
                - Propogating info to x1385
                - Propogating info to x1384
                - Propogating info to x1386
                - Propogating info to x1387
                - Propogating info to x1382
                - Propogating info to b1162
                - Propogating info to x1381
                - Propogating info to x1385
                - Propogating info to x1384
                - Propogating info to x1386
                - Propogating info to x1387
                - Propogating info to x1382
                - Propogating info to b1167
                - Propogating info to x1381
                - Propogating info to x1385
                - Propogating info to x1384
              Node x1387 has BroadcastAddress metadata defined as false 
                - Propogating info to b914
              Node x1386 has BroadcastAddress metadata defined as false 
                - Propogating info to b1157
              Node x1385 has BroadcastAddress metadata defined as false 
                - Propogating info to b1162
              Node x1384 has BroadcastAddress metadata defined as false 
                - Propogating info to b1167
              Node x1383 has BroadcastAddress metadata defined as false 
                - Propogating info to x1170
              Node x1382 has BroadcastAddress metadata defined as false 
                - Propogating info to b925
              Node x1381 has BroadcastAddress metadata defined as false 
                - Propogating info to b1005
              Node x1170 has BroadcastAddress metadata defined as false 
                - Propogating info to x1169
                - Propogating info to b1161
              Node x1169 has BroadcastAddress metadata defined as false 
                - Propogating info to b1156
                Writer x1221 is broadcast: false
                  - Propogating info to x1198
                  - Propogating info to x1211
                Writer x1220 is broadcast: false
                  - Propogating info to x1197
                  - Propogating info to x1208
                Writer x1219 is broadcast: false
                  - Propogating info to x1196
                  - Propogating info to x1206
                Node x1406 has BroadcastAddress metadata defined as false 
                  - Propogating info to x1217
                Node x1217 has BroadcastAddress metadata defined as false 
                  - Propogating info to x906
                Node x1216 has BroadcastAddress metadata defined as false 
                  - Propogating info to x1405
                  - Propogating info to x1333
                Node x1405 has BroadcastAddress metadata defined as false 
                  - Propogating info to x1215
                Node x1215 has BroadcastAddress metadata defined as false 
                  - Propogating info to x1213
                  - Propogating info to x1404
                Node x1404 has BroadcastAddress metadata defined as false 
                  - Propogating info to x1214
                Node x1214 has BroadcastAddress metadata defined as false 
                  - Propogating info to x906
                Node x1213 has BroadcastAddress metadata defined as false 
                  - Propogating info to x1332
                Node x1333 has BroadcastAddress metadata defined as false 
                  - Propogating info to x1210
                Node x1211 has BroadcastAddress metadata defined as false 
                  - Propogating info to x1210
                Node x1210 has BroadcastAddress metadata defined as false 
                  - Propogating info to x1209
                Node x1209 has BroadcastAddress metadata defined as false 
                  - Propogating info to x1208
                Node x1208 has BroadcastAddress metadata defined as false 
                  - Propogating info to x1206
                  - Propogating info to x1403
                Node x1403 has BroadcastAddress metadata defined as false 
                  - Propogating info to x1207
                Node x1207 has BroadcastAddress metadata defined as false 
                  - Propogating info to x1010
                Node x1206 has BroadcastAddress metadata defined as false 
                  - Propogating info to x1331
                  - Propogating info to x1204
                Node x1332 has BroadcastAddress metadata defined as false 
                  - Propogating info to x1203
                Node x1204 has BroadcastAddress metadata defined as false 
                  - Propogating info to x1203
                Node x1203 has BroadcastAddress metadata defined as false 
                  - Propogating info to x1331
                Node x1331 has BroadcastAddress metadata defined as false 
                  - Propogating info to x1199
                  - Propogating info to x1402
                  - Propogating info to x1401
                Node x1402 has BroadcastAddress metadata defined as false 
                  - Propogating info to x1200
                Node x1401 has BroadcastAddress metadata defined as false 
                  - Propogating info to b1004
                Node x1200 has BroadcastAddress metadata defined as false 
                  - Propogating info to x879
                Node x1199 has BroadcastAddress metadata defined as false 
                  - Propogating info to b924
                  - Propogating info to b1194
                Node x1411 has BroadcastAddress metadata defined as false 
                  - Propogating info to b1227
                Node x1239 has BroadcastAddress metadata defined as false 
                  - Propogating info to x1238
                  - Propogating info to x1410
                Node x1410 has BroadcastAddress metadata defined as false 
                  - Propogating info to x1232
                Node x1238 has BroadcastAddress metadata defined as false 
                  - Propogating info to x1237
                  - Reader x1237, lane 0 is NOT broadcast
                  - Propogating info to Const(0)
                  - Propogating info to x1407
                  - Propogating info to x1233
                  - Propogating info to x1236
                  - Propogating info to x1232
                  - Propogating info to x1408
                  - Propogating info to x1409
                  - Propogating info to b1227
                  - Propogating info to x1408
                  - Propogating info to x1409
                Node x1409 has BroadcastAddress metadata defined as false 
                  - Propogating info to b1227
                Node x1408 has BroadcastAddress metadata defined as false 
                  - Propogating info to x1232
                Node x1236 has BroadcastAddress metadata defined as false 
                  - Propogating info to x1407
                  - Propogating info to x1233
                Node x1407 has BroadcastAddress metadata defined as false 
                  - Propogating info to x1235
                Node x1235 has BroadcastAddress metadata defined as false 
                  - Propogating info to b1194
                Node x1233 has BroadcastAddress metadata defined as false 
                  - Propogating info to b1226
                  - Propogating info to x1228
                Node x1232 has BroadcastAddress metadata defined as false 
                  - Propogating info to x1229
                  - Propogating info to x1231
                Node x1231 has BroadcastAddress metadata defined as false 
                  - Propogating info to b1226
                  - Propogating info to x1230
                Node x1230 has BroadcastAddress metadata defined as false 
                  - Propogating info to x1197
                Node x1229 has BroadcastAddress metadata defined as false 
                  - Propogating info to x1228
                  - Propogating info to b1226
                Node x1228 has BroadcastAddress metadata defined as false 
                  - Propogating info to x1196
