  Stms:
    x1322 = FixFMA(x942,x1336,x1337)
    x1036 = FixAdd(x1035,Const(15))
    x1337 = DelayLine(1,b913)
    x1411 = DelayLine(4,b1227)
    x1369 = DelayLine(7,x1108)
    x1190 = StreamOutNew(BurstFullDataBus())
    x1105 = FixSLA(x1104,Const(4))
    x1237 = SRAMBankedRead(x1018,Vector(List(Const(0))),Vector(x1236),Vector(Set(x1408, x1409)),Vec[Fix[TRUE,_24,_8]])
    x1031 = FixSLA(x1030,Const(4))
    x1315 = RegRead(x927)
    x1083 = UnrolledForeach(Set(b1053),x1068,Block(Const(())),List(List(b1069)),List(List(b1070)),None)
    x962 = SimpleStruct(ArrayBuffer((size,x954), (start,x1344), (end,x1343)))
    x1179 = FixAdd(x1178,b1161)
    x1110 = SimpleStruct(ArrayBuffer((offset,x1370), (size,x1330), (isLoad,Const(true))))
    x1200 = RegRead(x879)
    x977 = FieldApply(x974,end)
    x1211 = FixSLA(x1210,Const(4))
    x1406 = DelayLine(10,x1217)
    x1068 = CounterChainNew(List(x1067))
    x994 = VecApply(x1345,0)
    x1401 = DelayLine(1,b1004)
    x1073 = RegRead(x1055)
    x1142 = And(x1139,x1141)
    x1305 = RegRead(x880)
    x1041 = DRAMAddress(x903)
    x1078 = VecApply(x1360,0)
    x1310 = RegRead(x879)
    x1164 = CounterNew(Const(0),x1319,Const(1),Const(1))
    x1233 = FixSub(b1226,x1228)
    x1327 = FixSLA(x1037,Const(6))
    x1342 = DelayLine(10,b941)
    x1063 = FieldApply(x1058,size)
    x1354 = DelayLine(7,x1041)
    x1222 = UnitPipe(Set(),Block(Const(())),None)
    x930 = FixMin(Const(16),x929)
    x1196 = RegNew(Const(0))
    x1001 = UnitPipe(Set(b925, b914),Block(Const(())),None)
    x1243 = FringeDenseStore(x906,x1189,x1190,x1191)
    x1127 = RegWrite(x1121,x1126,Set())
    x1391 = DelayLine(1,b1162)
    x973 = FIFOBankedDeq(x936,ArrayBuffer(Set(Const(true))),Vec[IssuedCmd])
    x1046 = SimpleStruct(ArrayBuffer((size,x1038), (start,x1358), (end,x1359)))
    x1359 = DelayLine(1,x1035)
    x1386 = DelayLine(7,b1157)
    x1366 = DelayLine(1,b1004)
    x1228 = RegRead(x1196)
    x1055 = RegNew(Const(0))
    x1409 = DelayLine(2,b1227)
    x1330 = FixSLA(x1104,Const(6))
    x1323 = FixSLA(x946,Const(6))
    x917 = RegRead(x880)
    x1313 = RegRead(x1056)
    x934 = SRAMNew(List(Const(16), Const(16)),SRAM2[Fix[TRUE,_24,_8]])
    x1191 = StreamInNew(BurstAckBus)
    x1059 = FieldApply(x1058,start)
    x1132 = UnitPipe(Set(b1120),Block(Const(())),None)
    x949 = FixSub(x1322,x947)
    x1379 = DelayLine(1,x1145)
    x1087 = FIFONew(Const(16))
    x1147 = FixSLA(b1119,Const(4))
    x1247 = UnrolledForeach(Set(),x1193,Block(Const(())),List(List(b1194)),List(List(b1195)),None)
    x1319 = RegRead(x916)
    x1347 = DelayLine(1,x994)
    x1013 = FixMin(Const(16),x1012)
    x1398 = DelayLine(10,b1162)
    x1115 = UnrolledForeach(Set(),x1090,Block(Const(())),List(List(b1091)),List(List(b1092)),None)
    x1362 = DelayLine(1,x1078)
    x1100 = FixSub(x1328,x1098)
    x1232 = And(x1229,x1231)
    x1373 = DelayLine(1,x1102)
    x1040 = FixToFix(x1326,TRUE,_64,_0)
    x1109 = FixAdd(x1107,x1369)
    x1334 = ParallelPipe(Set(),Block(Const(())))
    x1151 = UnrolledForeach(Set(b1120),x1135,Block(Const(())),List(List(b1136)),List(List(b1137)),None)
    x937 = StreamInNew(BurstDataBus())
    x1383 = DelayLine(6,x1170)
    x1020 = FIFONew(Const(16))
    x966 = CounterNew(Const(0),x1308,Const(1),Const(1))
    x1183 = FixAdd(x1172,x1182)
    x1051 = CounterChainNew(List(x1050))
    x981 = UnitPipe(Set(b969),Block(Const(())),None)
    x1169 = FixSLA(b1156,Const(4))
    x1377 = DelayLine(2,x1142)
    x1215 = FixAdd(x1213,x1404)
    x956 = FixToFix(x1323,TRUE,_64,_0)
    x1072 = FixLeq(x1071,b1069)
    x1394 = DelayLine(10,b1005)
    x1351 = DelayLine(1,b1004)
    x998 = SRAMBankedWrite(x934,Vector(x1347),Vector(List(Const(0))),Vector(x997),Vector(Set(x1350, x1349, x1348)))
    x1345 = DelayLine(1,x993)
    x988 = FixLeq(x987,b985)
    x1405 = DelayLine(1,x1215)
    x1104 = FixDivSRA(x1103,Const(4))
    x1242 = UnitPipe(Set(b1195),Block(Const(())),None)
    x1074 = FixLst(b1069,x1073)
    x1206 = FixSub(x1331,x1204)
    x920 = RegWrite(x916,x919,Set())
    x942 = FixAdd(b924,b940)
    x1306 = RegRead(x878)
    x1199 = FixAdd(b924,b1194)
    x1153 = UnitPipe(Set(b1005, b925, b914),Block(Const(())),None)
    x1338 = DelayLine(8,x950)
    x1311 = RegRead(x916)
    x1067 = CounterNew(Const(0),x1313,Const(1),Const(1))
    x1047 = FIFOBankedEnq(x1020,ArrayBuffer(x1046),ArrayBuffer(Set(Const(true), x1356)))
    x1057 = FIFOBankedDeq(x1020,ArrayBuffer(Set(Const(true))),Vec[IssuedCmd])
    x1387 = DelayLine(7,b914)
    x957 = DRAMAddress(x900)
    x1343 = DelayLine(1,x951)
    x1021 = StreamInNew(BurstDataBus())
    x1042 = FixAdd(x1040,x1354)
    x952 = FixAdd(x951,Const(15))
    x1355 = DelayLine(1,x1042)
    x1123 = RegNew(Const(0))
    x1174 = FixAdd(x1169,b1166)
    x1217 = DRAMIsAlloc(x906)
    x1370 = DelayLine(1,x1109)
    x1238 = VecApply(x1237,0)
    x916 = RegNew(Const(0))
    x1365 = DelayLine(2,b1053)
    x1178 = FixSLA(b1166,Const(4))
    x1159 = CounterNew(Const(0),x1318,Const(1),Const(1))
    x1210 = FixDivSRA(x1209,Const(4))
    x1027 = RegRead(x879)
    x1407 = DelayLine(1,x1235)
    x1128 = FieldApply(x1125,end)
    x1392 = DelayLine(1,b1157)
    x974 = VecApply(x973,0)
    x1012 = FixSub(x1011,b1004)
    x1402 = DelayLine(1,x1200)
    x1360 = DelayLine(1,x1077)
    x1350 = DelayLine(2,x991)
    x1089 = CounterNew(Const(0),x1314,Const(1),Const(1))
    x1143 = FixSub(b1136,x1138)
    x1017 = SRAMNew(List(Const(16), Const(16)),SRAM2[Fix[TRUE,_24,_8]])
    x1328 = FixFMA(x1093,x1367,x1366)
    x1375 = DelayLine(1,x1144)
    x1121 = RegNew(Const(0))
    x1064 = RegWrite(x1056,x1063,Set())
    x1111 = DRAMIsAlloc(x906)
    x980 = RegWrite(x972,x979,Set())
    x1138 = RegRead(x1121)
    x1118 = CounterChainNew(List(x1117))
    x989 = RegRead(x971)
    x1397 = DelayLine(10,b1167)
    x1329 = FixSLA(x1097,Const(6))
    x1160 = CounterChainNew(List(x1159))
    x1082 = SRAMBankedWrite(x1016,Vector(x1362),Vector(List(Const(0))),Vector(x1081),Vector(Set(x1363, x1364, x1365)))
    x1361 = DelayLine(1,x1080)
    x1182 = FixMul(x1176,x1181)
    x1075 = And(x1072,x1074)
    x1214 = DRAMAddress(x906)
    x1016 = SRAMNew(List(Const(16), Const(16)),SRAM2[Fix[TRUE,_24,_8]])
    x1207 = RegRead(x1010)
    x970 = RegNew(Const(0))
    x1155 = CounterChainNew(List(x1154))
    x1324 = FixSLA(x953,Const(6))
    x1114 = FIFOBankedEnq(x1087,ArrayBuffer(x1113),ArrayBuffer(Set(Const(true), x1371)))
    x997 = FixAdd(x1346,x992)
    x1150 = SRAMBankedWrite(x1017,Vector(x1379),Vector(List(Const(0))),Vector(x1148),Vector(Set(x1377, x1378, x1380)))
    x1382 = DelayLine(7,b925)
    x1231 = FixLst(b1226,x1230)
    x1131 = RegWrite(x1123,x1130,Set())
    x1192 = CounterNew(Const(0),x1320,Const(1),Const(1))
    x1060 = RegWrite(x1054,x1059,Set())
    x1050 = CounterNew(Const(0),x1312,Const(1),Const(1))
    x984 = CounterChainNew(List(x983))
    x911 = CounterNew(Const(0),x1305,Const(16),Const(1))
    x1002 = CounterNew(Const(0),x1310,Const(16),Const(1))
    x1246 = UnitPipe(Set(b1195),Block(Const(())),None)
    x1393 = DelayLine(1,b914)
    x1333 = FixSLA(x1210,Const(6))
    x1318 = RegRead(x1010)
    x1086 = StreamOutNew(BurstCmdBus)
    x938 = CounterNew(Const(0),x1307,Const(1),Const(1))
    x1241 = UnrolledForeach(Set(),x1225,Block(Const(())),List(List(b1226)),List(List(b1227)),None)
    x921 = UnitPipe(Set(b914),Block(Const(())),None)
    x1054 = RegNew(Const(0))
    x1170 = FixAdd(x1169,b1161)
    x1035 = FixAdd(x1033,x1353)
    x1071 = RegRead(x1054)
    x1187 = UnrolledForeach(Set(b1157, b1005, b925, b914),x1160,Block(Const(())),List(List(b1161)),List(List(b1162)),None)
    x1026 = FixAdd(b913,b1024)
    x953 = FixDivSRA(x952,Const(4))
    x1185 = SRAMBankedWrite(x1017,Vector(x1183),Vector(List(Const(0))),Vector(x1396),Vector(Set(x1398, x1394, x1397, x1400, x1395, x1399)))
    x1135 = CounterChainNew(List(x1134))
    x965 = FringeDenseLoad(x900,x935,x937)
    x1251 = UnrolledForeach(Set(),x912,Block(Const(())),List(List(b913)),List(List(b914)),None)
    x1103 = FixAdd(x1102,Const(15))
    x1219 = RegWrite(x1196,x1206,Set())
    x1374 = DelayLine(2,x1100)
    x1154 = CounterNew(Const(0),x1317,Const(1),Const(1))
    x975 = FieldApply(x974,start)
    x1389 = DelayLine(1,b925)
    x1125 = VecApply(x1124,0)
    x1388 = DelayLine(1,b1005)
    x958 = FixAdd(x956,x1339)
    x1403 = DelayLine(8,x1207)
    x1124 = FIFOBankedDeq(x1087,ArrayBuffer(Set(Const(true))),Vec[IssuedCmd])
    x1139 = FixLeq(x1138,b1136)
    x936 = FIFONew(Const(16))
    x1371 = DelayLine(10,b1092)
    x1312 = RegRead(x916)
    x1058 = VecApply(x1057,0)
    x1107 = FixToFix(x1329,TRUE,_64,_0)
    x1239 = SimpleStruct(ArrayBuffer((_1,x1238), (_2,x1410)))
    x1332 = FixSLA(x1203,Const(6))
    x1090 = CounterChainNew(List(x1089))
    x919 = FixMin(Const(16),x918)
    x947 = FixSLA(x946,Const(4))
    x1224 = CounterNew(Const(0),x1321,Const(1),Const(1))
    x1356 = DelayLine(10,b1025)
    x979 = FieldApply(x974,size)
    x1209 = FixAdd(x1208,Const(15))
    x1408 = DelayLine(2,x1232)
    x1117 = CounterNew(Const(0),x1315,Const(1),Const(1))
    x1011 = RegRead(x879)
    x1048 = UnrolledForeach(Set(),x1023,Block(Const(())),List(List(b1024)),List(List(b1025)),None)
    x1349 = DelayLine(2,b986)
    x990 = FixLst(b985,x989)
    x996 = FixSLA(b968,Const(4))
    x1144 = StreamInBankedRead(x1088,ArrayBuffer(Set(b1137, b1120)))
    x1043 = SimpleStruct(ArrayBuffer((offset,x1355), (size,x1327), (isLoad,Const(true))))
    x1122 = RegNew(Const(0))
    x1376 = DelayLine(1,x1147)
    x1307 = RegRead(x927)
    x1175 = SRAMBankedRead(x934,Vector(List(Const(0))),Vector(x1174),Vector(Set(x1391, x1392, x1393, x1389, x1388, x1390)),Vec[Fix[TRUE,_24,_8]])
    x1080 = FixSLA(b1052,Const(4))
    x1339 = DelayLine(7,x957)
    x1325 = FixFMA(x1026,x1352,x1351)
    x1149 = SRAMBankedWrite(x1018,Vector(x1379),Vector(List(Const(0))),Vector(x1148),Vector(Set(x1377, x1378, x1380)))
    x964 = UnrolledForeach(Set(),x939,Block(Const(())),List(List(b940)),List(List(b941)),None)
    x1344 = DelayLine(2,x949)
    x943 = RegRead(x880)
    x1022 = CounterNew(Const(0),x1311,Const(1),Const(1))
    x1381 = DelayLine(7,b1005)
    x932 = UnitPipe(Set(b925, b914),Block(Const(())),None)
    x1061 = FieldApply(x1058,end)
    x1112 = StreamOutBankedWrite(x1086,ArrayBuffer(x1110),ArrayBuffer(Set(x1372, x1371)))
    x912 = CounterChainNew(List(x911))
    x1171 = SRAMBankedRead(x1017,Vector(List(Const(0))),Vector(x1383),Vector(Set(x1386, x1387, x1382, x1381, x1385, x1384)),Vec[Fix[TRUE,_24,_8]])
    x983 = CounterNew(Const(0),x1309,Const(1),Const(1))
    x1198 = RegNew(Const(0))
    x1396 = DelayLine(9,x1170)
    x959 = SimpleStruct(ArrayBuffer((offset,x1340), (size,x1324), (isLoad,Const(true))))
    x1213 = FixToFix(x1332,TRUE,_64,_0)
    x1044 = DRAMIsAlloc(x903)
    x1015 = UnitPipe(Set(b1005, b925, b914),Block(Const(())),None)
    x1176 = VecApply(x1175,0)
    x1113 = SimpleStruct(ArrayBuffer((size,x1105), (start,x1374), (end,x1373)))
    x1000 = UnrolledForeach(Set(),x967,Block(Const(())),List(List(b968)),List(List(b969)),None)
    x1364 = DelayLine(2,b1070)
    x1250 = UnrolledForeach(Set(b914),x923,Block(Const(())),List(List(b924)),List(List(b925)),None)
    x1102 = FixAdd(x1100,x1368)
    x922 = CounterNew(Const(0),x1306,Const(16),Const(1))
    x1076 = FixSub(b1069,x1071)
    x1034 = RegRead(x1010)
    x1203 = FixDivSRA(x1331,Const(4))
    x1208 = FixAdd(x1206,x1403)
    x927 = RegNew(Const(0))
    x1134 = CounterNew(Const(0),x1316,Const(1),Const(1))
    x1081 = FixAdd(x1361,x1076)
    x939 = CounterChainNew(List(x938))
    x1340 = DelayLine(1,x958)
    x1145 = VecApply(x1375,0)
    x1018 = SRAMNew(List(Const(16), Const(16)),SRAM2[Fix[TRUE,_24,_8]])
    x1181 = VecApply(x1180,0)
    x1049 = FringeDenseLoad(x903,x1019,x1021)
    x1003 = CounterChainNew(List(x1002))
    x1225 = CounterChainNew(List(x1224))
    x1400 = DelayLine(10,b914)
    x971 = RegNew(Const(0))
    x954 = FixSLA(x953,Const(4))
    x1368 = DelayLine(8,x1101)
    x1230 = RegRead(x1197)
    x1098 = FixSLA(x1097,Const(4))
    x993 = StreamInBankedRead(x937,ArrayBuffer(Set(b986, b969)))
    x1188 = UnrolledForeach(Set(b1005, b925, b914),x1155,Block(Const(())),List(List(b1156)),List(List(b1157)),None)
    x1186 = UnrolledForeach(Set(b1005, b925, b1162, b1157, b914),x1165,Block(Const(())),List(List(b1166)),List(List(b1167)),None)
    x1038 = FixSLA(x1037,Const(4))
    x1235 = FixSLA(b1194,Const(4))
    x1317 = RegRead(x927)
    x1085 = UnitPipe(Set(b1005, b925, b914),Block(Const(())),None)
    x951 = FixAdd(x949,x1338)
    x1130 = FieldApply(x1125,size)
    x1218 = StreamOutBankedWrite(x1189,ArrayBuffer(x1216),ArrayBuffer(Set(x1406)))
    x1336 = DelayLine(1,x943)
    x1220 = RegWrite(x1197,x1208,Set())
    x1404 = DelayLine(7,x1214)
    x1358 = DelayLine(2,x1033)
    x1141 = FixLst(b1136,x1140)
    x1023 = CounterChainNew(List(x1022))
    x1221 = RegWrite(x1198,x1211,Set())
    x1353 = DelayLine(8,x1034)
    x1094 = RegRead(x879)
    x978 = RegWrite(x971,x977,Set())
    x1140 = RegRead(x1122)
    x1372 = DelayLine(10,x1111)
    x1240 = StreamOutBankedWrite(x1190,ArrayBuffer(x1239),ArrayBuffer(Set(x1411)))
    x991 = And(x988,x990)
    x1316 = RegRead(x1123)
    x1084 = UnrolledForeach(Set(),x1051,Block(Const(())),List(List(b1052)),List(List(b1053)),None)
    x1180 = SRAMBankedRead(x1016,Vector(List(Const(0))),Vector(x1179),Vector(Set(x1391, x1392, x1393, x1389, x1388, x1390)),Vec[Fix[TRUE,_24,_8]])
    x931 = RegWrite(x927,x930,Set())
    x1321 = RegRead(x1198)
    x976 = RegWrite(x970,x975,Set())
    x1216 = SimpleStruct(ArrayBuffer((offset,x1405), (size,x1333), (isLoad,Const(false))))
    x1126 = FieldApply(x1125,start)
    x1189 = StreamOutNew(BurstCmdBus)
    x1010 = RegNew(Const(0))
    x1390 = DelayLine(1,b1167)
    x1108 = DRAMAddress(x906)
    x1326 = FixSLA(x1030,Const(6))
    x961 = StreamOutBankedWrite(x935,ArrayBuffer(x959),ArrayBuffer(Set(x1341, x1342)))
    x1385 = DelayLine(7,b1162)
    x963 = FIFOBankedEnq(x936,ArrayBuffer(x962),ArrayBuffer(Set(Const(true), x1342)))
    x1341 = DelayLine(10,x960)
    x1062 = RegWrite(x1055,x1061,Set())
    x946 = FixDivSRA(x1322,Const(4))
    x1101 = RegRead(x1010)
    x1244 = StreamInBankedRead(x1191,ArrayBuffer(Set()))
    x1030 = FixDivSRA(x1325,Const(4))
    x929 = FixSub(x928,b924)
    x1308 = RegRead(x927)
    x1193 = CounterChainNew(List(x1192))
    x1077 = StreamInBankedRead(x1021,ArrayBuffer(Set(b1070, b1053)))
    x1309 = RegRead(x972)
    x1045 = StreamOutBankedWrite(x1019,ArrayBuffer(x1043),ArrayBuffer(Set(x1357, x1356)))
    x1116 = FringeDenseLoad(x906,x1086,x1088)
    x1348 = DelayLine(2,b969)
    x999 = UnrolledForeach(Set(b969),x984,Block(Const(())),List(List(b985)),List(List(b986)),None)
    x967 = CounterChainNew(List(x966))
    x950 = RegRead(x916)
    x1097 = FixDivSRA(x1328,Const(4))
    x1229 = FixLeq(x1228,b1226)
    x1395 = DelayLine(10,b925)
    x1380 = DelayLine(2,b1120)
    x1148 = FixAdd(x1376,x1143)
    x1248 = UnitPipe(Set(b1005, b925, b914),Block(Const(())),None)
    x918 = FixSub(x917,b913)
    x1363 = DelayLine(2,x1075)
    x1314 = RegRead(x927)
    x1335 = UnrolledForeach(Set(b925, b914),x1003,Block(Const(())),List(List(b1004)),List(List(b1005)),None)
    x1172 = VecApply(x1171,0)
    x1410 = DelayLine(4,x1232)
    x1056 = RegNew(Const(0))
    x1033 = FixSub(x1325,x1031)
    x1197 = RegNew(Const(0))
    x960 = DRAMIsAlloc(x900)
    x1065 = UnitPipe(Set(b1053),Block(Const(())),None)
    x1165 = CounterChainNew(List(x1164))
    x1346 = DelayLine(1,x996)
    x928 = RegRead(x878)
    x1093 = FixAdd(b924,b1091)
    x1236 = FixAdd(x1407,x1233)
    x987 = RegRead(x970)
    x1352 = DelayLine(1,x1027)
    x1129 = RegWrite(x1122,x1128,Set())
    x1152 = UnrolledForeach(Set(),x1118,Block(Const(())),List(List(b1119)),List(List(b1120)),None)
    x1384 = DelayLine(7,b1167)
    x1378 = DelayLine(2,b1137)
    x1019 = StreamOutNew(BurstCmdBus)
    x1357 = DelayLine(10,x1044)
    x992 = FixSub(b985,x987)
    x1399 = DelayLine(10,b1157)
    x1331 = FixFMA(x1199,x1402,x1401)
    x1320 = RegRead(x927)
    x1367 = DelayLine(1,x1094)
    x935 = StreamOutNew(BurstCmdBus)
    x923 = CounterChainNew(List(x922))
    x1184 = SRAMBankedWrite(x1018,Vector(x1183),Vector(List(Const(0))),Vector(x1396),Vector(Set(x1398, x1394, x1397, x1400, x1395, x1399)))
    x1037 = FixDivSRA(x1036,Const(4))
    x1088 = StreamInNew(BurstDataBus())
    x1204 = FixSLA(x1203,Const(4))
    x1014 = RegWrite(x1010,x1013,Set())
    x972 = RegNew(Const(0))
  Used:
    x1322 = FixFMA(x942,x1336,x1337) [Made: true]
    x1036 = FixAdd(x1035,Const(15)) [Made: true]
    x1337 = DelayLine(1,b913) [Made: true]
    x1411 = DelayLine(4,b1227) [Made: true]
    b1024 [Made: true]
    x1369 = DelayLine(7,x1108) [Made: true]
    x1190 = StreamOutNew(BurstFullDataBus()) [Made: true]
    x1105 = FixSLA(x1104,Const(4)) [Made: true]
    x1237 = SRAMBankedRead(x1018,Vector(List(Const(0))),Vector(x1236),Vector(Set(x1408, x1409)),Vec[Fix[TRUE,_24,_8]]) [Made: true]
    x1031 = FixSLA(x1030,Const(4)) [Made: true]
    x1315 = RegRead(x927) [Made: true]
    x1083 = UnrolledForeach(Set(b1053),x1068,Block(Const(())),List(List(b1069)),List(List(b1070)),None) [Made: true]
    x962 = SimpleStruct(ArrayBuffer((size,x954), (start,x1344), (end,x1343))) [Made: true]
    b941 [Made: true]
    () [Made: false]
    x1179 = FixAdd(x1178,b1161) [Made: true]
    x1110 = SimpleStruct(ArrayBuffer((offset,x1370), (size,x1330), (isLoad,Const(true)))) [Made: true]
    x1200 = RegRead(x879) [Made: true]
    x977 = FieldApply(x974,end) [Made: true]
    x1211 = FixSLA(x1210,Const(4)) [Made: true]
    b1005 [Made: true]
    x1406 = DelayLine(10,x1217) [Made: true]
    x1068 = CounterChainNew(List(x1067)) [Made: true]
    x994 = VecApply(x1345,0) [Made: true]
    x1401 = DelayLine(1,b1004) [Made: true]
    x1073 = RegRead(x1055) [Made: true]
    x1142 = And(x1139,x1141) [Made: true]
    x878 = ArgInNew(Const(0)) [Made: false]
    x1305 = RegRead(x880) [Made: true]
    x1041 = DRAMAddress(x903) [Made: true]
    x1078 = VecApply(x1360,0) [Made: true]
    b1137 [Made: true]
    x1310 = RegRead(x879) [Made: true]
    x1164 = CounterNew(Const(0),x1319,Const(1),Const(1)) [Made: true]
    x1233 = FixSub(b1226,x1228) [Made: true]
    x1327 = FixSLA(x1037,Const(6)) [Made: true]
    x1342 = DelayLine(10,b941) [Made: true]
    b913 [Made: true]
    x1063 = FieldApply(x1058,size) [Made: true]
    x1354 = DelayLine(7,x1041) [Made: true]
    x1222 = UnitPipe(Set(),Block(Const(())),None) [Made: true]
    x930 = FixMin(Const(16),x929) [Made: true]
    x1196 = RegNew(Const(0)) [Made: true]
    x1001 = UnitPipe(Set(b925, b914),Block(Const(())),None) [Made: true]
    x1243 = FringeDenseStore(x906,x1189,x1190,x1191) [Made: true]
    x1127 = RegWrite(x1121,x1126,Set()) [Made: true]
    x1391 = DelayLine(1,b1162) [Made: true]
    x973 = FIFOBankedDeq(x936,ArrayBuffer(Set(Const(true))),Vec[IssuedCmd]) [Made: true]
    x1046 = SimpleStruct(ArrayBuffer((size,x1038), (start,x1358), (end,x1359))) [Made: true]
    x1359 = DelayLine(1,x1035) [Made: true]
    x1386 = DelayLine(7,b1157) [Made: true]
    x1366 = DelayLine(1,b1004) [Made: true]
    x1228 = RegRead(x1196) [Made: true]
    x1055 = RegNew(Const(0)) [Made: true]
    x1409 = DelayLine(2,b1227) [Made: true]
    x1330 = FixSLA(x1104,Const(6)) [Made: true]
    x1323 = FixSLA(x946,Const(6)) [Made: true]
    x917 = RegRead(x880) [Made: true]
    x1313 = RegRead(x1056) [Made: true]
    x934 = SRAMNew(List(Const(16), Const(16)),SRAM2[Fix[TRUE,_24,_8]]) [Made: true]
    x1191 = StreamInNew(BurstAckBus) [Made: true]
    x1059 = FieldApply(x1058,start) [Made: true]
    x1132 = UnitPipe(Set(b1120),Block(Const(())),None) [Made: true]
    x949 = FixSub(x1322,x947) [Made: true]
    x1379 = DelayLine(1,x1145) [Made: true]
    x1087 = FIFONew(Const(16)) [Made: true]
    x1147 = FixSLA(b1119,Const(4)) [Made: true]
    x1247 = UnrolledForeach(Set(),x1193,Block(Const(())),List(List(b1194)),List(List(b1195)),None) [Made: true]
    x1319 = RegRead(x916) [Made: true]
    b969 [Made: true]
    x1347 = DelayLine(1,x994) [Made: true]
    x1013 = FixMin(Const(16),x1012) [Made: true]
    x1398 = DelayLine(10,b1162) [Made: true]
    x1115 = UnrolledForeach(Set(),x1090,Block(Const(())),List(List(b1091)),List(List(b1092)),None) [Made: true]
    x1362 = DelayLine(1,x1078) [Made: true]
    x1100 = FixSub(x1328,x1098) [Made: true]
    x1232 = And(x1229,x1231) [Made: true]
    b924 [Made: true]
    x1373 = DelayLine(1,x1102) [Made: true]
    x1040 = FixToFix(x1326,TRUE,_64,_0) [Made: true]
    x1109 = FixAdd(x1107,x1369) [Made: true]
    x1334 = ParallelPipe(Set(),Block(Const(()))) [Made: true]
    b1136 [Made: true]
    x1151 = UnrolledForeach(Set(b1120),x1135,Block(Const(())),List(List(b1136)),List(List(b1137)),None) [Made: true]
    x937 = StreamInNew(BurstDataBus()) [Made: true]
    x1383 = DelayLine(6,x1170) [Made: true]
    x1020 = FIFONew(Const(16)) [Made: true]
    x966 = CounterNew(Const(0),x1308,Const(1),Const(1)) [Made: true]
    x1183 = FixAdd(x1172,x1182) [Made: true]
    x1051 = CounterChainNew(List(x1050)) [Made: true]
    x981 = UnitPipe(Set(b969),Block(Const(())),None) [Made: true]
    x1169 = FixSLA(b1156,Const(4)) [Made: true]
    x1377 = DelayLine(2,x1142) [Made: true]
    x1215 = FixAdd(x1213,x1404) [Made: true]
    x956 = FixToFix(x1323,TRUE,_64,_0) [Made: true]
    x1072 = FixLeq(x1071,b1069) [Made: true]
    b1119 [Made: true]
    x1394 = DelayLine(10,b1005) [Made: true]
    x1351 = DelayLine(1,b1004) [Made: true]
    x998 = SRAMBankedWrite(x934,Vector(x1347),Vector(List(Const(0))),Vector(x997),Vector(Set(x1350, x1349, x1348))) [Made: true]
    x1345 = DelayLine(1,x993) [Made: true]
    x988 = FixLeq(x987,b985) [Made: true]
    x1405 = DelayLine(1,x1215) [Made: true]
    x1104 = FixDivSRA(x1103,Const(4)) [Made: true]
    x1242 = UnitPipe(Set(b1195),Block(Const(())),None) [Made: true]
    x1074 = FixLst(b1069,x1073) [Made: true]
    x1206 = FixSub(x1331,x1204) [Made: true]
    x920 = RegWrite(x916,x919,Set()) [Made: true]
    x942 = FixAdd(b924,b940) [Made: true]
    b925 [Made: true]
    x1306 = RegRead(x878) [Made: true]
    x1199 = FixAdd(b924,b1194) [Made: true]
    x1153 = UnitPipe(Set(b1005, b925, b914),Block(Const(())),None) [Made: true]
    x1338 = DelayLine(8,x950) [Made: true]
    x1311 = RegRead(x916) [Made: true]
    x1067 = CounterNew(Const(0),x1313,Const(1),Const(1)) [Made: true]
    x1047 = FIFOBankedEnq(x1020,ArrayBuffer(x1046),ArrayBuffer(Set(Const(true), x1356))) [Made: true]
    x1057 = FIFOBankedDeq(x1020,ArrayBuffer(Set(Const(true))),Vec[IssuedCmd]) [Made: true]
    x1387 = DelayLine(7,b914) [Made: true]
    x957 = DRAMAddress(x900) [Made: true]
    b1091 [Made: true]
    x1343 = DelayLine(1,x951) [Made: true]
    x1021 = StreamInNew(BurstDataBus()) [Made: true]
    x1042 = FixAdd(x1040,x1354) [Made: true]
    x952 = FixAdd(x951,Const(15)) [Made: true]
    x1355 = DelayLine(1,x1042) [Made: true]
    x1123 = RegNew(Const(0)) [Made: true]
    x1174 = FixAdd(x1169,b1166) [Made: true]
    x1217 = DRAMIsAlloc(x906) [Made: true]
    x1370 = DelayLine(1,x1109) [Made: true]
    x1238 = VecApply(x1237,0) [Made: true]
    x916 = RegNew(Const(0)) [Made: true]
    x1365 = DelayLine(2,b1053) [Made: true]
    x879 = ArgInNew(Const(0)) [Made: false]
    x1178 = FixSLA(b1166,Const(4)) [Made: true]
    x1159 = CounterNew(Const(0),x1318,Const(1),Const(1)) [Made: true]
    x1210 = FixDivSRA(x1209,Const(4)) [Made: true]
    x1027 = RegRead(x879) [Made: true]
    b1195 [Made: true]
    x1407 = DelayLine(1,x1235) [Made: true]
    x1128 = FieldApply(x1125,end) [Made: true]
    x1392 = DelayLine(1,b1157) [Made: true]
    x974 = VecApply(x973,0) [Made: true]
    x1012 = FixSub(x1011,b1004) [Made: true]
    x1402 = DelayLine(1,x1200) [Made: true]
    x1360 = DelayLine(1,x1077) [Made: true]
    x1350 = DelayLine(2,x991) [Made: true]
    x1089 = CounterNew(Const(0),x1314,Const(1),Const(1)) [Made: true]
    x1143 = FixSub(b1136,x1138) [Made: true]
    x1017 = SRAMNew(List(Const(16), Const(16)),SRAM2[Fix[TRUE,_24,_8]]) [Made: true]
    x1328 = FixFMA(x1093,x1367,x1366) [Made: true]
    x1375 = DelayLine(1,x1144) [Made: true]
    x1121 = RegNew(Const(0)) [Made: true]
    x1064 = RegWrite(x1056,x1063,Set()) [Made: true]
    x1111 = DRAMIsAlloc(x906) [Made: true]
    b1227 [Made: true]
    x980 = RegWrite(x972,x979,Set()) [Made: true]
    x1138 = RegRead(x1121) [Made: true]
    x1118 = CounterChainNew(List(x1117)) [Made: true]
    x989 = RegRead(x971) [Made: true]
    x1397 = DelayLine(10,b1167) [Made: true]
    x1329 = FixSLA(x1097,Const(6)) [Made: true]
    x1160 = CounterChainNew(List(x1159)) [Made: true]
    x1082 = SRAMBankedWrite(x1016,Vector(x1362),Vector(List(Const(0))),Vector(x1081),Vector(Set(x1363, x1364, x1365))) [Made: true]
    x1361 = DelayLine(1,x1080) [Made: true]
    x1182 = FixMul(x1176,x1181) [Made: true]
    x1075 = And(x1072,x1074) [Made: true]
    x1214 = DRAMAddress(x906) [Made: true]
    x1016 = SRAMNew(List(Const(16), Const(16)),SRAM2[Fix[TRUE,_24,_8]]) [Made: true]
    x1207 = RegRead(x1010) [Made: true]
    x970 = RegNew(Const(0)) [Made: true]
    x1155 = CounterChainNew(List(x1154)) [Made: true]
    x1324 = FixSLA(x953,Const(6)) [Made: true]
    x1114 = FIFOBankedEnq(x1087,ArrayBuffer(x1113),ArrayBuffer(Set(Const(true), x1371))) [Made: true]
    x997 = FixAdd(x1346,x992) [Made: true]
    b985 [Made: true]
    x1150 = SRAMBankedWrite(x1017,Vector(x1379),Vector(List(Const(0))),Vector(x1148),Vector(Set(x1377, x1378, x1380))) [Made: true]
    x1382 = DelayLine(7,b925) [Made: true]
    x1231 = FixLst(b1226,x1230) [Made: true]
    x1131 = RegWrite(x1123,x1130,Set()) [Made: true]
    x1192 = CounterNew(Const(0),x1320,Const(1),Const(1)) [Made: true]
    x1060 = RegWrite(x1054,x1059,Set()) [Made: true]
    x1050 = CounterNew(Const(0),x1312,Const(1),Const(1)) [Made: true]
    x984 = CounterChainNew(List(x983)) [Made: true]
    x911 = CounterNew(Const(0),x1305,Const(16),Const(1)) [Made: true]
    x1002 = CounterNew(Const(0),x1310,Const(16),Const(1)) [Made: true]
    x1246 = UnitPipe(Set(b1195),Block(Const(())),None) [Made: true]
    x1393 = DelayLine(1,b914) [Made: true]
    x1333 = FixSLA(x1210,Const(6)) [Made: true]
    x1318 = RegRead(x1010) [Made: true]
    x1086 = StreamOutNew(BurstCmdBus) [Made: true]
    x938 = CounterNew(Const(0),x1307,Const(1),Const(1)) [Made: true]
    x1241 = UnrolledForeach(Set(),x1225,Block(Const(())),List(List(b1226)),List(List(b1227)),None) [Made: true]
    x921 = UnitPipe(Set(b914),Block(Const(())),None) [Made: true]
    x1054 = RegNew(Const(0)) [Made: true]
    x1170 = FixAdd(x1169,b1161) [Made: true]
    x1035 = FixAdd(x1033,x1353) [Made: true]
    x1071 = RegRead(x1054) [Made: true]
    x1187 = UnrolledForeach(Set(b1157, b1005, b925, b914),x1160,Block(Const(())),List(List(b1161)),List(List(b1162)),None) [Made: true]
    x1026 = FixAdd(b913,b1024) [Made: true]
    b1167 [Made: true]
    x953 = FixDivSRA(x952,Const(4)) [Made: true]
    x1185 = SRAMBankedWrite(x1017,Vector(x1183),Vector(List(Const(0))),Vector(x1396),Vector(Set(x1398, x1394, x1397, x1400, x1395, x1399))) [Made: true]
    x906 = DRAMHostNew(List(x904, x905),Const(0)) [Made: false]
    x1135 = CounterChainNew(List(x1134)) [Made: true]
    x965 = FringeDenseLoad(x900,x935,x937) [Made: true]
    x1103 = FixAdd(x1102,Const(15)) [Made: true]
    x1219 = RegWrite(x1196,x1206,Set()) [Made: true]
    x1374 = DelayLine(2,x1100) [Made: true]
    x1154 = CounterNew(Const(0),x1317,Const(1),Const(1)) [Made: true]
    x975 = FieldApply(x974,start) [Made: true]
    x1389 = DelayLine(1,b925) [Made: true]
    x1125 = VecApply(x1124,0) [Made: true]
    x1388 = DelayLine(1,b1005) [Made: true]
    x958 = FixAdd(x956,x1339) [Made: true]
    x1403 = DelayLine(8,x1207) [Made: true]
    x1124 = FIFOBankedDeq(x1087,ArrayBuffer(Set(Const(true))),Vec[IssuedCmd]) [Made: true]
    b1226 [Made: true]
    x1139 = FixLeq(x1138,b1136) [Made: true]
    x936 = FIFONew(Const(16)) [Made: true]
    x1371 = DelayLine(10,b1092) [Made: true]
    x1312 = RegRead(x916) [Made: true]
    x1058 = VecApply(x1057,0) [Made: true]
    x1107 = FixToFix(x1329,TRUE,_64,_0) [Made: true]
    x1239 = SimpleStruct(ArrayBuffer((_1,x1238), (_2,x1410))) [Made: true]
    x1332 = FixSLA(x1203,Const(6)) [Made: true]
    b1092 [Made: true]
    x1090 = CounterChainNew(List(x1089)) [Made: true]
    x919 = FixMin(Const(16),x918) [Made: true]
    x947 = FixSLA(x946,Const(4)) [Made: true]
    x1224 = CounterNew(Const(0),x1321,Const(1),Const(1)) [Made: true]
    x1356 = DelayLine(10,b1025) [Made: true]
    x979 = FieldApply(x974,size) [Made: true]
    b1194 [Made: true]
    x1209 = FixAdd(x1208,Const(15)) [Made: true]
    x900 = DRAMHostNew(List(x898, x899),Const(0)) [Made: false]
    x1408 = DelayLine(2,x1232) [Made: true]
    x1117 = CounterNew(Const(0),x1315,Const(1),Const(1)) [Made: true]
    x1011 = RegRead(x879) [Made: true]
    x1048 = UnrolledForeach(Set(),x1023,Block(Const(())),List(List(b1024)),List(List(b1025)),None) [Made: true]
    x1349 = DelayLine(2,b986) [Made: true]
    x990 = FixLst(b985,x989) [Made: true]
    x996 = FixSLA(b968,Const(4)) [Made: true]
    x1144 = StreamInBankedRead(x1088,ArrayBuffer(Set(b1137, b1120))) [Made: true]
    x880 = ArgInNew(Const(0)) [Made: false]
    x1043 = SimpleStruct(ArrayBuffer((offset,x1355), (size,x1327), (isLoad,Const(true)))) [Made: true]
    x1122 = RegNew(Const(0)) [Made: true]
    x1376 = DelayLine(1,x1147) [Made: true]
    x1307 = RegRead(x927) [Made: true]
    x1175 = SRAMBankedRead(x934,Vector(List(Const(0))),Vector(x1174),Vector(Set(x1391, x1392, x1393, x1389, x1388, x1390)),Vec[Fix[TRUE,_24,_8]]) [Made: true]
    x1080 = FixSLA(b1052,Const(4)) [Made: true]
    x1339 = DelayLine(7,x957) [Made: true]
    b1162 [Made: true]
    x1325 = FixFMA(x1026,x1352,x1351) [Made: true]
    x1149 = SRAMBankedWrite(x1018,Vector(x1379),Vector(List(Const(0))),Vector(x1148),Vector(Set(x1377, x1378, x1380))) [Made: true]
    x964 = UnrolledForeach(Set(),x939,Block(Const(())),List(List(b940)),List(List(b941)),None) [Made: true]
    x1344 = DelayLine(2,x949) [Made: true]
    x943 = RegRead(x880) [Made: true]
    x1022 = CounterNew(Const(0),x1311,Const(1),Const(1)) [Made: true]
    x1381 = DelayLine(7,b1005) [Made: true]
    x932 = UnitPipe(Set(b925, b914),Block(Const(())),None) [Made: true]
    x1061 = FieldApply(x1058,end) [Made: true]
    x1112 = StreamOutBankedWrite(x1086,ArrayBuffer(x1110),ArrayBuffer(Set(x1372, x1371))) [Made: true]
    x912 = CounterChainNew(List(x911)) [Made: true]
    x1171 = SRAMBankedRead(x1017,Vector(List(Const(0))),Vector(x1383),Vector(Set(x1386, x1387, x1382, x1381, x1385, x1384)),Vec[Fix[TRUE,_24,_8]]) [Made: true]
    x983 = CounterNew(Const(0),x1309,Const(1),Const(1)) [Made: true]
    x1198 = RegNew(Const(0)) [Made: true]
    x1396 = DelayLine(9,x1170) [Made: true]
    x959 = SimpleStruct(ArrayBuffer((offset,x1340), (size,x1324), (isLoad,Const(true)))) [Made: true]
    x1213 = FixToFix(x1332,TRUE,_64,_0) [Made: true]
    x1044 = DRAMIsAlloc(x903) [Made: true]
    x1015 = UnitPipe(Set(b1005, b925, b914),Block(Const(())),None) [Made: true]
    x1176 = VecApply(x1175,0) [Made: true]
    b986 [Made: true]
    x1113 = SimpleStruct(ArrayBuffer((size,x1105), (start,x1374), (end,x1373))) [Made: true]
    x1000 = UnrolledForeach(Set(),x967,Block(Const(())),List(List(b968)),List(List(b969)),None) [Made: true]
    x1364 = DelayLine(2,b1070) [Made: true]
    x1250 = UnrolledForeach(Set(b914),x923,Block(Const(())),List(List(b924)),List(List(b925)),None) [Made: true]
    x1102 = FixAdd(x1100,x1368) [Made: true]
    x922 = CounterNew(Const(0),x1306,Const(16),Const(1)) [Made: true]
    x1076 = FixSub(b1069,x1071) [Made: true]
    x1034 = RegRead(x1010) [Made: true]
    b1166 [Made: true]
    x1203 = FixDivSRA(x1331,Const(4)) [Made: true]
    x1208 = FixAdd(x1206,x1403) [Made: true]
    x927 = RegNew(Const(0)) [Made: true]
    x1134 = CounterNew(Const(0),x1316,Const(1),Const(1)) [Made: true]
    x1081 = FixAdd(x1361,x1076) [Made: true]
    x939 = CounterChainNew(List(x938)) [Made: true]
    x1340 = DelayLine(1,x958) [Made: true]
    x1145 = VecApply(x1375,0) [Made: true]
    x1018 = SRAMNew(List(Const(16), Const(16)),SRAM2[Fix[TRUE,_24,_8]]) [Made: true]
    b968 [Made: true]
    x1181 = VecApply(x1180,0) [Made: true]
    x1049 = FringeDenseLoad(x903,x1019,x1021) [Made: true]
    x1003 = CounterChainNew(List(x1002)) [Made: true]
    b1025 [Made: true]
    b1070 [Made: true]
    b1156 [Made: true]
    x1225 = CounterChainNew(List(x1224)) [Made: true]
    x1400 = DelayLine(10,b914) [Made: true]
    x971 = RegNew(Const(0)) [Made: true]
    x954 = FixSLA(x953,Const(4)) [Made: true]
    x1368 = DelayLine(8,x1101) [Made: true]
    x1230 = RegRead(x1197) [Made: true]
    x1098 = FixSLA(x1097,Const(4)) [Made: true]
    x993 = StreamInBankedRead(x937,ArrayBuffer(Set(b986, b969))) [Made: true]
    b1053 [Made: true]
    x1188 = UnrolledForeach(Set(b1005, b925, b914),x1155,Block(Const(())),List(List(b1156)),List(List(b1157)),None) [Made: true]
    x1186 = UnrolledForeach(Set(b1005, b925, b1162, b1157, b914),x1165,Block(Const(())),List(List(b1166)),List(List(b1167)),None) [Made: true]
    x1038 = FixSLA(x1037,Const(4)) [Made: true]
    x1235 = FixSLA(b1194,Const(4)) [Made: true]
    x1317 = RegRead(x927) [Made: true]
    x1085 = UnitPipe(Set(b1005, b925, b914),Block(Const(())),None) [Made: true]
    x951 = FixAdd(x949,x1338) [Made: true]
    x1130 = FieldApply(x1125,size) [Made: true]
    x1218 = StreamOutBankedWrite(x1189,ArrayBuffer(x1216),ArrayBuffer(Set(x1406))) [Made: true]
    x1336 = DelayLine(1,x943) [Made: true]
    x1220 = RegWrite(x1197,x1208,Set()) [Made: true]
    x1404 = DelayLine(7,x1214) [Made: true]
    x1358 = DelayLine(2,x1033) [Made: true]
    x1141 = FixLst(b1136,x1140) [Made: true]
    x1023 = CounterChainNew(List(x1022)) [Made: true]
    x1221 = RegWrite(x1198,x1211,Set()) [Made: true]
    x1353 = DelayLine(8,x1034) [Made: true]
    b1052 [Made: true]
    x1094 = RegRead(x879) [Made: true]
    x978 = RegWrite(x971,x977,Set()) [Made: true]
    x1140 = RegRead(x1122) [Made: true]
    x1372 = DelayLine(10,x1111) [Made: true]
    x1240 = StreamOutBankedWrite(x1190,ArrayBuffer(x1239),ArrayBuffer(Set(x1411))) [Made: true]
    x991 = And(x988,x990) [Made: true]
    x1316 = RegRead(x1123) [Made: true]
    x1084 = UnrolledForeach(Set(),x1051,Block(Const(())),List(List(b1052)),List(List(b1053)),None) [Made: true]
    x1180 = SRAMBankedRead(x1016,Vector(List(Const(0))),Vector(x1179),Vector(Set(x1391, x1392, x1393, x1389, x1388, x1390)),Vec[Fix[TRUE,_24,_8]]) [Made: true]
    x931 = RegWrite(x927,x930,Set()) [Made: true]
    b1157 [Made: true]
    x1321 = RegRead(x1198) [Made: true]
    x976 = RegWrite(x970,x975,Set()) [Made: true]
    x903 = DRAMHostNew(List(x901, x902),Const(0)) [Made: false]
    x1216 = SimpleStruct(ArrayBuffer((offset,x1405), (size,x1333), (isLoad,Const(false)))) [Made: true]
    x1126 = FieldApply(x1125,start) [Made: true]
    x1189 = StreamOutNew(BurstCmdBus) [Made: true]
    x1010 = RegNew(Const(0)) [Made: true]
    x1390 = DelayLine(1,b1167) [Made: true]
    x1108 = DRAMAddress(x906) [Made: true]
    x1326 = FixSLA(x1030,Const(6)) [Made: true]
    x961 = StreamOutBankedWrite(x935,ArrayBuffer(x959),ArrayBuffer(Set(x1341, x1342))) [Made: true]
    x1385 = DelayLine(7,b1162) [Made: true]
    x963 = FIFOBankedEnq(x936,ArrayBuffer(x962),ArrayBuffer(Set(Const(true), x1342))) [Made: true]
    x1341 = DelayLine(10,x960) [Made: true]
    x1062 = RegWrite(x1055,x1061,Set()) [Made: true]
    x946 = FixDivSRA(x1322,Const(4)) [Made: true]
    x1101 = RegRead(x1010) [Made: true]
    x1244 = StreamInBankedRead(x1191,ArrayBuffer(Set())) [Made: true]
    x1030 = FixDivSRA(x1325,Const(4)) [Made: true]
    b914 [Made: true]
    x929 = FixSub(x928,b924) [Made: true]
    x1308 = RegRead(x927) [Made: true]
    x1193 = CounterChainNew(List(x1192)) [Made: true]
    x1077 = StreamInBankedRead(x1021,ArrayBuffer(Set(b1070, b1053))) [Made: true]
    x1309 = RegRead(x972) [Made: true]
    x1045 = StreamOutBankedWrite(x1019,ArrayBuffer(x1043),ArrayBuffer(Set(x1357, x1356))) [Made: true]
    b1161 [Made: true]
    x1116 = FringeDenseLoad(x906,x1086,x1088) [Made: true]
    x1348 = DelayLine(2,b969) [Made: true]
    x999 = UnrolledForeach(Set(b969),x984,Block(Const(())),List(List(b985)),List(List(b986)),None) [Made: true]
    x967 = CounterChainNew(List(x966)) [Made: true]
    x950 = RegRead(x916) [Made: true]
    x1097 = FixDivSRA(x1328,Const(4)) [Made: true]
    x1229 = FixLeq(x1228,b1226) [Made: true]
    x1395 = DelayLine(10,b925) [Made: true]
    x1380 = DelayLine(2,b1120) [Made: true]
    x1148 = FixAdd(x1376,x1143) [Made: true]
    x1248 = UnitPipe(Set(b1005, b925, b914),Block(Const(())),None) [Made: true]
    x918 = FixSub(x917,b913) [Made: true]
    x1363 = DelayLine(2,x1075) [Made: true]
    x1314 = RegRead(x927) [Made: true]
    x1335 = UnrolledForeach(Set(b925, b914),x1003,Block(Const(())),List(List(b1004)),List(List(b1005)),None) [Made: true]
    x1172 = VecApply(x1171,0) [Made: true]
    x1410 = DelayLine(4,x1232) [Made: true]
    x1056 = RegNew(Const(0)) [Made: true]
    x1033 = FixSub(x1325,x1031) [Made: true]
    x1197 = RegNew(Const(0)) [Made: true]
    x960 = DRAMIsAlloc(x900) [Made: true]
    x1065 = UnitPipe(Set(b1053),Block(Const(())),None) [Made: true]
    x1165 = CounterChainNew(List(x1164)) [Made: true]
    x1346 = DelayLine(1,x996) [Made: true]
    x928 = RegRead(x878) [Made: true]
    x1093 = FixAdd(b924,b1091) [Made: true]
    x1236 = FixAdd(x1407,x1233) [Made: true]
    x987 = RegRead(x970) [Made: true]
    x1352 = DelayLine(1,x1027) [Made: true]
    x1129 = RegWrite(x1122,x1128,Set()) [Made: true]
    x1152 = UnrolledForeach(Set(),x1118,Block(Const(())),List(List(b1119)),List(List(b1120)),None) [Made: true]
    x1384 = DelayLine(7,b1167) [Made: true]
    x1378 = DelayLine(2,b1137) [Made: true]
    x1019 = StreamOutNew(BurstCmdBus) [Made: true]
    x1357 = DelayLine(10,x1044) [Made: true]
    x992 = FixSub(b985,x987) [Made: true]
    b1004 [Made: true]
    x1399 = DelayLine(10,b1157) [Made: true]
    b1120 [Made: true]
    x1331 = FixFMA(x1199,x1402,x1401) [Made: true]
    x1320 = RegRead(x927) [Made: true]
    x1367 = DelayLine(1,x1094) [Made: true]
    b940 [Made: true]
    x935 = StreamOutNew(BurstCmdBus) [Made: true]
    x923 = CounterChainNew(List(x922)) [Made: true]
    x1184 = SRAMBankedWrite(x1018,Vector(x1183),Vector(List(Const(0))),Vector(x1396),Vector(Set(x1398, x1394, x1397, x1400, x1395, x1399))) [Made: true]
    x1037 = FixDivSRA(x1036,Const(4)) [Made: true]
    x1088 = StreamInNew(BurstDataBus()) [Made: true]
    x1204 = FixSLA(x1203,Const(4)) [Made: true]
    b1069 [Made: true]
    x1014 = RegWrite(x1010,x1013,Set()) [Made: true]
    x972 = RegNew(Const(0)) [Made: true]
