[[34minfo[0m] Nova Profiling Report
[[34minfo[0m] init: 0.1s (100.00%)
[[34minfo[0m] compile: 7.865s (100.00%)
[[34minfo[0m] compile.ExecutorPass: 4.108s (52.23%)
[[34minfo[0m] compile.ChiselGen: 0.688s (8.75%)
[[34minfo[0m] compile.IR: 0.34s (4.32%)
[[34minfo[0m] compile.staging: 0.265s (3.37%)
[[34minfo[0m] compile.MemoryAnalyzer: 0.202s (2.57%)
[[34minfo[0m] compile.HtmlIRGenSpatial: 0.199s (2.53%)
[[34minfo[0m] compile.CppGen: 0.175s (2.23%)
[[34minfo[0m] compile.BlackboxLowering: 0.134s (1.70%)
[[34minfo[0m] compile.UnrollingTransformer: 0.121s (1.54%)
[[34minfo[0m] compile.RetimingAnalyzer: 0.101s (1.28%)
[[34minfo[0m] compile.TransientCleanup: 0.079s (1.00%)
[[34minfo[0m] compile.RuntimeModelGenerator: 0.07s (0.89%)
[[34minfo[0m] compile.AccessAnalyzer: 0.067s (0.85%)
[[34minfo[0m] compile.RetimingTransformer: 0.058s (0.74%)
[[34minfo[0m] compile.PipeInserter: 0.055s (0.70%)
[[34minfo[0m] compile.DuplicateRetimeStripper: 0.054s (0.69%)
[[34minfo[0m] compile.SwitchTransformer: 0.051s (0.65%)
[[34minfo[0m] compile.FriendlyTransformer: 0.05s (0.64%)
[[34minfo[0m] compile.RegReadCSE: 0.044s (0.56%)
[[34minfo[0m] compile.SwitchOptimizer: 0.043s (0.55%)
[[34minfo[0m] compile.MemoryDealiasing: 0.042s (0.53%)
[[34minfo[0m] compile.TreeGen: 0.039s (0.50%)
[[34minfo[0m] compile.UseAnalyzer: 0.037s (0.47%)
[[34minfo[0m] compile.InitiationAnalyzer: 0.032s (0.41%)
[[34minfo[0m] compile.BindingTransformer: 0.029s (0.37%)
[[34minfo[0m] compile.RetimeReporter: 0.028s (0.36%)
[[34minfo[0m] compile.RewriteTransformer: 0.026s (0.33%)
[[34minfo[0m] compile.FlatteningTransformer: 0.025s (0.32%)
[[34minfo[0m] compile.StreamTransformer: 0.024s (0.31%)
[[34minfo[0m] compile.LaneStaticTransformer: 0.024s (0.31%)
[[34minfo[0m] compile.AccumTransformer: 0.022s (0.28%)
[[34minfo[0m] compile.FIFOInitializer: 0.021s (0.27%)
[[34minfo[0m] compile.MemoryReporter: 0.021s (0.27%)
[[34minfo[0m] compile.MemoryCleanupTransformer: 0.02s (0.25%)
[[34minfo[0m] compile.AccumAnalyzer: 0.02s (0.25%)
[[34minfo[0m] compile.CompilerSanityChecks: 0.02s (0.25%)
[[34minfo[0m] compile.MemoryAllocator: 0.01s (0.13%)
[[34minfo[0m] compile.BroadcastCleanupAnalyzer: 0.007s (0.09%)
[[34minfo[0m] compile.BufferRecompute: 0.006s (0.08%)
[[34minfo[0m] compile.RewriteAnalyzer: 0.006s (0.08%)
[[34minfo[0m] compile.IterationDiffAnalyzer: 0.004s (0.05%)
[[34minfo[0m] compile.CLINaming: 0.003s (0.04%)
[[34minfo[0m] compile.ResourceCountReporter: 0.003s (0.04%)
[[34minfo[0m] compile.UserSanityChecks: 0.001s (0.01%)
[[34minfo[0m] compile.MetadataStripper: 0.001s (0.01%)
[[34minfo[0m] compile.CounterIterSynchronization: 0.001s (0.01%)
