[[34minfo[0m] @flow analyses
[[34minfo[0m] flows: 0.0s (NaN%)
[[34minfo[0m] flows.accumulator: 0.058s (100.00%)
[[34minfo[0m] flows.controlLevel: 0.042s (100.00%)
[[34minfo[0m] flows.globals: 0.031s (100.00%)
[[34minfo[0m] flows.controlSchedule: 0.031s (100.00%)
[[34minfo[0m] flows.blockLevel: 0.028s (100.00%)
[[34minfo[0m] flows.streams: 0.024s (100.00%)
[[34minfo[0m] flows.accesses: 0.02s (100.00%)
[[34minfo[0m] flows.memories: 0.019s (100.00%)
[[34minfo[0m] flows.transferDataToAllNew_x945: 0.001s (100.00%)
[[34minfo[0m] flows.blackbox: 0.0s (NaN%)
[[34minfo[0m] flows.transferDataToAllNew_x1096: 0.0s (NaN%)
[[34minfo[0m] flows.transferDataToAllNew_x1202: 0.0s (NaN%)
[[34minfo[0m] flows.transferDataToAllNew_x1029: 0.0s (NaN%)


flows.transferDataToAllNew_x945: 0.001s
flows.controlLevel: 0.042s
flows.blackbox: 0.0s
flows.blockLevel: 0.028s
flows.accumulator: 0.058s
flows.transferDataToAllNew_x1202: 0.0s
flows.transferDataToAllNew_x1096: 0.0s
flows.streams: 0.024s
flows.memories: 0.019s
flows.accesses: 0.02s
flows.controlSchedule: 0.031s
flows.globals: 0.031s
flows.transferDataToAllNew_x1029: 0.0s
