  x1 = DRAMHostNew(List(Const(32)),Const(0))
   - Name: dram
   - Type: DRAM1[Fix[TRUE,_32,_0]]
   - SrcCtx: Lab2Part3.scala:43:25
   - class argon.Consumers: Consumers(Set(x26, x30))
   - class argon.DeepAliases: DeepAliases(Set())
   - class argon.Effects: Mutable
   - class argon.ShallowAliases: ShallowAliases(Set(x1, x26))
   - class spatial.metadata.access.ReadUses: ReadUses(Set())
  x28 = AccelScope(Block(Const(()))) {
   - Type: Void
   - SrcCtx: Lab2Part3.scala:44:11
   - class argon.DeepAliases: DeepAliases(Set())
   - class argon.Effects: (simple=true, reads={x1}, writes={x1,x26})
   - class argon.ShallowAliases: ShallowAliases(Set(x28))
   - class spatial.metadata.access.ReadUses: ReadUses(Set())
   - class spatial.metadata.control.Children: Children(ArrayBuffer(x25 (stage: -1), x27 (stage: -1)))
   - class spatial.metadata.control.ControlLevel: ControlLevel(OuterControl)
   - class spatial.metadata.control.WrittenMems: WrittenMems(Set(x3))
  binds: 
    block 0: Block(Const(())) {
      effects:  (reads={x1}, writes={x1})
        x2 = SRAMNew(List(Const(32)),SRAM1[Fix[TRUE,_32,_0]])
         - Name: bram
         - Type: SRAM1[Fix[TRUE,_32,_0]]
         - SrcCtx: Lab2Part3.scala:45:27
         - class argon.Consumers: Consumers(Set(x20, x28, x13, x27, x18, x8))
         - class argon.DeepAliases: DeepAliases(Set())
         - class argon.Effects: Mutable
         - class argon.ShallowAliases: ShallowAliases(Set(x2))
         - class spatial.metadata.access.ReadUses: ReadUses(Set())
         - class spatial.metadata.control.DefiningBlk: DefiningBlk(x28 (block: 0))
         - class spatial.metadata.control.ParentCtrl: ParentCtrl(x28 (stage: -1))
         - class spatial.metadata.control.ScopeCtrl: ScopeCtrl(x28 (scope: 0, 0))
         - class spatial.metadata.memory.Writers: Writers(Set(x8, x13, x18, x20))
        x3 = RegNew(Const(0))
         - Name: reg
         - Type: Reg[Fix[TRUE,_32,_0]]
         - SrcCtx: Lab2Part3.scala:46:25
         - class argon.Consumers: Consumers(Set(x4, x28))
         - class argon.DeepAliases: DeepAliases(Set())
         - class argon.Effects: Mutable
         - class argon.ShallowAliases: ShallowAliases(Set(x3))
         - class spatial.metadata.access.ReadUses: ReadUses(Set())
         - class spatial.metadata.control.DefiningBlk: DefiningBlk(x28 (block: 0))
         - class spatial.metadata.control.ParentCtrl: ParentCtrl(x28 (stage: -1))
         - class spatial.metadata.control.ScopeCtrl: ScopeCtrl(x28 (scope: 0, 0))
         - class spatial.metadata.memory.Writers: Writers(Set(x4))
        x4 = RegWrite(x3,Const(16),Set())
         - Type: Void
         - SrcCtx: Lab2Part3.scala:47:11
         - class argon.Consumers: Consumers(Set(x28))
         - class argon.DeepAliases: DeepAliases(Set())
         - class argon.Effects: (reads={x3}, writes={x3})
         - class argon.ShallowAliases: ShallowAliases(Set(x4))
         - class spatial.metadata.access.ReadUses: ReadUses(Set())
         - class spatial.metadata.control.DefiningBlk: DefiningBlk(x28 (block: 0))
         - class spatial.metadata.control.ParentCtrl: ParentCtrl(x28 (stage: -1))
         - class spatial.metadata.control.ScopeCtrl: ScopeCtrl(x28 (scope: 0, 0))
        x25 = StateMachine(Set(),Const(0),Block((b5) => x6),Block((b5) => x23),Block((b5) => x24),Fix[TRUE,_32,_0]) {
         - Type: Void
         - SrcCtx: Lab2Part3.scala:58:8
         - class argon.Consumers: Consumers(Set(x28))
         - class argon.DeepAliases: DeepAliases(Set())
         - class argon.Effects: (reads={x2}, writes={x2})
         - class argon.ShallowAliases: ShallowAliases(Set(x25))
         - class spatial.metadata.access.ReadUses: ReadUses(Set())
         - class spatial.metadata.control.Children: Children(ArrayBuffer(x23 (stage: -1)))
         - class spatial.metadata.control.ControlLevel: ControlLevel(InnerControl)
         - class spatial.metadata.control.DefiningBlk: DefiningBlk(x28 (block: 0))
         - class spatial.metadata.control.ParentCtrl: ParentCtrl(x28 (stage: -1))
         - class spatial.metadata.control.ScopeCtrl: ScopeCtrl(x28 (scope: 0, 0))
        binds: 
          b5
           - Name: state
           - Type: Fix[TRUE,_32,_0]
           - SrcCtx: Lab2Part3.scala:58:8
           - class argon.Consumers: Consumers(Set(x10, x24, x14, x20, x6, x9, x13, x17, x12, x7, x18, x8, x19, x15))
           - class spatial.metadata.control.DefiningBlk: DefiningBlk(x25 (block: -1))
          block 0: Block((b5) => x6) {
            effects:  Pure
              x6 = FixLst(b5,Const(32))
               - Type: Bit
               - SrcCtx: Lab2Part3.scala:48:29
               - class argon.Consumers: Consumers(Set(x25))
               - class argon.DeepAliases: DeepAliases(Set())
               - class argon.Effects: Pure
               - class argon.ShallowAliases: ShallowAliases(Set(x6))
               - class spatial.metadata.access.ReadUses: ReadUses(Set())
               - class spatial.metadata.control.DefiningBlk: DefiningBlk(x25 (block: 0))
               - class spatial.metadata.control.ParentCtrl: ParentCtrl(x25 (stage: 0))
               - class spatial.metadata.control.ScopeCtrl: ScopeCtrl(x25 (scope: 0, 0))
          } // End of x25 block #0
          block 1: Block((b5) => x23) {
            effects:  (reads={x2}, writes={x2})
              x7 = FixLst(b5,Const(8))
               - Type: Bit
               - SrcCtx: Lab2Part3.scala:49:19
               - class argon.Consumers: Consumers(Set(x23))
               - class argon.DeepAliases: DeepAliases(Set())
               - class argon.Effects: Pure
               - class argon.ShallowAliases: ShallowAliases(Set(x7))
               - class spatial.metadata.access.ReadUses: ReadUses(Set())
               - class spatial.metadata.control.DefiningBlk: DefiningBlk(x25 (block: 1))
               - class spatial.metadata.control.ParentCtrl: ParentCtrl(x25 (stage: -1))
               - class spatial.metadata.control.ScopeCtrl: ScopeCtrl(x25 (scope: 1, 0))
              x23 = IfThenElse(x7,Block(x8),Block(x22)) {
               - Type: Void
               - SrcCtx: Lab2Part3.scala:49:9
               - class argon.Consumers: Consumers(Set(x25))
               - class argon.DeepAliases: DeepAliases(Set())
               - class argon.Effects: (reads={x2}, writes={x2})
               - class argon.ShallowAliases: ShallowAliases(Set(x23))
               - class spatial.metadata.access.ReadUses: ReadUses(Set())
               - class spatial.metadata.control.Children: Children(ArrayBuffer(x22 (stage: -1)))
               - class spatial.metadata.control.ControlLevel: ControlLevel(InnerControl)
               - class spatial.metadata.control.DefiningBlk: DefiningBlk(x25 (block: 1))
               - class spatial.metadata.control.ParentCtrl: ParentCtrl(x25 (stage: -1))
               - class spatial.metadata.control.ScopeCtrl: ScopeCtrl(x25 (scope: 1, 0))
              binds: 
                block 0: Block(x8) {
                  effects:  (reads={x2}, writes={x2})
                    x8 = SRAMWrite(x2,b5,List(b5),Set())
                     - Type: Void
                     - SrcCtx: Lab2Part3.scala:50:23
                     - class argon.Consumers: Consumers(Set(x23))
                     - class argon.DeepAliases: DeepAliases(Set())
                     - class argon.Effects: (reads={x2}, writes={x2})
                     - class argon.ShallowAliases: ShallowAliases(Set(x8))
                     - class spatial.metadata.access.ReadUses: ReadUses(Set())
                     - class spatial.metadata.control.DefiningBlk: DefiningBlk(x23 (block: 0))
                } // End of x23 block #0
                block 1: Block(x22) {
                  effects:  (reads={x2}, writes={x2})
                    x9 = FixLst(b5,Const(16))
                     - Type: Bit
                     - SrcCtx: Lab2Part3.scala:51:26
                     - class argon.Consumers: Consumers(Set(x11))
                     - class argon.DeepAliases: DeepAliases(Set())
                     - class argon.Effects: Pure
                     - class argon.ShallowAliases: ShallowAliases(Set(x9))
                     - class spatial.metadata.access.ReadUses: ReadUses(Set())
                     - class spatial.metadata.control.DefiningBlk: DefiningBlk(x23 (block: 1))
                    x10 = FixLeq(Const(8),b5)
                     - Type: Bit
                     - SrcCtx: Lab2Part3.scala:51:40
                     - class argon.Consumers: Consumers(Set(x11))
                     - class argon.DeepAliases: DeepAliases(Set())
                     - class argon.Effects: Pure
                     - class argon.ShallowAliases: ShallowAliases(Set(x10))
                     - class spatial.metadata.access.ReadUses: ReadUses(Set())
                     - class spatial.metadata.control.DefiningBlk: DefiningBlk(x23 (block: 1))
                    x11 = And(x9,x10)
                     - Type: Bit
                     - SrcCtx: Lab2Part3.scala:51:31
                     - class argon.Consumers: Consumers(Set(x22))
                     - class argon.DeepAliases: DeepAliases(Set())
                     - class argon.Effects: Pure
                     - class argon.ShallowAliases: ShallowAliases(Set(x11))
                     - class spatial.metadata.access.ReadUses: ReadUses(Set())
                     - class spatial.metadata.control.DefiningBlk: DefiningBlk(x23 (block: 1))
                    x22 = IfThenElse(x11,Block(x13),Block(x21)) {
                     - Type: Void
                     - SrcCtx: Lab2Part3.scala:51:16
                     - class argon.Consumers: Consumers(Set(x23))
                     - class argon.DeepAliases: DeepAliases(Set())
                     - class argon.Effects: (reads={x2}, writes={x2})
                     - class argon.ShallowAliases: ShallowAliases(Set(x22))
                     - class spatial.metadata.access.ReadUses: ReadUses(Set())
                     - class spatial.metadata.control.Children: Children(ArrayBuffer(x21 (stage: -1)))
                     - class spatial.metadata.control.ControlLevel: ControlLevel(InnerControl)
                     - class spatial.metadata.control.DefiningBlk: DefiningBlk(x23 (block: 1))
                    binds: 
                      block 0: Block(x13) {
                        effects:  (reads={x2}, writes={x2})
                          x12 = FixSLA(b5,Const(1))
                           - Type: Fix[TRUE,_32,_0]
                           - SrcCtx: Lab2Part3.scala:52:30
                           - class argon.Consumers: Consumers(Set(x13))
                           - class argon.DeepAliases: DeepAliases(Set())
                           - class argon.Effects: Pure
                           - class argon.ShallowAliases: ShallowAliases(Set(x12))
                           - class spatial.metadata.access.ReadUses: ReadUses(Set())
                           - class spatial.metadata.control.DefiningBlk: DefiningBlk(x22 (block: 0))
                          x13 = SRAMWrite(x2,x12,List(b5),Set())
                           - Type: Void
                           - SrcCtx: Lab2Part3.scala:52:23
                           - class argon.Consumers: Consumers(Set(x22))
                           - class argon.DeepAliases: DeepAliases(Set())
                           - class argon.Effects: (reads={x2}, writes={x2})
                           - class argon.ShallowAliases: ShallowAliases(Set(x13))
                           - class spatial.metadata.access.ReadUses: ReadUses(Set())
                           - class spatial.metadata.control.DefiningBlk: DefiningBlk(x22 (block: 0))
                      } // End of x22 block #0
                      block 1: Block(x21) {
                        effects:  (reads={x2}, writes={x2})
                          x14 = FixLst(b5,Const(24))
                           - Type: Bit
                           - SrcCtx: Lab2Part3.scala:53:26
                           - class argon.Consumers: Consumers(Set(x16))
                           - class argon.DeepAliases: DeepAliases(Set())
                           - class argon.Effects: Pure
                           - class argon.ShallowAliases: ShallowAliases(Set(x14))
                           - class spatial.metadata.access.ReadUses: ReadUses(Set())
                           - class spatial.metadata.control.DefiningBlk: DefiningBlk(x22 (block: 1))
                          x15 = FixLeq(Const(16),b5)
                           - Type: Bit
                           - SrcCtx: Lab2Part3.scala:53:40
                           - class argon.Consumers: Consumers(Set(x16))
                           - class argon.DeepAliases: DeepAliases(Set())
                           - class argon.Effects: Pure
                           - class argon.ShallowAliases: ShallowAliases(Set(x15))
                           - class spatial.metadata.access.ReadUses: ReadUses(Set())
                           - class spatial.metadata.control.DefiningBlk: DefiningBlk(x22 (block: 1))
                          x16 = And(x14,x15)
                           - Type: Bit
                           - SrcCtx: Lab2Part3.scala:53:31
                           - class argon.Consumers: Consumers(Set(x21))
                           - class argon.DeepAliases: DeepAliases(Set())
                           - class argon.Effects: Pure
                           - class argon.ShallowAliases: ShallowAliases(Set(x16))
                           - class spatial.metadata.access.ReadUses: ReadUses(Set())
                           - class spatial.metadata.control.DefiningBlk: DefiningBlk(x22 (block: 1))
                          x21 = IfThenElse(x16,Block(x18),Block(x20)) {
                           - Type: Void
                           - SrcCtx: Lab2Part3.scala:53:16
                           - class argon.Consumers: Consumers(Set(x22))
                           - class argon.DeepAliases: DeepAliases(Set())
                           - class argon.Effects: (reads={x2}, writes={x2})
                           - class argon.ShallowAliases: ShallowAliases(Set(x21))
                           - class spatial.metadata.access.ReadUses: ReadUses(Set())
                           - class spatial.metadata.control.Children: Children(ArrayBuffer())
                           - class spatial.metadata.control.ControlLevel: ControlLevel(InnerControl)
                           - class spatial.metadata.control.DefiningBlk: DefiningBlk(x22 (block: 1))
                          binds: 
                            block 0: Block(x18) {
                              effects:  (reads={x2}, writes={x2})
                                x17 = FixMul(b5,Const(3))
                                 - Type: Fix[TRUE,_32,_0]
                                 - SrcCtx: Lab2Part3.scala:54:30
                                 - class argon.Consumers: Consumers(Set(x18))
                                 - class argon.DeepAliases: DeepAliases(Set())
                                 - class argon.Effects: Pure
                                 - class argon.ShallowAliases: ShallowAliases(Set(x17))
                                 - class spatial.metadata.access.ReadUses: ReadUses(Set())
                                 - class spatial.metadata.control.DefiningBlk: DefiningBlk(x21 (block: 0))
                                x18 = SRAMWrite(x2,x17,List(b5),Set())
                                 - Type: Void
                                 - SrcCtx: Lab2Part3.scala:54:23
                                 - class argon.Consumers: Consumers(Set(x21))
                                 - class argon.DeepAliases: DeepAliases(Set())
                                 - class argon.Effects: (reads={x2}, writes={x2})
                                 - class argon.ShallowAliases: ShallowAliases(Set(x18))
                                 - class spatial.metadata.access.ReadUses: ReadUses(Set())
                                 - class spatial.metadata.control.DefiningBlk: DefiningBlk(x21 (block: 0))
                            } // End of x21 block #0
                            block 1: Block(x20) {
                              effects:  (reads={x2}, writes={x2})
                                x19 = FixSLA(b5,Const(2))
                                 - Type: Fix[TRUE,_32,_0]
                                 - SrcCtx: Lab2Part3.scala:56:30
                                 - class argon.Consumers: Consumers(Set(x20))
                                 - class argon.DeepAliases: DeepAliases(Set())
                                 - class argon.Effects: Pure
                                 - class argon.ShallowAliases: ShallowAliases(Set(x19))
                                 - class spatial.metadata.access.ReadUses: ReadUses(Set())
                                 - class spatial.metadata.control.DefiningBlk: DefiningBlk(x21 (block: 1))
                                x20 = SRAMWrite(x2,x19,List(b5),Set())
                                 - Type: Void
                                 - SrcCtx: Lab2Part3.scala:56:23
                                 - class argon.Consumers: Consumers(Set(x21))
                                 - class argon.DeepAliases: DeepAliases(Set())
                                 - class argon.Effects: (reads={x2}, writes={x2})
                                 - class argon.ShallowAliases: ShallowAliases(Set(x20))
                                 - class spatial.metadata.access.ReadUses: ReadUses(Set())
                                 - class spatial.metadata.control.DefiningBlk: DefiningBlk(x21 (block: 1))
                            } // End of x21 block #1
                          } // End of x21
                      } // End of x22 block #1
                    } // End of x22
                } // End of x23 block #1
              } // End of x23
          } // End of x25 block #1
          block 2: Block((b5) => x24) {
            effects:  Pure
              x24 = FixAdd(b5,Const(1))
               - Type: Fix[TRUE,_32,_0]
               - SrcCtx: Lab2Part3.scala:58:24
               - class argon.Consumers: Consumers(Set(x25))
               - class argon.DeepAliases: DeepAliases(Set())
               - class argon.Effects: Pure
               - class argon.ShallowAliases: ShallowAliases(Set(x24))
               - class spatial.metadata.access.ReadUses: ReadUses(Set())
               - class spatial.metadata.control.DefiningBlk: DefiningBlk(x25 (block: 2))
               - class spatial.metadata.control.ParentCtrl: ParentCtrl(x25 (stage: -1))
               - class spatial.metadata.control.ScopeCtrl: ScopeCtrl(x25 (scope: 2, 0))
          } // End of x25 block #2
        } // End of x25
        x26 = MemDenseAlias(List(Const(true)),List(x1),List(List(Series(Const(0), Const(32), Const(1), Const(1), false))),Fix[TRUE,_32,_0],DRAM1[Fix[TRUE,_32,_0]],DRAM1[Fix[TRUE,_32,_0]])
         - Type: DRAM1[Fix[TRUE,_32,_0]]
         - SrcCtx: Lab2Part3.scala:60:11
         - class argon.Consumers: Consumers(Set(x27, x28))
         - class argon.DeepAliases: DeepAliases(Set(x1))
         - class argon.Effects: (mutable, reads={x1})
         - class argon.ShallowAliases: ShallowAliases(Set(x1, x26))
         - class spatial.metadata.access.ReadUses: ReadUses(Set())
         - class spatial.metadata.control.DefiningBlk: DefiningBlk(x28 (block: 0))
         - class spatial.metadata.control.ParentCtrl: ParentCtrl(x28 (stage: -1))
         - class spatial.metadata.control.ScopeCtrl: ScopeCtrl(x28 (scope: 0, 0))
        x27 = DenseTransfer(x26,x2,false,false,Set(),Fix[TRUE,_32,_0],SRAM1[Fix[TRUE,_32,_0]],DRAM1[Fix[TRUE,_32,_0]])
         - Type: Void
         - SrcCtx: Lab2Part3.scala:60:19
         - class argon.Consumers: Consumers(Set(x28))
         - class argon.DeepAliases: DeepAliases(Set())
         - class argon.Effects: (reads={x1,x26,x2}, writes={x1,x26})
         - class argon.ShallowAliases: ShallowAliases(Set(x27))
         - class spatial.metadata.access.ReadUses: ReadUses(Set())
         - class spatial.metadata.control.Children: Children(ArrayBuffer())
         - class spatial.metadata.control.ControlLevel: ControlLevel(InnerControl)
         - class spatial.metadata.control.DefiningBlk: DefiningBlk(x28 (block: 0))
         - class spatial.metadata.control.ParentCtrl: ParentCtrl(x28 (stage: -1))
         - class spatial.metadata.control.ScopeCtrl: ScopeCtrl(x28 (scope: 0, 0))
    } // End of x28 block #0
  } // End of x28
  x29 = ArrayNew(Const(32))
   - Name: result
   - Type: Array[Fix[TRUE,_32,_0]]
   - SrcCtx: Lab2Part3.scala:62:24
   - class argon.Consumers: Consumers(Set(x56, x34, x54, x36, x30))
   - class argon.DeepAliases: DeepAliases(Set())
   - class argon.Effects: Mutable
   - class argon.ShallowAliases: ShallowAliases(Set(x29))
   - class spatial.metadata.access.ReadUses: ReadUses(Set())
  x30 = GetMem(x1,x29)
   - Type: Void
   - SrcCtx: Lab2Part3.scala:62:24
   - class argon.DeepAliases: DeepAliases(Set())
   - class argon.Effects: (reads={x1,x26,x29}, writes={x29})
   - class argon.ShallowAliases: ShallowAliases(Set(x30))
   - class spatial.metadata.access.ReadUses: ReadUses(Set())
  x31 = ArrayFromSeq(ArrayBuffer(Const(0), Const(1), Const(2), Const(3), Const(4), Const(5), Const(6), Const(7), Const(16), Const(18), Const(20), Const(22), Const(24), Const(26), Const(28), Const(30), Const(48), Const(51), Const(54), Const(57), Const(60), Const(63), Const(66), Const(69), Const(96), Const(100), Const(104), Const(108), Const(112), Const(116), Const(120), Const(124)))
   - Name: gold
   - Type: Array[Fix[TRUE,_32,_0]]
   - SrcCtx: Lab2Part3.scala:63:26
   - class argon.Consumers: Consumers(Set(x44, x46, x53, x56))
   - class argon.DeepAliases: DeepAliases(Set())
   - class argon.Effects: Pure
   - class argon.ShallowAliases: ShallowAliases(Set(x31))
   - class spatial.metadata.access.ReadUses: ReadUses(Set())
  x32 = TextConcat(List(Const("Result"), Const("\n")))
   - Type: Text
   - SrcCtx: Lab2Part3.scala:67:15
   - class argon.Consumers: Consumers(Set(x33))
   - class argon.DeepAliases: DeepAliases(Set())
   - class argon.Effects: Pure
   - class argon.ShallowAliases: ShallowAliases(Set(x32))
   - class spatial.metadata.access.ReadUses: ReadUses(Set())
   - class spatial.metadata.bounds.FixedBits: FixedBits(true)
   - class spatial.metadata.bounds.Global: Global(true)
  x33 = PrintIf(Set(),x32)
   - Type: Void
   - SrcCtx: Lab2Part3.scala:67:15
   - class argon.DeepAliases: DeepAliases(Set())
   - class argon.Effects: (simple=true)
   - class argon.ShallowAliases: ShallowAliases(Set(x33))
   - class spatial.metadata.access.ReadUses: ReadUses(Set())
  x34 = ArrayLength(x29)
   - Type: Fix[TRUE,_32,_0]
   - SrcCtx: Lab2Part3.scala:67:15
   - class argon.Consumers: Consumers(Set(x40))
   - class argon.DeepAliases: DeepAliases(Set())
   - class argon.Effects: (reads={x29})
   - class argon.ShallowAliases: ShallowAliases(Set(x34))
   - class spatial.metadata.access.ReadUses: ReadUses(Set())
  x40 = SeriesForeach(Const(0),x34,Const(1),Block((b35) => Const(()))) {
   - Type: Void
   - SrcCtx: Lab2Part3.scala:67:15
   - class argon.DeepAliases: DeepAliases(Set())
   - class argon.Effects: (simple=true, reads={x29})
   - class argon.ShallowAliases: ShallowAliases(Set(x40))
   - class spatial.metadata.access.ReadUses: ReadUses(Set())
  binds: 
    b35
     - Name: i
     - Type: Fix[TRUE,_32,_0]
     - SrcCtx: Lab2Part3.scala:67:15
     - class argon.Consumers: Consumers(Set(x36))
     - class spatial.metadata.control.DefiningBlk: DefiningBlk(x40 (block: -1))
    block 0: Block((b35) => Const(())) {
      effects:  (simple=true, reads={x29})
        x36 = ArrayApply(x29,b35)
         - Type: Fix[TRUE,_32,_0]
         - SrcCtx: Lab2Part3.scala:67:15
         - class argon.Consumers: Consumers(Set(x37, x40))
         - class argon.DeepAliases: DeepAliases(Set())
         - class argon.Effects: (reads={x29})
         - class argon.ShallowAliases: ShallowAliases(Set(x36))
         - class spatial.metadata.access.ReadUses: ReadUses(Set())
         - class spatial.metadata.control.DefiningBlk: DefiningBlk(x40 (block: 0))
        x37 = FixToText(x36,None)
         - Type: Text
         - SrcCtx: Lab2Part3.scala:67:15
         - class argon.Consumers: Consumers(Set(x38))
         - class argon.DeepAliases: DeepAliases(Set())
         - class argon.Effects: Pure
         - class argon.ShallowAliases: ShallowAliases(Set(x37))
         - class spatial.metadata.access.ReadUses: ReadUses(Set())
         - class spatial.metadata.control.DefiningBlk: DefiningBlk(x40 (block: 0))
        x38 = TextConcat(List(x37, Const(" ")))
         - Type: Text
         - SrcCtx: Lab2Part3.scala:67:15
         - class argon.Consumers: Consumers(Set(x39))
         - class argon.DeepAliases: DeepAliases(Set())
         - class argon.Effects: Pure
         - class argon.ShallowAliases: ShallowAliases(Set(x38))
         - class spatial.metadata.access.ReadUses: ReadUses(Set())
         - class spatial.metadata.control.DefiningBlk: DefiningBlk(x40 (block: 0))
        x39 = PrintIf(Set(),x38)
         - Type: Void
         - SrcCtx: Lab2Part3.scala:67:15
         - class argon.Consumers: Consumers(Set(x40))
         - class argon.DeepAliases: DeepAliases(Set())
         - class argon.Effects: Simple
         - class argon.ShallowAliases: ShallowAliases(Set(x39))
         - class spatial.metadata.access.ReadUses: ReadUses(Set())
         - class spatial.metadata.control.DefiningBlk: DefiningBlk(x40 (block: 0))
    } // End of x40 block #0
  } // End of x40
  x41 = PrintIf(Set(),Const("\n"))
   - Type: Void
   - SrcCtx: Lab2Part3.scala:67:15
   - class argon.DeepAliases: DeepAliases(Set())
   - class argon.Effects: (simple=true)
   - class argon.ShallowAliases: ShallowAliases(Set(x41))
   - class spatial.metadata.access.ReadUses: ReadUses(Set())
  x42 = TextConcat(List(Const("Gold"), Const("\n")))
   - Type: Text
   - SrcCtx: Lab2Part3.scala:68:15
   - class argon.Consumers: Consumers(Set(x43))
   - class argon.DeepAliases: DeepAliases(Set())
   - class argon.Effects: Pure
   - class argon.ShallowAliases: ShallowAliases(Set(x42))
   - class spatial.metadata.access.ReadUses: ReadUses(Set())
   - class spatial.metadata.bounds.FixedBits: FixedBits(true)
   - class spatial.metadata.bounds.Global: Global(true)
  x43 = PrintIf(Set(),x42)
   - Type: Void
   - SrcCtx: Lab2Part3.scala:68:15
   - class argon.DeepAliases: DeepAliases(Set())
   - class argon.Effects: (simple=true)
   - class argon.ShallowAliases: ShallowAliases(Set(x43))
   - class spatial.metadata.access.ReadUses: ReadUses(Set())
  x44 = ArrayLength(x31)
   - Type: Fix[TRUE,_32,_0]
   - SrcCtx: Lab2Part3.scala:68:15
   - class argon.Consumers: Consumers(Set(x50))
   - class argon.DeepAliases: DeepAliases(Set())
   - class argon.Effects: Pure
   - class argon.ShallowAliases: ShallowAliases(Set(x44))
   - class spatial.metadata.access.ReadUses: ReadUses(Set())
  x50 = SeriesForeach(Const(0),x44,Const(1),Block((b45) => Const(()))) {
   - Type: Void
   - SrcCtx: Lab2Part3.scala:68:15
   - class argon.DeepAliases: DeepAliases(Set())
   - class argon.Effects: (simple=true)
   - class argon.ShallowAliases: ShallowAliases(Set(x50))
   - class spatial.metadata.access.ReadUses: ReadUses(Set())
  binds: 
    b45
     - Name: i
     - Type: Fix[TRUE,_32,_0]
     - SrcCtx: Lab2Part3.scala:68:15
     - class argon.Consumers: Consumers(Set(x46))
     - class spatial.metadata.control.DefiningBlk: DefiningBlk(x50 (block: -1))
    block 0: Block((b45) => Const(())) {
      effects:  (simple=true)
        x46 = ArrayApply(x31,b45)
         - Type: Fix[TRUE,_32,_0]
         - SrcCtx: Lab2Part3.scala:68:15
         - class argon.Consumers: Consumers(Set(x47))
         - class argon.DeepAliases: DeepAliases(Set())
         - class argon.Effects: Pure
         - class argon.ShallowAliases: ShallowAliases(Set(x46))
         - class spatial.metadata.access.ReadUses: ReadUses(Set())
         - class spatial.metadata.control.DefiningBlk: DefiningBlk(x50 (block: 0))
        x47 = FixToText(x46,None)
         - Type: Text
         - SrcCtx: Lab2Part3.scala:68:15
         - class argon.Consumers: Consumers(Set(x48))
         - class argon.DeepAliases: DeepAliases(Set())
         - class argon.Effects: Pure
         - class argon.ShallowAliases: ShallowAliases(Set(x47))
         - class spatial.metadata.access.ReadUses: ReadUses(Set())
         - class spatial.metadata.control.DefiningBlk: DefiningBlk(x50 (block: 0))
        x48 = TextConcat(List(x47, Const(" ")))
         - Type: Text
         - SrcCtx: Lab2Part3.scala:68:15
         - class argon.Consumers: Consumers(Set(x49))
         - class argon.DeepAliases: DeepAliases(Set())
         - class argon.Effects: Pure
         - class argon.ShallowAliases: ShallowAliases(Set(x48))
         - class spatial.metadata.access.ReadUses: ReadUses(Set())
         - class spatial.metadata.control.DefiningBlk: DefiningBlk(x50 (block: 0))
        x49 = PrintIf(Set(),x48)
         - Type: Void
         - SrcCtx: Lab2Part3.scala:68:15
         - class argon.Consumers: Consumers(Set(x50))
         - class argon.DeepAliases: DeepAliases(Set())
         - class argon.Effects: Simple
         - class argon.ShallowAliases: ShallowAliases(Set(x49))
         - class spatial.metadata.access.ReadUses: ReadUses(Set())
         - class spatial.metadata.control.DefiningBlk: DefiningBlk(x50 (block: 0))
    } // End of x50 block #0
  } // End of x50
  x51 = PrintIf(Set(),Const("\n"))
   - Type: Void
   - SrcCtx: Lab2Part3.scala:68:15
   - class argon.DeepAliases: DeepAliases(Set())
   - class argon.Effects: (simple=true)
   - class argon.ShallowAliases: ShallowAliases(Set(x51))
   - class spatial.metadata.access.ReadUses: ReadUses(Set())
  x56 = ArrayZip(x31,x29,Block((x31,b52) => x53),Block((x29,b52) => x54),Block((x53,x54) => x55)) {
   - Type: Array[Bit]
   - SrcCtx: Lab2Part3.scala:69:33
   - class argon.Consumers: Consumers(Set(x60, x62))
   - class argon.DeepAliases: DeepAliases(Set())
   - class argon.Effects: (reads={x29})
   - class argon.ShallowAliases: ShallowAliases(Set(x56))
   - class spatial.metadata.access.ReadUses: ReadUses(Set())
  binds: 
    b52
     - Type: Fix[TRUE,_32,_0]
     - SrcCtx: Lab2Part3.scala:69:33
     - class argon.Consumers: Consumers(Set(x53, x54))
     - class spatial.metadata.control.DefiningBlk: DefiningBlk(x56 (block: -1))
    block 0: Block((x31,b52) => x53) {
      effects:  Pure
        x53 = ArrayApply(x31,b52)
         - Name: x$7
         - Type: Fix[TRUE,_32,_0]
         - SrcCtx: Lab2Part3.scala:69:33
         - class argon.Consumers: Consumers(Set(x55, x56))
         - class argon.DeepAliases: DeepAliases(Set())
         - class argon.Effects: Pure
         - class argon.ShallowAliases: ShallowAliases(Set(x53))
         - class spatial.metadata.access.ReadUses: ReadUses(Set())
         - class spatial.metadata.control.DefiningBlk: DefiningBlk(x56 (block: 0))
    } // End of x56 block #0
    block 1: Block((x29,b52) => x54) {
      effects:  (reads={x29})
        x54 = ArrayApply(x29,b52)
         - Name: x$8
         - Type: Fix[TRUE,_32,_0]
         - SrcCtx: Lab2Part3.scala:69:33
         - class argon.Consumers: Consumers(Set(x55, x56))
         - class argon.DeepAliases: DeepAliases(Set())
         - class argon.Effects: (reads={x29})
         - class argon.ShallowAliases: ShallowAliases(Set(x54))
         - class spatial.metadata.access.ReadUses: ReadUses(Set())
         - class spatial.metadata.control.DefiningBlk: DefiningBlk(x56 (block: 1))
    } // End of x56 block #1
    block 2: Block((x53,x54) => x55) {
      effects:  Pure
        x55 = FixEql(x53,x54)
         - Type: Bit
         - SrcCtx: Lab2Part3.scala:69:36
         - class argon.Consumers: Consumers(Set(x56))
         - class argon.DeepAliases: DeepAliases(Set())
         - class argon.Effects: Pure
         - class argon.ShallowAliases: ShallowAliases(Set(x55))
         - class spatial.metadata.access.ReadUses: ReadUses(Set())
         - class spatial.metadata.control.DefiningBlk: DefiningBlk(x56 (block: 2))
    } // End of x56 block #2
  } // End of x56
  x62 = ArrayReduce(x56,Block((x56,b57) => x60),Block((b58,b59) => x61)) {
   - Name: cksum
   - Type: Bit
   - SrcCtx: Lab2Part3.scala:69:48
   - class argon.Consumers: Consumers(Set(x63, x68))
   - class argon.DeepAliases: DeepAliases(Set())
   - class argon.Effects: Pure
   - class argon.ShallowAliases: ShallowAliases(Set(x62))
   - class spatial.metadata.access.ReadUses: ReadUses(Set())
  binds: 
    b57
     - Type: Fix[TRUE,_32,_0]
     - SrcCtx: Lab2Part3.scala:69:48
     - class argon.Consumers: Consumers(Set(x60))
     - class spatial.metadata.control.DefiningBlk: DefiningBlk(x62 (block: -1))
    b58
     - Name: x$9
     - Type: Bit
     - SrcCtx: Lab2Part3.scala:69:48
     - class argon.Consumers: Consumers(Set(x61))
     - class spatial.metadata.control.DefiningBlk: DefiningBlk(x62 (block: -1))
    b59
     - Name: x$10
     - Type: Bit
     - SrcCtx: Lab2Part3.scala:69:48
     - class argon.Consumers: Consumers(Set(x61))
     - class spatial.metadata.control.DefiningBlk: DefiningBlk(x62 (block: -1))
    block 0: Block((x56,b57) => x60) {
      effects:  Pure
        x60 = ArrayApply(x56,b57)
         - Type: Bit
         - SrcCtx: Lab2Part3.scala:69:48
         - class argon.Consumers: Consumers(Set(x62))
         - class argon.DeepAliases: DeepAliases(Set())
         - class argon.Effects: Pure
         - class argon.ShallowAliases: ShallowAliases(Set(x60))
         - class spatial.metadata.access.ReadUses: ReadUses(Set())
         - class spatial.metadata.control.DefiningBlk: DefiningBlk(x62 (block: 0))
    } // End of x62 block #0
    block 1: Block((b58,b59) => x61) {
      effects:  Pure
        x61 = And(b58,b59)
         - Type: Bit
         - SrcCtx: Lab2Part3.scala:69:50
         - class argon.Consumers: Consumers(Set(x62))
         - class argon.DeepAliases: DeepAliases(Set())
         - class argon.Effects: Pure
         - class argon.ShallowAliases: ShallowAliases(Set(x61))
         - class spatial.metadata.access.ReadUses: ReadUses(Set())
         - class spatial.metadata.control.DefiningBlk: DefiningBlk(x62 (block: 1))
    } // End of x62 block #1
  } // End of x62
  x63 = BitToText(x62)
   - Type: Text
   - SrcCtx: Lab2Part3.scala:70:22
   - class argon.Consumers: Consumers(Set(x64))
   - class argon.DeepAliases: DeepAliases(Set())
   - class argon.Effects: Pure
   - class argon.ShallowAliases: ShallowAliases(Set(x63))
   - class spatial.metadata.access.ReadUses: ReadUses(Set())
  x64 = TextConcat(List(Const("PASS: "), x63))
   - Type: Text
   - SrcCtx: Lab2Part3.scala:70:22
   - class argon.Consumers: Consumers(Set(x65))
   - class argon.DeepAliases: DeepAliases(Set())
   - class argon.Effects: Pure
   - class argon.ShallowAliases: ShallowAliases(Set(x64))
   - class spatial.metadata.access.ReadUses: ReadUses(Set())
  x65 = TextConcat(List(x64, Const(" (Lab2Part3BasicCondFSMAlt)")))
   - Type: Text
   - SrcCtx: Lab2Part3.scala:70:30
   - class argon.Consumers: Consumers(Set(x66))
   - class argon.DeepAliases: DeepAliases(Set())
   - class argon.Effects: Pure
   - class argon.ShallowAliases: ShallowAliases(Set(x65))
   - class spatial.metadata.access.ReadUses: ReadUses(Set())
  x66 = TextConcat(List(x65, Const("\n")))
   - Type: Text
   - SrcCtx: Lab2Part3.scala:70:12
   - class argon.Consumers: Consumers(Set(x67))
   - class argon.DeepAliases: DeepAliases(Set())
   - class argon.Effects: Pure
   - class argon.ShallowAliases: ShallowAliases(Set(x66))
   - class spatial.metadata.access.ReadUses: ReadUses(Set())
  x67 = PrintIf(Set(),x66)
   - Type: Void
   - SrcCtx: Lab2Part3.scala:70:12
   - class argon.DeepAliases: DeepAliases(Set())
   - class argon.Effects: (simple=true)
   - class argon.ShallowAliases: ShallowAliases(Set(x67))
   - class spatial.metadata.access.ReadUses: ReadUses(Set())
  x68 = AssertIf(Set(),x62,None)
   - Type: Void
   - SrcCtx: Lab2Part3.scala:71:11
   - class argon.DeepAliases: DeepAliases(Set())
   - class argon.Effects: (global=true)
   - class argon.ShallowAliases: ShallowAliases(Set(x68))
   - class spatial.metadata.access.ReadUses: ReadUses(Set())

Global Metadata
---------------
class spatial.metadata.control.StreamParEnqs: StreamParEnqs(Set(x8, x13, x18, x20))
class spatial.metadata.memory.LocalMemories: LocalMemories(Set(x2, x3))
class spatial.metadata.memory.RemoteMemories: RemoteMemories(Set(x1))
