        Optimizing Switch with selects/cases: 
          #0 [sel]: x7 = FixLst(b5,Const(8))
          #0 [cas]: x71 = SwitchCase(Block(x8))
          #1 [sel]: x70 = Not(x7)
          #1 [cas]: x80 = SwitchCase(Block(x79))
        x71 = SwitchCase(Block(x8))
        x80 = SwitchCase(Block(x79))
          Optimizing Switch with selects/cases: 
            #0 [sel]: x11 = And(x9,x10)
            #0 [cas]: x73 = SwitchCase(Block(x13))
            #1 [sel]: x72 = Not(x11)
            #1 [cas]: x78 = SwitchCase(Block(x77))
          x73 = SwitchCase(Block(x13))
          x78 = SwitchCase(Block(x77))
            Optimizing Switch with selects/cases: 
              #0 [sel]: x16 = And(x14,x15)
              #0 [cas]: x75 = SwitchCase(Block(x18))
              #1 [sel]: x74 = Not(x16)
              #1 [cas]: x76 = SwitchCase(Block(x20))
            x75 = SwitchCase(Block(x18))
            x76 = SwitchCase(Block(x20))
