    visiting x1 = DRAMHostNew(List(Const(32)),Const(0))
      visiting x2 = SRAMNew(List(Const(32)),SRAM1[Fix[TRUE,_32,_0]])
      visiting x25 = StateMachine(Set(),Const(0),Block((b5) => x6),Block((b5) => Const(())),Block((b5) => x24),Fix[TRUE,_32,_0])
        visiting x6 = FixLst(b5,Const(32))
        visiting x7 = FixLst(b5,Const(8))
        visiting x70 = Not(x7)
        visiting x112 = Switch(List(x7, x70),Block(x80))
          visiting x71 = SwitchCase(Block(Const(())))
            visiting x8 = SRAMWrite(x2,b5,List(b5),Set(x7))
          visiting x80 = SwitchCase(Block(Const(())))
            visiting x9 = FixLst(b5,Const(16))
            visiting x10 = FixLeq(Const(8),b5)
            visiting x11 = And(x9,x10)
            visiting x72 = Not(x11)
            visiting x111 = Switch(List(x11, x72),Block(x78))
              visiting x73 = SwitchCase(Block(Const(())))
                visiting x87 = FixSLA(b5,Const(1))
                visiting x13 = SRAMWrite(x2,x87,List(b5),Set(x70, x11))
              visiting x78 = SwitchCase(Block(Const(())))
                visiting x14 = FixLst(b5,Const(24))
                visiting x15 = FixLeq(Const(16),b5)
                visiting x16 = And(x14,x15)
                visiting x74 = Not(x16)
                visiting x110 = Switch(List(x16, x74),Block(x76))
                  visiting x75 = SwitchCase(Block(Const(())))
                    visiting x17 = FixMul(b5,Const(3))
                    visiting x18 = SRAMWrite(x2,x17,List(b5),Set(x70, x72, x16))
                  visiting x76 = SwitchCase(Block(Const(())))
                    visiting x88 = FixSLA(b5,Const(2))
                    visiting x20 = SRAMWrite(x2,x88,List(b5),Set(x70, x72, x74))
        visiting x24 = FixAdd(b5,Const(1))
      visiting x109 = UnitPipe(Set(),Block(Const(())),None)
        visiting x91 = StreamOutNew(BurstCmdBus)
        visiting x92 = StreamOutNew(BurstFullDataBus())
        visiting x93 = StreamInNew(BurstAckBus)
        visiting x98 = UnitPipe(Set(),Block(Const(())),None)
          visiting x113 = DRAMAddress(x1)
          visiting x95 = SimpleStruct(ArrayBuffer((offset,x113), (size,Const(128)), (isLoad,Const(false))))
          visiting x96 = DRAMIsAlloc(x1)
          visiting x97 = StreamOutWrite(x91,x95,Set(x96))
        visiting x99 = CounterNew(Const(0),Const(32),Const(1),Const(1))
        visiting x101 = CounterChainNew(List(x99))
        visiting x105 = OpForeach(Set(),x101,Block(Const(())),List(b100),None)
          visiting x102 = SRAMRead(x2,List(b100),Set())
          visiting x103 = SimpleStruct(ArrayBuffer((_1,x102), (_2,Const(true))))
          visiting x104 = StreamOutWrite(x92,x103,Set())
        visiting x106 = FringeDenseStore(x1,x91,x92,x93)
        visiting x108 = UnitPipe(Set(),Block(Const(())),None)
          visiting x107 = StreamInRead(x93,Set())
    visiting x29 = ArrayNew(Const(32))
    visiting x30 = GetMem(x1,x29)
    visiting x31 = ArrayFromSeq(ArrayBuffer(Const(0), Const(1), Const(2), Const(3), Const(4), Const(5), Const(6), Const(7), Const(16), Const(18), Const(20), Const(22), Const(24), Const(26), Const(28), Const(30), Const(48), Const(51), Const(54), Const(57), Const(60), Const(63), Const(66), Const(69), Const(96), Const(100), Const(104), Const(108), Const(112), Const(116), Const(120), Const(124)))
    visiting x32 = TextConcat(List(Const("Result"), Const("\n")))
    visiting x33 = PrintIf(Set(),x32)
    visiting x34 = ArrayLength(x29)
    visiting x40 = SeriesForeach(Const(0),x34,Const(1),Block((b35) => Const(())))
      visiting x36 = ArrayApply(x29,b35)
      visiting x37 = FixToText(x36,None)
      visiting x38 = TextConcat(List(x37, Const(" ")))
      visiting x39 = PrintIf(Set(),x38)
    visiting x41 = PrintIf(Set(),Const("\n"))
    visiting x42 = TextConcat(List(Const("Gold"), Const("\n")))
    visiting x43 = PrintIf(Set(),x42)
    visiting x44 = ArrayLength(x31)
    visiting x50 = SeriesForeach(Const(0),x44,Const(1),Block((b45) => Const(())))
      visiting x46 = ArrayApply(x31,b45)
      visiting x47 = FixToText(x46,None)
      visiting x48 = TextConcat(List(x47, Const(" ")))
      visiting x49 = PrintIf(Set(),x48)
    visiting x51 = PrintIf(Set(),Const("\n"))
    visiting x56 = ArrayZip(x31,x29,Block((x31,b52) => x53),Block((x29,b52) => x54),Block((x53,x54) => x55))
      visiting x53 = ArrayApply(x31,b52)
      visiting x54 = ArrayApply(x29,b52)
      visiting x55 = FixEql(x53,x54)
    visiting x62 = ArrayReduce(x56,Block((x56,b57) => x60),Block((b58,b59) => x61))
      visiting x60 = ArrayApply(x56,b57)
      visiting x61 = And(b58,b59)
    visiting x63 = BitToText(x62)
    visiting x64 = TextConcat(List(Const("PASS: "), x63))
    visiting x65 = TextConcat(List(x64, Const(" (Lab2Part3BasicCondFSMAlt)")))
    visiting x66 = TextConcat(List(x65, Const("\n")))
    visiting x67 = PrintIf(Set(),x66)
    visiting x69 = AssertIf(Set(),x62,Some(Const("Lab2Part3.scala:71:11: Assertion failure")))
