    Memories with both reads and writes in this scope: Set()
    Done finding cycles: Vector(), Map()
    Memories with both reads and writes in this scope: Set()
    Done finding cycles: Vector(), Map()
    Memories with both reads and writes in this scope: Set()
    Done finding cycles: Vector(), Map()
      Memories with both reads and writes in this scope: Set()
      Done finding cycles: Vector(), Map()
        Memories with both reads and writes in this scope: Set()
        Done finding cycles: Vector(), Map()
        Memories with both reads and writes in this scope: Set()
        Done finding cycles: Vector(), Map()
          Memories with both reads and writes in this scope: Set()
          Done finding cycles: Vector(), Map()
            Memories with both reads and writes in this scope: Set()
            Done finding cycles: Vector(), Map()
            Memories with both reads and writes in this scope: Set()
            Done finding cycles: Vector(), Map()
              Memories with both reads and writes in this scope: Set()
              Done finding cycles: Vector(), Map()
                Memories with both reads and writes in this scope: Set()
                Done finding cycles: Vector(), Map()
                Memories with both reads and writes in this scope: Set()
                Done finding cycles: Vector(), Map()
    Memories with both reads and writes in this scope: Set()
    Done finding cycles: Vector(), Map()
      Memories with both reads and writes in this scope: Set()
      Done finding cycles: Vector(), Map()
      Memories with both reads and writes in this scope: Set()
      Done finding cycles: Vector(), Map()
      Memories with both reads and writes in this scope: Set(x148)
      Done finding cycles: Vector(), Map()
