  Stms:
    x249 = SRAMBankedRead(x207,Vector(List(Const(0))),Vector(b247),Vector(Set(b248)),Vec[Fix[TRUE,_32,_0]])
    x234 = Switch(List(x209, x210),Block(x233))
    x217 = FixSLA(b5,Const(1))
    x257 = UnitPipe(Set(),Block(Const(())),None)
    x228 = SRAMBankedWrite(x207,Vector(x227),Vector(List(Const(0))),Vector(b5),Vector(Set(x210, x216, x223)))
    x216 = Not(x215)
    x211 = SRAMBankedWrite(x207,Vector(b5),Vector(List(Const(0))),Vector(b5),Vector(Set(x209)))
    x253 = UnrolledForeach(Set(),x246,Block(Const(())),List(List(b247)),List(List(b248)),None)
    x238 = StreamOutNew(BurstFullDataBus())
    x221 = FixLeq(Const(16),b5)
    x243 = StreamOutBankedWrite(x237,ArrayBuffer(x241),ArrayBuffer(Set(x242)))
    x233 = SwitchCase(Block(Const(())))
    x220 = FixLst(b5,Const(24))
    x229 = SwitchCase(Block(Const(())))
    x252 = StreamOutBankedWrite(x238,ArrayBuffer(x251),ArrayBuffer(Set(b248)))
    x224 = FixMul(b5,Const(3))
    x225 = SRAMBankedWrite(x207,Vector(x224),Vector(List(Const(0))),Vector(b5),Vector(Set(x210, x216, x222)))
    x212 = SwitchCase(Block(Const(())))
    x237 = StreamOutNew(BurstCmdBus)
    x244 = UnitPipe(Set(),Block(Const(())),None)
    x236 = StateMachine(Set(),Const(0),Block((b5) => x208),Block((b5) => Const(())),Block((b5) => x235),Fix[TRUE,_32,_0])
    x219 = SwitchCase(Block(Const(())))
    x230 = Switch(List(x222, x223),Block(x229))
    x245 = CounterNew(Const(0),Const(32),Const(1),Const(1))
    x208 = FixLst(b5,Const(32))
    x213 = FixLst(b5,Const(16))
    x240 = DRAMAddress(x206)
    x251 = SimpleStruct(ArrayBuffer((_1,x250), (_2,Const(true))))
    x223 = Not(x222)
    x226 = SwitchCase(Block(Const(())))
    x241 = SimpleStruct(ArrayBuffer((offset,x240), (size,Const(128)), (isLoad,Const(false))))
    x255 = StreamInBankedRead(x239,ArrayBuffer(Set()))
    x209 = FixLst(b5,Const(8))
    x250 = VecApply(x249,0)
    x231 = SwitchCase(Block(Const(())))
    x218 = SRAMBankedWrite(x207,Vector(x217),Vector(List(Const(0))),Vector(b5),Vector(Set(x210, x215)))
    x258 = UnitPipe(Set(),Block(Const(())),None)
    x235 = FixAdd(b5,Const(1))
    x246 = CounterChainNew(List(x245))
    x207 = SRAMNew(List(Const(32)),SRAM1[Fix[TRUE,_32,_0]])
    x214 = FixLeq(Const(8),b5)
    x210 = Not(x209)
    x239 = StreamInNew(BurstAckBus)
    x242 = DRAMIsAlloc(x206)
    x254 = FringeDenseStore(x206,x237,x238,x239)
    x227 = FixSLA(b5,Const(2))
    x215 = And(x213,x214)
    x222 = And(x220,x221)
    x232 = Switch(List(x215, x216),Block(x231))
  Used:
    x249 = SRAMBankedRead(x207,Vector(List(Const(0))),Vector(b247),Vector(Set(b248)),Vec[Fix[TRUE,_32,_0]]) [Made: true]
    x234 = Switch(List(x209, x210),Block(x233)) [Made: true]
    () [Made: false]
    x217 = FixSLA(b5,Const(1)) [Made: true]
    b5 [Made: true]
    b247 [Made: true]
    x257 = UnitPipe(Set(),Block(Const(())),None) [Made: true]
    x228 = SRAMBankedWrite(x207,Vector(x227),Vector(List(Const(0))),Vector(b5),Vector(Set(x210, x216, x223))) [Made: true]
    x216 = Not(x215) [Made: true]
    x211 = SRAMBankedWrite(x207,Vector(b5),Vector(List(Const(0))),Vector(b5),Vector(Set(x209))) [Made: true]
    x253 = UnrolledForeach(Set(),x246,Block(Const(())),List(List(b247)),List(List(b248)),None) [Made: true]
    x238 = StreamOutNew(BurstFullDataBus()) [Made: true]
    x221 = FixLeq(Const(16),b5) [Made: true]
    x243 = StreamOutBankedWrite(x237,ArrayBuffer(x241),ArrayBuffer(Set(x242))) [Made: true]
    x206 = DRAMHostNew(List(Const(32)),Const(0)) [Made: false]
    x233 = SwitchCase(Block(Const(()))) [Made: true]
    b248 [Made: true]
    x220 = FixLst(b5,Const(24)) [Made: true]
    x229 = SwitchCase(Block(Const(()))) [Made: true]
    x252 = StreamOutBankedWrite(x238,ArrayBuffer(x251),ArrayBuffer(Set(b248))) [Made: true]
    x224 = FixMul(b5,Const(3)) [Made: true]
    x225 = SRAMBankedWrite(x207,Vector(x224),Vector(List(Const(0))),Vector(b5),Vector(Set(x210, x216, x222))) [Made: true]
    x212 = SwitchCase(Block(Const(()))) [Made: true]
    x237 = StreamOutNew(BurstCmdBus) [Made: true]
    x244 = UnitPipe(Set(),Block(Const(())),None) [Made: true]
    x219 = SwitchCase(Block(Const(()))) [Made: true]
    x230 = Switch(List(x222, x223),Block(x229)) [Made: true]
    x245 = CounterNew(Const(0),Const(32),Const(1),Const(1)) [Made: true]
    x208 = FixLst(b5,Const(32)) [Made: true]
    x213 = FixLst(b5,Const(16)) [Made: true]
    x240 = DRAMAddress(x206) [Made: true]
    x251 = SimpleStruct(ArrayBuffer((_1,x250), (_2,Const(true)))) [Made: true]
    x223 = Not(x222) [Made: true]
    x226 = SwitchCase(Block(Const(()))) [Made: true]
    x241 = SimpleStruct(ArrayBuffer((offset,x240), (size,Const(128)), (isLoad,Const(false)))) [Made: true]
    x255 = StreamInBankedRead(x239,ArrayBuffer(Set())) [Made: true]
    x209 = FixLst(b5,Const(8)) [Made: true]
    x250 = VecApply(x249,0) [Made: true]
    x231 = SwitchCase(Block(Const(()))) [Made: true]
    x218 = SRAMBankedWrite(x207,Vector(x217),Vector(List(Const(0))),Vector(b5),Vector(Set(x210, x215))) [Made: true]
    x235 = FixAdd(b5,Const(1)) [Made: true]
    x246 = CounterChainNew(List(x245)) [Made: true]
    x207 = SRAMNew(List(Const(32)),SRAM1[Fix[TRUE,_32,_0]]) [Made: true]
    x214 = FixLeq(Const(8),b5) [Made: true]
    x210 = Not(x209) [Made: true]
    x239 = StreamInNew(BurstAckBus) [Made: true]
    x242 = DRAMIsAlloc(x206) [Made: true]
    x254 = FringeDenseStore(x206,x237,x238,x239) [Made: true]
    x227 = FixSLA(b5,Const(2)) [Made: true]
    x215 = And(x213,x214) [Made: true]
    x222 = And(x220,x221) [Made: true]
    x232 = Switch(List(x215, x216),Block(x231)) [Made: true]
