[[34minfo[0m] Nova Profiling Report
[[34minfo[0m] init: 0.099s (100.00%)
[[34minfo[0m] compile: 2.285s (100.00%)
[[34minfo[0m] compile.ChiselGen: 0.369s (16.15%)
[[34minfo[0m] compile.IR: 0.197s (8.62%)
[[34minfo[0m] compile.staging: 0.184s (8.05%)
[[34minfo[0m] compile.ExecutorPass: 0.135s (5.91%)
[[34minfo[0m] compile.RegReadCSE: 0.082s (3.59%)
[[34minfo[0m] compile.CppGen: 0.078s (3.41%)
[[34minfo[0m] compile.BlackboxLowering: 0.078s (3.41%)
[[34minfo[0m] compile.MemoryAnalyzer: 0.072s (3.15%)
[[34minfo[0m] compile.UnrollingTransformer: 0.066s (2.89%)
[[34minfo[0m] compile.RetimingAnalyzer: 0.063s (2.76%)
[[34minfo[0m] compile.HtmlIRGenSpatial: 0.054s (2.36%)
[[34minfo[0m] compile.RewriteAnalyzer: 0.046s (2.01%)
[[34minfo[0m] compile.RetimingTransformer: 0.041s (1.79%)
[[34minfo[0m] compile.AccessAnalyzer: 0.041s (1.79%)
[[34minfo[0m] compile.RuntimeModelGenerator: 0.041s (1.79%)
[[34minfo[0m] compile.TransientCleanup: 0.039s (1.71%)
[[34minfo[0m] compile.DuplicateRetimeStripper: 0.035s (1.53%)
[[34minfo[0m] compile.SwitchTransformer: 0.032s (1.40%)
[[34minfo[0m] compile.SwitchOptimizer: 0.03s (1.31%)
[[34minfo[0m] compile.PipeInserter: 0.025s (1.09%)
[[34minfo[0m] compile.StreamTransformer: 0.024s (1.05%)
[[34minfo[0m] compile.FriendlyTransformer: 0.024s (1.05%)
[[34minfo[0m] compile.InitiationAnalyzer: 0.022s (0.96%)
[[34minfo[0m] compile.TreeGen: 0.019s (0.83%)
[[34minfo[0m] compile.LaneStaticTransformer: 0.018s (0.79%)
[[34minfo[0m] compile.FIFOInitializer: 0.016s (0.70%)
[[34minfo[0m] compile.RetimeReporter: 0.016s (0.70%)
[[34minfo[0m] compile.UseAnalyzer: 0.015s (0.66%)
[[34minfo[0m] compile.RewriteTransformer: 0.012s (0.53%)
[[34minfo[0m] compile.BindingTransformer: 0.012s (0.53%)
[[34minfo[0m] compile.MemoryReporter: 0.011s (0.48%)
[[34minfo[0m] compile.AccumAnalyzer: 0.011s (0.48%)
[[34minfo[0m] compile.MemoryDealiasing: 0.011s (0.48%)
[[34minfo[0m] compile.MemoryAllocator: 0.01s (0.44%)
[[34minfo[0m] compile.AccumTransformer: 0.01s (0.44%)
[[34minfo[0m] compile.MemoryCleanupTransformer: 0.006s (0.26%)
[[34minfo[0m] compile.FlatteningTransformer: 0.006s (0.26%)
[[34minfo[0m] compile.CompilerSanityChecks: 0.006s (0.26%)
[[34minfo[0m] compile.BroadcastCleanupAnalyzer: 0.004s (0.18%)
[[34minfo[0m] compile.ResourceCountReporter: 0.003s (0.13%)
[[34minfo[0m] compile.BufferRecompute: 0.002s (0.09%)
[[34minfo[0m] compile.IterationDiffAnalyzer: 0.002s (0.09%)
[[34minfo[0m] compile.CLINaming: 0.001s (0.04%)
[[34minfo[0m] compile.UserSanityChecks: 0.001s (0.04%)
[[34minfo[0m] compile.MetadataStripper: 0.001s (0.04%)
[[34minfo[0m] compile.CounterIterSynchronization: 0.001s (0.04%)
