[[34minfo[0m] @flow analyses
[[34minfo[0m] flows: 0.0s (NaN%)
[[34minfo[0m] flows.controlLevel: 0.034s (100.00%)
[[34minfo[0m] flows.controlSchedule: 0.022s (100.00%)
[[34minfo[0m] flows.globals: 0.018s (100.00%)
[[34minfo[0m] flows.streams: 0.018s (100.00%)
[[34minfo[0m] flows.accumulator: 0.017s (100.00%)
[[34minfo[0m] flows.blockLevel: 0.013s (100.00%)
[[34minfo[0m] flows.memories: 0.008s (100.00%)
[[34minfo[0m] flows.accesses: 0.007s (100.00%)
[[34minfo[0m] flows.blackbox: 0.001s (100.00%)
[[34minfo[0m] flows.transferDataToAllNew_x224: 0.0s (NaN%)


flows.blockLevel: 0.013s
flows.blackbox: 0.001s
flows.controlLevel: 0.034s
flows.accumulator: 0.017s
flows.transferDataToAllNew_x224: 0.0s
flows.streams: 0.018s
flows.memories: 0.008s
flows.accesses: 0.007s
flows.controlSchedule: 0.022s
flows.globals: 0.018s
