DRAM: x1 (List(Const(16))), dim: Const(16) = isValue, mapping to Const(16)
    Stms:
      x5 = CounterNew(Const(0),Const(16),Const(1),Const(1))
      x14 = CounterChainNew(List(x12))
      x20 = SRAMWrite(x2,x17,List(b8),Set())
      x6 = CounterChainNew(Vector(x5))
      x21 = OpMemReduce(Set(),x4,x6,x2,Block(x11),Block((x11) => x18),Block((x2) => x19),Block((b9,b10) => x17),Block((x2,x17) => x20),None,true,List(b7),List(b8),None,Fix[TRUE,_32,_0],SRAM1[Fix[TRUE,_32,_0]])
      x2 = SRAMNew(List(Const(16)),SRAM1[Fix[TRUE,_32,_0]])
      x17 = FixAdd(b9,b10)
      x22 = DenseTransfer(x1,x2,false,false,Set(),Fix[TRUE,_32,_0],SRAM1[Fix[TRUE,_32,_0]],DRAM1[Fix[TRUE,_32,_0]])
      x12 = CounterNew(Const(0),Const(16),Const(1),Const(1))
      x3 = CounterNew(Const(-5),Const(5),Const(1),Const(1))
      x18 = SRAMRead(x11,List(b8),Set())
      x16 = OpForeach(Set(),x14,Block(Const(())),List(b13),None)
      x11 = SRAMNew(List(Const(16)),SRAM1[Fix[TRUE,_32,_0]])
      x19 = SRAMRead(x2,List(b8),Set())
      x4 = CounterChainNew(List(x3))
      x15 = SRAMWrite(x11,Const(1),List(b13),Set())
    Used:
      () [Made: false]
      x5 = CounterNew(Const(0),Const(16),Const(1),Const(1)) [Made: true]
      b10 [Made: true]
      x14 = CounterChainNew(List(x12)) [Made: true]
      x20 = SRAMWrite(x2,x17,List(b8),Set()) [Made: true]
      x1 = DRAMHostNew(List(Const(16)),Const(0)) [Made: false]
      x6 = CounterChainNew(Vector(x5)) [Made: true]
      b9 [Made: true]
      b13 [Made: true]
      x2 = SRAMNew(List(Const(16)),SRAM1[Fix[TRUE,_32,_0]]) [Made: true]
      x17 = FixAdd(b9,b10) [Made: true]
      x12 = CounterNew(Const(0),Const(16),Const(1),Const(1)) [Made: true]
      x3 = CounterNew(Const(-5),Const(5),Const(1),Const(1)) [Made: true]
      x18 = SRAMRead(x11,List(b8),Set()) [Made: true]
      x16 = OpForeach(Set(),x14,Block(Const(())),List(b13),None) [Made: true]
      x11 = SRAMNew(List(Const(16)),SRAM1[Fix[TRUE,_32,_0]]) [Made: true]
      b8 [Made: true]
      x19 = SRAMRead(x2,List(b8),Set()) [Made: true]
      x4 = CounterChainNew(List(x3)) [Made: true]
      x15 = SRAMWrite(x11,Const(1),List(b13),Set()) [Made: true]
