    visiting x1 = DRAMHostNew(List(Const(16)),Const(0))
      visiting x2 = SRAMNew(List(Const(16)),SRAM1[Fix[TRUE,_32,_0]])
      visiting x3 = CounterNew(Const(-5),Const(5),Const(1),Const(1))
      visiting x4 = CounterChainNew(List(x3))
      visiting x5 = CounterNew(Const(0),Const(16),Const(1),Const(1))
      visiting x6 = CounterChainNew(Vector(x5))
      visiting x21 = OpMemReduce(Set(),x4,x6,x2,Block(x11),Block((x11) => x18),Block((x2) => x19),Block((b9,b10) => x17),Block((x2,x17) => Const(())),None,true,List(b7),List(b8),None,Fix[TRUE,_32,_0],SRAM1[Fix[TRUE,_32,_0]])
        visiting x11 = SRAMNew(List(Const(16)),SRAM1[Fix[TRUE,_32,_0]])
        visiting x12 = CounterNew(Const(0),Const(16),Const(1),Const(1))
        visiting x14 = CounterChainNew(List(x12))
        visiting x16 = OpForeach(Set(),x14,Block(Const(())),List(b13),None)
          visiting x15 = SRAMWrite(x11,Const(1),List(b13),Set())
        visiting x18 = SRAMRead(x11,List(b8),Set())
        visiting x19 = SRAMRead(x2,List(b8),Set())
        visiting x17 = FixAdd(b9,b10)
        visiting x20 = SRAMWrite(x2,x17,List(b8),Set())
      visiting x84 = UnitPipe(Set(),Block(Const(())),None)
        visiting x66 = StreamOutNew(BurstCmdBus)
        visiting x67 = StreamOutNew(BurstFullDataBus())
        visiting x68 = StreamInNew(BurstAckBus)
        visiting x73 = UnitPipe(Set(),Block(Const(())),None)
          visiting x69 = DRAMAddress(x1)
          visiting x70 = SimpleStruct(ArrayBuffer((offset,x69), (size,Const(64)), (isLoad,Const(false))))
          visiting x71 = DRAMIsAlloc(x1)
          visiting x72 = StreamOutWrite(x66,x70,Set(x71))
        visiting x74 = CounterNew(Const(0),Const(16),Const(1),Const(1))
        visiting x76 = CounterChainNew(List(x74))
        visiting x80 = OpForeach(Set(),x76,Block(Const(())),List(b75),None)
          visiting x77 = SRAMRead(x2,List(b75),Set())
          visiting x78 = SimpleStruct(ArrayBuffer((_1,x77), (_2,Const(true))))
          visiting x79 = StreamOutWrite(x67,x78,Set())
        visiting x81 = FringeDenseStore(x1,x66,x67,x68)
        visiting x83 = UnitPipe(Set(),Block(Const(())),None)
          visiting x82 = StreamInRead(x68,Set())
    visiting x24 = ArrayNew(Const(16))
    visiting x25 = GetMem(x1,x24)
    visiting x27 = MapIndices(Const(16),Block((b26) => Const(10)))
    visiting x28 = TextConcat(List(Const("expected: "), Const("\n")))
    visiting x29 = PrintIf(Set(),x28)
    visiting x30 = ArrayLength(x27)
    visiting x36 = SeriesForeach(Const(0),x30,Const(1),Block((b31) => Const(())))
      visiting x32 = ArrayApply(x27,b31)
      visiting x33 = FixToText(x32,None)
      visiting x34 = TextConcat(List(x33, Const(" ")))
      visiting x35 = PrintIf(Set(),x34)
    visiting x37 = PrintIf(Set(),Const("\n"))
    visiting x38 = TextConcat(List(Const("result:   "), Const("\n")))
    visiting x39 = PrintIf(Set(),x38)
    visiting x40 = ArrayLength(x24)
    visiting x46 = SeriesForeach(Const(0),x40,Const(1),Block((b41) => Const(())))
      visiting x42 = ArrayApply(x24,b41)
      visiting x43 = FixToText(x42,None)
      visiting x44 = TextConcat(List(x43, Const(" ")))
      visiting x45 = PrintIf(Set(),x44)
    visiting x47 = PrintIf(Set(),Const("\n"))
    visiting x52 = ArrayZip(x27,x24,Block((x27,b48) => x49),Block((x24,b48) => x50),Block((x49,x50) => x51))
      visiting x49 = ArrayApply(x27,b48)
      visiting x50 = ArrayApply(x24,b48)
      visiting x51 = FixEql(x49,x50)
    visiting x58 = ArrayReduce(x52,Block((x52,b53) => x56),Block((b54,b55) => x57))
      visiting x56 = ArrayApply(x52,b53)
      visiting x57 = And(b54,b55)
    visiting x59 = BitToText(x58)
    visiting x60 = TextConcat(List(Const("PASS: "), x59))
    visiting x61 = TextConcat(List(x60, Const(" (Lab2Part2SimpleMemFold)")))
    visiting x62 = TextConcat(List(x61, Const("\n")))
    visiting x63 = PrintIf(Set(),x62)
    visiting x65 = AssertIf(Set(),x58,Some(Const("Lab2Part1.scala:54:11: Assertion failure")))
