    x119 = AccelScope(Block(Const(())))
      x119 Body #0: 
        x119 body #0 block #0 [Outer]
      Alloc: x86 = Some(SRAMNew(List(Const(16)),SRAM1[Fix[TRUE,_32,_0]]))
      Alloc: x87 = Some(CounterNew(Const(-5),Const(5),Const(1),Const(1)))
      Alloc: x88 = Some(CounterChainNew(List(x87)))
      Alloc: x89 = Some(CounterNew(Const(0),Const(16),Const(1),Const(1)))
      Alloc: x90 = Some(CounterChainNew(Vector(x89)))
      Control: x100 = Some(OpMemReduce(Set(),x88,x90,x86,Block(x91),Block((x91) => x96),Block((x86) => x97),Block((b9,b10) => x98),Block((x86,x98) => Const(())),None,true,List(b7),List(b8),None,Fix[TRUE,_32,_0],SRAM1[Fix[TRUE,_32,_0]]))
      Control: x118 = Some(UnitPipe(Set(),Block(Const(())),None))
      stage bindings: ArrayBuffer(ArrayBuffer(spatial.transform.PipeInserter$Stage@4aea7218), ArrayBuffer(spatial.transform.PipeInserter$Stage@3ccb9cd7), ArrayBuffer(spatial.transform.PipeInserter$Stage@a18f757), ArrayBuffer(spatial.transform.PipeInserter$Stage@2774781e), ArrayBuffer(spatial.transform.PipeInserter$Stage@3e17b45a), ArrayBuffer(spatial.transform.PipeInserter$Stage@5e5aba6b), ArrayBuffer(spatial.transform.PipeInserter$Stage@13b55cb8), ArrayBuffer(spatial.transform.PipeInserter$Stage@17856258))
      Stage #0, 0: [Outer]
      Stage #1, 0: [Outer]
        x86 = SRAMNew(List(Const(16)),SRAM1[Fix[TRUE,_32,_0]])
      Stage #2, 0: [Outer]
        x87 = CounterNew(Const(-5),Const(5),Const(1),Const(1))
      Stage #3, 0: [Outer]
        x88 = CounterChainNew(List(x87))
      Stage #4, 0: [Outer]
        x89 = CounterNew(Const(0),Const(16),Const(1),Const(1))
      Stage #5, 0: [Outer]
        x90 = CounterChainNew(Vector(x89))
      Stage #6, 0: [Outer]
        x100 = OpMemReduce(Set(),x88,x90,x86,Block(x91),Block((x91) => x96),Block((x86) => x97),Block((b9,b10) => x98),Block((x86,x98) => Const(())),None,true,List(b7),List(b8),None,Fix[TRUE,_32,_0],SRAM1[Fix[TRUE,_32,_0]])
      x100 = OpMemReduce(Set(),x88,x90,x86,Block(x91),Block((x91) => x96),Block((x86) => x97),Block((b9,b10) => x98),Block((x86,x98) => Const(())),None,true,List(b7),List(b8),None,Fix[TRUE,_32,_0],SRAM1[Fix[TRUE,_32,_0]])
        x100 Body #0: 
          x100 body #0 block #0 [Outer]
        Alloc: x91 = Some(SRAMNew(List(Const(16)),SRAM1[Fix[TRUE,_32,_0]]))
        Alloc: x92 = Some(CounterNew(Const(0),Const(16),Const(1),Const(1)))
        Alloc: x93 = Some(CounterChainNew(List(x92)))
        Control: x95 = Some(OpForeach(Set(),x93,Block(Const(())),List(b13),None))
        stage bindings: ArrayBuffer(ArrayBuffer(spatial.transform.PipeInserter$Stage@14b3a196), ArrayBuffer(spatial.transform.PipeInserter$Stage@1fb1c889), ArrayBuffer(spatial.transform.PipeInserter$Stage@2658175b), ArrayBuffer(spatial.transform.PipeInserter$Stage@1a73266a), ArrayBuffer(spatial.transform.PipeInserter$Stage@13459ba3))
        Stage #0, 0: [Outer]
        Stage #1, 0: [Outer]
          x91 = SRAMNew(List(Const(16)),SRAM1[Fix[TRUE,_32,_0]])
        Stage #2, 0: [Outer]
          x92 = CounterNew(Const(0),Const(16),Const(1),Const(1))
        Stage #3, 0: [Outer]
          x93 = CounterChainNew(List(x92))
        Stage #4, 0: [Outer]
          x95 = OpForeach(Set(),x93,Block(Const(())),List(b13),None)
        x100 Body #1: 
          x100 body #1 block #0 [Inner]
          x100 body #1 block #1 [Inner]
          x100 body #1 block #2 [Inner]
          x100 body #1 block #3 [Inner]
      Stage #7, 0: [Outer]
        x118 = UnitPipe(Set(),Block(Const(())),None)
      x118 = UnitPipe(Set(),Block(Const(())),None)
        x118 Body #0: 
          x118 body #0 block #0 [Outer]
        Alloc: x101 = Some(StreamOutNew(BurstCmdBus))
        Alloc: x102 = Some(StreamOutNew(BurstFullDataBus()))
        Alloc: x103 = Some(StreamInNew(BurstAckBus))
        Control: x108 = Some(UnitPipe(Set(),Block(Const(())),None))
        Alloc: x109 = Some(CounterNew(Const(0),Const(16),Const(1),Const(1)))
        Alloc: x110 = Some(CounterChainNew(List(x109)))
        Control: x114 = Some(OpForeach(Set(),x110,Block(Const(())),List(b75),None))
        Fringe: x115 = Some(FringeDenseStore(x85,x101,x102,x103))
        Control: x117 = Some(UnitPipe(Set(),Block(Const(())),None))
        Binding stages ArrayBuffer(spatial.transform.PipeInserter$Stage@2a1ecc2, spatial.transform.PipeInserter$Stage@64a5c102, spatial.transform.PipeInserter$Stage@67e6eb8a, spatial.transform.PipeInserter$Stage@5841ec56, spatial.transform.PipeInserter$Stage@558bcc60, spatial.transform.PipeInserter$Stage@1fecaa02, spatial.transform.PipeInserter$Stage@4f86a8ce, spatial.transform.PipeInserter$Stage@1872ce34, spatial.transform.PipeInserter$Stage@1311e996, spatial.transform.PipeInserter$Stage@69d7fd4c) for Parallel execution:
         - Outer stage spatial.transform.PipeInserter$Stage@2a1ecc2 0
         - Outer stage spatial.transform.PipeInserter$Stage@64a5c102 1
         - Outer stage spatial.transform.PipeInserter$Stage@67e6eb8a 2
         - Outer stage spatial.transform.PipeInserter$Stage@5841ec56 3
         - Outer stage spatial.transform.PipeInserter$Stage@558bcc60 4
         - Outer stage spatial.transform.PipeInserter$Stage@1fecaa02 5
         - Outer stage spatial.transform.PipeInserter$Stage@4f86a8ce 6
         - Outer stage spatial.transform.PipeInserter$Stage@1872ce34 7
         - Outer stage spatial.transform.PipeInserter$Stage@1311e996 8
         - Last stage spatial.transform.PipeInserter$Stage@69d7fd4c
        stage bindings: ArrayBuffer(ArrayBuffer(spatial.transform.PipeInserter$Stage@2a1ecc2), ArrayBuffer(spatial.transform.PipeInserter$Stage@64a5c102), ArrayBuffer(spatial.transform.PipeInserter$Stage@67e6eb8a), ArrayBuffer(spatial.transform.PipeInserter$Stage@5841ec56), ArrayBuffer(spatial.transform.PipeInserter$Stage@558bcc60), ArrayBuffer(spatial.transform.PipeInserter$Stage@1fecaa02), ArrayBuffer(spatial.transform.PipeInserter$Stage@4f86a8ce), ArrayBuffer(spatial.transform.PipeInserter$Stage@1872ce34), ArrayBuffer(spatial.transform.PipeInserter$Stage@1311e996), ArrayBuffer(spatial.transform.PipeInserter$Stage@69d7fd4c))
        Stage #0, 0: [Outer]
        Stage #1, 0: [Outer]
          x101 = StreamOutNew(BurstCmdBus)
        Stage #2, 0: [Outer]
          x102 = StreamOutNew(BurstFullDataBus())
        Stage #3, 0: [Outer]
          x103 = StreamInNew(BurstAckBus)
        Stage #4, 0: [Outer]
          x108 = UnitPipe(Set(),Block(Const(())),None)
        Stage #5, 0: [Outer]
          x109 = CounterNew(Const(0),Const(16),Const(1),Const(1))
        Stage #6, 0: [Outer]
          x110 = CounterChainNew(List(x109))
        Stage #7, 0: [Outer]
          x114 = OpForeach(Set(),x110,Block(Const(())),List(b75),None)
        Stage #8, 0: [Outer]
          x115 = FringeDenseStore(x85,x101,x102,x103)
        Stage #9, 0: [Outer]
          x117 = UnitPipe(Set(),Block(Const(())),None)
