    Attempt to bundle children of x119 (List(x186, x208))
    Conflict between:
     - Prev rd/wr: Set(x161, x170)
     - Next rd/wr: Set(x189, x160, x188, x161, x187)
     - Next wr + Prev wr + addressable: Set(x161, x187, x170, x188, x189, x160)
     - Stream dependency: false
     - Prev Stream dependency (child #1 only): false
     - BreakWhen dependency: false
     - (or someone should not bind next: false prev: false)!
    Placing x208 in group 1
    Bundled child 0 contains List(x186)
    Bundled child 1 contains List(x208)
      Attempt to bundle children of x186 (List(x176, x185))
      Conflict between:
       - Prev rd/wr: Set(x170)
       - Next rd/wr: Set(x161, x170)
       - Next wr + Prev wr + addressable: Set(x161, x170)
       - Stream dependency: false
       - Prev Stream dependency (child #1 only): false
       - BreakWhen dependency: false
       - (or someone should not bind next: false prev: false)!
      Placing x185 in group 1
      Bundled child 0 contains List(x176)
      Bundled child 1 contains List(x185)
