        - Writer x175, lane 0 is NOT broadcast
        - Propogating info to Const(0)
        - Propogating info to b173
        - Propogating info to b174
        - Propogating info to b168
        - Propogating info to b174
        - Propogating info to b168
        - Propogating info to Const(1)
        - Writer x184, lane 0 is NOT broadcast
        - Propogating info to Const(0)
        - Propogating info to b167
        - Propogating info to x244
        - Propogating info to b169
        - Propogating info to x243
        - Propogating info to x178
        - Propogating info to x180
        - Propogating info to x183
      Node x244 has BroadcastAddress metadata defined as false 
        - Propogating info to b167
      Node x243 has BroadcastAddress metadata defined as false 
        - Propogating info to b169
      Node x183 has BroadcastAddress metadata defined as false 
        - Propogating info to x178
        - Propogating info to x180
      Node x180 has BroadcastAddress metadata defined as false 
        - Propogating info to x179
        - Reader x179, lane 0 is NOT broadcast
        - Propogating info to Const(0)
        - Propogating info to b167
        - Propogating info to b169
      Node x178 has BroadcastAddress metadata defined as false 
        - Propogating info to x177
        - Reader x177, lane 0 is NOT broadcast
        - Propogating info to Const(0)
        - Propogating info to b167
        - Propogating info to b169
      Node x192 has BroadcastAddress metadata defined as false 
        - Propogating info to x160
      Node x191 has BroadcastAddress metadata defined as false 
        - Propogating info to x190
      Node x190 has BroadcastAddress metadata defined as false 
        - Propogating info to x160
      Node x245 has BroadcastAddress metadata defined as false 
        - Propogating info to b198
      Node x201 has BroadcastAddress metadata defined as false 
        - Propogating info to x200
      Node x200 has BroadcastAddress metadata defined as false 
        - Propogating info to x199
        - Reader x199, lane 0 is NOT broadcast
        - Propogating info to Const(0)
        - Propogating info to b197
        - Propogating info to b198
