Stms:
  x170 = SRAMNew(List(Const(16)),SRAM1[Fix[TRUE,_32,_0]])
  x202 = StreamOutBankedWrite(x188,ArrayBuffer(x201),ArrayBuffer(Set(x245)))
  x185 = UnrolledForeach(Set(),x165,Block(Const(())),Vector(List(b167)),Vector(List(b169)),None)
  x184 = SRAMBankedWrite(x161,Vector(x183),Vector(List(Const(0))),Vector(x244),Vector(Set(x243)))
  x196 = CounterChainNew(List(x195))
  x189 = StreamInNew(BurstAckBus)
  x164 = CounterNew(Const(0),Const(16),Const(1),Const(1))
  x179 = SRAMBankedRead(x161,Vector(List(Const(0))),Vector(b167),Vector(Set(b169)),Vec[Fix[TRUE,_32,_0]])
  x243 = DelayLine(3,b169)
  x201 = SimpleStruct(ArrayBuffer((_1,x200), (_2,Const(true))))
  x192 = DRAMIsAlloc(x160)
  x165 = CounterChainNew(Vector(x164))
  x188 = StreamOutNew(BurstFullDataBus())
  x193 = StreamOutBankedWrite(x187,ArrayBuffer(x191),ArrayBuffer(Set(x192)))
  x244 = DelayLine(3,b167)
  x205 = StreamInBankedRead(x189,ArrayBuffer(Set()))
  x161 = SRAMNew(List(Const(16)),SRAM1[Fix[TRUE,_32,_0]])
  x180 = VecApply(x179,0)
  x176 = UnrolledForeach(Set(b168),x172,Block(Const(())),List(List(b173)),List(List(b174)),None)
  x191 = SimpleStruct(ArrayBuffer((offset,x190), (size,Const(64)), (isLoad,Const(false))))
  x204 = FringeDenseStore(x160,x187,x188,x189)
  x187 = StreamOutNew(BurstCmdBus)
  x172 = CounterChainNew(List(x171))
  x245 = DelayLine(2,b198)
  x208 = UnitPipe(Set(),Block(Const(())),None)
  x162 = CounterNew(Const(-5),Const(5),Const(1),Const(1))
  x194 = UnitPipe(Set(),Block(Const(())),None)
  x199 = SRAMBankedRead(x161,Vector(List(Const(0))),Vector(b197),Vector(Set(b198)),Vec[Fix[TRUE,_32,_0]])
  x177 = SRAMBankedRead(x170,Vector(List(Const(0))),Vector(b167),Vector(Set(b169)),Vec[Fix[TRUE,_32,_0]])
  x175 = SRAMBankedWrite(x170,Vector(Const(1)),Vector(List(Const(0))),Vector(b173),Vector(Set(b174, b168)))
  x203 = UnrolledForeach(Set(),x196,Block(Const(())),List(List(b197)),List(List(b198)),None)
  x186 = UnrolledReduce(Set(),x163,Block((x161) => Const(())),List(List(b166)),List(List(b168)),None)
  x171 = CounterNew(Const(0),Const(16),Const(1),Const(1))
  x207 = UnitPipe(Set(),Block(Const(())),None)
  x190 = DRAMAddress(x160)
  x183 = FixAdd(x178,x180)
  x195 = CounterNew(Const(0),Const(16),Const(1),Const(1))
  x163 = CounterChainNew(List(x162))
  x200 = VecApply(x199,0)
  x178 = VecApply(x177,0)
Used:
  () [Made: false]
  x170 = SRAMNew(List(Const(16)),SRAM1[Fix[TRUE,_32,_0]]) [Made: true]
  x202 = StreamOutBankedWrite(x188,ArrayBuffer(x201),ArrayBuffer(Set(x245))) [Made: true]
  b174 [Made: true]
  x185 = UnrolledForeach(Set(),x165,Block(Const(())),Vector(List(b167)),Vector(List(b169)),None) [Made: true]
  x184 = SRAMBankedWrite(x161,Vector(x183),Vector(List(Const(0))),Vector(x244),Vector(Set(x243))) [Made: true]
  x196 = CounterChainNew(List(x195)) [Made: true]
  x189 = StreamInNew(BurstAckBus) [Made: true]
  x164 = CounterNew(Const(0),Const(16),Const(1),Const(1)) [Made: true]
  x179 = SRAMBankedRead(x161,Vector(List(Const(0))),Vector(b167),Vector(Set(b169)),Vec[Fix[TRUE,_32,_0]]) [Made: true]
  x243 = DelayLine(3,b169) [Made: true]
  x201 = SimpleStruct(ArrayBuffer((_1,x200), (_2,Const(true)))) [Made: true]
  x160 = DRAMHostNew(List(Const(16)),Const(0)) [Made: false]
  x192 = DRAMIsAlloc(x160) [Made: true]
  x165 = CounterChainNew(Vector(x164)) [Made: true]
  b197 [Made: true]
  x188 = StreamOutNew(BurstFullDataBus()) [Made: true]
  b169 [Made: true]
  x193 = StreamOutBankedWrite(x187,ArrayBuffer(x191),ArrayBuffer(Set(x192))) [Made: true]
  b173 [Made: true]
  x244 = DelayLine(3,b167) [Made: true]
  x205 = StreamInBankedRead(x189,ArrayBuffer(Set())) [Made: true]
  x161 = SRAMNew(List(Const(16)),SRAM1[Fix[TRUE,_32,_0]]) [Made: true]
  x180 = VecApply(x179,0) [Made: true]
  x176 = UnrolledForeach(Set(b168),x172,Block(Const(())),List(List(b173)),List(List(b174)),None) [Made: true]
  x191 = SimpleStruct(ArrayBuffer((offset,x190), (size,Const(64)), (isLoad,Const(false)))) [Made: true]
  x204 = FringeDenseStore(x160,x187,x188,x189) [Made: true]
  x187 = StreamOutNew(BurstCmdBus) [Made: true]
  x172 = CounterChainNew(List(x171)) [Made: true]
  x245 = DelayLine(2,b198) [Made: true]
  b198 [Made: true]
  b167 [Made: true]
  x162 = CounterNew(Const(-5),Const(5),Const(1),Const(1)) [Made: true]
  x194 = UnitPipe(Set(),Block(Const(())),None) [Made: true]
  x199 = SRAMBankedRead(x161,Vector(List(Const(0))),Vector(b197),Vector(Set(b198)),Vec[Fix[TRUE,_32,_0]]) [Made: true]
  x177 = SRAMBankedRead(x170,Vector(List(Const(0))),Vector(b167),Vector(Set(b169)),Vec[Fix[TRUE,_32,_0]]) [Made: true]
  x175 = SRAMBankedWrite(x170,Vector(Const(1)),Vector(List(Const(0))),Vector(b173),Vector(Set(b174, b168))) [Made: true]
  x203 = UnrolledForeach(Set(),x196,Block(Const(())),List(List(b197)),List(List(b198)),None) [Made: true]
  x171 = CounterNew(Const(0),Const(16),Const(1),Const(1)) [Made: true]
  x207 = UnitPipe(Set(),Block(Const(())),None) [Made: true]
  b168 [Made: true]
  x190 = DRAMAddress(x160) [Made: true]
  x183 = FixAdd(x178,x180) [Made: true]
  x195 = CounterNew(Const(0),Const(16),Const(1),Const(1)) [Made: true]
  x163 = CounterChainNew(List(x162)) [Made: true]
  x200 = VecApply(x199,0) [Made: true]
  x178 = VecApply(x177,0) [Made: true]
Inputs for x119 are (Set(x160) ++ Set() ++ Set(x160, x187, x188, x189) ++ Set()) diff Set(x164, x165, x161, x208, x162, x186, x163) ++ Set(x160, x187, x188, x189)
Stms:
  x170 = SRAMNew(List(Const(16)),SRAM1[Fix[TRUE,_32,_0]])
  x202 = StreamOutBankedWrite(x188,ArrayBuffer(x201),ArrayBuffer(Set(x245)))
  x185 = UnrolledForeach(Set(),x165,Block(Const(())),Vector(List(b167)),Vector(List(b169)),None)
  x184 = SRAMBankedWrite(x161,Vector(x183),Vector(List(Const(0))),Vector(x244),Vector(Set(x243)))
  x196 = CounterChainNew(List(x195))
  x189 = StreamInNew(BurstAckBus)
  x164 = CounterNew(Const(0),Const(16),Const(1),Const(1))
  x179 = SRAMBankedRead(x161,Vector(List(Const(0))),Vector(b167),Vector(Set(b169)),Vec[Fix[TRUE,_32,_0]])
  x243 = DelayLine(3,b169)
  x201 = SimpleStruct(ArrayBuffer((_1,x200), (_2,Const(true))))
  x192 = DRAMIsAlloc(x160)
  x165 = CounterChainNew(Vector(x164))
  x188 = StreamOutNew(BurstFullDataBus())
  x193 = StreamOutBankedWrite(x187,ArrayBuffer(x191),ArrayBuffer(Set(x192)))
  x244 = DelayLine(3,b167)
  x205 = StreamInBankedRead(x189,ArrayBuffer(Set()))
  x161 = SRAMNew(List(Const(16)),SRAM1[Fix[TRUE,_32,_0]])
  x180 = VecApply(x179,0)
  x176 = UnrolledForeach(Set(b168),x172,Block(Const(())),List(List(b173)),List(List(b174)),None)
  x191 = SimpleStruct(ArrayBuffer((offset,x190), (size,Const(64)), (isLoad,Const(false))))
  x204 = FringeDenseStore(x160,x187,x188,x189)
  x187 = StreamOutNew(BurstCmdBus)
  x172 = CounterChainNew(List(x171))
  x245 = DelayLine(2,b198)
  x208 = UnitPipe(Set(),Block(Const(())),None)
  x162 = CounterNew(Const(-5),Const(5),Const(1),Const(1))
  x194 = UnitPipe(Set(),Block(Const(())),None)
  x199 = SRAMBankedRead(x161,Vector(List(Const(0))),Vector(b197),Vector(Set(b198)),Vec[Fix[TRUE,_32,_0]])
  x177 = SRAMBankedRead(x170,Vector(List(Const(0))),Vector(b167),Vector(Set(b169)),Vec[Fix[TRUE,_32,_0]])
  x175 = SRAMBankedWrite(x170,Vector(Const(1)),Vector(List(Const(0))),Vector(b173),Vector(Set(b174, b168)))
  x203 = UnrolledForeach(Set(),x196,Block(Const(())),List(List(b197)),List(List(b198)),None)
  x186 = UnrolledReduce(Set(),x163,Block((x161) => Const(())),List(List(b166)),List(List(b168)),None)
  x171 = CounterNew(Const(0),Const(16),Const(1),Const(1))
  x207 = UnitPipe(Set(),Block(Const(())),None)
  x190 = DRAMAddress(x160)
  x183 = FixAdd(x178,x180)
  x195 = CounterNew(Const(0),Const(16),Const(1),Const(1))
  x163 = CounterChainNew(List(x162))
  x200 = VecApply(x199,0)
  x178 = VecApply(x177,0)
Used:
  () [Made: false]
  x170 = SRAMNew(List(Const(16)),SRAM1[Fix[TRUE,_32,_0]]) [Made: true]
  x202 = StreamOutBankedWrite(x188,ArrayBuffer(x201),ArrayBuffer(Set(x245))) [Made: true]
  b174 [Made: true]
  x185 = UnrolledForeach(Set(),x165,Block(Const(())),Vector(List(b167)),Vector(List(b169)),None) [Made: true]
  x184 = SRAMBankedWrite(x161,Vector(x183),Vector(List(Const(0))),Vector(x244),Vector(Set(x243))) [Made: true]
  x196 = CounterChainNew(List(x195)) [Made: true]
  x189 = StreamInNew(BurstAckBus) [Made: true]
  x164 = CounterNew(Const(0),Const(16),Const(1),Const(1)) [Made: true]
  x179 = SRAMBankedRead(x161,Vector(List(Const(0))),Vector(b167),Vector(Set(b169)),Vec[Fix[TRUE,_32,_0]]) [Made: true]
  x243 = DelayLine(3,b169) [Made: true]
  x201 = SimpleStruct(ArrayBuffer((_1,x200), (_2,Const(true)))) [Made: true]
  x160 = DRAMHostNew(List(Const(16)),Const(0)) [Made: false]
  x192 = DRAMIsAlloc(x160) [Made: true]
  x165 = CounterChainNew(Vector(x164)) [Made: true]
  b197 [Made: true]
  x188 = StreamOutNew(BurstFullDataBus()) [Made: true]
  b169 [Made: true]
  x193 = StreamOutBankedWrite(x187,ArrayBuffer(x191),ArrayBuffer(Set(x192))) [Made: true]
  b173 [Made: true]
  x244 = DelayLine(3,b167) [Made: true]
  x205 = StreamInBankedRead(x189,ArrayBuffer(Set())) [Made: true]
  x161 = SRAMNew(List(Const(16)),SRAM1[Fix[TRUE,_32,_0]]) [Made: true]
  x180 = VecApply(x179,0) [Made: true]
  x176 = UnrolledForeach(Set(b168),x172,Block(Const(())),List(List(b173)),List(List(b174)),None) [Made: true]
  x191 = SimpleStruct(ArrayBuffer((offset,x190), (size,Const(64)), (isLoad,Const(false)))) [Made: true]
  x204 = FringeDenseStore(x160,x187,x188,x189) [Made: true]
  x187 = StreamOutNew(BurstCmdBus) [Made: true]
  x172 = CounterChainNew(List(x171)) [Made: true]
  x245 = DelayLine(2,b198) [Made: true]
  b198 [Made: true]
  b167 [Made: true]
  x162 = CounterNew(Const(-5),Const(5),Const(1),Const(1)) [Made: true]
  x194 = UnitPipe(Set(),Block(Const(())),None) [Made: true]
  x199 = SRAMBankedRead(x161,Vector(List(Const(0))),Vector(b197),Vector(Set(b198)),Vec[Fix[TRUE,_32,_0]]) [Made: true]
  x177 = SRAMBankedRead(x170,Vector(List(Const(0))),Vector(b167),Vector(Set(b169)),Vec[Fix[TRUE,_32,_0]]) [Made: true]
  x175 = SRAMBankedWrite(x170,Vector(Const(1)),Vector(List(Const(0))),Vector(b173),Vector(Set(b174, b168))) [Made: true]
  x203 = UnrolledForeach(Set(),x196,Block(Const(())),List(List(b197)),List(List(b198)),None) [Made: true]
  x171 = CounterNew(Const(0),Const(16),Const(1),Const(1)) [Made: true]
  x207 = UnitPipe(Set(),Block(Const(())),None) [Made: true]
  b168 [Made: true]
  x190 = DRAMAddress(x160) [Made: true]
  x183 = FixAdd(x178,x180) [Made: true]
  x195 = CounterNew(Const(0),Const(16),Const(1),Const(1)) [Made: true]
  x163 = CounterChainNew(List(x162)) [Made: true]
  x200 = VecApply(x199,0) [Made: true]
  x178 = VecApply(x177,0) [Made: true]
Inputs for x119 are (Set(x160) ++ Set() ++ Set(x160, x187, x188, x189) ++ Set()) diff Set(x164, x165, x161, x208, x162, x186, x163) ++ Set(x160, x187, x188, x189)
x119 = AccelScope(Block(Const(())))
 - x160 = DRAMHostNew(List(Const(16)),Const(0))
 - x187 = StreamOutNew(BurstCmdBus)
 - x188 = StreamOutNew(BurstFullDataBus())
 - x189 = StreamInNew(BurstAckBus)
 - x160_out
 - x187
 - x188
 - x189
Stms:
  x170 = SRAMNew(List(Const(16)),SRAM1[Fix[TRUE,_32,_0]])
  x185 = UnrolledForeach(Set(),x165,Block(Const(())),Vector(List(b167)),Vector(List(b169)),None)
  x184 = SRAMBankedWrite(x161,Vector(x183),Vector(List(Const(0))),Vector(x244),Vector(Set(x243)))
  x179 = SRAMBankedRead(x161,Vector(List(Const(0))),Vector(b167),Vector(Set(b169)),Vec[Fix[TRUE,_32,_0]])
  x243 = DelayLine(3,b169)
  x244 = DelayLine(3,b167)
  x180 = VecApply(x179,0)
  x176 = UnrolledForeach(Set(b168),x172,Block(Const(())),List(List(b173)),List(List(b174)),None)
  x172 = CounterChainNew(List(x171))
  x177 = SRAMBankedRead(x170,Vector(List(Const(0))),Vector(b167),Vector(Set(b169)),Vec[Fix[TRUE,_32,_0]])
  x175 = SRAMBankedWrite(x170,Vector(Const(1)),Vector(List(Const(0))),Vector(b173),Vector(Set(b174, b168)))
  x171 = CounterNew(Const(0),Const(16),Const(1),Const(1))
  x183 = FixAdd(x178,x180)
  x178 = VecApply(x177,0)
Used:
  () [Made: false]
  x170 = SRAMNew(List(Const(16)),SRAM1[Fix[TRUE,_32,_0]]) [Made: true]
  b174 [Made: true]
  x184 = SRAMBankedWrite(x161,Vector(x183),Vector(List(Const(0))),Vector(x244),Vector(Set(x243))) [Made: true]
  x179 = SRAMBankedRead(x161,Vector(List(Const(0))),Vector(b167),Vector(Set(b169)),Vec[Fix[TRUE,_32,_0]]) [Made: true]
  x243 = DelayLine(3,b169) [Made: true]
  x165 = CounterChainNew(Vector(x164)) [Made: false]
  b169 [Made: true]
  b173 [Made: true]
  x244 = DelayLine(3,b167) [Made: true]
  x161 = SRAMNew(List(Const(16)),SRAM1[Fix[TRUE,_32,_0]]) [Made: false]
  x180 = VecApply(x179,0) [Made: true]
  x172 = CounterChainNew(List(x171)) [Made: true]
  b167 [Made: true]
  x177 = SRAMBankedRead(x170,Vector(List(Const(0))),Vector(b167),Vector(Set(b169)),Vec[Fix[TRUE,_32,_0]]) [Made: true]
  x175 = SRAMBankedWrite(x170,Vector(Const(1)),Vector(List(Const(0))),Vector(b173),Vector(Set(b174, b168))) [Made: true]
  x171 = CounterNew(Const(0),Const(16),Const(1),Const(1)) [Made: true]
  b168 [Made: false]
  x183 = FixAdd(x178,x180) [Made: true]
  x178 = VecApply(x177,0) [Made: true]
Inputs for x186 are (Set(x165, b166, x161, b168) ++ Set() ++ Set() ++ Set()) diff Set(x170, x185, b166, x176, x172, x171, b168) ++ Set(x160, x187, x188, x189)
Stms:
  x170 = SRAMNew(List(Const(16)),SRAM1[Fix[TRUE,_32,_0]])
  x185 = UnrolledForeach(Set(),x165,Block(Const(())),Vector(List(b167)),Vector(List(b169)),None)
  x184 = SRAMBankedWrite(x161,Vector(x183),Vector(List(Const(0))),Vector(x244),Vector(Set(x243)))
  x179 = SRAMBankedRead(x161,Vector(List(Const(0))),Vector(b167),Vector(Set(b169)),Vec[Fix[TRUE,_32,_0]])
  x243 = DelayLine(3,b169)
  x244 = DelayLine(3,b167)
  x180 = VecApply(x179,0)
  x176 = UnrolledForeach(Set(b168),x172,Block(Const(())),List(List(b173)),List(List(b174)),None)
  x172 = CounterChainNew(List(x171))
  x177 = SRAMBankedRead(x170,Vector(List(Const(0))),Vector(b167),Vector(Set(b169)),Vec[Fix[TRUE,_32,_0]])
  x175 = SRAMBankedWrite(x170,Vector(Const(1)),Vector(List(Const(0))),Vector(b173),Vector(Set(b174, b168)))
  x171 = CounterNew(Const(0),Const(16),Const(1),Const(1))
  x183 = FixAdd(x178,x180)
  x178 = VecApply(x177,0)
Used:
  () [Made: false]
  x170 = SRAMNew(List(Const(16)),SRAM1[Fix[TRUE,_32,_0]]) [Made: true]
  b174 [Made: true]
  x184 = SRAMBankedWrite(x161,Vector(x183),Vector(List(Const(0))),Vector(x244),Vector(Set(x243))) [Made: true]
  x179 = SRAMBankedRead(x161,Vector(List(Const(0))),Vector(b167),Vector(Set(b169)),Vec[Fix[TRUE,_32,_0]]) [Made: true]
  x243 = DelayLine(3,b169) [Made: true]
  x165 = CounterChainNew(Vector(x164)) [Made: false]
  b169 [Made: true]
  b173 [Made: true]
  x244 = DelayLine(3,b167) [Made: true]
  x161 = SRAMNew(List(Const(16)),SRAM1[Fix[TRUE,_32,_0]]) [Made: false]
  x180 = VecApply(x179,0) [Made: true]
  x172 = CounterChainNew(List(x171)) [Made: true]
  b167 [Made: true]
  x177 = SRAMBankedRead(x170,Vector(List(Const(0))),Vector(b167),Vector(Set(b169)),Vec[Fix[TRUE,_32,_0]]) [Made: true]
  x175 = SRAMBankedWrite(x170,Vector(Const(1)),Vector(List(Const(0))),Vector(b173),Vector(Set(b174, b168))) [Made: true]
  x171 = CounterNew(Const(0),Const(16),Const(1),Const(1)) [Made: true]
  b168 [Made: false]
  x183 = FixAdd(x178,x180) [Made: true]
  x178 = VecApply(x177,0) [Made: true]
Inputs for x186 are (Set(x165, b166, x161, b168) ++ Set() ++ Set() ++ Set()) diff Set(x170, x185, b166, x176, x172, x171, b168) ++ Set(x160, x187, x188, x189)
x186 = UnrolledReduce(Set(),x163,Block((x161) => Const(())),List(List(b166)),List(List(b168)),None)
 - x165 = CounterChainNew(Vector(x164))
 - x161 = SRAMNew(List(Const(16)),SRAM1[Fix[TRUE,_32,_0]])
 - x165_ctrchain
 - x161_a_0
Stms:
  x175 = SRAMBankedWrite(x170,Vector(Const(1)),Vector(List(Const(0))),Vector(b173),Vector(Set(b174, b168)))
Used:
  x170 = SRAMNew(List(Const(16)),SRAM1[Fix[TRUE,_32,_0]]) [Made: false]
  b173 [Made: false]
  b174 [Made: false]
  b168 [Made: false]
Inputs for x176 are (Set(x170, b174, b173, b168) ++ Set(x170) ++ Set() ++ Set()) diff Set(x175, b173, b174) ++ Set(x160, x187, x188, x189)
Stms:
  x175 = SRAMBankedWrite(x170,Vector(Const(1)),Vector(List(Const(0))),Vector(b173),Vector(Set(b174, b168)))
Used:
  x170 = SRAMNew(List(Const(16)),SRAM1[Fix[TRUE,_32,_0]]) [Made: false]
  b173 [Made: false]
  b174 [Made: false]
  b168 [Made: false]
Inputs for x176 are (Set(x170, b174, b173, b168) ++ Set(x170) ++ Set() ++ Set()) diff Set(x175, b173, b174) ++ Set(x160, x187, x188, x189)
x176 = UnrolledForeach(Set(b168),x172,Block(Const(())),List(List(b173)),List(List(b174)),None)
 - x170 = SRAMNew(List(Const(16)),SRAM1[Fix[TRUE,_32,_0]])
 - b168
 - x170_tmp_0
 - b168
Stms:
  x184 = SRAMBankedWrite(x161,Vector(x183),Vector(List(Const(0))),Vector(x244),Vector(Set(x243)))
  x179 = SRAMBankedRead(x161,Vector(List(Const(0))),Vector(b167),Vector(Set(b169)),Vec[Fix[TRUE,_32,_0]])
  x243 = DelayLine(3,b169)
  x244 = DelayLine(3,b167)
  x180 = VecApply(x179,0)
  x177 = SRAMBankedRead(x170,Vector(List(Const(0))),Vector(b167),Vector(Set(b169)),Vec[Fix[TRUE,_32,_0]])
  x183 = FixAdd(x178,x180)
  x178 = VecApply(x177,0)
Used:
  x170 = SRAMNew(List(Const(16)),SRAM1[Fix[TRUE,_32,_0]]) [Made: false]
  x179 = SRAMBankedRead(x161,Vector(List(Const(0))),Vector(b167),Vector(Set(b169)),Vec[Fix[TRUE,_32,_0]]) [Made: true]
  x243 = DelayLine(3,b169) [Made: true]
  b169 [Made: false]
  x244 = DelayLine(3,b167) [Made: true]
  x161 = SRAMNew(List(Const(16)),SRAM1[Fix[TRUE,_32,_0]]) [Made: false]
  x180 = VecApply(x179,0) [Made: true]
  b167 [Made: false]
  x177 = SRAMBankedRead(x170,Vector(List(Const(0))),Vector(b167),Vector(Set(b169)),Vec[Fix[TRUE,_32,_0]]) [Made: true]
  x183 = FixAdd(x178,x180) [Made: true]
  x178 = VecApply(x177,0) [Made: true]
Inputs for x185 are (Set(x170, b169, x161, b167) ++ Set(x170) ++ Set() ++ Set()) diff Set(x184, x179, b169, b167, x177) ++ Set(x160, x187, x188, x189)
Stms:
  x184 = SRAMBankedWrite(x161,Vector(x183),Vector(List(Const(0))),Vector(x244),Vector(Set(x243)))
  x179 = SRAMBankedRead(x161,Vector(List(Const(0))),Vector(b167),Vector(Set(b169)),Vec[Fix[TRUE,_32,_0]])
  x243 = DelayLine(3,b169)
  x244 = DelayLine(3,b167)
  x180 = VecApply(x179,0)
  x177 = SRAMBankedRead(x170,Vector(List(Const(0))),Vector(b167),Vector(Set(b169)),Vec[Fix[TRUE,_32,_0]])
  x183 = FixAdd(x178,x180)
  x178 = VecApply(x177,0)
Used:
  x170 = SRAMNew(List(Const(16)),SRAM1[Fix[TRUE,_32,_0]]) [Made: false]
  x179 = SRAMBankedRead(x161,Vector(List(Const(0))),Vector(b167),Vector(Set(b169)),Vec[Fix[TRUE,_32,_0]]) [Made: true]
  x243 = DelayLine(3,b169) [Made: true]
  b169 [Made: false]
  x244 = DelayLine(3,b167) [Made: true]
  x161 = SRAMNew(List(Const(16)),SRAM1[Fix[TRUE,_32,_0]]) [Made: false]
  x180 = VecApply(x179,0) [Made: true]
  b167 [Made: false]
  x177 = SRAMBankedRead(x170,Vector(List(Const(0))),Vector(b167),Vector(Set(b169)),Vec[Fix[TRUE,_32,_0]]) [Made: true]
  x183 = FixAdd(x178,x180) [Made: true]
  x178 = VecApply(x177,0) [Made: true]
Inputs for x185 are (Set(x170, b169, x161, b167) ++ Set(x170) ++ Set() ++ Set()) diff Set(x184, x179, b169, b167, x177) ++ Set(x160, x187, x188, x189)
x185 = UnrolledForeach(Set(),x165,Block(Const(())),Vector(List(b167)),Vector(List(b169)),None)
 - x170 = SRAMNew(List(Const(16)),SRAM1[Fix[TRUE,_32,_0]])
 - x161 = SRAMNew(List(Const(16)),SRAM1[Fix[TRUE,_32,_0]])
 - x170_tmp_0
 - x161_a_0
Stms:
  x202 = StreamOutBankedWrite(x188,ArrayBuffer(x201),ArrayBuffer(Set(x245)))
  x196 = CounterChainNew(List(x195))
  x189 = StreamInNew(BurstAckBus)
  x201 = SimpleStruct(ArrayBuffer((_1,x200), (_2,Const(true))))
  x192 = DRAMIsAlloc(x160)
  x188 = StreamOutNew(BurstFullDataBus())
  x193 = StreamOutBankedWrite(x187,ArrayBuffer(x191),ArrayBuffer(Set(x192)))
  x205 = StreamInBankedRead(x189,ArrayBuffer(Set()))
  x191 = SimpleStruct(ArrayBuffer((offset,x190), (size,Const(64)), (isLoad,Const(false))))
  x204 = FringeDenseStore(x160,x187,x188,x189)
  x187 = StreamOutNew(BurstCmdBus)
  x245 = DelayLine(2,b198)
  x194 = UnitPipe(Set(),Block(Const(())),None)
  x199 = SRAMBankedRead(x161,Vector(List(Const(0))),Vector(b197),Vector(Set(b198)),Vec[Fix[TRUE,_32,_0]])
  x203 = UnrolledForeach(Set(),x196,Block(Const(())),List(List(b197)),List(List(b198)),None)
  x207 = UnitPipe(Set(),Block(Const(())),None)
  x190 = DRAMAddress(x160)
  x195 = CounterNew(Const(0),Const(16),Const(1),Const(1))
  x200 = VecApply(x199,0)
Used:
  () [Made: false]
  x202 = StreamOutBankedWrite(x188,ArrayBuffer(x201),ArrayBuffer(Set(x245))) [Made: true]
  x196 = CounterChainNew(List(x195)) [Made: true]
  x189 = StreamInNew(BurstAckBus) [Made: true]
  x201 = SimpleStruct(ArrayBuffer((_1,x200), (_2,Const(true)))) [Made: true]
  x160 = DRAMHostNew(List(Const(16)),Const(0)) [Made: false]
  x192 = DRAMIsAlloc(x160) [Made: true]
  b197 [Made: true]
  x188 = StreamOutNew(BurstFullDataBus()) [Made: true]
  x193 = StreamOutBankedWrite(x187,ArrayBuffer(x191),ArrayBuffer(Set(x192))) [Made: true]
  x205 = StreamInBankedRead(x189,ArrayBuffer(Set())) [Made: true]
  x161 = SRAMNew(List(Const(16)),SRAM1[Fix[TRUE,_32,_0]]) [Made: false]
  x191 = SimpleStruct(ArrayBuffer((offset,x190), (size,Const(64)), (isLoad,Const(false)))) [Made: true]
  x187 = StreamOutNew(BurstCmdBus) [Made: true]
  x245 = DelayLine(2,b198) [Made: true]
  b198 [Made: true]
  x199 = SRAMBankedRead(x161,Vector(List(Const(0))),Vector(b197),Vector(Set(b198)),Vec[Fix[TRUE,_32,_0]]) [Made: true]
  x190 = DRAMAddress(x160) [Made: true]
  x195 = CounterNew(Const(0),Const(16),Const(1),Const(1)) [Made: true]
  x200 = VecApply(x199,0) [Made: true]
Inputs for x208 are (Set(x160, x161) ++ Set() ++ Set(x160, x187, x188, x189) ++ Set()) diff Set(x196, x204, x194, x203, x207, x195) ++ Set(x160, x187, x188, x189)
Stms:
  x202 = StreamOutBankedWrite(x188,ArrayBuffer(x201),ArrayBuffer(Set(x245)))
  x196 = CounterChainNew(List(x195))
  x189 = StreamInNew(BurstAckBus)
  x201 = SimpleStruct(ArrayBuffer((_1,x200), (_2,Const(true))))
  x192 = DRAMIsAlloc(x160)
  x188 = StreamOutNew(BurstFullDataBus())
  x193 = StreamOutBankedWrite(x187,ArrayBuffer(x191),ArrayBuffer(Set(x192)))
  x205 = StreamInBankedRead(x189,ArrayBuffer(Set()))
  x191 = SimpleStruct(ArrayBuffer((offset,x190), (size,Const(64)), (isLoad,Const(false))))
  x204 = FringeDenseStore(x160,x187,x188,x189)
  x187 = StreamOutNew(BurstCmdBus)
  x245 = DelayLine(2,b198)
  x194 = UnitPipe(Set(),Block(Const(())),None)
  x199 = SRAMBankedRead(x161,Vector(List(Const(0))),Vector(b197),Vector(Set(b198)),Vec[Fix[TRUE,_32,_0]])
  x203 = UnrolledForeach(Set(),x196,Block(Const(())),List(List(b197)),List(List(b198)),None)
  x207 = UnitPipe(Set(),Block(Const(())),None)
  x190 = DRAMAddress(x160)
  x195 = CounterNew(Const(0),Const(16),Const(1),Const(1))
  x200 = VecApply(x199,0)
Used:
  () [Made: false]
  x202 = StreamOutBankedWrite(x188,ArrayBuffer(x201),ArrayBuffer(Set(x245))) [Made: true]
  x196 = CounterChainNew(List(x195)) [Made: true]
  x189 = StreamInNew(BurstAckBus) [Made: true]
  x201 = SimpleStruct(ArrayBuffer((_1,x200), (_2,Const(true)))) [Made: true]
  x160 = DRAMHostNew(List(Const(16)),Const(0)) [Made: false]
  x192 = DRAMIsAlloc(x160) [Made: true]
  b197 [Made: true]
  x188 = StreamOutNew(BurstFullDataBus()) [Made: true]
  x193 = StreamOutBankedWrite(x187,ArrayBuffer(x191),ArrayBuffer(Set(x192))) [Made: true]
  x205 = StreamInBankedRead(x189,ArrayBuffer(Set())) [Made: true]
  x161 = SRAMNew(List(Const(16)),SRAM1[Fix[TRUE,_32,_0]]) [Made: false]
  x191 = SimpleStruct(ArrayBuffer((offset,x190), (size,Const(64)), (isLoad,Const(false)))) [Made: true]
  x187 = StreamOutNew(BurstCmdBus) [Made: true]
  x245 = DelayLine(2,b198) [Made: true]
  b198 [Made: true]
  x199 = SRAMBankedRead(x161,Vector(List(Const(0))),Vector(b197),Vector(Set(b198)),Vec[Fix[TRUE,_32,_0]]) [Made: true]
  x190 = DRAMAddress(x160) [Made: true]
  x195 = CounterNew(Const(0),Const(16),Const(1),Const(1)) [Made: true]
  x200 = VecApply(x199,0) [Made: true]
Inputs for x208 are (Set(x160, x161) ++ Set() ++ Set(x160, x187, x188, x189) ++ Set()) diff Set(x196, x204, x194, x203, x207, x195) ++ Set(x160, x187, x188, x189)
x208 = UnitPipe(Set(),Block(Const(())),None)
 - x189 = StreamInNew(BurstAckBus)
 - x160 = DRAMHostNew(List(Const(16)),Const(0))
 - x188 = StreamOutNew(BurstFullDataBus())
 - x161 = SRAMNew(List(Const(16)),SRAM1[Fix[TRUE,_32,_0]])
 - x187 = StreamOutNew(BurstCmdBus)
 - x189
 - x160_out
 - x188
 - x161_a_0
 - x187
Stms:
  x190 = DRAMAddress(x160)
  x191 = SimpleStruct(ArrayBuffer((offset,x190), (size,Const(64)), (isLoad,Const(false))))
  x192 = DRAMIsAlloc(x160)
  x193 = StreamOutBankedWrite(x187,ArrayBuffer(x191),ArrayBuffer(Set(x192)))
Used:
  x160 = DRAMHostNew(List(Const(16)),Const(0)) [Made: false]
  x192 = DRAMIsAlloc(x160) [Made: true]
  x191 = SimpleStruct(ArrayBuffer((offset,x190), (size,Const(64)), (isLoad,Const(false)))) [Made: true]
  x187 = StreamOutNew(BurstCmdBus) [Made: false]
  x190 = DRAMAddress(x160) [Made: true]
Inputs for x194 are (Set(x160, x187) ++ Set() ++ Set(x160, x187) ++ Set(x187)) diff Set(x190, x192, x193) ++ Set(x160, x187, x188, x189)
Stms:
  x190 = DRAMAddress(x160)
  x191 = SimpleStruct(ArrayBuffer((offset,x190), (size,Const(64)), (isLoad,Const(false))))
  x192 = DRAMIsAlloc(x160)
  x193 = StreamOutBankedWrite(x187,ArrayBuffer(x191),ArrayBuffer(Set(x192)))
Used:
  x160 = DRAMHostNew(List(Const(16)),Const(0)) [Made: false]
  x192 = DRAMIsAlloc(x160) [Made: true]
  x191 = SimpleStruct(ArrayBuffer((offset,x190), (size,Const(64)), (isLoad,Const(false)))) [Made: true]
  x187 = StreamOutNew(BurstCmdBus) [Made: false]
  x190 = DRAMAddress(x160) [Made: true]
Inputs for x194 are (Set(x160, x187) ++ Set() ++ Set(x160, x187) ++ Set(x187)) diff Set(x190, x192, x193) ++ Set(x160, x187, x188, x189)
x194 = UnitPipe(Set(),Block(Const(())),None)
 - x160 = DRAMHostNew(List(Const(16)),Const(0))
 - x187 = StreamOutNew(BurstCmdBus)
 - x160_out
 - x187
Stms:
  x202 = StreamOutBankedWrite(x188,ArrayBuffer(x201),ArrayBuffer(Set(x245)))
  x201 = SimpleStruct(ArrayBuffer((_1,x200), (_2,Const(true))))
  x245 = DelayLine(2,b198)
  x199 = SRAMBankedRead(x161,Vector(List(Const(0))),Vector(b197),Vector(Set(b198)),Vec[Fix[TRUE,_32,_0]])
  x200 = VecApply(x199,0)
Used:
  x201 = SimpleStruct(ArrayBuffer((_1,x200), (_2,Const(true)))) [Made: true]
  b197 [Made: false]
  x188 = StreamOutNew(BurstFullDataBus()) [Made: false]
  x161 = SRAMNew(List(Const(16)),SRAM1[Fix[TRUE,_32,_0]]) [Made: false]
  x245 = DelayLine(2,b198) [Made: true]
  b198 [Made: false]
  x199 = SRAMBankedRead(x161,Vector(List(Const(0))),Vector(b197),Vector(Set(b198)),Vec[Fix[TRUE,_32,_0]]) [Made: true]
  x200 = VecApply(x199,0) [Made: true]
Inputs for x203 are (Set(b197, x188, x161, b198) ++ Set() ++ Set(x188) ++ Set(x188)) diff Set(x199, x202, b197, b198) ++ Set(x160, x187, x188, x189)
Stms:
  x202 = StreamOutBankedWrite(x188,ArrayBuffer(x201),ArrayBuffer(Set(x245)))
  x201 = SimpleStruct(ArrayBuffer((_1,x200), (_2,Const(true))))
  x245 = DelayLine(2,b198)
  x199 = SRAMBankedRead(x161,Vector(List(Const(0))),Vector(b197),Vector(Set(b198)),Vec[Fix[TRUE,_32,_0]])
  x200 = VecApply(x199,0)
Used:
  x201 = SimpleStruct(ArrayBuffer((_1,x200), (_2,Const(true)))) [Made: true]
  b197 [Made: false]
  x188 = StreamOutNew(BurstFullDataBus()) [Made: false]
  x161 = SRAMNew(List(Const(16)),SRAM1[Fix[TRUE,_32,_0]]) [Made: false]
  x245 = DelayLine(2,b198) [Made: true]
  b198 [Made: false]
  x199 = SRAMBankedRead(x161,Vector(List(Const(0))),Vector(b197),Vector(Set(b198)),Vec[Fix[TRUE,_32,_0]]) [Made: true]
  x200 = VecApply(x199,0) [Made: true]
Inputs for x203 are (Set(b197, x188, x161, b198) ++ Set() ++ Set(x188) ++ Set(x188)) diff Set(x199, x202, b197, b198) ++ Set(x160, x187, x188, x189)
x203 = UnrolledForeach(Set(),x196,Block(Const(())),List(List(b197)),List(List(b198)),None)
 - x188 = StreamOutNew(BurstFullDataBus())
 - x161 = SRAMNew(List(Const(16)),SRAM1[Fix[TRUE,_32,_0]])
 - x188
 - x161_a_0
Stms:
  x205 = StreamInBankedRead(x189,ArrayBuffer(Set()))
Used:
  x189 = StreamInNew(BurstAckBus) [Made: false]
Inputs for x207 are (Set(x189) ++ Set() ++ Set(x189) ++ Set(x189)) diff Set(x205) ++ Set(x160, x187, x188, x189)
Stms:
  x205 = StreamInBankedRead(x189,ArrayBuffer(Set()))
Used:
  x189 = StreamInNew(BurstAckBus) [Made: false]
Inputs for x207 are (Set(x189) ++ Set() ++ Set(x189) ++ Set(x189)) diff Set(x205) ++ Set(x160, x187, x188, x189)
x207 = UnitPipe(Set(),Block(Const(())),None)
 - x189 = StreamInNew(BurstAckBus)
 - x189
