[[34minfo[0m] Nova Profiling Report
[[34minfo[0m] init: 0.091s (100.00%)
[[34minfo[0m] compile: 2.287s (100.00%)
[[34minfo[0m] compile.ChiselGen: 0.376s (16.44%)
[[34minfo[0m] compile.IR: 0.139s (6.08%)
[[34minfo[0m] compile.staging: 0.136s (5.95%)
[[34minfo[0m] compile.HtmlIRGenSpatial: 0.132s (5.77%)
[[34minfo[0m] compile.ExecutorPass: 0.127s (5.55%)
[[34minfo[0m] compile.UnrollingTransformer: 0.117s (5.12%)
[[34minfo[0m] compile.MemoryAnalyzer: 0.09s (3.94%)
[[34minfo[0m] compile.CppGen: 0.081s (3.54%)
[[34minfo[0m] compile.InitiationAnalyzer: 0.077s (3.37%)
[[34minfo[0m] compile.MemoryDealiasing: 0.076s (3.32%)
[[34minfo[0m] compile.RetimingAnalyzer: 0.071s (3.10%)
[[34minfo[0m] compile.RetimingTransformer: 0.053s (2.32%)
[[34minfo[0m] compile.BlackboxLowering: 0.053s (2.32%)
[[34minfo[0m] compile.DuplicateRetimeStripper: 0.041s (1.79%)
[[34minfo[0m] compile.RuntimeModelGenerator: 0.041s (1.79%)
[[34minfo[0m] compile.TreeGen: 0.039s (1.71%)
[[34minfo[0m] compile.AccessAnalyzer: 0.032s (1.40%)
[[34minfo[0m] compile.PipeInserter: 0.025s (1.09%)
[[34minfo[0m] compile.SwitchTransformer: 0.024s (1.05%)
[[34minfo[0m] compile.RegReadCSE: 0.023s (1.01%)
[[34minfo[0m] compile.TransientCleanup: 0.023s (1.01%)
[[34minfo[0m] compile.SwitchOptimizer: 0.022s (0.96%)
[[34minfo[0m] compile.FriendlyTransformer: 0.022s (0.96%)
[[34minfo[0m] compile.UseAnalyzer: 0.019s (0.83%)
[[34minfo[0m] compile.FIFOInitializer: 0.015s (0.66%)
[[34minfo[0m] compile.BindingTransformer: 0.013s (0.57%)
[[34minfo[0m] compile.AccumAnalyzer: 0.012s (0.52%)
[[34minfo[0m] compile.MemoryAllocator: 0.01s (0.44%)
[[34minfo[0m] compile.AccumTransformer: 0.01s (0.44%)
[[34minfo[0m] compile.MemoryReporter: 0.01s (0.44%)
[[34minfo[0m] compile.LaneStaticTransformer: 0.009s (0.39%)
[[34minfo[0m] compile.RetimeReporter: 0.009s (0.39%)
[[34minfo[0m] compile.StreamTransformer: 0.008s (0.35%)
[[34minfo[0m] compile.FlatteningTransformer: 0.008s (0.35%)
[[34minfo[0m] compile.RewriteTransformer: 0.007s (0.31%)
[[34minfo[0m] compile.CompilerSanityChecks: 0.007s (0.31%)
[[34minfo[0m] compile.ResourceCountReporter: 0.006s (0.26%)
[[34minfo[0m] compile.MemoryCleanupTransformer: 0.006s (0.26%)
[[34minfo[0m] compile.BroadcastCleanupAnalyzer: 0.004s (0.17%)
[[34minfo[0m] compile.BufferRecompute: 0.003s (0.13%)
[[34minfo[0m] compile.MetadataStripper: 0.002s (0.09%)
[[34minfo[0m] compile.UserSanityChecks: 0.001s (0.04%)
[[34minfo[0m] compile.CounterIterSynchronization: 0.001s (0.04%)
[[34minfo[0m] compile.RewriteAnalyzer: 0.001s (0.04%)
[[34minfo[0m] compile.IterationDiffAnalyzer: 0.001s (0.04%)
[[34minfo[0m] compile.CLINaming: 0.0s (0.00%)
