[[34minfo[0m] @flow analyses
[[34minfo[0m] flows: 0.0s (NaN%)
[[34minfo[0m] flows.controlSchedule: 0.089s (100.00%)
[[34minfo[0m] flows.controlLevel: 0.027s (100.00%)
[[34minfo[0m] flows.accumulator: 0.024s (100.00%)
[[34minfo[0m] flows.streams: 0.022s (100.00%)
[[34minfo[0m] flows.globals: 0.016s (100.00%)
[[34minfo[0m] flows.blockLevel: 0.013s (100.00%)
[[34minfo[0m] flows.accesses: 0.01s (100.00%)
[[34minfo[0m] flows.memories: 0.006s (100.00%)
[[34minfo[0m] flows.blackbox: 0.001s (100.00%)
[[34minfo[0m] flows.inReduce: 0.0s (NaN%)


flows.blockLevel: 0.013s
flows.blackbox: 0.001s
flows.controlLevel: 0.027s
flows.accumulator: 0.024s
flows.streams: 0.022s
flows.memories: 0.006s
flows.inReduce: 0.0s
flows.accesses: 0.01s
flows.controlSchedule: 0.089s
flows.globals: 0.016s
