    visiting x0 = InputArguments()
    visiting x1 = ArrayApply(x0,Const(0))
    visiting x2 = TextToFix(x1,TRUE,_32,_0)
    visiting x3 = ArrayApply(x0,Const(1))
    visiting x4 = TextToFix(x3,TRUE,_32,_0)
    visiting x5 = ArrayApply(x0,Const(2))
    visiting x6 = TextToFix(x5,TRUE,_32,_0)
    visiting x7 = ArgInNew(Const(0))
    visiting x8 = ArgInNew(Const(0))
    visiting x9 = ArgInNew(Const(0))
    visiting x10 = SetReg(x7,x2)
    visiting x11 = SetReg(x8,x4)
    visiting x12 = SetReg(x9,x6)
    visiting x13 = ArgOutNew(Const(0))
      visiting x14 = RegRead(x7)
      visiting x15 = RegRead(x8)
      visiting x16 = RegRead(x9)
      visiting x17 = FixAdd(x14,x15)
      visiting x18 = FixAdd(x17,x16)
      visiting x19 = RegWrite(x13,x18,Set())
    visiting x21 = GetReg(x13)
    visiting x22 = FixToText(x21,None)
    visiting x23 = TextConcat(List(Const("Result = "), x22))
    visiting x24 = TextConcat(List(x23, Const("\n")))
    visiting x25 = PrintIf(Set(),x24)
    visiting x26 = FixAdd(x4,x2)
    visiting x27 = FixAdd(x26,x6)
    visiting x28 = FixToText(x27,None)
    visiting x29 = TextConcat(List(Const("Gold = "), x28))
    visiting x30 = TextConcat(List(x29, Const("\n")))
    visiting x31 = PrintIf(Set(),x30)
    visiting x32 = FixEql(x27,x21)
    visiting x33 = BitToText(x32)
    visiting x34 = TextConcat(List(Const("PASS = "), x33))
    visiting x35 = TextConcat(List(x34, Const("\n")))
    visiting x36 = PrintIf(Set(),x35)
    visiting x38 = AssertIf(Set(),x32,Some(Const("Lab1.scala:62:15: Assertion failure")))
