  x49 = SetReg(x46,x41)
    Access pattern: 
    Iterators: 
    Unrolled matrices: 
      x49 = SetReg(x46,x41) wr{}
         c  modwr
  x50 = SetReg(x47,x43)
    Access pattern: 
    Iterators: 
    Unrolled matrices: 
      x50 = SetReg(x47,x43) wr{}
         c  modwr
  x51 = SetReg(x48,x45)
    Access pattern: 
    Iterators: 
    Unrolled matrices: 
      x51 = SetReg(x48,x45) wr{}
         c  modwr
    x53 = RegRead(x46)
      Access pattern: 
      Iterators: 
      Unrolled matrices: 
        x53 = RegRead(x46) rd{}
           c  modrd
    x54 = RegRead(x47)
      Access pattern: 
      Iterators: 
      Unrolled matrices: 
        x54 = RegRead(x47) rd{}
           c  modrd
    x55 = RegRead(x48)
      Access pattern: 
      Iterators: 
      Unrolled matrices: 
        x55 = RegRead(x48) rd{}
           c  modrd
    x58 = RegWrite(x52,x57,Set()) [STREAMING VECTOR SIZE 1]
      Access pattern: 
      [0] 0
      Iterators: 
        xs: 
      Unrolled matrices: 
        x58 = RegWrite(x52,x57,Set()) wr{}
           c  mod
           0    0wr
  x60 = GetReg(x52)
    Access pattern: 
    Iterators: 
    Unrolled matrices: 
      x60 = GetReg(x52) rd{}
         c  modrd
