  x59 = AccelScope(Block(Const(())))
  Working on pipeLatencies of result Vector(Const(()), x102, x97, x98, x99), schedule Vector(x97, x98, x99, x100, x120, x101, x102)
  Memories with both reads and writes in this scope: Set()
  Done finding cycles: Vector(), Map()
  Computing fullDFS: Const(())
  Computing fullDFS: x102
  Computing fullDFS: x101
  Computing fullDFS: x100
  Computing fullDFS: x97
  cur: x97, inReduce: false, latency: 0.0
  Computing fullDFS: x98
  cur: x98, inReduce: false, latency: 0.0
  Computing fullDFS: x120
  Computing fullDFS: x99
  cur: x99, inReduce: false, latency: 0.0
  Cycles: Map()
  cycles are Vector()
     stm: x97, None
     stm: x98, None
     stm: x99, None
     stm: x100, None
     stm: x120, None
     stm: x101, None
     stm: x102, None
   - Latency:  3.0
   - Interval: 1.0 (1.0 bbox)
   - Iter Diff: None (from ArrayBuffer())
