[[34minfo[0m] Nova Profiling Report
[[34minfo[0m] init: 0.077s (100.00%)
[[34minfo[0m] compile: 0.933s (100.00%)
[[34minfo[0m] compile.staging: 0.097s (10.40%)
[[34minfo[0m] compile.RuntimeModelGenerator: 0.062s (6.65%)
[[34minfo[0m] compile.IR: 0.059s (6.32%)
[[34minfo[0m] compile.CppGen: 0.055s (5.89%)
[[34minfo[0m] compile.RetimingAnalyzer: 0.045s (4.82%)
[[34minfo[0m] compile.ChiselGen: 0.042s (4.50%)
[[34minfo[0m] compile.MemoryAnalyzer: 0.04s (4.29%)
[[34minfo[0m] compile.HtmlIRGenSpatial: 0.037s (3.97%)
[[34minfo[0m] compile.ExecutorPass: 0.026s (2.79%)
[[34minfo[0m] compile.UnrollingTransformer: 0.024s (2.57%)
[[34minfo[0m] compile.FriendlyTransformer: 0.024s (2.57%)
[[34minfo[0m] compile.RetimingTransformer: 0.022s (2.36%)
[[34minfo[0m] compile.AccessAnalyzer: 0.018s (1.93%)
[[34minfo[0m] compile.SwitchTransformer: 0.014s (1.50%)
[[34minfo[0m] compile.AccumTransformer: 0.014s (1.50%)
[[34minfo[0m] compile.BlackboxLowering: 0.013s (1.39%)
[[34minfo[0m] compile.SwitchOptimizer: 0.01s (1.07%)
[[34minfo[0m] compile.TransientCleanup: 0.01s (1.07%)
[[34minfo[0m] compile.DuplicateRetimeStripper: 0.009s (0.96%)
[[34minfo[0m] compile.UseAnalyzer: 0.009s (0.96%)
[[34minfo[0m] compile.LaneStaticTransformer: 0.007s (0.75%)
[[34minfo[0m] compile.RegReadCSE: 0.007s (0.75%)
[[34minfo[0m] compile.InitiationAnalyzer: 0.007s (0.75%)
[[34minfo[0m] compile.TreeGen: 0.007s (0.75%)
[[34minfo[0m] compile.PipeInserter: 0.006s (0.64%)
[[34minfo[0m] compile.RetimeReporter: 0.005s (0.54%)
[[34minfo[0m] compile.MemoryReporter: 0.005s (0.54%)
[[34minfo[0m] compile.MemoryDealiasing: 0.005s (0.54%)
[[34minfo[0m] compile.StreamTransformer: 0.004s (0.43%)
[[34minfo[0m] compile.FIFOInitializer: 0.004s (0.43%)
[[34minfo[0m] compile.MemoryAllocator: 0.003s (0.32%)
[[34minfo[0m] compile.MemoryCleanupTransformer: 0.003s (0.32%)
[[34minfo[0m] compile.BindingTransformer: 0.003s (0.32%)
[[34minfo[0m] compile.CLINaming: 0.002s (0.21%)
[[34minfo[0m] compile.RewriteTransformer: 0.002s (0.21%)
[[34minfo[0m] compile.FlatteningTransformer: 0.002s (0.21%)
[[34minfo[0m] compile.AccumAnalyzer: 0.002s (0.21%)
[[34minfo[0m] compile.CompilerSanityChecks: 0.002s (0.21%)
[[34minfo[0m] compile.UserSanityChecks: 0.001s (0.11%)
[[34minfo[0m] compile.ResourceCountReporter: 0.001s (0.11%)
[[34minfo[0m] compile.MetadataStripper: 0.001s (0.11%)
[[34minfo[0m] compile.RewriteAnalyzer: 0.001s (0.11%)
[[34minfo[0m] compile.IterationDiffAnalyzer: 0.001s (0.11%)
[[34minfo[0m] compile.BroadcastCleanupAnalyzer: 0.0s (0.00%)
[[34minfo[0m] compile.CounterIterSynchronization: 0.0s (0.00%)
[[34minfo[0m] compile.BufferRecompute: 0.0s (0.00%)
