[[34minfo[0m] @flow analyses
[[34minfo[0m] flows: 0.0s (NaN%)
[[34minfo[0m] flows.streams: 0.016s (100.00%)
[[34minfo[0m] flows.controlLevel: 0.01s (100.00%)
[[34minfo[0m] flows.accumulator: 0.008s (100.00%)
[[34minfo[0m] flows.globals: 0.007s (100.00%)
[[34minfo[0m] flows.controlSchedule: 0.007s (100.00%)
[[34minfo[0m] flows.memories: 0.005s (100.00%)
[[34minfo[0m] flows.blockLevel: 0.004s (100.00%)
[[34minfo[0m] flows.accesses: 0.002s (100.00%)
[[34minfo[0m] flows.blackbox: 0.001s (100.00%)


flows.blockLevel: 0.004s
flows.blackbox: 0.001s
flows.controlLevel: 0.01s
flows.accumulator: 0.008s
flows.streams: 0.016s
flows.memories: 0.005s
flows.accesses: 0.002s
flows.controlSchedule: 0.007s
flows.globals: 0.007s
